[2.652s] DEBUG:colcon:Command line arguments: ['/usr/bin/colcon', 'build', '--packages-select', 'asbir_xavier_gpio', 'asbir_rc']
[2.652s] DEBUG:colcon:Parsed command line arguments: Namespace(allow_overriding=[], ament_cmake_args=None, base_paths=['.'], build_base='build', catkin_cmake_args=None, catkin_skip_building_tests=False, cmake_args=None, cmake_clean_cache=False, cmake_clean_first=False, cmake_force_configure=False, cmake_target=None, cmake_target_skip_unavailable=False, continue_on_error=False, event_handlers=None, executor='parallel', ignore_user_meta=False, install_base='install', log_base=None, log_level=None, main=<bound method BuildVerb.main of <colcon_core.verb.build.BuildVerb object at 0xffff7dde6790>>, merge_install=False, metas=['./colcon.meta'], packages_above=None, packages_above_and_dependencies=None, packages_above_depth=None, packages_end=None, packages_ignore=None, packages_ignore_regex=None, packages_select=['asbir_xavier_gpio', 'asbir_rc'], packages_select_build_failed=False, packages_select_by_dep=None, packages_select_regex=None, packages_select_test_failures=False, packages_skip=None, packages_skip_build_finished=False, packages_skip_by_dep=None, packages_skip_regex=None, packages_skip_test_passed=False, packages_skip_up_to=None, packages_start=None, packages_up_to=None, packages_up_to_regex=None, parallel_workers=4, paths=None, symlink_install=False, test_result_base=None, verb_extension=<colcon_core.verb.build.BuildVerb object at 0xffff7dde6790>, verb_name='build', verb_parser=<colcon_defaults.argument_parser.defaults.DefaultArgumentsDecorator object at 0xffff7dde6d00>)
[2.946s] Level 1:colcon.colcon_core.package_discovery:discover_packages(colcon_meta) check parameters
[2.947s] Level 1:colcon.colcon_core.package_discovery:discover_packages(recursive) check parameters
[2.947s] Level 1:colcon.colcon_core.package_discovery:discover_packages(ignore) check parameters
[2.947s] Level 1:colcon.colcon_core.package_discovery:discover_packages(path) check parameters
[2.947s] Level 1:colcon.colcon_core.package_discovery:discover_packages(colcon_meta) discover
[2.948s] Level 1:colcon.colcon_core.package_discovery:discover_packages(recursive) discover
[2.948s] INFO:colcon.colcon_core.package_discovery:Crawling recursively for packages in '/home/asbir/ASBIR-ROS2'
[2.949s] Level 1:colcon.colcon_core.package_identification:_identify(.) by extensions ['ignore', 'ignore_ament_install']
[2.949s] Level 1:colcon.colcon_core.package_identification:_identify(.) by extension 'ignore'
[2.950s] Level 1:colcon.colcon_core.package_identification:_identify(.) by extension 'ignore_ament_install'
[2.950s] Level 1:colcon.colcon_core.package_identification:_identify(.) by extensions ['colcon_pkg']
[2.950s] Level 1:colcon.colcon_core.package_identification:_identify(.) by extension 'colcon_pkg'
[2.950s] Level 1:colcon.colcon_core.package_identification:_identify(.) by extensions ['colcon_meta']
[2.951s] Level 1:colcon.colcon_core.package_identification:_identify(.) by extension 'colcon_meta'
[2.951s] Level 1:colcon.colcon_core.package_identification:_identify(.) by extensions ['ros']
[2.951s] Level 1:colcon.colcon_core.package_identification:_identify(.) by extension 'ros'
[3.020s] Level 1:colcon.colcon_core.package_identification:_identify(.) by extensions ['cmake', 'python']
[3.020s] Level 1:colcon.colcon_core.package_identification:_identify(.) by extension 'cmake'
[3.020s] Level 1:colcon.colcon_core.package_identification:_identify(.) by extension 'python'
[3.021s] Level 1:colcon.colcon_core.package_identification:_identify(.) by extensions ['python_setup_py']
[3.021s] Level 1:colcon.colcon_core.package_identification:_identify(.) by extension 'python_setup_py'
[3.022s] Level 1:colcon.colcon_core.package_identification:_identify(build) by extensions ['ignore', 'ignore_ament_install']
[3.022s] Level 1:colcon.colcon_core.package_identification:_identify(build) by extension 'ignore'
[3.022s] Level 1:colcon.colcon_core.package_identification:_identify(build) ignored
[3.023s] Level 1:colcon.colcon_core.package_identification:_identify(install) by extensions ['ignore', 'ignore_ament_install']
[3.023s] Level 1:colcon.colcon_core.package_identification:_identify(install) by extension 'ignore'
[3.024s] Level 1:colcon.colcon_core.package_identification:_identify(install) ignored
[3.027s] Level 1:colcon.colcon_core.package_identification:_identify(log) by extensions ['ignore', 'ignore_ament_install']
[3.028s] Level 1:colcon.colcon_core.package_identification:_identify(log) by extension 'ignore'
[3.028s] Level 1:colcon.colcon_core.package_identification:_identify(log) ignored
[3.029s] Level 1:colcon.colcon_core.package_identification:_identify(src) by extensions ['ignore', 'ignore_ament_install']
[3.029s] Level 1:colcon.colcon_core.package_identification:_identify(src) by extension 'ignore'
[3.029s] Level 1:colcon.colcon_core.package_identification:_identify(src) by extension 'ignore_ament_install'
[3.030s] Level 1:colcon.colcon_core.package_identification:_identify(src) by extensions ['colcon_pkg']
[3.030s] Level 1:colcon.colcon_core.package_identification:_identify(src) by extension 'colcon_pkg'
[3.030s] Level 1:colcon.colcon_core.package_identification:_identify(src) by extensions ['colcon_meta']
[3.030s] Level 1:colcon.colcon_core.package_identification:_identify(src) by extension 'colcon_meta'
[3.031s] Level 1:colcon.colcon_core.package_identification:_identify(src) by extensions ['ros']
[3.031s] Level 1:colcon.colcon_core.package_identification:_identify(src) by extension 'ros'
[3.031s] Level 1:colcon.colcon_core.package_identification:_identify(src) by extensions ['cmake', 'python']
[3.031s] Level 1:colcon.colcon_core.package_identification:_identify(src) by extension 'cmake'
[3.032s] Level 1:colcon.colcon_core.package_identification:_identify(src) by extension 'python'
[3.032s] Level 1:colcon.colcon_core.package_identification:_identify(src) by extensions ['python_setup_py']
[3.032s] Level 1:colcon.colcon_core.package_identification:_identify(src) by extension 'python_setup_py'
[3.033s] Level 1:colcon.colcon_core.package_identification:_identify(src/asbir_image_compression) by extensions ['ignore', 'ignore_ament_install']
[3.033s] Level 1:colcon.colcon_core.package_identification:_identify(src/asbir_image_compression) by extension 'ignore'
[3.033s] Level 1:colcon.colcon_core.package_identification:_identify(src/asbir_image_compression) by extension 'ignore_ament_install'
[3.034s] Level 1:colcon.colcon_core.package_identification:_identify(src/asbir_image_compression) by extensions ['colcon_pkg']
[3.034s] Level 1:colcon.colcon_core.package_identification:_identify(src/asbir_image_compression) by extension 'colcon_pkg'
[3.034s] Level 1:colcon.colcon_core.package_identification:_identify(src/asbir_image_compression) by extensions ['colcon_meta']
[3.034s] Level 1:colcon.colcon_core.package_identification:_identify(src/asbir_image_compression) by extension 'colcon_meta'
[3.035s] Level 1:colcon.colcon_core.package_identification:_identify(src/asbir_image_compression) by extensions ['ros']
[3.035s] Level 1:colcon.colcon_core.package_identification:_identify(src/asbir_image_compression) by extension 'ros'
[3.046s] DEBUG:colcon.colcon_core.package_identification:Package 'src/asbir_image_compression' with type 'ros.ament_python' and name 'asbir_image_compression'
[3.046s] Level 1:colcon.colcon_core.package_identification:_identify(src/asbir_navigation) by extensions ['ignore', 'ignore_ament_install']
[3.047s] Level 1:colcon.colcon_core.package_identification:_identify(src/asbir_navigation) by extension 'ignore'
[3.047s] Level 1:colcon.colcon_core.package_identification:_identify(src/asbir_navigation) by extension 'ignore_ament_install'
[3.048s] Level 1:colcon.colcon_core.package_identification:_identify(src/asbir_navigation) by extensions ['colcon_pkg']
[3.048s] Level 1:colcon.colcon_core.package_identification:_identify(src/asbir_navigation) by extension 'colcon_pkg'
[3.048s] Level 1:colcon.colcon_core.package_identification:_identify(src/asbir_navigation) by extensions ['colcon_meta']
[3.048s] Level 1:colcon.colcon_core.package_identification:_identify(src/asbir_navigation) by extension 'colcon_meta'
[3.049s] Level 1:colcon.colcon_core.package_identification:_identify(src/asbir_navigation) by extensions ['ros']
[3.049s] Level 1:colcon.colcon_core.package_identification:_identify(src/asbir_navigation) by extension 'ros'
[3.051s] DEBUG:colcon.colcon_core.package_identification:Package 'src/asbir_navigation' with type 'ros.ament_python' and name 'asbir_navigation'
[3.052s] Level 1:colcon.colcon_core.package_identification:_identify(src/asbir_rc) by extensions ['ignore', 'ignore_ament_install']
[3.053s] Level 1:colcon.colcon_core.package_identification:_identify(src/asbir_rc) by extension 'ignore'
[3.053s] Level 1:colcon.colcon_core.package_identification:_identify(src/asbir_rc) by extension 'ignore_ament_install'
[3.053s] Level 1:colcon.colcon_core.package_identification:_identify(src/asbir_rc) by extensions ['colcon_pkg']
[3.053s] Level 1:colcon.colcon_core.package_identification:_identify(src/asbir_rc) by extension 'colcon_pkg'
[3.054s] Level 1:colcon.colcon_core.package_identification:_identify(src/asbir_rc) by extensions ['colcon_meta']
[3.054s] Level 1:colcon.colcon_core.package_identification:_identify(src/asbir_rc) by extension 'colcon_meta'
[3.054s] Level 1:colcon.colcon_core.package_identification:_identify(src/asbir_rc) by extensions ['ros']
[3.054s] Level 1:colcon.colcon_core.package_identification:_identify(src/asbir_rc) by extension 'ros'
[3.057s] DEBUG:colcon.colcon_core.package_identification:Package 'src/asbir_rc' with type 'ros.ament_python' and name 'asbir_rc'
[3.057s] Level 1:colcon.colcon_core.package_identification:_identify(src/asbir_serial) by extensions ['ignore', 'ignore_ament_install']
[3.058s] Level 1:colcon.colcon_core.package_identification:_identify(src/asbir_serial) by extension 'ignore'
[3.058s] Level 1:colcon.colcon_core.package_identification:_identify(src/asbir_serial) by extension 'ignore_ament_install'
[3.058s] Level 1:colcon.colcon_core.package_identification:_identify(src/asbir_serial) by extensions ['colcon_pkg']
[3.058s] Level 1:colcon.colcon_core.package_identification:_identify(src/asbir_serial) by extension 'colcon_pkg'
[3.059s] Level 1:colcon.colcon_core.package_identification:_identify(src/asbir_serial) by extensions ['colcon_meta']
[3.059s] Level 1:colcon.colcon_core.package_identification:_identify(src/asbir_serial) by extension 'colcon_meta'
[3.059s] Level 1:colcon.colcon_core.package_identification:_identify(src/asbir_serial) by extensions ['ros']
[3.059s] Level 1:colcon.colcon_core.package_identification:_identify(src/asbir_serial) by extension 'ros'
[3.061s] DEBUG:colcon.colcon_core.package_identification:Package 'src/asbir_serial' with type 'ros.ament_python' and name 'asbir_serial'
[3.062s] Level 1:colcon.colcon_core.package_identification:_identify(src/asbir_xavier_gpio) by extensions ['ignore', 'ignore_ament_install']
[3.062s] Level 1:colcon.colcon_core.package_identification:_identify(src/asbir_xavier_gpio) by extension 'ignore'
[3.063s] Level 1:colcon.colcon_core.package_identification:_identify(src/asbir_xavier_gpio) by extension 'ignore_ament_install'
[3.063s] Level 1:colcon.colcon_core.package_identification:_identify(src/asbir_xavier_gpio) by extensions ['colcon_pkg']
[3.063s] Level 1:colcon.colcon_core.package_identification:_identify(src/asbir_xavier_gpio) by extension 'colcon_pkg'
[3.064s] Level 1:colcon.colcon_core.package_identification:_identify(src/asbir_xavier_gpio) by extensions ['colcon_meta']
[3.064s] Level 1:colcon.colcon_core.package_identification:_identify(src/asbir_xavier_gpio) by extension 'colcon_meta'
[3.064s] Level 1:colcon.colcon_core.package_identification:_identify(src/asbir_xavier_gpio) by extensions ['ros']
[3.064s] Level 1:colcon.colcon_core.package_identification:_identify(src/asbir_xavier_gpio) by extension 'ros'
[3.067s] DEBUG:colcon.colcon_core.package_identification:Package 'src/asbir_xavier_gpio' with type 'ros.ament_python' and name 'asbir_xavier_gpio'
[3.067s] Level 1:colcon.colcon_core.package_identification:_identify(src/objects) by extensions ['ignore', 'ignore_ament_install']
[3.068s] Level 1:colcon.colcon_core.package_identification:_identify(src/objects) by extension 'ignore'
[3.069s] Level 1:colcon.colcon_core.package_identification:_identify(src/objects) by extension 'ignore_ament_install'
[3.069s] Level 1:colcon.colcon_core.package_identification:_identify(src/objects) by extensions ['colcon_pkg']
[3.069s] Level 1:colcon.colcon_core.package_identification:_identify(src/objects) by extension 'colcon_pkg'
[3.069s] Level 1:colcon.colcon_core.package_identification:_identify(src/objects) by extensions ['colcon_meta']
[3.070s] Level 1:colcon.colcon_core.package_identification:_identify(src/objects) by extension 'colcon_meta'
[3.070s] Level 1:colcon.colcon_core.package_identification:_identify(src/objects) by extensions ['ros']
[3.070s] Level 1:colcon.colcon_core.package_identification:_identify(src/objects) by extension 'ros'
[3.071s] Level 1:colcon.colcon_core.package_identification:_identify(src/objects) by extensions ['cmake', 'python']
[3.071s] Level 1:colcon.colcon_core.package_identification:_identify(src/objects) by extension 'cmake'
[3.071s] Level 1:colcon.colcon_core.package_identification:_identify(src/objects) by extension 'python'
[3.071s] Level 1:colcon.colcon_core.package_identification:_identify(src/objects) by extensions ['python_setup_py']
[3.071s] Level 1:colcon.colcon_core.package_identification:_identify(src/objects) by extension 'python_setup_py'
[3.072s] Level 1:colcon.colcon_core.package_discovery:discover_packages(recursive) using defaults
[3.072s] Level 1:colcon.colcon_core.package_discovery:discover_packages(ignore) discover
[3.072s] Level 1:colcon.colcon_core.package_discovery:discover_packages(ignore) using defaults
[3.072s] Level 1:colcon.colcon_core.package_discovery:discover_packages(path) discover
[3.073s] Level 1:colcon.colcon_core.package_discovery:discover_packages(path) using defaults
[3.283s] INFO:colcon.colcon_core.package_selection:Skipping not selected package 'asbir_image_compression' in 'src/asbir_image_compression'
[3.283s] INFO:colcon.colcon_core.package_selection:Skipping not selected package 'asbir_navigation' in 'src/asbir_navigation'
[3.283s] INFO:colcon.colcon_core.package_selection:Skipping not selected package 'asbir_serial' in 'src/asbir_serial'
[3.287s] Level 1:colcon.colcon_core.package_discovery:discover_packages(prefix_path) check parameters
[3.287s] Level 1:colcon.colcon_core.package_discovery:discover_packages(prefix_path) discover
[3.408s] DEBUG:colcon.colcon_installed_package_information.package_discovery:Found 5 installed packages in /home/asbir/ASBIR-ROS2/install
[3.472s] DEBUG:colcon.colcon_installed_package_information.package_discovery:Found 311 installed packages in /home/asbir/ros2_foxy_core/install
[3.487s] Level 1:colcon.colcon_core.package_discovery:discover_packages(prefix_path) using defaults
[3.641s] Level 5:colcon.colcon_core.verb:set package 'asbir_rc' build argument 'cmake_args' from command line to 'None'
[3.642s] Level 5:colcon.colcon_core.verb:set package 'asbir_rc' build argument 'cmake_target' from command line to 'None'
[3.642s] Level 5:colcon.colcon_core.verb:set package 'asbir_rc' build argument 'cmake_target_skip_unavailable' from command line to 'False'
[3.642s] Level 5:colcon.colcon_core.verb:set package 'asbir_rc' build argument 'cmake_clean_cache' from command line to 'False'
[3.642s] Level 5:colcon.colcon_core.verb:set package 'asbir_rc' build argument 'cmake_clean_first' from command line to 'False'
[3.643s] Level 5:colcon.colcon_core.verb:set package 'asbir_rc' build argument 'cmake_force_configure' from command line to 'False'
[3.643s] Level 5:colcon.colcon_core.verb:set package 'asbir_rc' build argument 'ament_cmake_args' from command line to 'None'
[3.643s] Level 5:colcon.colcon_core.verb:set package 'asbir_rc' build argument 'catkin_cmake_args' from command line to 'None'
[3.643s] Level 5:colcon.colcon_core.verb:set package 'asbir_rc' build argument 'catkin_skip_building_tests' from command line to 'False'
[3.643s] DEBUG:colcon.colcon_core.verb:Building package 'asbir_rc' with the following arguments: {'ament_cmake_args': None, 'build_base': '/home/asbir/ASBIR-ROS2/build/asbir_rc', 'catkin_cmake_args': None, 'catkin_skip_building_tests': False, 'cmake_args': None, 'cmake_clean_cache': False, 'cmake_clean_first': False, 'cmake_force_configure': False, 'cmake_target': None, 'cmake_target_skip_unavailable': False, 'install_base': '/home/asbir/ASBIR-ROS2/install/asbir_rc', 'merge_install': False, 'path': '/home/asbir/ASBIR-ROS2/src/asbir_rc', 'symlink_install': False, 'test_result_base': None}
[3.654s] Level 5:colcon.colcon_core.verb:set package 'asbir_xavier_gpio' build argument 'cmake_args' from command line to 'None'
[3.655s] Level 5:colcon.colcon_core.verb:set package 'asbir_xavier_gpio' build argument 'cmake_target' from command line to 'None'
[3.655s] Level 5:colcon.colcon_core.verb:set package 'asbir_xavier_gpio' build argument 'cmake_target_skip_unavailable' from command line to 'False'
[3.655s] Level 5:colcon.colcon_core.verb:set package 'asbir_xavier_gpio' build argument 'cmake_clean_cache' from command line to 'False'
[3.655s] Level 5:colcon.colcon_core.verb:set package 'asbir_xavier_gpio' build argument 'cmake_clean_first' from command line to 'False'
[3.655s] Level 5:colcon.colcon_core.verb:set package 'asbir_xavier_gpio' build argument 'cmake_force_configure' from command line to 'False'
[3.656s] Level 5:colcon.colcon_core.verb:set package 'asbir_xavier_gpio' build argument 'ament_cmake_args' from command line to 'None'
[3.656s] Level 5:colcon.colcon_core.verb:set package 'asbir_xavier_gpio' build argument 'catkin_cmake_args' from command line to 'None'
[3.656s] Level 5:colcon.colcon_core.verb:set package 'asbir_xavier_gpio' build argument 'catkin_skip_building_tests' from command line to 'False'
[3.656s] DEBUG:colcon.colcon_core.verb:Building package 'asbir_xavier_gpio' with the following arguments: {'ament_cmake_args': None, 'build_base': '/home/asbir/ASBIR-ROS2/build/asbir_xavier_gpio', 'catkin_cmake_args': None, 'catkin_skip_building_tests': False, 'cmake_args': None, 'cmake_clean_cache': False, 'cmake_clean_first': False, 'cmake_force_configure': False, 'cmake_target': None, 'cmake_target_skip_unavailable': False, 'install_base': '/home/asbir/ASBIR-ROS2/install/asbir_xavier_gpio', 'merge_install': False, 'path': '/home/asbir/ASBIR-ROS2/src/asbir_xavier_gpio', 'symlink_install': False, 'test_result_base': None}
[3.664s] INFO:colcon.colcon_core.executor:Executing jobs using 'parallel' executor
[3.707s] DEBUG:colcon.colcon_parallel_executor.executor.parallel:run_until_complete
[3.708s] INFO:colcon.colcon_ros.task.ament_python.build:Building ROS package in '/home/asbir/ASBIR-ROS2/src/asbir_rc' with build type 'ament_python'
[3.709s] Level 1:colcon.colcon_core.shell:create_environment_hook('asbir_rc', 'ament_prefix_path')
[3.760s] INFO:colcon.colcon_core.plugin_system:Skipping extension 'colcon_core.shell.bat': Not used on non-Windows systems
[3.761s] INFO:colcon.colcon_core.shell:Creating environment hook '/home/asbir/ASBIR-ROS2/install/asbir_rc/share/asbir_rc/hook/ament_prefix_path.ps1'
[3.764s] INFO:colcon.colcon_core.shell:Creating environment descriptor '/home/asbir/ASBIR-ROS2/install/asbir_rc/share/asbir_rc/hook/ament_prefix_path.dsv'
[3.767s] INFO:colcon.colcon_core.shell:Creating environment hook '/home/asbir/ASBIR-ROS2/install/asbir_rc/share/asbir_rc/hook/ament_prefix_path.sh'
[3.802s] INFO:colcon.colcon_core.shell:Skip shell extension 'powershell' for command environment: Not usable outside of PowerShell
[3.803s] DEBUG:colcon.colcon_core.shell:Skip shell extension 'dsv' for command environment
[4.036s] INFO:colcon.colcon_ros.task.ament_python.build:Building ROS package in '/home/asbir/ASBIR-ROS2/src/asbir_xavier_gpio' with build type 'ament_python'
[4.043s] Level 1:colcon.colcon_core.shell:create_environment_hook('asbir_xavier_gpio', 'ament_prefix_path')
[4.087s] INFO:colcon.colcon_core.shell:Creating environment hook '/home/asbir/ASBIR-ROS2/install/asbir_xavier_gpio/share/asbir_xavier_gpio/hook/ament_prefix_path.ps1'
[4.092s] INFO:colcon.colcon_core.shell:Creating environment descriptor '/home/asbir/ASBIR-ROS2/install/asbir_xavier_gpio/share/asbir_xavier_gpio/hook/ament_prefix_path.dsv'
[4.094s] INFO:colcon.colcon_core.shell:Creating environment hook '/home/asbir/ASBIR-ROS2/install/asbir_xavier_gpio/share/asbir_xavier_gpio/hook/ament_prefix_path.sh'
[4.119s] INFO:colcon.colcon_core.shell:Skip shell extension 'powershell' for command environment: Not usable outside of PowerShell
[4.119s] DEBUG:colcon.colcon_core.shell:Skip shell extension 'dsv' for command environment
[6.834s] INFO:colcon.colcon_core.task.python.build:Building Python package in '/home/asbir/ASBIR-ROS2/src/asbir_rc'
[6.864s] INFO:colcon.colcon_core.shell:Skip shell extension 'powershell' for command environment: Not usable outside of PowerShell
[6.865s] DEBUG:colcon.colcon_core.shell:Skip shell extension 'dsv' for command environment
[9.264s] INFO:colcon.colcon_core.task.python.build:Building Python package in '/home/asbir/ASBIR-ROS2/src/asbir_xavier_gpio'
[9.292s] INFO:colcon.colcon_core.shell:Skip shell extension 'powershell' for command environment: Not usable outside of PowerShell
[9.292s] DEBUG:colcon.colcon_core.shell:Skip shell extension 'dsv' for command environment
[12.846s] DEBUG:colcon.colcon_core.event_handler.log_command:Invoking command in '/home/asbir/ASBIR-ROS2/src/asbir_rc': PYTHONPATH=/home/asbir/ASBIR-ROS2/build/asbir_rc/prefix_override:/home/asbir/ASBIR-ROS2/install/asbir_rc/lib/python3.8/site-packages:${PYTHONPATH} /usr/bin/python3 setup.py egg_info --egg-base ../../build/asbir_rc build --build-base /home/asbir/ASBIR-ROS2/build/asbir_rc/build install --record /home/asbir/ASBIR-ROS2/build/asbir_rc/install.log --install-scripts $base/lib/asbir_rc --single-version-externally-managed
[12.993s] DEBUG:colcon.colcon_core.event_handler.log_command:Invoking command in '/home/asbir/ASBIR-ROS2/src/asbir_xavier_gpio': PYTHONPATH=/home/asbir/ASBIR-ROS2/build/asbir_xavier_gpio/prefix_override:/home/asbir/ASBIR-ROS2/install/asbir_xavier_gpio/lib/python3.8/site-packages:${PYTHONPATH} /usr/bin/python3 setup.py egg_info --egg-base ../../build/asbir_xavier_gpio build --build-base /home/asbir/ASBIR-ROS2/build/asbir_xavier_gpio/build install --record /home/asbir/ASBIR-ROS2/build/asbir_xavier_gpio/install.log --install-scripts $base/lib/asbir_xavier_gpio --single-version-externally-managed
[15.877s] DEBUG:colcon.colcon_core.event_handler.log_command:Invoked command in '/home/asbir/ASBIR-ROS2/src/asbir_xavier_gpio' returned '0': PYTHONPATH=/home/asbir/ASBIR-ROS2/build/asbir_xavier_gpio/prefix_override:/home/asbir/ASBIR-ROS2/install/asbir_xavier_gpio/lib/python3.8/site-packages:${PYTHONPATH} /usr/bin/python3 setup.py egg_info --egg-base ../../build/asbir_xavier_gpio build --build-base /home/asbir/ASBIR-ROS2/build/asbir_xavier_gpio/build install --record /home/asbir/ASBIR-ROS2/build/asbir_xavier_gpio/install.log --install-scripts $base/lib/asbir_xavier_gpio --single-version-externally-managed
[15.959s] Level 1:colcon.colcon_core.environment:checking '/home/asbir/ASBIR-ROS2/install/asbir_xavier_gpio' for CMake module files
[15.962s] Level 1:colcon.colcon_core.environment:checking '/home/asbir/ASBIR-ROS2/install/asbir_xavier_gpio' for CMake config files
[15.969s] Level 1:colcon.colcon_core.environment:checking '/home/asbir/ASBIR-ROS2/install/asbir_xavier_gpio/lib'
[15.970s] Level 1:colcon.colcon_core.environment:checking '/home/asbir/ASBIR-ROS2/install/asbir_xavier_gpio/bin'
[15.970s] Level 1:colcon.colcon_core.environment:checking '/home/asbir/ASBIR-ROS2/install/asbir_xavier_gpio/lib/pkgconfig/asbir_xavier_gpio.pc'
[15.972s] Level 1:colcon.colcon_core.environment:checking '/home/asbir/ASBIR-ROS2/install/asbir_xavier_gpio/lib/python3.8/site-packages'
[15.972s] Level 1:colcon.colcon_core.shell:create_environment_hook('asbir_xavier_gpio', 'pythonpath')
[15.993s] INFO:colcon.colcon_core.shell:Creating environment hook '/home/asbir/ASBIR-ROS2/install/asbir_xavier_gpio/share/asbir_xavier_gpio/hook/pythonpath.ps1'
[15.997s] INFO:colcon.colcon_core.shell:Creating environment descriptor '/home/asbir/ASBIR-ROS2/install/asbir_xavier_gpio/share/asbir_xavier_gpio/hook/pythonpath.dsv'
[16.003s] INFO:colcon.colcon_core.shell:Creating environment hook '/home/asbir/ASBIR-ROS2/install/asbir_xavier_gpio/share/asbir_xavier_gpio/hook/pythonpath.sh'
[16.007s] Level 1:colcon.colcon_core.environment:checking '/home/asbir/ASBIR-ROS2/install/asbir_xavier_gpio/bin'
[16.007s] Level 1:colcon.colcon_core.environment:create_environment_scripts_only(asbir_xavier_gpio)
[16.034s] INFO:colcon.colcon_core.shell:Creating package script '/home/asbir/ASBIR-ROS2/install/asbir_xavier_gpio/share/asbir_xavier_gpio/package.ps1'
[16.041s] INFO:colcon.colcon_core.shell:Creating package descriptor '/home/asbir/ASBIR-ROS2/install/asbir_xavier_gpio/share/asbir_xavier_gpio/package.dsv'
[16.045s] INFO:colcon.colcon_core.shell:Creating package script '/home/asbir/ASBIR-ROS2/install/asbir_xavier_gpio/share/asbir_xavier_gpio/package.sh'
[16.050s] INFO:colcon.colcon_core.shell:Creating package script '/home/asbir/ASBIR-ROS2/install/asbir_xavier_gpio/share/asbir_xavier_gpio/package.bash'
[16.056s] INFO:colcon.colcon_core.shell:Creating package script '/home/asbir/ASBIR-ROS2/install/asbir_xavier_gpio/share/asbir_xavier_gpio/package.zsh'
[16.060s] Level 1:colcon.colcon_core.environment:create_file_with_runtime_dependencies(/home/asbir/ASBIR-ROS2/install/asbir_xavier_gpio/share/colcon-core/packages/asbir_xavier_gpio)
[16.078s] DEBUG:colcon.colcon_core.event_handler.log_command:Invoked command in '/home/asbir/ASBIR-ROS2/src/asbir_rc' returned '0': PYTHONPATH=/home/asbir/ASBIR-ROS2/build/asbir_rc/prefix_override:/home/asbir/ASBIR-ROS2/install/asbir_rc/lib/python3.8/site-packages:${PYTHONPATH} /usr/bin/python3 setup.py egg_info --egg-base ../../build/asbir_rc build --build-base /home/asbir/ASBIR-ROS2/build/asbir_rc/build install --record /home/asbir/ASBIR-ROS2/build/asbir_rc/install.log --install-scripts $base/lib/asbir_rc --single-version-externally-managed
[16.115s] Level 1:colcon.colcon_core.environment:checking '/home/asbir/ASBIR-ROS2/install/asbir_rc' for CMake module files
[16.119s] Level 1:colcon.colcon_core.environment:checking '/home/asbir/ASBIR-ROS2/install/asbir_rc' for CMake config files
[16.124s] Level 1:colcon.colcon_core.environment:checking '/home/asbir/ASBIR-ROS2/install/asbir_rc/lib'
[16.125s] Level 1:colcon.colcon_core.environment:checking '/home/asbir/ASBIR-ROS2/install/asbir_rc/bin'
[16.126s] Level 1:colcon.colcon_core.environment:checking '/home/asbir/ASBIR-ROS2/install/asbir_rc/lib/pkgconfig/asbir_rc.pc'
[16.128s] Level 1:colcon.colcon_core.environment:checking '/home/asbir/ASBIR-ROS2/install/asbir_rc/lib/python3.8/site-packages'
[16.128s] Level 1:colcon.colcon_core.shell:create_environment_hook('asbir_rc', 'pythonpath')
[16.178s] INFO:colcon.colcon_core.shell:Creating environment hook '/home/asbir/ASBIR-ROS2/install/asbir_rc/share/asbir_rc/hook/pythonpath.ps1'
[16.181s] INFO:colcon.colcon_core.shell:Creating environment descriptor '/home/asbir/ASBIR-ROS2/install/asbir_rc/share/asbir_rc/hook/pythonpath.dsv'
[16.185s] INFO:colcon.colcon_core.shell:Creating environment hook '/home/asbir/ASBIR-ROS2/install/asbir_rc/share/asbir_rc/hook/pythonpath.sh'
[16.189s] Level 1:colcon.colcon_core.environment:checking '/home/asbir/ASBIR-ROS2/install/asbir_rc/bin'
[16.189s] Level 1:colcon.colcon_core.environment:create_environment_scripts_only(asbir_rc)
[16.211s] INFO:colcon.colcon_core.shell:Creating package script '/home/asbir/ASBIR-ROS2/install/asbir_rc/share/asbir_rc/package.ps1'
[16.214s] INFO:colcon.colcon_core.shell:Creating package descriptor '/home/asbir/ASBIR-ROS2/install/asbir_rc/share/asbir_rc/package.dsv'
[16.218s] INFO:colcon.colcon_core.shell:Creating package script '/home/asbir/ASBIR-ROS2/install/asbir_rc/share/asbir_rc/package.sh'
[16.221s] INFO:colcon.colcon_core.shell:Creating package script '/home/asbir/ASBIR-ROS2/install/asbir_rc/share/asbir_rc/package.bash'
[16.223s] INFO:colcon.colcon_core.shell:Creating package script '/home/asbir/ASBIR-ROS2/install/asbir_rc/share/asbir_rc/package.zsh'
[16.225s] Level 1:colcon.colcon_core.environment:create_file_with_runtime_dependencies(/home/asbir/ASBIR-ROS2/install/asbir_rc/share/colcon-core/packages/asbir_rc)
[16.228s] DEBUG:colcon.colcon_parallel_executor.executor.parallel:closing loop
[16.229s] DEBUG:colcon.colcon_parallel_executor.executor.parallel:loop closed
[16.230s] DEBUG:colcon.colcon_parallel_executor.executor.parallel:run_until_complete finished with '0'
[16.231s] DEBUG:colcon.colcon_core.event_reactor:joining thread
[16.299s] INFO:colcon.colcon_core.plugin_system:Skipping extension 'colcon_notification.desktop_notification.terminal_notifier': Not used on non-Darwin systems
[16.300s] INFO:colcon.colcon_core.plugin_system:Skipping extension 'colcon_notification.desktop_notification.win32': Not used on non-Windows systems
[16.301s] INFO:colcon.colcon_notification.desktop_notification:Sending desktop notification using 'notify2'
[16.383s] DEBUG:colcon.colcon_core.event_reactor:joined thread
[16.405s] INFO:colcon.colcon_core.shell:Creating prefix script '/home/asbir/ASBIR-ROS2/install/local_setup.ps1'
[16.410s] INFO:colcon.colcon_core.shell:Creating prefix util module '/home/asbir/ASBIR-ROS2/install/_local_setup_util_ps1.py'
[16.424s] INFO:colcon.colcon_core.shell:Creating prefix chain script '/home/asbir/ASBIR-ROS2/install/setup.ps1'
[16.541s] INFO:colcon.colcon_core.shell:Creating prefix script '/home/asbir/ASBIR-ROS2/install/local_setup.sh'
[16.544s] INFO:colcon.colcon_core.shell:Creating prefix util module '/home/asbir/ASBIR-ROS2/install/_local_setup_util_sh.py'
[16.547s] INFO:colcon.colcon_core.shell:Creating prefix chain script '/home/asbir/ASBIR-ROS2/install/setup.sh'
[16.667s] INFO:colcon.colcon_core.shell:Creating prefix script '/home/asbir/ASBIR-ROS2/install/local_setup.bash'
[16.673s] INFO:colcon.colcon_core.shell:Creating prefix chain script '/home/asbir/ASBIR-ROS2/install/setup.bash'
[16.788s] INFO:colcon.colcon_core.shell:Creating prefix script '/home/asbir/ASBIR-ROS2/install/local_setup.zsh'
[16.790s] INFO:colcon.colcon_core.shell:Creating prefix chain script '/home/asbir/ASBIR-ROS2/install/setup.zsh'
