-- The C compiler identification is GNU 9.4.0
-- The CXX compiler identification is GNU 9.4.0
-- Check for working C compiler: /usr/bin/cc
-- Check for working C compiler: /usr/bin/cc -- works
-- Detecting C compiler ABI info
-- Detecting C compiler ABI info - done
-- Detecting C compile features
-- Detecting C compile features - done
-- Check for working CXX compiler: /usr/bin/c++
-- Check for working CXX compiler: /usr/bin/c++ -- works
-- Detecting CXX compiler ABI info
-- Detecting CXX compiler ABI info - done
-- Detecting CXX compile features
-- Detecting CXX compile features - done
-- Found ament_cmake: 0.9.11 (/home/aralab/ros2_foxy/install/ament_cmake/share/ament_cmake/cmake)
-- Found PythonInterp: /usr/bin/python3 (found suitable version "3.8.10", minimum required is "3") 
-- Using PYTHON_EXECUTABLE: /usr/bin/python3
-- Found rclcpp: 2.4.2 (/home/aralab/ros2_foxy/install/rclcpp/share/rclcpp/cmake)
-- Using all available rosidl_typesupport_c: rosidl_typesupport_introspection_c;rosidl_typesupport_fastrtps_c
-- Found rosidl_adapter: 1.3.0 (/home/aralab/ros2_foxy/install/rosidl_adapter/share/rosidl_adapter/cmake)
-- Found OpenSSL: /usr/lib/x86_64-linux-gnu/libcrypto.so (found version "1.1.1f")  
-- Found FastRTPS: /home/aralab/ros2_foxy/install/fastrtps/include  
-- Using all available rosidl_typesupport_cpp: rosidl_typesupport_introspection_cpp;rosidl_typesupport_fastrtps_cpp
-- Found rmw_implementation_cmake: 1.0.3 (/home/aralab/ros2_foxy/install/rmw_implementation_cmake/share/rmw_implementation_cmake/cmake)
-- Using RMW implementation 'rmw_fastrtps_cpp' as default
-- Looking for pthread.h
-- Looking for pthread.h - found
-- Performing Test CMAKE_HAVE_LIBC_PTHREAD
-- Performing Test CMAKE_HAVE_LIBC_PTHREAD - Failed
-- Looking for pthread_create in pthreads
-- Looking for pthread_create in pthreads - not found
-- Looking for pthread_create in pthread
-- Looking for pthread_create in pthread - found
-- Found Threads: TRUE  
-- Found rclpy: 1.0.11 (/home/aralab/ros2_foxy/install/rclpy/share/rclpy/cmake)
-- Found geometry_msgs: 2.0.5 (/home/aralab/ros2_foxy/install/geometry_msgs/share/geometry_msgs/cmake)
-- Found visualization_msgs: 2.0.5 (/home/aralab/ros2_foxy/install/visualization_msgs/share/visualization_msgs/cmake)
-- Found tf2_ros: 0.13.13 (/home/aralab/ros2_foxy/install/tf2_ros/share/tf2_ros/cmake)
-- Configuring done
-- Generating done
-- Build files have been written to: /home/aralab/ASBIR-ROS2/build/asbir_navigation
[35m[1mScanning dependencies of target listener[0m
[35m[1mScanning dependencies of target modelTest[0m
[ 25%] [32mBuilding CXX object CMakeFiles/listener.dir/src/subscriber_member_function.cpp.o[0m
[ 50%] [32mBuilding CXX object CMakeFiles/modelTest.dir/src/modelTest.cpp.o[0m
[ 75%] [32m[1mLinking CXX executable modelTest[0m
[ 75%] Built target modelTest
[100%] [32m[1mLinking CXX executable listener[0m
[100%] Built target listener
-- Install configuration: ""
-- Installing: /home/aralab/ASBIR-ROS2/install/asbir_navigation/lib/asbir_navigation/listener
-- Set runtime path of "/home/aralab/ASBIR-ROS2/install/asbir_navigation/lib/asbir_navigation/listener" to ""
-- Installing: /home/aralab/ASBIR-ROS2/install/asbir_navigation/lib/asbir_navigation/modelTest
-- Set runtime path of "/home/aralab/ASBIR-ROS2/install/asbir_navigation/lib/asbir_navigation/modelTest" to ""
-- Installing: /home/aralab/ASBIR-ROS2/install/asbir_navigation/share/asbir_navigation/environment/pythonpath.sh
-- Installing: /home/aralab/ASBIR-ROS2/install/asbir_navigation/share/asbir_navigation/environment/pythonpath.dsv
-- Installing: /home/aralab/ASBIR-ROS2/install/asbir_navigation/lib/python3.8/site-packages/asbir_navigation
-- Installing: /home/aralab/ASBIR-ROS2/install/asbir_navigation/lib/python3.8/site-packages/asbir_navigation/__init__.py
Listing '/home/aralab/ASBIR-ROS2/install/asbir_navigation/lib/python3.8/site-packages/asbir_navigation'...
Compiling '/home/aralab/ASBIR-ROS2/install/asbir_navigation/lib/python3.8/site-packages/asbir_navigation/__init__.py'...
-- Installing: /home/aralab/ASBIR-ROS2/install/asbir_navigation/lib/asbir_navigation/publisher_member_function.py
-- Installing: /home/aralab/ASBIR-ROS2/install/asbir_navigation/lib/asbir_navigation/modelTest.py
-- Installing: /home/aralab/ASBIR-ROS2/install/asbir_navigation/share/ament_index/resource_index/package_run_dependencies/asbir_navigation
-- Installing: /home/aralab/ASBIR-ROS2/install/asbir_navigation/share/ament_index/resource_index/parent_prefix_path/asbir_navigation
-- Installing: /home/aralab/ASBIR-ROS2/install/asbir_navigation/share/asbir_navigation/environment/ament_prefix_path.sh
-- Installing: /home/aralab/ASBIR-ROS2/install/asbir_navigation/share/asbir_navigation/environment/ament_prefix_path.dsv
-- Installing: /home/aralab/ASBIR-ROS2/install/asbir_navigation/share/asbir_navigation/environment/path.sh
-- Installing: /home/aralab/ASBIR-ROS2/install/asbir_navigation/share/asbir_navigation/environment/path.dsv
-- Installing: /home/aralab/ASBIR-ROS2/install/asbir_navigation/share/asbir_navigation/local_setup.bash
-- Installing: /home/aralab/ASBIR-ROS2/install/asbir_navigation/share/asbir_navigation/local_setup.sh
-- Installing: /home/aralab/ASBIR-ROS2/install/asbir_navigation/share/asbir_navigation/local_setup.zsh
-- Installing: /home/aralab/ASBIR-ROS2/install/asbir_navigation/share/asbir_navigation/local_setup.dsv
-- Installing: /home/aralab/ASBIR-ROS2/install/asbir_navigation/share/asbir_navigation/package.dsv
-- Installing: /home/aralab/ASBIR-ROS2/install/asbir_navigation/share/ament_index/resource_index/packages/asbir_navigation
-- Installing: /home/aralab/ASBIR-ROS2/install/asbir_navigation/share/asbir_navigation/cmake/asbir_navigationConfig.cmake
-- Installing: /home/aralab/ASBIR-ROS2/install/asbir_navigation/share/asbir_navigation/cmake/asbir_navigationConfig-version.cmake
-- Installing: /home/aralab/ASBIR-ROS2/install/asbir_navigation/share/asbir_navigation/package.xml
