[3.517s] Invoking command in '/home/aralab/ASBIR-ROS2/src/asbir_serial': PYTHONPATH=/home/aralab/ASBIR-ROS2/build/asbir_serial/prefix_override:/home/aralab/ASBIR-ROS2/install/asbir_serial/lib/python3.8/site-packages:${PYTHONPATH} /usr/bin/python3 setup.py egg_info --egg-base ../../build/asbir_serial build --build-base /home/aralab/ASBIR-ROS2/build/asbir_serial/build install --record /home/aralab/ASBIR-ROS2/build/asbir_serial/install.log --install-scripts $base/lib/asbir_serial --single-version-externally-managed
[4.136s] running egg_info
[4.136s] creating ../../build/asbir_serial/asbir_serial.egg-info
[4.136s] writing ../../build/asbir_serial/asbir_serial.egg-info/PKG-INFO
[4.137s] writing dependency_links to ../../build/asbir_serial/asbir_serial.egg-info/dependency_links.txt
[4.137s] writing entry points to ../../build/asbir_serial/asbir_serial.egg-info/entry_points.txt
[4.137s] writing requirements to ../../build/asbir_serial/asbir_serial.egg-info/requires.txt
[4.137s] writing top-level names to ../../build/asbir_serial/asbir_serial.egg-info/top_level.txt
[4.139s] writing manifest file '../../build/asbir_serial/asbir_serial.egg-info/SOURCES.txt'
[4.173s] reading manifest file '../../build/asbir_serial/asbir_serial.egg-info/SOURCES.txt'
[4.173s] writing manifest file '../../build/asbir_serial/asbir_serial.egg-info/SOURCES.txt'
[4.174s] running build
[4.174s] running build_py
[4.174s] creating /home/aralab/ASBIR-ROS2/build/asbir_serial/build
[4.174s] creating /home/aralab/ASBIR-ROS2/build/asbir_serial/build/lib
[4.174s] creating /home/aralab/ASBIR-ROS2/build/asbir_serial/build/lib/asbir_serial
[4.174s] copying asbir_serial/serialComm.py -> /home/aralab/ASBIR-ROS2/build/asbir_serial/build/lib/asbir_serial
[4.175s] copying asbir_serial/__init__.py -> /home/aralab/ASBIR-ROS2/build/asbir_serial/build/lib/asbir_serial
[4.175s] running install
[4.178s] running install_lib
[4.179s] creating /home/aralab/ASBIR-ROS2/install/asbir_serial/lib/python3.8/site-packages/asbir_serial
[4.179s] copying /home/aralab/ASBIR-ROS2/build/asbir_serial/build/lib/asbir_serial/serialComm.py -> /home/aralab/ASBIR-ROS2/install/asbir_serial/lib/python3.8/site-packages/asbir_serial
[4.179s] copying /home/aralab/ASBIR-ROS2/build/asbir_serial/build/lib/asbir_serial/__init__.py -> /home/aralab/ASBIR-ROS2/install/asbir_serial/lib/python3.8/site-packages/asbir_serial
[4.181s] byte-compiling /home/aralab/ASBIR-ROS2/install/asbir_serial/lib/python3.8/site-packages/asbir_serial/serialComm.py to serialComm.cpython-38.pyc
[4.183s] byte-compiling /home/aralab/ASBIR-ROS2/install/asbir_serial/lib/python3.8/site-packages/asbir_serial/__init__.py to __init__.cpython-38.pyc
[4.183s] running install_data
[4.183s] creating /home/aralab/ASBIR-ROS2/install/asbir_serial/share/ament_index
[4.184s] creating /home/aralab/ASBIR-ROS2/install/asbir_serial/share/ament_index/resource_index
[4.184s] creating /home/aralab/ASBIR-ROS2/install/asbir_serial/share/ament_index/resource_index/packages
[4.184s] copying resource/asbir_serial -> /home/aralab/ASBIR-ROS2/install/asbir_serial/share/ament_index/resource_index/packages
[4.184s] copying package.xml -> /home/aralab/ASBIR-ROS2/install/asbir_serial/share/asbir_serial
[4.184s] running install_egg_info
[4.186s] Copying ../../build/asbir_serial/asbir_serial.egg-info to /home/aralab/ASBIR-ROS2/install/asbir_serial/lib/python3.8/site-packages/asbir_serial-0.0.0-py3.8.egg-info
[4.187s] running install_scripts
[4.214s] Installing serialComm script to /home/aralab/ASBIR-ROS2/install/asbir_serial/lib/asbir_serial
[4.214s] writing list of installed files to '/home/aralab/ASBIR-ROS2/build/asbir_serial/install.log'
[4.262s] Invoked command in '/home/aralab/ASBIR-ROS2/src/asbir_serial' returned '0': PYTHONPATH=/home/aralab/ASBIR-ROS2/build/asbir_serial/prefix_override:/home/aralab/ASBIR-ROS2/install/asbir_serial/lib/python3.8/site-packages:${PYTHONPATH} /usr/bin/python3 setup.py egg_info --egg-base ../../build/asbir_serial build --build-base /home/aralab/ASBIR-ROS2/build/asbir_serial/build install --record /home/aralab/ASBIR-ROS2/build/asbir_serial/install.log --install-scripts $base/lib/asbir_serial --single-version-externally-managed
