-- Found ament_cmake: 0.9.11 (/home/aralab/ros2_foxy/install/ament_cmake/share/ament_cmake/cmake)
-- Using PYTHON_EXECUTABLE: /usr/bin/python3
-- Found rclcpp: 2.4.2 (/home/aralab/ros2_foxy/install/rclcpp/share/rclcpp/cmake)
-- Using all available rosidl_typesupport_c: rosidl_typesupport_introspection_c;rosidl_typesupport_fastrtps_c
-- Found rosidl_adapter: 1.3.0 (/home/aralab/ros2_foxy/install/rosidl_adapter/share/rosidl_adapter/cmake)
-- Using all available rosidl_typesupport_cpp: rosidl_typesupport_introspection_cpp;rosidl_typesupport_fastrtps_cpp
-- Found rmw_implementation_cmake: 1.0.3 (/home/aralab/ros2_foxy/install/rmw_implementation_cmake/share/rmw_implementation_cmake/cmake)
-- Using RMW implementation 'rmw_fastrtps_cpp' as default
-- Found rclpy: 1.0.11 (/home/aralab/ros2_foxy/install/rclpy/share/rclpy/cmake)
-- Configuring done
-- Generating done
-- Build files have been written to: /home/aralab/ASBIR-ROS2/build/asbir-navigation
[100%] Built target listener
-- Install configuration: ""
-- Up-to-date: /home/aralab/ASBIR-ROS2/install/asbir-navigation/lib/asbir-navigation/listener
-- Up-to-date: /home/aralab/ASBIR-ROS2/install/asbir-navigation/share/asbir-navigation/environment/pythonpath.sh
-- Installing: /home/aralab/ASBIR-ROS2/install/asbir-navigation/share/asbir-navigation/environment/pythonpath.dsv
-- Up-to-date: /home/aralab/ASBIR-ROS2/install/asbir-navigation/lib/python3.8/site-packages/asbir-navigation
-- Up-to-date: /home/aralab/ASBIR-ROS2/install/asbir-navigation/lib/python3.8/site-packages/asbir-navigation/__init__.py
Listing '/home/aralab/ASBIR-ROS2/install/asbir-navigation/lib/python3.8/site-packages/asbir-navigation'...
-- Up-to-date: /home/aralab/ASBIR-ROS2/install/asbir-navigation/lib/asbir-navigation/publisher_member_function.py
-- Installing: /home/aralab/ASBIR-ROS2/install/asbir-navigation/lib/asbir-navigation/modelTest.py
-- Up-to-date: /home/aralab/ASBIR-ROS2/install/asbir-navigation/share/ament_index/resource_index/package_run_dependencies/asbir-navigation
-- Up-to-date: /home/aralab/ASBIR-ROS2/install/asbir-navigation/share/ament_index/resource_index/parent_prefix_path/asbir-navigation
-- Installing: /home/aralab/ASBIR-ROS2/install/asbir-navigation/share/asbir-navigation/environment/ament_prefix_path.dsv
-- Installing: /home/aralab/ASBIR-ROS2/install/asbir-navigation/share/asbir-navigation/environment/path.dsv
-- Up-to-date: /home/aralab/ASBIR-ROS2/install/asbir-navigation/share/asbir-navigation/local_setup.bash
-- Up-to-date: /home/aralab/ASBIR-ROS2/install/asbir-navigation/share/asbir-navigation/local_setup.sh
-- Up-to-date: /home/aralab/ASBIR-ROS2/install/asbir-navigation/share/asbir-navigation/local_setup.zsh
-- Installing: /home/aralab/ASBIR-ROS2/install/asbir-navigation/share/asbir-navigation/local_setup.dsv
-- Installing: /home/aralab/ASBIR-ROS2/install/asbir-navigation/share/asbir-navigation/package.dsv
-- Up-to-date: /home/aralab/ASBIR-ROS2/install/asbir-navigation/share/ament_index/resource_index/packages/asbir-navigation
-- Up-to-date: /home/aralab/ASBIR-ROS2/install/asbir-navigation/share/asbir-navigation/cmake/asbir-navigationConfig.cmake
-- Up-to-date: /home/aralab/ASBIR-ROS2/install/asbir-navigation/share/asbir-navigation/cmake/asbir-navigationConfig-version.cmake
-- Up-to-date: /home/aralab/ASBIR-ROS2/install/asbir-navigation/share/asbir-navigation/package.xml
