[2.766s] Invoking command in '/home/aralab/ASBIR-ROS2/src/asbir_status': PYTHONPATH=/home/aralab/ASBIR-ROS2/build/asbir_status/prefix_override:/home/aralab/ASBIR-ROS2/install/asbir_status/lib/python3.8/site-packages:${PYTHONPATH} /usr/bin/python3 setup.py egg_info --egg-base ../../build/asbir_status build --build-base /home/aralab/ASBIR-ROS2/build/asbir_status/build install --record /home/aralab/ASBIR-ROS2/build/asbir_status/install.log --install-scripts $base/lib/asbir_status --single-version-externally-managed
[3.244s] running egg_info
[3.244s] writing ../../build/asbir_status/asbir_status.egg-info/PKG-INFO
[3.244s] writing dependency_links to ../../build/asbir_status/asbir_status.egg-info/dependency_links.txt
[3.244s] writing entry points to ../../build/asbir_status/asbir_status.egg-info/entry_points.txt
[3.244s] writing requirements to ../../build/asbir_status/asbir_status.egg-info/requires.txt
[3.244s] writing top-level names to ../../build/asbir_status/asbir_status.egg-info/top_level.txt
[3.282s] reading manifest file '../../build/asbir_status/asbir_status.egg-info/SOURCES.txt'
[3.283s] writing manifest file '../../build/asbir_status/asbir_status.egg-info/SOURCES.txt'
[3.283s] running build
[3.283s] running build_py
[3.283s] running install
[3.284s] running install_lib
[3.286s] running install_data
[3.287s] running install_egg_info
[3.289s] removing '/home/aralab/ASBIR-ROS2/install/asbir_status/lib/python3.8/site-packages/asbir_status-0.0.0-py3.8.egg-info' (and everything under it)
[3.289s] Copying ../../build/asbir_status/asbir_status.egg-info to /home/aralab/ASBIR-ROS2/install/asbir_status/lib/python3.8/site-packages/asbir_status-0.0.0-py3.8.egg-info
[3.290s] running install_scripts
[3.313s] Installing nodeController script to /home/aralab/ASBIR-ROS2/install/asbir_status/lib/asbir_status
[3.314s] Installing statusListener script to /home/aralab/ASBIR-ROS2/install/asbir_status/lib/asbir_status
[3.314s] writing list of installed files to '/home/aralab/ASBIR-ROS2/build/asbir_status/install.log'
[3.351s] Invoked command in '/home/aralab/ASBIR-ROS2/src/asbir_status' returned '0': PYTHONPATH=/home/aralab/ASBIR-ROS2/build/asbir_status/prefix_override:/home/aralab/ASBIR-ROS2/install/asbir_status/lib/python3.8/site-packages:${PYTHONPATH} /usr/bin/python3 setup.py egg_info --egg-base ../../build/asbir_status build --build-base /home/aralab/ASBIR-ROS2/build/asbir_status/build install --record /home/aralab/ASBIR-ROS2/build/asbir_status/install.log --install-scripts $base/lib/asbir_status --single-version-externally-managed
