[0.093s] Invoking command in '/home/aralab/ASBIR-ROS2/build/realsense2_camera_msgs': CMAKE_PREFIX_PATH=${CMAKE_PREFIX_PATH}:/home/aralab/ASBIR-ROS2/install/rclpy_message_converter:/home/aralab/ros2_foxy/install/ros2bag:/home/aralab/ros2_foxy/install/tracetools_launch:/home/aralab/ros2_foxy/install/topic_monitor:/home/aralab/ros2_foxy/install/examples_tf2_py:/home/aralab/ros2_foxy/install/sros2:/home/aralab/ros2_foxy/install/rqt_topic:/home/aralab/ros2_foxy/install/rqt_top:/home/aralab/ros2_foxy/install/rqt_srv:/home/aralab/ros2_foxy/install/rqt_shell:/home/aralab/ros2_foxy/install/rqt_service_caller:/home/aralab/ros2_foxy/install/rqt_reconfigure:/home/aralab/ros2_foxy/install/rqt_py_console:/home/aralab/ros2_foxy/install/rqt_publisher:/home/aralab/ros2_foxy/install/rqt_plot:/home/aralab/ros2_foxy/install/rqt_action:/home/aralab/ros2_foxy/install/rqt_msg:/home/aralab/ros2_foxy/install/rqt_console:/home/aralab/ros2_foxy/install/rqt:/home/aralab/ros2_foxy/install/rqt_graph:/home/aralab/ros2_foxy/install/rqt_gui_py:/home/aralab/ros2_foxy/install/rqt_gui:/home/aralab/ros2_foxy/install/ros2trace:/home/aralab/ros2_foxy/install/ros2topic:/home/aralab/ros2_foxy/install/ros2test:/home/aralab/ros2_foxy/install/ros2component:/home/aralab/ros2_foxy/install/ros2param:/home/aralab/ros2_foxy/install/ros2lifecycle:/home/aralab/ros2_foxy/install/ros2service:/home/aralab/ros2_foxy/install/ros2run:/home/aralab/ros2_foxy/install/ros2launch:/home/aralab/ros2_foxy/install/ros2pkg:/home/aralab/ros2_foxy/install/ros2node:/home/aralab/ros2_foxy/install/ros2multicast:/home/aralab/ros2_foxy/install/ros2interface:/home/aralab/ros2_foxy/install/ros2doctor:/home/aralab/ros2_foxy/install/ros2action:/home/aralab/ros2_foxy/install/ros2cli:/home/aralab/ros2_foxy/install/quality_of_service_demo_py:/home/aralab/ros2_foxy/install/launch_testing_ros:/home/aralab/ros2_foxy/install/launch_ros:/home/aralab/ros2_foxy/install/examples_rclpy_minimal_subscriber:/home/aralab/ros2_foxy/install/examples_rclpy_minimal_service:/home/aralab/ros2_foxy/install/examples_rclpy_minimal_publisher:/home/aralab/ros2_foxy/install/examples_rclpy_minimal_client:/home/aralab/ros2_foxy/install/examples_rclpy_minimal_action_server:/home/aralab/ros2_foxy/install/examples_rclpy_minimal_action_client:/home/aralab/ros2_foxy/install/examples_rclpy_executors:/home/aralab/ros2_foxy/install/demo_nodes_py:/home/aralab/ros2_foxy/install/action_tutorials_py:/home/aralab/ros2_foxy/install/ament_uncrustify:/home/aralab/ros2_foxy/install/tracetools_trace:/home/aralab/ros2_foxy/install/tracetools_read:/home/aralab/ros2_foxy/install/test_launch_ros:/home/aralab/ros2_foxy/install/sensor_msgs_py:/home/aralab/ros2_foxy/install/rpyutils:/home/aralab/ros2_foxy/install/rosidl_runtime_py:/home/aralab/ros2_foxy/install/launch_yaml:/home/aralab/ros2_foxy/install/launch_xml:/home/aralab/ros2_foxy/install/launch_testing:/home/aralab/ros2_foxy/install/launch:/home/aralab/ros2_foxy/install/osrf_pycommon:/home/aralab/ros2_foxy/install/domain_coordinator:/home/aralab/ros2_foxy/install/ament_xmllint:/home/aralab/ros2_foxy/install/ament_pyflakes:/home/aralab/ros2_foxy/install/ament_pycodestyle:/home/aralab/ros2_foxy/install/ament_pep257:/home/aralab/ros2_foxy/install/ament_pclint:/home/aralab/ros2_foxy/install/ament_package:/home/aralab/ros2_foxy/install/ament_mypy:/home/aralab/ros2_foxy/install/ament_lint_cmake:/home/aralab/ros2_foxy/install/ament_flake8:/home/aralab/ros2_foxy/install/ament_copyright:/home/aralab/ros2_foxy/install/ament_lint:/home/aralab/ros2_foxy/install/ament_index_python:/home/aralab/ros2_foxy/install/ament_cpplint:/home/aralab/ros2_foxy/install/ament_cppcheck:/home/aralab/ros2_foxy/install/ament_clang_tidy:/home/aralab/ros2_foxy/install/ament_clang_format /usr/bin/cmake --build /home/aralab/ASBIR-ROS2/build/realsense2_camera_msgs -- -j12 -l12
[0.149s] -- Found ament_cmake: 0.9.11 (/home/aralab/ros2_foxy/install/ament_cmake/share/ament_cmake/cmake)
[0.349s] -- Found PythonInterp: /usr/bin/python3 (found suitable version "3.8.10", minimum required is "3") 
[0.349s] -- Using PYTHON_EXECUTABLE: /usr/bin/python3
[0.756s] -- Found rosidl_default_generators: 1.0.1 (/home/aralab/ros2_foxy/install/rosidl_default_generators/share/rosidl_default_generators/cmake)
[0.862s] -- Using all available rosidl_typesupport_c: rosidl_typesupport_introspection_c;rosidl_typesupport_fastrtps_c
[0.865s] -- Found rosidl_adapter: 1.3.0 (/home/aralab/ros2_foxy/install/rosidl_adapter/share/rosidl_adapter/cmake)
[1.144s] -- Using all available rosidl_typesupport_cpp: rosidl_typesupport_introspection_cpp;rosidl_typesupport_fastrtps_cpp
[1.165s] -- Found builtin_interfaces: 1.0.0 (/home/aralab/ros2_foxy/install/builtin_interfaces/share/builtin_interfaces/cmake)
[1.199s] -- Found std_msgs: 2.0.5 (/home/aralab/ros2_foxy/install/std_msgs/share/std_msgs/cmake)
[1.405s] -- Found PythonInterp: /usr/bin/python3 (found version "3.8.10") 
[2.179s] -- Found ament_cmake_cppcheck: 0.9.7 (/home/aralab/ros2_foxy/install/ament_cmake_cppcheck/share/ament_cmake_cppcheck/cmake)
[2.179s] -- Found ament_cmake_cpplint: 0.9.7 (/home/aralab/ros2_foxy/install/ament_cmake_cpplint/share/ament_cmake_cpplint/cmake)
[2.180s] -- Found ament_cmake_uncrustify: 0.9.7 (/home/aralab/ros2_foxy/install/ament_cmake_uncrustify/share/ament_cmake_uncrustify/cmake)
[2.248s] -- Found ament_cmake_ros: 0.9.2 (/home/aralab/ros2_foxy/install/ament_cmake_ros/share/ament_cmake_ros/cmake)
[2.733s] -- Using all available rosidl_typesupport_c: rosidl_typesupport_introspection_c;rosidl_typesupport_fastrtps_c
[2.969s] -- Using all available rosidl_typesupport_cpp: rosidl_typesupport_introspection_cpp;rosidl_typesupport_fastrtps_cpp
[3.228s] -- Found PythonInterp: /usr/bin/python3 (found suitable version "3.8.10", minimum required is "3.5") 
[3.228s] -- Found python_cmake_module: 0.8.1 (/home/aralab/ros2_foxy/install/python_cmake_module/share/python_cmake_module/cmake)
[3.401s] -- Using PYTHON_EXECUTABLE: /usr/bin/python3
[3.402s] -- Using PYTHON_INCLUDE_DIRS: /usr/include/python3.8
[3.402s] -- Using PYTHON_LIBRARIES: /usr/lib/x86_64-linux-gnu/libpython3.8.so
[3.845s] -- Found ament_cmake_flake8: 0.9.7 (/home/aralab/ros2_foxy/install/ament_cmake_flake8/share/ament_cmake_flake8/cmake)
[3.846s] -- Found ament_cmake_pep257: 0.9.7 (/home/aralab/ros2_foxy/install/ament_cmake_pep257/share/ament_cmake_pep257/cmake)
[3.861s] -- Configuring done
[3.923s] -- Generating done
[3.926s] -- Build files have been written to: /home/aralab/ASBIR-ROS2/build/realsense2_camera_msgs
[3.977s] [  2%] [34m[1mGenerating C code for ROS interfaces[0m
[3.977s] [35m[1mScanning dependencies of target realsense2_camera_msgs__cpp[0m
[4.001s] [  5%] [34m[1mGenerating C++ code for ROS interfaces[0m
[4.456s] [35m[1mScanning dependencies of target realsense2_camera_msgs__rosidl_generator_c[0m
[4.484s] [  7%] [32mBuilding C object CMakeFiles/realsense2_camera_msgs__rosidl_generator_c.dir/rosidl_generator_c/realsense2_camera_msgs/msg/detail/imu_info__functions.c.o[0m
[4.488s] [ 10%] [32mBuilding C object CMakeFiles/realsense2_camera_msgs__rosidl_generator_c.dir/rosidl_generator_c/realsense2_camera_msgs/msg/detail/extrinsics__functions.c.o[0m
[4.494s] [ 10%] Built target realsense2_camera_msgs__cpp
[4.520s] [ 12%] [34m[1mGenerating C++ type support dispatch for ROS interfaces[0m
[4.521s] [ 15%] [34m[1mGenerating C++ introspection for ROS interfaces[0m
[4.523s] [ 17%] [34m[1mGenerating C++ type support for eProsima Fast-RTPS[0m
[4.559s] [ 20%] [32m[1mLinking C shared library librealsense2_camera_msgs__rosidl_generator_c.so[0m
[4.626s] [ 20%] Built target realsense2_camera_msgs__rosidl_generator_c
[4.650s] [ 25%] [34m[1mGenerating C type support dispatch for ROS interfaces[0m
[4.651s] [ 25%] [34m[1mGenerating C introspection for ROS interfaces[0m
[4.985s] [35m[1mScanning dependencies of target realsense2_camera_msgs__rosidl_typesupport_cpp[0m
[5.002s] [35m[1mScanning dependencies of target realsense2_camera_msgs__rosidl_typesupport_fastrtps_cpp[0m
[5.004s] [35m[1mScanning dependencies of target realsense2_camera_msgs__rosidl_typesupport_introspection_cpp[0m
[5.014s] [ 28%] [32mBuilding CXX object CMakeFiles/realsense2_camera_msgs__rosidl_typesupport_cpp.dir/rosidl_typesupport_cpp/realsense2_camera_msgs/msg/imu_info__type_support.cpp.o[0m
[5.023s] [ 30%] [32mBuilding CXX object CMakeFiles/realsense2_camera_msgs__rosidl_typesupport_cpp.dir/rosidl_typesupport_cpp/realsense2_camera_msgs/msg/extrinsics__type_support.cpp.o[0m
[5.038s] [ 33%] [32mBuilding CXX object CMakeFiles/realsense2_camera_msgs__rosidl_typesupport_fastrtps_cpp.dir/rosidl_typesupport_fastrtps_cpp/realsense2_camera_msgs/msg/detail/dds_fastrtps/imu_info__type_support.cpp.o[0m
[5.039s] [ 35%] [32mBuilding CXX object CMakeFiles/realsense2_camera_msgs__rosidl_typesupport_fastrtps_cpp.dir/rosidl_typesupport_fastrtps_cpp/realsense2_camera_msgs/msg/detail/dds_fastrtps/extrinsics__type_support.cpp.o[0m
[5.042s] [ 41%] [32mBuilding CXX object CMakeFiles/realsense2_camera_msgs__rosidl_typesupport_introspection_cpp.dir/rosidl_typesupport_introspection_cpp/realsense2_camera_msgs/msg/detail/extrinsics__type_support.cpp.o[0m
[5.043s] [ 41%] [32mBuilding CXX object CMakeFiles/realsense2_camera_msgs__rosidl_typesupport_introspection_cpp.dir/rosidl_typesupport_introspection_cpp/realsense2_camera_msgs/msg/detail/imu_info__type_support.cpp.o[0m
[5.145s] [35m[1mScanning dependencies of target realsense2_camera_msgs__rosidl_typesupport_c[0m
[5.195s] [ 46%] [32mBuilding CXX object CMakeFiles/realsense2_camera_msgs__rosidl_typesupport_c.dir/rosidl_typesupport_c/realsense2_camera_msgs/msg/extrinsics__type_support.cpp.o[0m
[5.195s] [ 46%] [32mBuilding CXX object CMakeFiles/realsense2_camera_msgs__rosidl_typesupport_c.dir/rosidl_typesupport_c/realsense2_camera_msgs/msg/imu_info__type_support.cpp.o[0m
[5.195s] [35m[1mScanning dependencies of target realsense2_camera_msgs__rosidl_typesupport_introspection_c[0m
[5.251s] [ 48%] [32mBuilding C object CMakeFiles/realsense2_camera_msgs__rosidl_typesupport_introspection_c.dir/rosidl_typesupport_introspection_c/realsense2_camera_msgs/msg/detail/imu_info__type_support.c.o[0m
[5.252s] [ 51%] [32mBuilding C object CMakeFiles/realsense2_camera_msgs__rosidl_typesupport_introspection_c.dir/rosidl_typesupport_introspection_c/realsense2_camera_msgs/msg/detail/extrinsics__type_support.c.o[0m
[5.276s] [ 53%] [32m[1mLinking CXX shared library librealsense2_camera_msgs__rosidl_typesupport_c.so[0m
[5.334s] [ 56%] [32m[1mLinking C shared library librealsense2_camera_msgs__rosidl_typesupport_introspection_c.so[0m
[5.379s] [ 56%] Built target realsense2_camera_msgs__rosidl_typesupport_c
[5.414s] [ 56%] Built target realsense2_camera_msgs__rosidl_typesupport_introspection_c
[5.462s] [ 58%] [32m[1mLinking CXX shared library librealsense2_camera_msgs__rosidl_typesupport_introspection_cpp.so[0m
[5.476s] [ 61%] [32m[1mLinking CXX shared library librealsense2_camera_msgs__rosidl_typesupport_cpp.so[0m
[5.550s] [ 61%] Built target realsense2_camera_msgs__rosidl_typesupport_cpp
[5.574s] [ 61%] Built target realsense2_camera_msgs__rosidl_typesupport_introspection_cpp
[5.623s] [ 64%] [32m[1mLinking CXX shared library librealsense2_camera_msgs__rosidl_typesupport_fastrtps_cpp.so[0m
[5.744s] [ 64%] Built target realsense2_camera_msgs__rosidl_typesupport_fastrtps_cpp
[5.777s] [ 66%] [34m[1mGenerating C type support for eProsima Fast-RTPS[0m
[6.247s] [35m[1mScanning dependencies of target realsense2_camera_msgs__rosidl_typesupport_fastrtps_c[0m
[6.279s] [ 69%] [32mBuilding CXX object CMakeFiles/realsense2_camera_msgs__rosidl_typesupport_fastrtps_c.dir/rosidl_typesupport_fastrtps_c/realsense2_camera_msgs/msg/detail/imu_info__type_support_c.cpp.o[0m
[6.280s] [ 71%] [32mBuilding CXX object CMakeFiles/realsense2_camera_msgs__rosidl_typesupport_fastrtps_c.dir/rosidl_typesupport_fastrtps_c/realsense2_camera_msgs/msg/detail/extrinsics__type_support_c.cpp.o[0m
[6.623s] [ 74%] [32m[1mLinking CXX shared library librealsense2_camera_msgs__rosidl_typesupport_fastrtps_c.so[0m
[6.732s] [ 74%] Built target realsense2_camera_msgs__rosidl_typesupport_fastrtps_c
[6.787s] [ 74%] Built target realsense2_camera_msgs
[6.812s] [35m[1mScanning dependencies of target realsense2_camera_msgs__py[0m
[6.837s] [ 76%] [34m[1mGenerating Python code for ROS interfaces[0m
[7.490s] [ 76%] Built target realsense2_camera_msgs__py
[7.516s] [35m[1mScanning dependencies of target realsense2_camera_msgs__python[0m
[7.550s] [ 82%] [32mBuilding C object CMakeFiles/realsense2_camera_msgs__python.dir/rosidl_generator_py/realsense2_camera_msgs/msg/_imu_info_s.c.o[0m
[7.550s] [ 82%] [32mBuilding C object CMakeFiles/realsense2_camera_msgs__python.dir/rosidl_generator_py/realsense2_camera_msgs/msg/_extrinsics_s.c.o[0m
[7.664s] [ 84%] [32m[1mLinking C shared library rosidl_generator_py/realsense2_camera_msgs/librealsense2_camera_msgs__python.so[0m
[7.732s] [ 84%] Built target realsense2_camera_msgs__python
[7.757s] [35m[1mScanning dependencies of target realsense2_camera_msgs__rosidl_typesupport_c__pyext[0m
[7.757s] [35m[1mScanning dependencies of target realsense2_camera_msgs__rosidl_typesupport_introspection_c__pyext[0m
[7.760s] [35m[1mScanning dependencies of target realsense2_camera_msgs__rosidl_typesupport_fastrtps_c__pyext[0m
[7.792s] [ 87%] [32mBuilding C object CMakeFiles/realsense2_camera_msgs__rosidl_typesupport_introspection_c__pyext.dir/rosidl_generator_py/realsense2_camera_msgs/_realsense2_camera_msgs_s.ep.rosidl_typesupport_introspection_c.c.o[0m
[7.792s] [ 89%] [32mBuilding C object CMakeFiles/realsense2_camera_msgs__rosidl_typesupport_c__pyext.dir/rosidl_generator_py/realsense2_camera_msgs/_realsense2_camera_msgs_s.ep.rosidl_typesupport_c.c.o[0m
[7.797s] [ 92%] [32mBuilding C object CMakeFiles/realsense2_camera_msgs__rosidl_typesupport_fastrtps_c__pyext.dir/rosidl_generator_py/realsense2_camera_msgs/_realsense2_camera_msgs_s.ep.rosidl_typesupport_fastrtps_c.c.o[0m
[7.897s] [ 94%] [32m[1mLinking C shared library rosidl_generator_py/realsense2_camera_msgs/realsense2_camera_msgs_s__rosidl_typesupport_introspection_c.cpython-38-x86_64-linux-gnu.so[0m
[7.901s] [ 97%] [32m[1mLinking C shared library rosidl_generator_py/realsense2_camera_msgs/realsense2_camera_msgs_s__rosidl_typesupport_c.cpython-38-x86_64-linux-gnu.so[0m
[7.916s] [100%] [32m[1mLinking CXX shared library rosidl_generator_py/realsense2_camera_msgs/realsense2_camera_msgs_s__rosidl_typesupport_fastrtps_c.cpython-38-x86_64-linux-gnu.so[0m
[7.967s] [100%] Built target realsense2_camera_msgs__rosidl_typesupport_introspection_c__pyext
[7.968s] [100%] Built target realsense2_camera_msgs__rosidl_typesupport_c__pyext
[8.008s] [100%] Built target realsense2_camera_msgs__rosidl_typesupport_fastrtps_c__pyext
[8.030s] Invoked command in '/home/aralab/ASBIR-ROS2/build/realsense2_camera_msgs' returned '0': CMAKE_PREFIX_PATH=${CMAKE_PREFIX_PATH}:/home/aralab/ASBIR-ROS2/install/rclpy_message_converter:/home/aralab/ros2_foxy/install/ros2bag:/home/aralab/ros2_foxy/install/tracetools_launch:/home/aralab/ros2_foxy/install/topic_monitor:/home/aralab/ros2_foxy/install/examples_tf2_py:/home/aralab/ros2_foxy/install/sros2:/home/aralab/ros2_foxy/install/rqt_topic:/home/aralab/ros2_foxy/install/rqt_top:/home/aralab/ros2_foxy/install/rqt_srv:/home/aralab/ros2_foxy/install/rqt_shell:/home/aralab/ros2_foxy/install/rqt_service_caller:/home/aralab/ros2_foxy/install/rqt_reconfigure:/home/aralab/ros2_foxy/install/rqt_py_console:/home/aralab/ros2_foxy/install/rqt_publisher:/home/aralab/ros2_foxy/install/rqt_plot:/home/aralab/ros2_foxy/install/rqt_action:/home/aralab/ros2_foxy/install/rqt_msg:/home/aralab/ros2_foxy/install/rqt_console:/home/aralab/ros2_foxy/install/rqt:/home/aralab/ros2_foxy/install/rqt_graph:/home/aralab/ros2_foxy/install/rqt_gui_py:/home/aralab/ros2_foxy/install/rqt_gui:/home/aralab/ros2_foxy/install/ros2trace:/home/aralab/ros2_foxy/install/ros2topic:/home/aralab/ros2_foxy/install/ros2test:/home/aralab/ros2_foxy/install/ros2component:/home/aralab/ros2_foxy/install/ros2param:/home/aralab/ros2_foxy/install/ros2lifecycle:/home/aralab/ros2_foxy/install/ros2service:/home/aralab/ros2_foxy/install/ros2run:/home/aralab/ros2_foxy/install/ros2launch:/home/aralab/ros2_foxy/install/ros2pkg:/home/aralab/ros2_foxy/install/ros2node:/home/aralab/ros2_foxy/install/ros2multicast:/home/aralab/ros2_foxy/install/ros2interface:/home/aralab/ros2_foxy/install/ros2doctor:/home/aralab/ros2_foxy/install/ros2action:/home/aralab/ros2_foxy/install/ros2cli:/home/aralab/ros2_foxy/install/quality_of_service_demo_py:/home/aralab/ros2_foxy/install/launch_testing_ros:/home/aralab/ros2_foxy/install/launch_ros:/home/aralab/ros2_foxy/install/examples_rclpy_minimal_subscriber:/home/aralab/ros2_foxy/install/examples_rclpy_minimal_service:/home/aralab/ros2_foxy/install/examples_rclpy_minimal_publisher:/home/aralab/ros2_foxy/install/examples_rclpy_minimal_client:/home/aralab/ros2_foxy/install/examples_rclpy_minimal_action_server:/home/aralab/ros2_foxy/install/examples_rclpy_minimal_action_client:/home/aralab/ros2_foxy/install/examples_rclpy_executors:/home/aralab/ros2_foxy/install/demo_nodes_py:/home/aralab/ros2_foxy/install/action_tutorials_py:/home/aralab/ros2_foxy/install/ament_uncrustify:/home/aralab/ros2_foxy/install/tracetools_trace:/home/aralab/ros2_foxy/install/tracetools_read:/home/aralab/ros2_foxy/install/test_launch_ros:/home/aralab/ros2_foxy/install/sensor_msgs_py:/home/aralab/ros2_foxy/install/rpyutils:/home/aralab/ros2_foxy/install/rosidl_runtime_py:/home/aralab/ros2_foxy/install/launch_yaml:/home/aralab/ros2_foxy/install/launch_xml:/home/aralab/ros2_foxy/install/launch_testing:/home/aralab/ros2_foxy/install/launch:/home/aralab/ros2_foxy/install/osrf_pycommon:/home/aralab/ros2_foxy/install/domain_coordinator:/home/aralab/ros2_foxy/install/ament_xmllint:/home/aralab/ros2_foxy/install/ament_pyflakes:/home/aralab/ros2_foxy/install/ament_pycodestyle:/home/aralab/ros2_foxy/install/ament_pep257:/home/aralab/ros2_foxy/install/ament_pclint:/home/aralab/ros2_foxy/install/ament_package:/home/aralab/ros2_foxy/install/ament_mypy:/home/aralab/ros2_foxy/install/ament_lint_cmake:/home/aralab/ros2_foxy/install/ament_flake8:/home/aralab/ros2_foxy/install/ament_copyright:/home/aralab/ros2_foxy/install/ament_lint:/home/aralab/ros2_foxy/install/ament_index_python:/home/aralab/ros2_foxy/install/ament_cpplint:/home/aralab/ros2_foxy/install/ament_cppcheck:/home/aralab/ros2_foxy/install/ament_clang_tidy:/home/aralab/ros2_foxy/install/ament_clang_format /usr/bin/cmake --build /home/aralab/ASBIR-ROS2/build/realsense2_camera_msgs -- -j12 -l12
[8.266s] Invoking command in '/home/aralab/ASBIR-ROS2/build/realsense2_camera_msgs': CMAKE_PREFIX_PATH=${CMAKE_PREFIX_PATH}:/home/aralab/ASBIR-ROS2/install/rclpy_message_converter:/home/aralab/ros2_foxy/install/ros2bag:/home/aralab/ros2_foxy/install/tracetools_launch:/home/aralab/ros2_foxy/install/topic_monitor:/home/aralab/ros2_foxy/install/examples_tf2_py:/home/aralab/ros2_foxy/install/sros2:/home/aralab/ros2_foxy/install/rqt_topic:/home/aralab/ros2_foxy/install/rqt_top:/home/aralab/ros2_foxy/install/rqt_srv:/home/aralab/ros2_foxy/install/rqt_shell:/home/aralab/ros2_foxy/install/rqt_service_caller:/home/aralab/ros2_foxy/install/rqt_reconfigure:/home/aralab/ros2_foxy/install/rqt_py_console:/home/aralab/ros2_foxy/install/rqt_publisher:/home/aralab/ros2_foxy/install/rqt_plot:/home/aralab/ros2_foxy/install/rqt_action:/home/aralab/ros2_foxy/install/rqt_msg:/home/aralab/ros2_foxy/install/rqt_console:/home/aralab/ros2_foxy/install/rqt:/home/aralab/ros2_foxy/install/rqt_graph:/home/aralab/ros2_foxy/install/rqt_gui_py:/home/aralab/ros2_foxy/install/rqt_gui:/home/aralab/ros2_foxy/install/ros2trace:/home/aralab/ros2_foxy/install/ros2topic:/home/aralab/ros2_foxy/install/ros2test:/home/aralab/ros2_foxy/install/ros2component:/home/aralab/ros2_foxy/install/ros2param:/home/aralab/ros2_foxy/install/ros2lifecycle:/home/aralab/ros2_foxy/install/ros2service:/home/aralab/ros2_foxy/install/ros2run:/home/aralab/ros2_foxy/install/ros2launch:/home/aralab/ros2_foxy/install/ros2pkg:/home/aralab/ros2_foxy/install/ros2node:/home/aralab/ros2_foxy/install/ros2multicast:/home/aralab/ros2_foxy/install/ros2interface:/home/aralab/ros2_foxy/install/ros2doctor:/home/aralab/ros2_foxy/install/ros2action:/home/aralab/ros2_foxy/install/ros2cli:/home/aralab/ros2_foxy/install/quality_of_service_demo_py:/home/aralab/ros2_foxy/install/launch_testing_ros:/home/aralab/ros2_foxy/install/launch_ros:/home/aralab/ros2_foxy/install/examples_rclpy_minimal_subscriber:/home/aralab/ros2_foxy/install/examples_rclpy_minimal_service:/home/aralab/ros2_foxy/install/examples_rclpy_minimal_publisher:/home/aralab/ros2_foxy/install/examples_rclpy_minimal_client:/home/aralab/ros2_foxy/install/examples_rclpy_minimal_action_server:/home/aralab/ros2_foxy/install/examples_rclpy_minimal_action_client:/home/aralab/ros2_foxy/install/examples_rclpy_executors:/home/aralab/ros2_foxy/install/demo_nodes_py:/home/aralab/ros2_foxy/install/action_tutorials_py:/home/aralab/ros2_foxy/install/ament_uncrustify:/home/aralab/ros2_foxy/install/tracetools_trace:/home/aralab/ros2_foxy/install/tracetools_read:/home/aralab/ros2_foxy/install/test_launch_ros:/home/aralab/ros2_foxy/install/sensor_msgs_py:/home/aralab/ros2_foxy/install/rpyutils:/home/aralab/ros2_foxy/install/rosidl_runtime_py:/home/aralab/ros2_foxy/install/launch_yaml:/home/aralab/ros2_foxy/install/launch_xml:/home/aralab/ros2_foxy/install/launch_testing:/home/aralab/ros2_foxy/install/launch:/home/aralab/ros2_foxy/install/osrf_pycommon:/home/aralab/ros2_foxy/install/domain_coordinator:/home/aralab/ros2_foxy/install/ament_xmllint:/home/aralab/ros2_foxy/install/ament_pyflakes:/home/aralab/ros2_foxy/install/ament_pycodestyle:/home/aralab/ros2_foxy/install/ament_pep257:/home/aralab/ros2_foxy/install/ament_pclint:/home/aralab/ros2_foxy/install/ament_package:/home/aralab/ros2_foxy/install/ament_mypy:/home/aralab/ros2_foxy/install/ament_lint_cmake:/home/aralab/ros2_foxy/install/ament_flake8:/home/aralab/ros2_foxy/install/ament_copyright:/home/aralab/ros2_foxy/install/ament_lint:/home/aralab/ros2_foxy/install/ament_index_python:/home/aralab/ros2_foxy/install/ament_cpplint:/home/aralab/ros2_foxy/install/ament_cppcheck:/home/aralab/ros2_foxy/install/ament_clang_tidy:/home/aralab/ros2_foxy/install/ament_clang_format /usr/bin/cmake --install /home/aralab/ASBIR-ROS2/build/realsense2_camera_msgs
[8.284s] -- Install configuration: ""
[8.284s] -- Installing: /home/aralab/ASBIR-ROS2/install/realsense2_camera_msgs/share/ament_index/resource_index/rosidl_interfaces/realsense2_camera_msgs
[8.284s] -- Up-to-date: /home/aralab/ASBIR-ROS2/install/realsense2_camera_msgs/include/realsense2_camera_msgs
[8.284s] -- Up-to-date: /home/aralab/ASBIR-ROS2/install/realsense2_camera_msgs/include/realsense2_camera_msgs/srv
[8.284s] -- Up-to-date: /home/aralab/ASBIR-ROS2/install/realsense2_camera_msgs/include/realsense2_camera_msgs/srv/device_info.h
[8.285s] -- Up-to-date: /home/aralab/ASBIR-ROS2/install/realsense2_camera_msgs/include/realsense2_camera_msgs/srv/detail
[8.285s] -- Up-to-date: /home/aralab/ASBIR-ROS2/install/realsense2_camera_msgs/include/realsense2_camera_msgs/srv/detail/device_info__functions.c
[8.285s] -- Up-to-date: /home/aralab/ASBIR-ROS2/install/realsense2_camera_msgs/include/realsense2_camera_msgs/srv/detail/device_info__struct.h
[8.285s] -- Up-to-date: /home/aralab/ASBIR-ROS2/install/realsense2_camera_msgs/include/realsense2_camera_msgs/srv/detail/device_info__functions.h
[8.285s] -- Up-to-date: /home/aralab/ASBIR-ROS2/install/realsense2_camera_msgs/include/realsense2_camera_msgs/srv/detail/device_info__type_support.h
[8.285s] -- Up-to-date: /home/aralab/ASBIR-ROS2/install/realsense2_camera_msgs/include/realsense2_camera_msgs/msg
[8.285s] -- Installing: /home/aralab/ASBIR-ROS2/install/realsense2_camera_msgs/include/realsense2_camera_msgs/msg/imu_info.h
[8.285s] -- Up-to-date: /home/aralab/ASBIR-ROS2/install/realsense2_camera_msgs/include/realsense2_camera_msgs/msg/metadata.h
[8.286s] -- Up-to-date: /home/aralab/ASBIR-ROS2/install/realsense2_camera_msgs/include/realsense2_camera_msgs/msg/detail
[8.286s] -- Up-to-date: /home/aralab/ASBIR-ROS2/install/realsense2_camera_msgs/include/realsense2_camera_msgs/msg/detail/metadata__functions.h
[8.286s] -- Installing: /home/aralab/ASBIR-ROS2/install/realsense2_camera_msgs/include/realsense2_camera_msgs/msg/detail/imu_info__struct.h
[8.286s] -- Installing: /home/aralab/ASBIR-ROS2/install/realsense2_camera_msgs/include/realsense2_camera_msgs/msg/detail/extrinsics__struct.h
[8.286s] -- Installing: /home/aralab/ASBIR-ROS2/install/realsense2_camera_msgs/include/realsense2_camera_msgs/msg/detail/extrinsics__functions.c
[8.286s] -- Installing: /home/aralab/ASBIR-ROS2/install/realsense2_camera_msgs/include/realsense2_camera_msgs/msg/detail/imu_info__functions.c
[8.286s] -- Installing: /home/aralab/ASBIR-ROS2/install/realsense2_camera_msgs/include/realsense2_camera_msgs/msg/detail/extrinsics__type_support.h
[8.286s] -- Installing: /home/aralab/ASBIR-ROS2/install/realsense2_camera_msgs/include/realsense2_camera_msgs/msg/detail/extrinsics__functions.h
[8.287s] -- Up-to-date: /home/aralab/ASBIR-ROS2/install/realsense2_camera_msgs/include/realsense2_camera_msgs/msg/detail/metadata__functions.c
[8.287s] -- Installing: /home/aralab/ASBIR-ROS2/install/realsense2_camera_msgs/include/realsense2_camera_msgs/msg/detail/imu_info__functions.h
[8.287s] -- Up-to-date: /home/aralab/ASBIR-ROS2/install/realsense2_camera_msgs/include/realsense2_camera_msgs/msg/detail/metadata__type_support.h
[8.287s] -- Up-to-date: /home/aralab/ASBIR-ROS2/install/realsense2_camera_msgs/include/realsense2_camera_msgs/msg/detail/metadata__struct.h
[8.287s] -- Installing: /home/aralab/ASBIR-ROS2/install/realsense2_camera_msgs/include/realsense2_camera_msgs/msg/detail/imu_info__type_support.h
[8.287s] -- Installing: /home/aralab/ASBIR-ROS2/install/realsense2_camera_msgs/include/realsense2_camera_msgs/msg/extrinsics.h
[8.287s] -- Up-to-date: /home/aralab/ASBIR-ROS2/install/realsense2_camera_msgs/include/realsense2_camera_msgs/msg/rosidl_generator_c__visibility_control.h
[8.287s] -- Up-to-date: /home/aralab/ASBIR-ROS2/install/realsense2_camera_msgs/share/realsense2_camera_msgs/environment/library_path.sh
[8.287s] -- Installing: /home/aralab/ASBIR-ROS2/install/realsense2_camera_msgs/share/realsense2_camera_msgs/environment/library_path.dsv
[8.288s] -- Installing: /home/aralab/ASBIR-ROS2/install/realsense2_camera_msgs/lib/librealsense2_camera_msgs__rosidl_generator_c.so
[8.288s] -- Set runtime path of "/home/aralab/ASBIR-ROS2/install/realsense2_camera_msgs/lib/librealsense2_camera_msgs__rosidl_generator_c.so" to ""
[8.288s] -- Up-to-date: /home/aralab/ASBIR-ROS2/install/realsense2_camera_msgs/include/realsense2_camera_msgs
[8.288s] -- Up-to-date: /home/aralab/ASBIR-ROS2/install/realsense2_camera_msgs/include/realsense2_camera_msgs/srv
[8.288s] -- Up-to-date: /home/aralab/ASBIR-ROS2/install/realsense2_camera_msgs/include/realsense2_camera_msgs/srv/detail
[8.288s] -- Up-to-date: /home/aralab/ASBIR-ROS2/install/realsense2_camera_msgs/include/realsense2_camera_msgs/srv/detail/device_info__rosidl_typesupport_introspection_c.h
[8.288s] -- Up-to-date: /home/aralab/ASBIR-ROS2/install/realsense2_camera_msgs/include/realsense2_camera_msgs/srv/detail/device_info__type_support.c
[8.288s] -- Up-to-date: /home/aralab/ASBIR-ROS2/install/realsense2_camera_msgs/include/realsense2_camera_msgs/msg
[8.288s] -- Up-to-date: /home/aralab/ASBIR-ROS2/install/realsense2_camera_msgs/include/realsense2_camera_msgs/msg/rosidl_typesupport_introspection_c__visibility_control.h
[8.289s] -- Up-to-date: /home/aralab/ASBIR-ROS2/install/realsense2_camera_msgs/include/realsense2_camera_msgs/msg/detail
[8.289s] -- Up-to-date: /home/aralab/ASBIR-ROS2/install/realsense2_camera_msgs/include/realsense2_camera_msgs/msg/detail/metadata__type_support.c
[8.289s] -- Up-to-date: /home/aralab/ASBIR-ROS2/install/realsense2_camera_msgs/include/realsense2_camera_msgs/msg/detail/metadata__rosidl_typesupport_introspection_c.h
[8.289s] -- Installing: /home/aralab/ASBIR-ROS2/install/realsense2_camera_msgs/include/realsense2_camera_msgs/msg/detail/extrinsics__type_support.c
[8.289s] -- Installing: /home/aralab/ASBIR-ROS2/install/realsense2_camera_msgs/include/realsense2_camera_msgs/msg/detail/imu_info__rosidl_typesupport_introspection_c.h
[8.289s] -- Installing: /home/aralab/ASBIR-ROS2/install/realsense2_camera_msgs/include/realsense2_camera_msgs/msg/detail/imu_info__type_support.c
[8.289s] -- Installing: /home/aralab/ASBIR-ROS2/install/realsense2_camera_msgs/include/realsense2_camera_msgs/msg/detail/extrinsics__rosidl_typesupport_introspection_c.h
[8.290s] -- Installing: /home/aralab/ASBIR-ROS2/install/realsense2_camera_msgs/lib/librealsense2_camera_msgs__rosidl_typesupport_introspection_c.so
[8.290s] -- Set runtime path of "/home/aralab/ASBIR-ROS2/install/realsense2_camera_msgs/lib/librealsense2_camera_msgs__rosidl_typesupport_introspection_c.so" to ""
[8.290s] -- Up-to-date: /home/aralab/ASBIR-ROS2/install/realsense2_camera_msgs/include/realsense2_camera_msgs
[8.290s] -- Up-to-date: /home/aralab/ASBIR-ROS2/install/realsense2_camera_msgs/include/realsense2_camera_msgs/srv
[8.290s] -- Up-to-date: /home/aralab/ASBIR-ROS2/install/realsense2_camera_msgs/include/realsense2_camera_msgs/srv/detail
[8.290s] -- Up-to-date: /home/aralab/ASBIR-ROS2/install/realsense2_camera_msgs/include/realsense2_camera_msgs/srv/detail/device_info__rosidl_typesupport_fastrtps_c.h
[8.290s] -- Up-to-date: /home/aralab/ASBIR-ROS2/install/realsense2_camera_msgs/include/realsense2_camera_msgs/msg
[8.291s] -- Up-to-date: /home/aralab/ASBIR-ROS2/install/realsense2_camera_msgs/include/realsense2_camera_msgs/msg/detail
[8.291s] -- Installing: /home/aralab/ASBIR-ROS2/install/realsense2_camera_msgs/include/realsense2_camera_msgs/msg/detail/imu_info__rosidl_typesupport_fastrtps_c.h
[8.291s] -- Installing: /home/aralab/ASBIR-ROS2/install/realsense2_camera_msgs/include/realsense2_camera_msgs/msg/detail/extrinsics__rosidl_typesupport_fastrtps_c.h
[8.291s] -- Up-to-date: /home/aralab/ASBIR-ROS2/install/realsense2_camera_msgs/include/realsense2_camera_msgs/msg/detail/metadata__rosidl_typesupport_fastrtps_c.h
[8.291s] -- Up-to-date: /home/aralab/ASBIR-ROS2/install/realsense2_camera_msgs/include/realsense2_camera_msgs/msg/rosidl_typesupport_fastrtps_c__visibility_control.h
[8.291s] -- Installing: /home/aralab/ASBIR-ROS2/install/realsense2_camera_msgs/lib/librealsense2_camera_msgs__rosidl_typesupport_fastrtps_c.so
[8.291s] -- Set runtime path of "/home/aralab/ASBIR-ROS2/install/realsense2_camera_msgs/lib/librealsense2_camera_msgs__rosidl_typesupport_fastrtps_c.so" to ""
[8.292s] -- Up-to-date: /home/aralab/ASBIR-ROS2/install/realsense2_camera_msgs/include/realsense2_camera_msgs
[8.292s] -- Up-to-date: /home/aralab/ASBIR-ROS2/install/realsense2_camera_msgs/include/realsense2_camera_msgs/srv
[8.292s] -- Up-to-date: /home/aralab/ASBIR-ROS2/install/realsense2_camera_msgs/include/realsense2_camera_msgs/srv/detail
[8.292s] -- Up-to-date: /home/aralab/ASBIR-ROS2/install/realsense2_camera_msgs/include/realsense2_camera_msgs/srv/detail/device_info__rosidl_typesupport_fastrtps_cpp.hpp
[8.292s] -- Up-to-date: /home/aralab/ASBIR-ROS2/install/realsense2_camera_msgs/include/realsense2_camera_msgs/srv/detail/dds_fastrtps
[8.292s] -- Up-to-date: /home/aralab/ASBIR-ROS2/install/realsense2_camera_msgs/include/realsense2_camera_msgs/msg
[8.292s] -- Up-to-date: /home/aralab/ASBIR-ROS2/install/realsense2_camera_msgs/include/realsense2_camera_msgs/msg/detail
[8.292s] -- Installing: /home/aralab/ASBIR-ROS2/install/realsense2_camera_msgs/include/realsense2_camera_msgs/msg/detail/extrinsics__rosidl_typesupport_fastrtps_cpp.hpp
[8.293s] -- Installing: /home/aralab/ASBIR-ROS2/install/realsense2_camera_msgs/include/realsense2_camera_msgs/msg/detail/imu_info__rosidl_typesupport_fastrtps_cpp.hpp
[8.293s] -- Up-to-date: /home/aralab/ASBIR-ROS2/install/realsense2_camera_msgs/include/realsense2_camera_msgs/msg/detail/dds_fastrtps
[8.293s] -- Up-to-date: /home/aralab/ASBIR-ROS2/install/realsense2_camera_msgs/include/realsense2_camera_msgs/msg/detail/metadata__rosidl_typesupport_fastrtps_cpp.hpp
[8.293s] -- Up-to-date: /home/aralab/ASBIR-ROS2/install/realsense2_camera_msgs/include/realsense2_camera_msgs/msg/rosidl_typesupport_fastrtps_cpp__visibility_control.h
[8.293s] -- Installing: /home/aralab/ASBIR-ROS2/install/realsense2_camera_msgs/lib/librealsense2_camera_msgs__rosidl_typesupport_fastrtps_cpp.so
[8.293s] -- Set runtime path of "/home/aralab/ASBIR-ROS2/install/realsense2_camera_msgs/lib/librealsense2_camera_msgs__rosidl_typesupport_fastrtps_cpp.so" to ""
[8.293s] -- Installing: /home/aralab/ASBIR-ROS2/install/realsense2_camera_msgs/lib/librealsense2_camera_msgs__rosidl_typesupport_c.so
[8.294s] -- Set runtime path of "/home/aralab/ASBIR-ROS2/install/realsense2_camera_msgs/lib/librealsense2_camera_msgs__rosidl_typesupport_c.so" to ""
[8.294s] -- Up-to-date: /home/aralab/ASBIR-ROS2/install/realsense2_camera_msgs/include/realsense2_camera_msgs
[8.294s] -- Up-to-date: /home/aralab/ASBIR-ROS2/install/realsense2_camera_msgs/include/realsense2_camera_msgs/srv
[8.294s] -- Up-to-date: /home/aralab/ASBIR-ROS2/install/realsense2_camera_msgs/include/realsense2_camera_msgs/srv/device_info.hpp
[8.294s] -- Up-to-date: /home/aralab/ASBIR-ROS2/install/realsense2_camera_msgs/include/realsense2_camera_msgs/srv/detail
[8.294s] -- Up-to-date: /home/aralab/ASBIR-ROS2/install/realsense2_camera_msgs/include/realsense2_camera_msgs/srv/detail/device_info__struct.hpp
[8.295s] -- Up-to-date: /home/aralab/ASBIR-ROS2/install/realsense2_camera_msgs/include/realsense2_camera_msgs/srv/detail/device_info__builder.hpp
[8.295s] -- Up-to-date: /home/aralab/ASBIR-ROS2/install/realsense2_camera_msgs/include/realsense2_camera_msgs/srv/detail/device_info__traits.hpp
[8.295s] -- Up-to-date: /home/aralab/ASBIR-ROS2/install/realsense2_camera_msgs/include/realsense2_camera_msgs/msg
[8.295s] -- Installing: /home/aralab/ASBIR-ROS2/install/realsense2_camera_msgs/include/realsense2_camera_msgs/msg/imu_info.hpp
[8.295s] -- Installing: /home/aralab/ASBIR-ROS2/install/realsense2_camera_msgs/include/realsense2_camera_msgs/msg/extrinsics.hpp
[8.295s] -- Up-to-date: /home/aralab/ASBIR-ROS2/install/realsense2_camera_msgs/include/realsense2_camera_msgs/msg/detail
[8.296s] -- Up-to-date: /home/aralab/ASBIR-ROS2/install/realsense2_camera_msgs/include/realsense2_camera_msgs/msg/detail/metadata__struct.hpp
[8.296s] -- Installing: /home/aralab/ASBIR-ROS2/install/realsense2_camera_msgs/include/realsense2_camera_msgs/msg/detail/imu_info__traits.hpp
[8.296s] -- Installing: /home/aralab/ASBIR-ROS2/install/realsense2_camera_msgs/include/realsense2_camera_msgs/msg/detail/extrinsics__traits.hpp
[8.296s] -- Installing: /home/aralab/ASBIR-ROS2/install/realsense2_camera_msgs/include/realsense2_camera_msgs/msg/detail/extrinsics__struct.hpp
[8.296s] -- Installing: /home/aralab/ASBIR-ROS2/install/realsense2_camera_msgs/include/realsense2_camera_msgs/msg/detail/extrinsics__builder.hpp
[8.296s] -- Installing: /home/aralab/ASBIR-ROS2/install/realsense2_camera_msgs/include/realsense2_camera_msgs/msg/detail/imu_info__struct.hpp
[8.296s] -- Up-to-date: /home/aralab/ASBIR-ROS2/install/realsense2_camera_msgs/include/realsense2_camera_msgs/msg/detail/metadata__traits.hpp
[8.296s] -- Up-to-date: /home/aralab/ASBIR-ROS2/install/realsense2_camera_msgs/include/realsense2_camera_msgs/msg/detail/metadata__builder.hpp
[8.297s] -- Installing: /home/aralab/ASBIR-ROS2/install/realsense2_camera_msgs/include/realsense2_camera_msgs/msg/detail/imu_info__builder.hpp
[8.297s] -- Up-to-date: /home/aralab/ASBIR-ROS2/install/realsense2_camera_msgs/include/realsense2_camera_msgs/msg/metadata.hpp
[8.297s] -- Up-to-date: /home/aralab/ASBIR-ROS2/install/realsense2_camera_msgs/include/realsense2_camera_msgs
[8.297s] -- Up-to-date: /home/aralab/ASBIR-ROS2/install/realsense2_camera_msgs/include/realsense2_camera_msgs/srv
[8.297s] -- Up-to-date: /home/aralab/ASBIR-ROS2/install/realsense2_camera_msgs/include/realsense2_camera_msgs/srv/detail
[8.297s] -- Up-to-date: /home/aralab/ASBIR-ROS2/install/realsense2_camera_msgs/include/realsense2_camera_msgs/srv/detail/device_info__type_support.cpp
[8.297s] -- Up-to-date: /home/aralab/ASBIR-ROS2/install/realsense2_camera_msgs/include/realsense2_camera_msgs/srv/detail/device_info__rosidl_typesupport_introspection_cpp.hpp
[8.297s] -- Up-to-date: /home/aralab/ASBIR-ROS2/install/realsense2_camera_msgs/include/realsense2_camera_msgs/msg
[8.298s] -- Up-to-date: /home/aralab/ASBIR-ROS2/install/realsense2_camera_msgs/include/realsense2_camera_msgs/msg/detail
[8.298s] -- Installing: /home/aralab/ASBIR-ROS2/install/realsense2_camera_msgs/include/realsense2_camera_msgs/msg/detail/extrinsics__type_support.cpp
[8.298s] -- Installing: /home/aralab/ASBIR-ROS2/install/realsense2_camera_msgs/include/realsense2_camera_msgs/msg/detail/imu_info__rosidl_typesupport_introspection_cpp.hpp
[8.298s] -- Installing: /home/aralab/ASBIR-ROS2/install/realsense2_camera_msgs/include/realsense2_camera_msgs/msg/detail/extrinsics__rosidl_typesupport_introspection_cpp.hpp
[8.298s] -- Installing: /home/aralab/ASBIR-ROS2/install/realsense2_camera_msgs/include/realsense2_camera_msgs/msg/detail/imu_info__type_support.cpp
[8.298s] -- Up-to-date: /home/aralab/ASBIR-ROS2/install/realsense2_camera_msgs/include/realsense2_camera_msgs/msg/detail/metadata__rosidl_typesupport_introspection_cpp.hpp
[8.298s] -- Up-to-date: /home/aralab/ASBIR-ROS2/install/realsense2_camera_msgs/include/realsense2_camera_msgs/msg/detail/metadata__type_support.cpp
[8.298s] -- Installing: /home/aralab/ASBIR-ROS2/install/realsense2_camera_msgs/lib/librealsense2_camera_msgs__rosidl_typesupport_introspection_cpp.so
[8.299s] -- Set runtime path of "/home/aralab/ASBIR-ROS2/install/realsense2_camera_msgs/lib/librealsense2_camera_msgs__rosidl_typesupport_introspection_cpp.so" to ""
[8.299s] -- Installing: /home/aralab/ASBIR-ROS2/install/realsense2_camera_msgs/lib/librealsense2_camera_msgs__rosidl_typesupport_cpp.so
[8.299s] -- Set runtime path of "/home/aralab/ASBIR-ROS2/install/realsense2_camera_msgs/lib/librealsense2_camera_msgs__rosidl_typesupport_cpp.so" to ""
[8.299s] -- Up-to-date: /home/aralab/ASBIR-ROS2/install/realsense2_camera_msgs/share/realsense2_camera_msgs/environment/pythonpath.sh
[8.299s] -- Installing: /home/aralab/ASBIR-ROS2/install/realsense2_camera_msgs/share/realsense2_camera_msgs/environment/pythonpath.dsv
[8.299s] -- Installing: /home/aralab/ASBIR-ROS2/install/realsense2_camera_msgs/lib/python3.8/site-packages/realsense2_camera_msgs/__init__.py
[8.500s] Compiling '/home/aralab/ASBIR-ROS2/install/realsense2_camera_msgs/lib/python3.8/site-packages/realsense2_camera_msgs/__init__.py'...
[8.503s] -- Up-to-date: /home/aralab/ASBIR-ROS2/install/realsense2_camera_msgs/lib/python3.8/site-packages/realsense2_camera_msgs/msg
[8.503s] -- Installing: /home/aralab/ASBIR-ROS2/install/realsense2_camera_msgs/lib/python3.8/site-packages/realsense2_camera_msgs/msg/_imu_info.py
[8.504s] -- Installing: /home/aralab/ASBIR-ROS2/install/realsense2_camera_msgs/lib/python3.8/site-packages/realsense2_camera_msgs/msg/__init__.py
[8.504s] -- Up-to-date: /home/aralab/ASBIR-ROS2/install/realsense2_camera_msgs/lib/python3.8/site-packages/realsense2_camera_msgs/msg/_metadata_s.c
[8.504s] -- Installing: /home/aralab/ASBIR-ROS2/install/realsense2_camera_msgs/lib/python3.8/site-packages/realsense2_camera_msgs/msg/_extrinsics_s.c
[8.504s] -- Up-to-date: /home/aralab/ASBIR-ROS2/install/realsense2_camera_msgs/lib/python3.8/site-packages/realsense2_camera_msgs/msg/_metadata.py
[8.504s] -- Installing: /home/aralab/ASBIR-ROS2/install/realsense2_camera_msgs/lib/python3.8/site-packages/realsense2_camera_msgs/msg/_imu_info_s.c
[8.504s] -- Installing: /home/aralab/ASBIR-ROS2/install/realsense2_camera_msgs/lib/python3.8/site-packages/realsense2_camera_msgs/msg/_extrinsics.py
[8.505s] -- Installing: /home/aralab/ASBIR-ROS2/install/realsense2_camera_msgs/lib/python3.8/site-packages/realsense2_camera_msgs/realsense2_camera_msgs_s__rosidl_typesupport_introspection_c.cpython-38-x86_64-linux-gnu.so
[8.505s] -- Set runtime path of "/home/aralab/ASBIR-ROS2/install/realsense2_camera_msgs/lib/python3.8/site-packages/realsense2_camera_msgs/realsense2_camera_msgs_s__rosidl_typesupport_introspection_c.cpython-38-x86_64-linux-gnu.so" to ""
[8.506s] -- Installing: /home/aralab/ASBIR-ROS2/install/realsense2_camera_msgs/lib/python3.8/site-packages/realsense2_camera_msgs/realsense2_camera_msgs_s__rosidl_typesupport_fastrtps_c.cpython-38-x86_64-linux-gnu.so
[8.507s] -- Set runtime path of "/home/aralab/ASBIR-ROS2/install/realsense2_camera_msgs/lib/python3.8/site-packages/realsense2_camera_msgs/realsense2_camera_msgs_s__rosidl_typesupport_fastrtps_c.cpython-38-x86_64-linux-gnu.so" to ""
[8.507s] -- Installing: /home/aralab/ASBIR-ROS2/install/realsense2_camera_msgs/lib/python3.8/site-packages/realsense2_camera_msgs/realsense2_camera_msgs_s__rosidl_typesupport_c.cpython-38-x86_64-linux-gnu.so
[8.508s] -- Set runtime path of "/home/aralab/ASBIR-ROS2/install/realsense2_camera_msgs/lib/python3.8/site-packages/realsense2_camera_msgs/realsense2_camera_msgs_s__rosidl_typesupport_c.cpython-38-x86_64-linux-gnu.so" to ""
[8.508s] -- Installing: /home/aralab/ASBIR-ROS2/install/realsense2_camera_msgs/lib/librealsense2_camera_msgs__python.so
[8.509s] -- Set runtime path of "/home/aralab/ASBIR-ROS2/install/realsense2_camera_msgs/lib/librealsense2_camera_msgs__python.so" to ""
[8.509s] -- Up-to-date: /home/aralab/ASBIR-ROS2/install/realsense2_camera_msgs/share/realsense2_camera_msgs/msg/IMUInfo.idl
[8.509s] -- Installing: /home/aralab/ASBIR-ROS2/install/realsense2_camera_msgs/share/realsense2_camera_msgs/msg/Extrinsics.idl
[8.509s] -- Installing: /home/aralab/ASBIR-ROS2/install/realsense2_camera_msgs/share/realsense2_camera_msgs/msg/IMUInfo.msg
[8.509s] -- Installing: /home/aralab/ASBIR-ROS2/install/realsense2_camera_msgs/share/realsense2_camera_msgs/msg/Extrinsics.msg
[8.509s] -- Up-to-date: /home/aralab/ASBIR-ROS2/install/realsense2_camera_msgs/share/ament_index/resource_index/package_run_dependencies/realsense2_camera_msgs
[8.509s] -- Installing: /home/aralab/ASBIR-ROS2/install/realsense2_camera_msgs/share/ament_index/resource_index/parent_prefix_path/realsense2_camera_msgs
[8.510s] -- Installing: /home/aralab/ASBIR-ROS2/install/realsense2_camera_msgs/share/realsense2_camera_msgs/environment/ament_prefix_path.dsv
[8.510s] -- Installing: /home/aralab/ASBIR-ROS2/install/realsense2_camera_msgs/share/realsense2_camera_msgs/environment/path.dsv
[8.510s] -- Up-to-date: /home/aralab/ASBIR-ROS2/install/realsense2_camera_msgs/share/realsense2_camera_msgs/local_setup.bash
[8.510s] -- Up-to-date: /home/aralab/ASBIR-ROS2/install/realsense2_camera_msgs/share/realsense2_camera_msgs/local_setup.sh
[8.510s] -- Up-to-date: /home/aralab/ASBIR-ROS2/install/realsense2_camera_msgs/share/realsense2_camera_msgs/local_setup.zsh
[8.511s] -- Installing: /home/aralab/ASBIR-ROS2/install/realsense2_camera_msgs/share/realsense2_camera_msgs/local_setup.dsv
[8.511s] -- Installing: /home/aralab/ASBIR-ROS2/install/realsense2_camera_msgs/share/realsense2_camera_msgs/package.dsv
[8.511s] -- Up-to-date: /home/aralab/ASBIR-ROS2/install/realsense2_camera_msgs/share/ament_index/resource_index/packages/realsense2_camera_msgs
[8.511s] -- Up-to-date: /home/aralab/ASBIR-ROS2/install/realsense2_camera_msgs/share/realsense2_camera_msgs/cmake/realsense2_camera_msgs__rosidl_generator_cExport.cmake
[8.511s] -- Installing: /home/aralab/ASBIR-ROS2/install/realsense2_camera_msgs/share/realsense2_camera_msgs/cmake/realsense2_camera_msgs__rosidl_generator_cExport-noconfig.cmake
[8.511s] -- Up-to-date: /home/aralab/ASBIR-ROS2/install/realsense2_camera_msgs/share/realsense2_camera_msgs/cmake/realsense2_camera_msgs__rosidl_typesupport_introspection_cExport.cmake
[8.512s] -- Installing: /home/aralab/ASBIR-ROS2/install/realsense2_camera_msgs/share/realsense2_camera_msgs/cmake/realsense2_camera_msgs__rosidl_typesupport_introspection_cExport-noconfig.cmake
[8.512s] -- Up-to-date: /home/aralab/ASBIR-ROS2/install/realsense2_camera_msgs/share/realsense2_camera_msgs/cmake/realsense2_camera_msgs__rosidl_typesupport_cExport.cmake
[8.512s] -- Installing: /home/aralab/ASBIR-ROS2/install/realsense2_camera_msgs/share/realsense2_camera_msgs/cmake/realsense2_camera_msgs__rosidl_typesupport_cExport-noconfig.cmake
[8.512s] -- Up-to-date: /home/aralab/ASBIR-ROS2/install/realsense2_camera_msgs/share/realsense2_camera_msgs/cmake/realsense2_camera_msgs__rosidl_generator_cppExport.cmake
[8.512s] -- Up-to-date: /home/aralab/ASBIR-ROS2/install/realsense2_camera_msgs/share/realsense2_camera_msgs/cmake/realsense2_camera_msgs__rosidl_typesupport_introspection_cppExport.cmake
[8.512s] -- Installing: /home/aralab/ASBIR-ROS2/install/realsense2_camera_msgs/share/realsense2_camera_msgs/cmake/realsense2_camera_msgs__rosidl_typesupport_introspection_cppExport-noconfig.cmake
[8.513s] -- Up-to-date: /home/aralab/ASBIR-ROS2/install/realsense2_camera_msgs/share/realsense2_camera_msgs/cmake/realsense2_camera_msgs__rosidl_typesupport_cppExport.cmake
[8.513s] -- Installing: /home/aralab/ASBIR-ROS2/install/realsense2_camera_msgs/share/realsense2_camera_msgs/cmake/realsense2_camera_msgs__rosidl_typesupport_cppExport-noconfig.cmake
[8.513s] -- Installing: /home/aralab/ASBIR-ROS2/install/realsense2_camera_msgs/share/realsense2_camera_msgs/cmake/rosidl_cmake-extras.cmake
[8.513s] -- Up-to-date: /home/aralab/ASBIR-ROS2/install/realsense2_camera_msgs/share/realsense2_camera_msgs/cmake/ament_cmake_export_dependencies-extras.cmake
[8.513s] -- Up-to-date: /home/aralab/ASBIR-ROS2/install/realsense2_camera_msgs/share/realsense2_camera_msgs/cmake/ament_cmake_export_libraries-extras.cmake
[8.513s] -- Up-to-date: /home/aralab/ASBIR-ROS2/install/realsense2_camera_msgs/share/realsense2_camera_msgs/cmake/ament_cmake_export_targets-extras.cmake
[8.514s] -- Up-to-date: /home/aralab/ASBIR-ROS2/install/realsense2_camera_msgs/share/realsense2_camera_msgs/cmake/ament_cmake_export_include_directories-extras.cmake
[8.514s] -- Up-to-date: /home/aralab/ASBIR-ROS2/install/realsense2_camera_msgs/share/realsense2_camera_msgs/cmake/rosidl_cmake_export_typesupport_targets-extras.cmake
[8.514s] -- Up-to-date: /home/aralab/ASBIR-ROS2/install/realsense2_camera_msgs/share/realsense2_camera_msgs/cmake/rosidl_cmake_export_typesupport_libraries-extras.cmake
[8.514s] -- Installing: /home/aralab/ASBIR-ROS2/install/realsense2_camera_msgs/share/realsense2_camera_msgs/cmake/realsense2_camera_msgsConfig.cmake
[8.514s] -- Installing: /home/aralab/ASBIR-ROS2/install/realsense2_camera_msgs/share/realsense2_camera_msgs/cmake/realsense2_camera_msgsConfig-version.cmake
[8.514s] -- Installing: /home/aralab/ASBIR-ROS2/install/realsense2_camera_msgs/share/realsense2_camera_msgs/package.xml
[8.521s] Invoked command in '/home/aralab/ASBIR-ROS2/build/realsense2_camera_msgs' returned '0': CMAKE_PREFIX_PATH=${CMAKE_PREFIX_PATH}:/home/aralab/ASBIR-ROS2/install/rclpy_message_converter:/home/aralab/ros2_foxy/install/ros2bag:/home/aralab/ros2_foxy/install/tracetools_launch:/home/aralab/ros2_foxy/install/topic_monitor:/home/aralab/ros2_foxy/install/examples_tf2_py:/home/aralab/ros2_foxy/install/sros2:/home/aralab/ros2_foxy/install/rqt_topic:/home/aralab/ros2_foxy/install/rqt_top:/home/aralab/ros2_foxy/install/rqt_srv:/home/aralab/ros2_foxy/install/rqt_shell:/home/aralab/ros2_foxy/install/rqt_service_caller:/home/aralab/ros2_foxy/install/rqt_reconfigure:/home/aralab/ros2_foxy/install/rqt_py_console:/home/aralab/ros2_foxy/install/rqt_publisher:/home/aralab/ros2_foxy/install/rqt_plot:/home/aralab/ros2_foxy/install/rqt_action:/home/aralab/ros2_foxy/install/rqt_msg:/home/aralab/ros2_foxy/install/rqt_console:/home/aralab/ros2_foxy/install/rqt:/home/aralab/ros2_foxy/install/rqt_graph:/home/aralab/ros2_foxy/install/rqt_gui_py:/home/aralab/ros2_foxy/install/rqt_gui:/home/aralab/ros2_foxy/install/ros2trace:/home/aralab/ros2_foxy/install/ros2topic:/home/aralab/ros2_foxy/install/ros2test:/home/aralab/ros2_foxy/install/ros2component:/home/aralab/ros2_foxy/install/ros2param:/home/aralab/ros2_foxy/install/ros2lifecycle:/home/aralab/ros2_foxy/install/ros2service:/home/aralab/ros2_foxy/install/ros2run:/home/aralab/ros2_foxy/install/ros2launch:/home/aralab/ros2_foxy/install/ros2pkg:/home/aralab/ros2_foxy/install/ros2node:/home/aralab/ros2_foxy/install/ros2multicast:/home/aralab/ros2_foxy/install/ros2interface:/home/aralab/ros2_foxy/install/ros2doctor:/home/aralab/ros2_foxy/install/ros2action:/home/aralab/ros2_foxy/install/ros2cli:/home/aralab/ros2_foxy/install/quality_of_service_demo_py:/home/aralab/ros2_foxy/install/launch_testing_ros:/home/aralab/ros2_foxy/install/launch_ros:/home/aralab/ros2_foxy/install/examples_rclpy_minimal_subscriber:/home/aralab/ros2_foxy/install/examples_rclpy_minimal_service:/home/aralab/ros2_foxy/install/examples_rclpy_minimal_publisher:/home/aralab/ros2_foxy/install/examples_rclpy_minimal_client:/home/aralab/ros2_foxy/install/examples_rclpy_minimal_action_server:/home/aralab/ros2_foxy/install/examples_rclpy_minimal_action_client:/home/aralab/ros2_foxy/install/examples_rclpy_executors:/home/aralab/ros2_foxy/install/demo_nodes_py:/home/aralab/ros2_foxy/install/action_tutorials_py:/home/aralab/ros2_foxy/install/ament_uncrustify:/home/aralab/ros2_foxy/install/tracetools_trace:/home/aralab/ros2_foxy/install/tracetools_read:/home/aralab/ros2_foxy/install/test_launch_ros:/home/aralab/ros2_foxy/install/sensor_msgs_py:/home/aralab/ros2_foxy/install/rpyutils:/home/aralab/ros2_foxy/install/rosidl_runtime_py:/home/aralab/ros2_foxy/install/launch_yaml:/home/aralab/ros2_foxy/install/launch_xml:/home/aralab/ros2_foxy/install/launch_testing:/home/aralab/ros2_foxy/install/launch:/home/aralab/ros2_foxy/install/osrf_pycommon:/home/aralab/ros2_foxy/install/domain_coordinator:/home/aralab/ros2_foxy/install/ament_xmllint:/home/aralab/ros2_foxy/install/ament_pyflakes:/home/aralab/ros2_foxy/install/ament_pycodestyle:/home/aralab/ros2_foxy/install/ament_pep257:/home/aralab/ros2_foxy/install/ament_pclint:/home/aralab/ros2_foxy/install/ament_package:/home/aralab/ros2_foxy/install/ament_mypy:/home/aralab/ros2_foxy/install/ament_lint_cmake:/home/aralab/ros2_foxy/install/ament_flake8:/home/aralab/ros2_foxy/install/ament_copyright:/home/aralab/ros2_foxy/install/ament_lint:/home/aralab/ros2_foxy/install/ament_index_python:/home/aralab/ros2_foxy/install/ament_cpplint:/home/aralab/ros2_foxy/install/ament_cppcheck:/home/aralab/ros2_foxy/install/ament_clang_tidy:/home/aralab/ros2_foxy/install/ament_clang_format /usr/bin/cmake --install /home/aralab/ASBIR-ROS2/build/realsense2_camera_msgs
