[2.146s] Invoking command in '/home/aralab/ASBIR-ROS2/src/asbir_image_compression': PYTHONPATH=/home/aralab/ASBIR-ROS2/build/asbir_image_compression/prefix_override:/home/aralab/ASBIR-ROS2/install/asbir_image_compression/lib/python3.8/site-packages:${PYTHONPATH} /usr/bin/python3 setup.py egg_info --egg-base ../../build/asbir_image_compression build --build-base /home/aralab/ASBIR-ROS2/build/asbir_image_compression/build install --record /home/aralab/ASBIR-ROS2/build/asbir_image_compression/install.log --install-scripts $base/lib/asbir_image_compression --single-version-externally-managed
[2.492s] running egg_info
[2.493s] writing ../../build/asbir_image_compression/asbir_image_compression.egg-info/PKG-INFO
[2.493s] writing dependency_links to ../../build/asbir_image_compression/asbir_image_compression.egg-info/dependency_links.txt
[2.493s] writing entry points to ../../build/asbir_image_compression/asbir_image_compression.egg-info/entry_points.txt
[2.494s] writing requirements to ../../build/asbir_image_compression/asbir_image_compression.egg-info/requires.txt
[2.494s] writing top-level names to ../../build/asbir_image_compression/asbir_image_compression.egg-info/top_level.txt
[2.526s] reading manifest file '../../build/asbir_image_compression/asbir_image_compression.egg-info/SOURCES.txt'
[2.527s] writing manifest file '../../build/asbir_image_compression/asbir_image_compression.egg-info/SOURCES.txt'
[2.527s] running build
[2.527s] running build_py
[2.527s] running install
[2.529s] running install_lib
[2.531s] running install_data
[2.532s] running install_egg_info
[2.535s] removing '/home/aralab/ASBIR-ROS2/install/asbir_image_compression/lib/python3.8/site-packages/asbir_image_compression-0.0.0-py3.8.egg-info' (and everything under it)
[2.535s] Copying ../../build/asbir_image_compression/asbir_image_compression.egg-info to /home/aralab/ASBIR-ROS2/install/asbir_image_compression/lib/python3.8/site-packages/asbir_image_compression-0.0.0-py3.8.egg-info
[2.536s] running install_scripts
[2.555s] Installing compressImage script to /home/aralab/ASBIR-ROS2/install/asbir_image_compression/lib/asbir_image_compression
[2.555s] Installing pointcloudRepublisher script to /home/aralab/ASBIR-ROS2/install/asbir_image_compression/lib/asbir_image_compression
[2.556s] writing list of installed files to '/home/aralab/ASBIR-ROS2/build/asbir_image_compression/install.log'
[2.611s] Invoked command in '/home/aralab/ASBIR-ROS2/src/asbir_image_compression' returned '0': PYTHONPATH=/home/aralab/ASBIR-ROS2/build/asbir_image_compression/prefix_override:/home/aralab/ASBIR-ROS2/install/asbir_image_compression/lib/python3.8/site-packages:${PYTHONPATH} /usr/bin/python3 setup.py egg_info --egg-base ../../build/asbir_image_compression build --build-base /home/aralab/ASBIR-ROS2/build/asbir_image_compression/build install --record /home/aralab/ASBIR-ROS2/build/asbir_image_compression/install.log --install-scripts $base/lib/asbir_image_compression --single-version-externally-managed
