[01m[K/home/aralab/ASBIR-ROS2/src/asbir_navigation/src/transform_point.cpp:[m[K In constructor ‘[01m[KTransformPoint::TransformPoint()[m[K’:
[01m[K/home/aralab/ASBIR-ROS2/src/asbir_navigation/src/transform_point.cpp:20:163:[m[K [01;31m[Kerror: [m[Kno match for ‘[01m[Koperator=[m[K’ (operand types are ‘[01m[Krclcpp::Subscription<geometry_msgs::msg::PointStamped_<std::allocator<void> > >::SharedPtr[m[K’ {aka ‘[01m[Kstd::shared_ptr<rclcpp::Subscription<geometry_msgs::msg::PointStamped_<std::allocator<void> > > >[m[K’} and ‘[01m[Kstd::shared_ptr<rclcpp::Subscription<std_msgs::msg::String_<std::allocator<void> >, std::allocator<void>, rclcpp::message_memory_strategy::MessageMemoryStrategy<std_msgs::msg::String_<std::allocator<void> >, std::allocator<void> > > >[m[K’)
   20 |             point_sub = this->create_subscription<geometry_msgs::msg::PointStamped>("point_to_transform", 10, std::bind(&TransformPoint::topic_callback, this, _1)[01;31m[K)[m[K;
      |                                                                                                                                                                   [01;31m[K^[m[K
In file included from [01m[K/usr/include/c++/9/memory:81[m[K,
                 from [01m[K/home/aralab/ASBIR-ROS2/src/asbir_navigation/src/transform_point.cpp:3[m[K:
[01m[K/usr/include/c++/9/bits/shared_ptr.h:309:19:[m[K [01;36m[Knote: [m[Kcandidate: ‘[01m[Kstd::shared_ptr<_Tp>& std::shared_ptr<_Tp>::operator=(const std::shared_ptr<_Tp>&) [with _Tp = rclcpp::Subscription<geometry_msgs::msg::PointStamped_<std::allocator<void> > >][m[K’
  309 |       shared_ptr& [01;36m[Koperator[m[K=(const shared_ptr&) noexcept = default;
      |                   [01;36m[K^~~~~~~~[m[K
[01m[K/usr/include/c++/9/bits/shared_ptr.h:309:29:[m[K [01;36m[Knote: [m[K  no known conversion for argument 1 from ‘[01m[Kstd::shared_ptr<rclcpp::Subscription<std_msgs::msg::String_<std::allocator<void> >, std::allocator<void>, rclcpp::message_memory_strategy::MessageMemoryStrategy<std_msgs::msg::String_<std::allocator<void> >, std::allocator<void> > > >[m[K’ to ‘[01m[Kconst std::shared_ptr<rclcpp::Subscription<geometry_msgs::msg::PointStamped_<std::allocator<void> > > >&[m[K’
  309 |       shared_ptr& operator=([01;36m[Kconst shared_ptr&[m[K) noexcept = default;
      |                             [01;36m[K^~~~~~~~~~~~~~~~~[m[K
[01m[K/usr/include/c++/9/bits/shared_ptr.h:313:2:[m[K [01;36m[Knote: [m[Kcandidate: ‘[01m[Ktemplate<class _Yp> std::shared_ptr<_Tp>::_Assignable<const std::shared_ptr<_Yp>&> std::shared_ptr<_Tp>::operator=(const std::shared_ptr<_Yp>&) [with _Yp = _Yp; _Tp = rclcpp::Subscription<geometry_msgs::msg::PointStamped_<std::allocator<void> > >][m[K’
  313 |  [01;36m[Koperator[m[K=(const shared_ptr<_Yp>& __r) noexcept
      |  [01;36m[K^~~~~~~~[m[K
[01m[K/usr/include/c++/9/bits/shared_ptr.h:313:2:[m[K [01;36m[Knote: [m[K  template argument deduction/substitution failed:
/usr/include/c++/9/bits/shared_ptr.h: In substitution of ‘[01m[Ktemplate<class _Tp> template<class _Arg> using _Assignable = typename std::enable_if<std::is_assignable<std::__shared_ptr<_Tp>&, _Arg>::value, std::shared_ptr<_Tp>&>::type [with _Arg = const std::shared_ptr<rclcpp::Subscription<std_msgs::msg::String_<std::allocator<void> >, std::allocator<void>, rclcpp::message_memory_strategy::MessageMemoryStrategy<std_msgs::msg::String_<std::allocator<void> >, std::allocator<void> > > >&; _Tp = rclcpp::Subscription<geometry_msgs::msg::PointStamped_<std::allocator<void> > >][m[K’:
[01m[K/usr/include/c++/9/bits/shared_ptr.h:313:2:[m[K   required by substitution of ‘[01m[Ktemplate<class _Yp> std::shared_ptr<rclcpp::Subscription<geometry_msgs::msg::PointStamped_<std::allocator<void> > > >::_Assignable<const std::shared_ptr<_Tp>&> std::shared_ptr<rclcpp::Subscription<geometry_msgs::msg::PointStamped_<std::allocator<void> > > >::operator=<_Yp>(const std::shared_ptr<_Tp>&) [with _Yp = rclcpp::Subscription<std_msgs::msg::String_<std::allocator<void> >, std::allocator<void>, rclcpp::message_memory_strategy::MessageMemoryStrategy<std_msgs::msg::String_<std::allocator<void> >, std::allocator<void> > >][m[K’
[01m[K/home/aralab/ASBIR-ROS2/src/asbir_navigation/src/transform_point.cpp:20:163:[m[K   required from here
[01m[K/usr/include/c++/9/bits/shared_ptr.h:111:8:[m[K [01;31m[Kerror: [m[Kno type named ‘[01m[Ktype[m[K’ in ‘[01m[Kstruct std::enable_if<false, std::shared_ptr<rclcpp::Subscription<geometry_msgs::msg::PointStamped_<std::allocator<void> > > >&>[m[K’
  111 |  using [01;31m[K_Assignable[m[K = typename enable_if<
      |        [01;31m[K^~~~~~~~~~~[m[K
[01m[K/usr/include/c++/9/bits/shared_ptr.h:324:2:[m[K [01;36m[Knote: [m[Kcandidate: ‘[01m[Ktemplate<class _Yp> std::shared_ptr<_Tp>::_Assignable<std::auto_ptr<_Up> > std::shared_ptr<_Tp>::operator=(std::auto_ptr<_Up>&&) [with _Yp = _Yp; _Tp = rclcpp::Subscription<geometry_msgs::msg::PointStamped_<std::allocator<void> > >][m[K’
  324 |  [01;36m[Koperator[m[K=(auto_ptr<_Yp>&& __r)
      |  [01;36m[K^~~~~~~~[m[K
[01m[K/usr/include/c++/9/bits/shared_ptr.h:324:2:[m[K [01;36m[Knote: [m[K  template argument deduction/substitution failed:
[01m[K/home/aralab/ASBIR-ROS2/src/asbir_navigation/src/transform_point.cpp:20:163:[m[K [01;36m[Knote: [m[K  ‘[01m[Kstd::shared_ptr<rclcpp::Subscription<std_msgs::msg::String_<std::allocator<void> >, std::allocator<void>, rclcpp::message_memory_strategy::MessageMemoryStrategy<std_msgs::msg::String_<std::allocator<void> >, std::allocator<void> > > >[m[K’ is not derived from ‘[01m[Kstd::auto_ptr<_Up>[m[K’
   20 |             point_sub = this->create_subscription<geometry_msgs::msg::PointStamped>("point_to_transform", 10, std::bind(&TransformPoint::topic_callback, this, _1)[01;36m[K)[m[K;
      |                                                                                                                                                                   [01;36m[K^[m[K
In file included from [01m[K/usr/include/c++/9/memory:81[m[K,
                 from [01m[K/home/aralab/ASBIR-ROS2/src/asbir_navigation/src/transform_point.cpp:3[m[K:
[01m[K/usr/include/c++/9/bits/shared_ptr.h:333:7:[m[K [01;36m[Knote: [m[Kcandidate: ‘[01m[Kstd::shared_ptr<_Tp>& std::shared_ptr<_Tp>::operator=(std::shared_ptr<_Tp>&&) [with _Tp = rclcpp::Subscription<geometry_msgs::msg::PointStamped_<std::allocator<void> > >][m[K’
  333 |       [01;36m[Koperator[m[K=(shared_ptr&& __r) noexcept
      |       [01;36m[K^~~~~~~~[m[K
[01m[K/usr/include/c++/9/bits/shared_ptr.h:333:30:[m[K [01;36m[Knote: [m[K  no known conversion for argument 1 from ‘[01m[Kstd::shared_ptr<rclcpp::Subscription<std_msgs::msg::String_<std::allocator<void> >, std::allocator<void>, rclcpp::message_memory_strategy::MessageMemoryStrategy<std_msgs::msg::String_<std::allocator<void> >, std::allocator<void> > > >[m[K’ to ‘[01m[Kstd::shared_ptr<rclcpp::Subscription<geometry_msgs::msg::PointStamped_<std::allocator<void> > > >&&[m[K’
  333 |       operator=([01;36m[Kshared_ptr&& __r[m[K) noexcept
      |                 [01;36m[K~~~~~~~~~~~~~^~~[m[K
[01m[K/usr/include/c++/9/bits/shared_ptr.h:341:2:[m[K [01;36m[Knote: [m[Kcandidate: ‘[01m[Ktemplate<class _Yp> std::shared_ptr<_Tp>::_Assignable<std::shared_ptr<_Yp> > std::shared_ptr<_Tp>::operator=(std::shared_ptr<_Yp>&&) [with _Yp = _Yp; _Tp = rclcpp::Subscription<geometry_msgs::msg::PointStamped_<std::allocator<void> > >][m[K’
  341 |  [01;36m[Koperator[m[K=(shared_ptr<_Yp>&& __r) noexcept
      |  [01;36m[K^~~~~~~~[m[K
[01m[K/usr/include/c++/9/bits/shared_ptr.h:341:2:[m[K [01;36m[Knote: [m[K  template argument deduction/substitution failed:
/usr/include/c++/9/bits/shared_ptr.h: In substitution of ‘[01m[Ktemplate<class _Tp> template<class _Arg> using _Assignable = typename std::enable_if<std::is_assignable<std::__shared_ptr<_Tp>&, _Arg>::value, std::shared_ptr<_Tp>&>::type [with _Arg = std::shared_ptr<rclcpp::Subscription<std_msgs::msg::String_<std::allocator<void> >, std::allocator<void>, rclcpp::message_memory_strategy::MessageMemoryStrategy<std_msgs::msg::String_<std::allocator<void> >, std::allocator<void> > > >; _Tp = rclcpp::Subscription<geometry_msgs::msg::PointStamped_<std::allocator<void> > >][m[K’:
[01m[K/usr/include/c++/9/bits/shared_ptr.h:341:2:[m[K   required by substitution of ‘[01m[Ktemplate<class _Yp> std::shared_ptr<rclcpp::Subscription<geometry_msgs::msg::PointStamped_<std::allocator<void> > > >::_Assignable<std::shared_ptr<_Tp> > std::shared_ptr<rclcpp::Subscription<geometry_msgs::msg::PointStamped_<std::allocator<void> > > >::operator=<_Yp>(std::shared_ptr<_Tp>&&) [with _Yp = rclcpp::Subscription<std_msgs::msg::String_<std::allocator<void> >, std::allocator<void>, rclcpp::message_memory_strategy::MessageMemoryStrategy<std_msgs::msg::String_<std::allocator<void> >, std::allocator<void> > >][m[K’
[01m[K/home/aralab/ASBIR-ROS2/src/asbir_navigation/src/transform_point.cpp:20:163:[m[K   required from here
[01m[K/usr/include/c++/9/bits/shared_ptr.h:111:8:[m[K [01;31m[Kerror: [m[Kno type named ‘[01m[Ktype[m[K’ in ‘[01m[Kstruct std::enable_if<false, std::shared_ptr<rclcpp::Subscription<geometry_msgs::msg::PointStamped_<std::allocator<void> > > >&>[m[K’
  111 |  using [01;31m[K_Assignable[m[K = typename enable_if<
      |        [01;31m[K^~~~~~~~~~~[m[K
[01m[K/usr/include/c++/9/bits/shared_ptr.h:349:2:[m[K [01;36m[Knote: [m[Kcandidate: ‘[01m[Ktemplate<class _Yp, class _Del> std::shared_ptr<_Tp>::_Assignable<std::unique_ptr<_Up, _Ep> > std::shared_ptr<_Tp>::operator=(std::unique_ptr<_Up, _Ep>&&) [with _Yp = _Yp; _Del = _Del; _Tp = rclcpp::Subscription<geometry_msgs::msg::PointStamped_<std::allocator<void> > >][m[K’
  349 |  [01;36m[Koperator[m[K=(unique_ptr<_Yp, _Del>&& __r)
      |  [01;36m[K^~~~~~~~[m[K
[01m[K/usr/include/c++/9/bits/shared_ptr.h:349:2:[m[K [01;36m[Knote: [m[K  template argument deduction/substitution failed:
[01m[K/home/aralab/ASBIR-ROS2/src/asbir_navigation/src/transform_point.cpp:20:163:[m[K [01;36m[Knote: [m[K  ‘[01m[Kstd::shared_ptr<rclcpp::Subscription<std_msgs::msg::String_<std::allocator<void> >, std::allocator<void>, rclcpp::message_memory_strategy::MessageMemoryStrategy<std_msgs::msg::String_<std::allocator<void> >, std::allocator<void> > > >[m[K’ is not derived from ‘[01m[Kstd::unique_ptr<_Tp, _Dp>[m[K’
   20 |             point_sub = this->create_subscription<geometry_msgs::msg::PointStamped>("point_to_transform", 10, std::bind(&TransformPoint::topic_callback, this, _1)[01;36m[K)[m[K;
      |                                                                                                                                                                   [01;36m[K^[m[K
[01m[K/home/aralab/ASBIR-ROS2/src/asbir_navigation/src/transform_point.cpp:[m[K In member function ‘[01m[Kvoid TransformPoint::topic_callback(std_msgs::msg::String_<std::allocator<void> >::SharedPtr) const[m[K’:
[01m[K/home/aralab/ASBIR-ROS2/src/asbir_navigation/src/transform_point.cpp:30:96:[m[K [01;31m[Kerror: [m[Kno matching function for call to ‘[01m[Ktf2::Transform::Transform(const SharedPtr&, const string&)[m[K’
   30 |             geometry_msgs::msg::PointStamped transformed_point = tf2::Transform(msg, base_frame[01;31m[K)[m[K;
      |                                                                                                [01;31m[K^[m[K
In file included from [01m[K/home/aralab/ros2_foxy/install/tf2/include/tf2/buffer_core.h:35[m[K,
                 from [01m[K/home/aralab/ros2_foxy/install/tf2_ros/include/tf2_ros/buffer.h:43[m[K,
                 from [01m[K/home/aralab/ros2_foxy/install/tf2_ros/include/tf2_ros/transform_listener.h:41[m[K,
                 from [01m[K/home/aralab/ASBIR-ROS2/src/asbir_navigation/src/transform_point.cpp:8[m[K:
[01m[K/home/aralab/ros2_foxy/install/tf2/include/tf2/LinearMath/Transform.h:63:23:[m[K [01;36m[Knote: [m[Kcandidate: ‘[01m[Ktf2::Transform::Transform(const tf2::Transform&)[m[K’
   63 |  TF2SIMD_FORCE_INLINE [01;36m[KTransform[m[K (const Transform& other)
      |                       [01;36m[K^~~~~~~~~[m[K
[01m[K/home/aralab/ros2_foxy/install/tf2/include/tf2/LinearMath/Transform.h:63:23:[m[K [01;36m[Knote: [m[K  candidate expects 1 argument, 2 provided
[01m[K/home/aralab/ros2_foxy/install/tf2/include/tf2/LinearMath/Transform.h:57:32:[m[K [01;36m[Knote: [m[Kcandidate: ‘[01m[Ktf2::Transform::Transform(const tf2::Matrix3x3&, const tf2::Vector3&)[m[K’
   57 |  explicit TF2SIMD_FORCE_INLINE [01;36m[KTransform[m[K(const Matrix3x3& b,
      |                                [01;36m[K^~~~~~~~~[m[K
[01m[K/home/aralab/ros2_foxy/install/tf2/include/tf2/LinearMath/Transform.h:57:59:[m[K [01;36m[Knote: [m[K  no known conversion for argument 1 from ‘[01m[Kconst SharedPtr[m[K’ {aka ‘[01m[Kconst std::shared_ptr<std_msgs::msg::String_<std::allocator<void> > >[m[K’} to ‘[01m[Kconst tf2::Matrix3x3&[m[K’
   57 |  explicit TF2SIMD_FORCE_INLINE Transform([01;36m[Kconst Matrix3x3& b[m[K,
      |                                          [01;36m[K~~~~~~~~~~~~~~~~~^[m[K
[01m[K/home/aralab/ros2_foxy/install/tf2/include/tf2/LinearMath/Transform.h:48:32:[m[K [01;36m[Knote: [m[Kcandidate: ‘[01m[Ktf2::Transform::Transform(const tf2::Quaternion&, const tf2::Vector3&)[m[K’
   48 |  explicit TF2SIMD_FORCE_INLINE [01;36m[KTransform[m[K(const Quaternion& q,
      |                                [01;36m[K^~~~~~~~~[m[K
[01m[K/home/aralab/ros2_foxy/install/tf2/include/tf2/LinearMath/Transform.h:48:60:[m[K [01;36m[Knote: [m[K  no known conversion for argument 1 from ‘[01m[Kconst SharedPtr[m[K’ {aka ‘[01m[Kconst std::shared_ptr<std_msgs::msg::String_<std::allocator<void> > >[m[K’} to ‘[01m[Kconst tf2::Quaternion&[m[K’
   48 |  explicit TF2SIMD_FORCE_INLINE Transform([01;36m[Kconst Quaternion& q[m[K,
      |                                          [01;36m[K~~~~~~~~~~~~~~~~~~^[m[K
[01m[K/home/aralab/ros2_foxy/install/tf2/include/tf2/LinearMath/Transform.h:44:2:[m[K [01;36m[Knote: [m[Kcandidate: ‘[01m[Ktf2::Transform::Transform()[m[K’
   44 |  [01;36m[KTransform[m[K() {}
      |  [01;36m[K^~~~~~~~~[m[K
[01m[K/home/aralab/ros2_foxy/install/tf2/include/tf2/LinearMath/Transform.h:44:2:[m[K [01;36m[Knote: [m[K  candidate expects 0 arguments, 2 provided
make[2]: *** [CMakeFiles/transform_point.dir/build.make:63: CMakeFiles/transform_point.dir/src/transform_point.cpp.o] Error 1
make[1]: *** [CMakeFiles/Makefile2:80: CMakeFiles/transform_point.dir/all] Error 2
make: *** [Makefile:141: all] Error 2
