/home/asbir/ASBIR-ROS2/install/asbir_navigation/lib/python3.8/site-packages/asbir_navigation/servoSetZero.py
/home/asbir/ASBIR-ROS2/install/asbir_navigation/lib/python3.8/site-packages/asbir_navigation/buildBestPath.py
/home/asbir/ASBIR-ROS2/install/asbir_navigation/lib/python3.8/site-packages/asbir_navigation/__init__.py
/home/asbir/ASBIR-ROS2/install/asbir_navigation/lib/python3.8/site-packages/asbir_navigation/pathController.py
/home/asbir/ASBIR-ROS2/install/asbir_navigation/lib/python3.8/site-packages/asbir_navigation/processMesh.py
/home/asbir/ASBIR-ROS2/install/asbir_navigation/lib/python3.8/site-packages/asbir_navigation/transformations_test.py
/home/asbir/ASBIR-ROS2/install/asbir_navigation/lib/python3.8/site-packages/asbir_navigation/pointPub.py
/home/asbir/ASBIR-ROS2/install/asbir_navigation/lib/python3.8/site-packages/asbir_navigation/modelTest.py
/home/asbir/ASBIR-ROS2/install/asbir_navigation/lib/python3.8/site-packages/asbir_navigation/potentialField.py
/home/asbir/ASBIR-ROS2/install/asbir_navigation/lib/python3.8/site-packages/asbir_navigation/classes.py
/home/asbir/ASBIR-ROS2/install/asbir_navigation/lib/python3.8/site-packages/asbir_navigation/graphTest.py
/home/asbir/ASBIR-ROS2/install/asbir_navigation/lib/python3.8/site-packages/asbir_navigation/aStar.py
/home/asbir/ASBIR-ROS2/install/asbir_navigation/lib/python3.8/site-packages/asbir_navigation/frameTest.py
/home/asbir/ASBIR-ROS2/install/asbir_navigation/lib/python3.8/site-packages/asbir_navigation/transformations.py
/home/asbir/ASBIR-ROS2/install/asbir_navigation/lib/python3.8/site-packages/asbir_navigation/cameraLinkFrame.py
/home/asbir/ASBIR-ROS2/install/asbir_navigation/lib/python3.8/site-packages/asbir_navigation/__pycache__/servoSetZero.cpython-38.pyc
/home/asbir/ASBIR-ROS2/install/asbir_navigation/lib/python3.8/site-packages/asbir_navigation/__pycache__/buildBestPath.cpython-38.pyc
/home/asbir/ASBIR-ROS2/install/asbir_navigation/lib/python3.8/site-packages/asbir_navigation/__pycache__/__init__.cpython-38.pyc
/home/asbir/ASBIR-ROS2/install/asbir_navigation/lib/python3.8/site-packages/asbir_navigation/__pycache__/pathController.cpython-38.pyc
/home/asbir/ASBIR-ROS2/install/asbir_navigation/lib/python3.8/site-packages/asbir_navigation/__pycache__/processMesh.cpython-38.pyc
/home/asbir/ASBIR-ROS2/install/asbir_navigation/lib/python3.8/site-packages/asbir_navigation/__pycache__/transformations_test.cpython-38.pyc
/home/asbir/ASBIR-ROS2/install/asbir_navigation/lib/python3.8/site-packages/asbir_navigation/__pycache__/pointPub.cpython-38.pyc
/home/asbir/ASBIR-ROS2/install/asbir_navigation/lib/python3.8/site-packages/asbir_navigation/__pycache__/modelTest.cpython-38.pyc
/home/asbir/ASBIR-ROS2/install/asbir_navigation/lib/python3.8/site-packages/asbir_navigation/__pycache__/potentialField.cpython-38.pyc
/home/asbir/ASBIR-ROS2/install/asbir_navigation/lib/python3.8/site-packages/asbir_navigation/__pycache__/classes.cpython-38.pyc
/home/asbir/ASBIR-ROS2/install/asbir_navigation/lib/python3.8/site-packages/asbir_navigation/__pycache__/graphTest.cpython-38.pyc
/home/asbir/ASBIR-ROS2/install/asbir_navigation/lib/python3.8/site-packages/asbir_navigation/__pycache__/aStar.cpython-38.pyc
/home/asbir/ASBIR-ROS2/install/asbir_navigation/lib/python3.8/site-packages/asbir_navigation/__pycache__/frameTest.cpython-38.pyc
/home/asbir/ASBIR-ROS2/install/asbir_navigation/lib/python3.8/site-packages/asbir_navigation/__pycache__/transformations.cpython-38.pyc
/home/asbir/ASBIR-ROS2/install/asbir_navigation/lib/python3.8/site-packages/asbir_navigation/__pycache__/cameraLinkFrame.cpython-38.pyc
/home/asbir/ASBIR-ROS2/install/asbir_navigation/share/ament_index/resource_index/packages/asbir_navigation
/home/asbir/ASBIR-ROS2/install/asbir_navigation/share/asbir_navigation/package.xml
/home/asbir/ASBIR-ROS2/install/asbir_navigation/lib/python3.8/site-packages/asbir_navigation-0.0.0-py3.8.egg-info/top_level.txt
/home/asbir/ASBIR-ROS2/install/asbir_navigation/lib/python3.8/site-packages/asbir_navigation-0.0.0-py3.8.egg-info/SOURCES.txt
/home/asbir/ASBIR-ROS2/install/asbir_navigation/lib/python3.8/site-packages/asbir_navigation-0.0.0-py3.8.egg-info/requires.txt
/home/asbir/ASBIR-ROS2/install/asbir_navigation/lib/python3.8/site-packages/asbir_navigation-0.0.0-py3.8.egg-info/PKG-INFO
/home/asbir/ASBIR-ROS2/install/asbir_navigation/lib/python3.8/site-packages/asbir_navigation-0.0.0-py3.8.egg-info/dependency_links.txt
/home/asbir/ASBIR-ROS2/install/asbir_navigation/lib/python3.8/site-packages/asbir_navigation-0.0.0-py3.8.egg-info/entry_points.txt
/home/asbir/ASBIR-ROS2/install/asbir_navigation/lib/python3.8/site-packages/asbir_navigation-0.0.0-py3.8.egg-info/zip-safe
/home/asbir/ASBIR-ROS2/install/asbir_navigation/lib/asbir_navigation/buildBestPath
/home/asbir/ASBIR-ROS2/install/asbir_navigation/lib/asbir_navigation/cameraLink
/home/asbir/ASBIR-ROS2/install/asbir_navigation/lib/asbir_navigation/frameTest
/home/asbir/ASBIR-ROS2/install/asbir_navigation/lib/asbir_navigation/graphTest
/home/asbir/ASBIR-ROS2/install/asbir_navigation/lib/asbir_navigation/modelTest
/home/asbir/ASBIR-ROS2/install/asbir_navigation/lib/asbir_navigation/odomFrame
/home/asbir/ASBIR-ROS2/install/asbir_navigation/lib/asbir_navigation/pathController
/home/asbir/ASBIR-ROS2/install/asbir_navigation/lib/asbir_navigation/pointPub
/home/asbir/ASBIR-ROS2/install/asbir_navigation/lib/asbir_navigation/potentialField
/home/asbir/ASBIR-ROS2/install/asbir_navigation/lib/asbir_navigation/processMesh
/home/asbir/ASBIR-ROS2/install/asbir_navigation/lib/asbir_navigation/serialComm
/home/asbir/ASBIR-ROS2/install/asbir_navigation/lib/asbir_navigation/setZero
/home/asbir/ASBIR-ROS2/install/asbir_navigation/lib/asbir_navigation/teleop
