[2.772s] Invoking command in '/home/aralab/ASBIR-ROS2/src/asbir_navigation': PYTHONPATH=/home/aralab/ASBIR-ROS2/build/asbir_navigation/prefix_override:/home/aralab/ASBIR-ROS2/install/asbir_navigation/lib/python3.8/site-packages:${PYTHONPATH} /usr/bin/python3 setup.py egg_info --egg-base ../../build/asbir_navigation build --build-base /home/aralab/ASBIR-ROS2/build/asbir_navigation/build install --record /home/aralab/ASBIR-ROS2/build/asbir_navigation/install.log --install-scripts $base/lib/asbir_navigation --single-version-externally-managed
[3.154s] running egg_info
[3.154s] writing ../../build/asbir_navigation/asbir_navigation.egg-info/PKG-INFO
[3.155s] writing dependency_links to ../../build/asbir_navigation/asbir_navigation.egg-info/dependency_links.txt
[3.155s] writing entry points to ../../build/asbir_navigation/asbir_navigation.egg-info/entry_points.txt
[3.155s] writing requirements to ../../build/asbir_navigation/asbir_navigation.egg-info/requires.txt
[3.155s] writing top-level names to ../../build/asbir_navigation/asbir_navigation.egg-info/top_level.txt
[3.216s] reading manifest file '../../build/asbir_navigation/asbir_navigation.egg-info/SOURCES.txt'
[3.220s] writing manifest file '../../build/asbir_navigation/asbir_navigation.egg-info/SOURCES.txt'
[3.220s] running build
[3.221s] running build_py
[3.221s] copying asbir_navigation/modelTest.py -> /home/aralab/ASBIR-ROS2/build/asbir_navigation/build/lib/asbir_navigation
[3.222s] running install
[3.225s] running install_lib
[3.227s] copying /home/aralab/ASBIR-ROS2/build/asbir_navigation/build/lib/asbir_navigation/modelTest.py -> /home/aralab/ASBIR-ROS2/install/asbir_navigation/lib/python3.8/site-packages/asbir_navigation
[3.231s] byte-compiling /home/aralab/ASBIR-ROS2/install/asbir_navigation/lib/python3.8/site-packages/asbir_navigation/modelTest.py to modelTest.cpython-38.pyc
[3.234s] running install_data
[3.235s] running install_egg_info
[3.238s] removing '/home/aralab/ASBIR-ROS2/install/asbir_navigation/lib/python3.8/site-packages/asbir_navigation-0.0.0-py3.8.egg-info' (and everything under it)
[3.241s] Copying ../../build/asbir_navigation/asbir_navigation.egg-info to /home/aralab/ASBIR-ROS2/install/asbir_navigation/lib/python3.8/site-packages/asbir_navigation-0.0.0-py3.8.egg-info
[3.242s] running install_scripts
[3.269s] Installing BuildBestPath script to /home/aralab/ASBIR-ROS2/install/asbir_navigation/lib/asbir_navigation
[3.269s] Installing FrameTest script to /home/aralab/ASBIR-ROS2/install/asbir_navigation/lib/asbir_navigation
[3.269s] Installing GraphTest script to /home/aralab/ASBIR-ROS2/install/asbir_navigation/lib/asbir_navigation
[3.269s] Installing ModelTest script to /home/aralab/ASBIR-ROS2/install/asbir_navigation/lib/asbir_navigation
[3.269s] Installing PathController script to /home/aralab/ASBIR-ROS2/install/asbir_navigation/lib/asbir_navigation
[3.269s] Installing PointPub script to /home/aralab/ASBIR-ROS2/install/asbir_navigation/lib/asbir_navigation
[3.269s] Installing PotentialField script to /home/aralab/ASBIR-ROS2/install/asbir_navigation/lib/asbir_navigation
[3.270s] Installing ProcessMesh script to /home/aralab/ASBIR-ROS2/install/asbir_navigation/lib/asbir_navigation
[3.270s] Installing SetZero script to /home/aralab/ASBIR-ROS2/install/asbir_navigation/lib/asbir_navigation
[3.270s] writing list of installed files to '/home/aralab/ASBIR-ROS2/build/asbir_navigation/install.log'
[3.354s] Invoked command in '/home/aralab/ASBIR-ROS2/src/asbir_navigation' returned '0': PYTHONPATH=/home/aralab/ASBIR-ROS2/build/asbir_navigation/prefix_override:/home/aralab/ASBIR-ROS2/install/asbir_navigation/lib/python3.8/site-packages:${PYTHONPATH} /usr/bin/python3 setup.py egg_info --egg-base ../../build/asbir_navigation build --build-base /home/aralab/ASBIR-ROS2/build/asbir_navigation/build install --record /home/aralab/ASBIR-ROS2/build/asbir_navigation/install.log --install-scripts $base/lib/asbir_navigation --single-version-externally-managed
