[2.723s] Invoking command in '/home/aralab/ASBIR-ROS2/src/asbir_xavier_gpio': PYTHONPATH=/home/aralab/ASBIR-ROS2/build/asbir_xavier_gpio/prefix_override:/home/aralab/ASBIR-ROS2/install/asbir_xavier_gpio/lib/python3.8/site-packages:${PYTHONPATH} /usr/bin/python3 setup.py egg_info --egg-base ../../build/asbir_xavier_gpio build --build-base /home/aralab/ASBIR-ROS2/build/asbir_xavier_gpio/build install --record /home/aralab/ASBIR-ROS2/build/asbir_xavier_gpio/install.log --install-scripts $base/lib/asbir_xavier_gpio --single-version-externally-managed
[3.095s] running egg_info
[3.096s] writing ../../build/asbir_xavier_gpio/asbir_xavier_gpio.egg-info/PKG-INFO
[3.096s] writing dependency_links to ../../build/asbir_xavier_gpio/asbir_xavier_gpio.egg-info/dependency_links.txt
[3.096s] writing entry points to ../../build/asbir_xavier_gpio/asbir_xavier_gpio.egg-info/entry_points.txt
[3.096s] writing requirements to ../../build/asbir_xavier_gpio/asbir_xavier_gpio.egg-info/requires.txt
[3.096s] writing top-level names to ../../build/asbir_xavier_gpio/asbir_xavier_gpio.egg-info/top_level.txt
[3.145s] reading manifest file '../../build/asbir_xavier_gpio/asbir_xavier_gpio.egg-info/SOURCES.txt'
[3.146s] writing manifest file '../../build/asbir_xavier_gpio/asbir_xavier_gpio.egg-info/SOURCES.txt'
[3.147s] running build
[3.147s] running build_py
[3.147s] running install
[3.149s] running install_lib
[3.151s] running install_data
[3.152s] running install_egg_info
[3.154s] removing '/home/aralab/ASBIR-ROS2/install/asbir_xavier_gpio/lib/python3.8/site-packages/asbir_xavier_gpio-0.0.0-py3.8.egg-info' (and everything under it)
[3.154s] Copying ../../build/asbir_xavier_gpio/asbir_xavier_gpio.egg-info to /home/aralab/ASBIR-ROS2/install/asbir_xavier_gpio/lib/python3.8/site-packages/asbir_xavier_gpio-0.0.0-py3.8.egg-info
[3.157s] running install_scripts
[3.186s] Installing xavierGPIO script to /home/aralab/ASBIR-ROS2/install/asbir_xavier_gpio/lib/asbir_xavier_gpio
[3.186s] writing list of installed files to '/home/aralab/ASBIR-ROS2/build/asbir_xavier_gpio/install.log'
[3.257s] Invoked command in '/home/aralab/ASBIR-ROS2/src/asbir_xavier_gpio' returned '0': PYTHONPATH=/home/aralab/ASBIR-ROS2/build/asbir_xavier_gpio/prefix_override:/home/aralab/ASBIR-ROS2/install/asbir_xavier_gpio/lib/python3.8/site-packages:${PYTHONPATH} /usr/bin/python3 setup.py egg_info --egg-base ../../build/asbir_xavier_gpio build --build-base /home/aralab/ASBIR-ROS2/build/asbir_xavier_gpio/build install --record /home/aralab/ASBIR-ROS2/build/asbir_xavier_gpio/install.log --install-scripts $base/lib/asbir_xavier_gpio --single-version-externally-managed
