running egg_info
writing ../../build/asbir_navigation/asbir_navigation.egg-info/PKG-INFO
writing dependency_links to ../../build/asbir_navigation/asbir_navigation.egg-info/dependency_links.txt
writing entry points to ../../build/asbir_navigation/asbir_navigation.egg-info/entry_points.txt
writing requirements to ../../build/asbir_navigation/asbir_navigation.egg-info/requires.txt
writing top-level names to ../../build/asbir_navigation/asbir_navigation.egg-info/top_level.txt
reading manifest file '../../build/asbir_navigation/asbir_navigation.egg-info/SOURCES.txt'
writing manifest file '../../build/asbir_navigation/asbir_navigation.egg-info/SOURCES.txt'
running build
running build_py
copying asbir_navigation/servoSetZero.py -> /home/asbir/ASBIR-ROS2/build/asbir_navigation/build/lib/asbir_navigation
copying asbir_navigation/buildBestPath.py -> /home/asbir/ASBIR-ROS2/build/asbir_navigation/build/lib/asbir_navigation
copying asbir_navigation/__init__.py -> /home/asbir/ASBIR-ROS2/build/asbir_navigation/build/lib/asbir_navigation
copying asbir_navigation/pathController.py -> /home/asbir/ASBIR-ROS2/build/asbir_navigation/build/lib/asbir_navigation
copying asbir_navigation/processMesh.py -> /home/asbir/ASBIR-ROS2/build/asbir_navigation/build/lib/asbir_navigation
copying asbir_navigation/transformations_test.py -> /home/asbir/ASBIR-ROS2/build/asbir_navigation/build/lib/asbir_navigation
copying asbir_navigation/pointPub.py -> /home/asbir/ASBIR-ROS2/build/asbir_navigation/build/lib/asbir_navigation
copying asbir_navigation/modelTest.py -> /home/asbir/ASBIR-ROS2/build/asbir_navigation/build/lib/asbir_navigation
copying asbir_navigation/potentialField.py -> /home/asbir/ASBIR-ROS2/build/asbir_navigation/build/lib/asbir_navigation
copying asbir_navigation/classes.py -> /home/asbir/ASBIR-ROS2/build/asbir_navigation/build/lib/asbir_navigation
copying asbir_navigation/graphTest.py -> /home/asbir/ASBIR-ROS2/build/asbir_navigation/build/lib/asbir_navigation
copying asbir_navigation/aStar.py -> /home/asbir/ASBIR-ROS2/build/asbir_navigation/build/lib/asbir_navigation
copying asbir_navigation/frameTest.py -> /home/asbir/ASBIR-ROS2/build/asbir_navigation/build/lib/asbir_navigation
copying asbir_navigation/transformations.py -> /home/asbir/ASBIR-ROS2/build/asbir_navigation/build/lib/asbir_navigation
copying asbir_navigation/cameraLinkFrame.py -> /home/asbir/ASBIR-ROS2/build/asbir_navigation/build/lib/asbir_navigation
running install
running install_lib
copying /home/asbir/ASBIR-ROS2/build/asbir_navigation/build/lib/asbir_navigation/servoSetZero.py -> /home/asbir/ASBIR-ROS2/install/asbir_navigation/lib/python3.8/site-packages/asbir_navigation
copying /home/asbir/ASBIR-ROS2/build/asbir_navigation/build/lib/asbir_navigation/buildBestPath.py -> /home/asbir/ASBIR-ROS2/install/asbir_navigation/lib/python3.8/site-packages/asbir_navigation
copying /home/asbir/ASBIR-ROS2/build/asbir_navigation/build/lib/asbir_navigation/__init__.py -> /home/asbir/ASBIR-ROS2/install/asbir_navigation/lib/python3.8/site-packages/asbir_navigation
copying /home/asbir/ASBIR-ROS2/build/asbir_navigation/build/lib/asbir_navigation/pathController.py -> /home/asbir/ASBIR-ROS2/install/asbir_navigation/lib/python3.8/site-packages/asbir_navigation
copying /home/asbir/ASBIR-ROS2/build/asbir_navigation/build/lib/asbir_navigation/processMesh.py -> /home/asbir/ASBIR-ROS2/install/asbir_navigation/lib/python3.8/site-packages/asbir_navigation
copying /home/asbir/ASBIR-ROS2/build/asbir_navigation/build/lib/asbir_navigation/transformations_test.py -> /home/asbir/ASBIR-ROS2/install/asbir_navigation/lib/python3.8/site-packages/asbir_navigation
copying /home/asbir/ASBIR-ROS2/build/asbir_navigation/build/lib/asbir_navigation/pointPub.py -> /home/asbir/ASBIR-ROS2/install/asbir_navigation/lib/python3.8/site-packages/asbir_navigation
copying /home/asbir/ASBIR-ROS2/build/asbir_navigation/build/lib/asbir_navigation/modelTest.py -> /home/asbir/ASBIR-ROS2/install/asbir_navigation/lib/python3.8/site-packages/asbir_navigation
copying /home/asbir/ASBIR-ROS2/build/asbir_navigation/build/lib/asbir_navigation/potentialField.py -> /home/asbir/ASBIR-ROS2/install/asbir_navigation/lib/python3.8/site-packages/asbir_navigation
copying /home/asbir/ASBIR-ROS2/build/asbir_navigation/build/lib/asbir_navigation/classes.py -> /home/asbir/ASBIR-ROS2/install/asbir_navigation/lib/python3.8/site-packages/asbir_navigation
copying /home/asbir/ASBIR-ROS2/build/asbir_navigation/build/lib/asbir_navigation/graphTest.py -> /home/asbir/ASBIR-ROS2/install/asbir_navigation/lib/python3.8/site-packages/asbir_navigation
copying /home/asbir/ASBIR-ROS2/build/asbir_navigation/build/lib/asbir_navigation/aStar.py -> /home/asbir/ASBIR-ROS2/install/asbir_navigation/lib/python3.8/site-packages/asbir_navigation
copying /home/asbir/ASBIR-ROS2/build/asbir_navigation/build/lib/asbir_navigation/frameTest.py -> /home/asbir/ASBIR-ROS2/install/asbir_navigation/lib/python3.8/site-packages/asbir_navigation
copying /home/asbir/ASBIR-ROS2/build/asbir_navigation/build/lib/asbir_navigation/transformations.py -> /home/asbir/ASBIR-ROS2/install/asbir_navigation/lib/python3.8/site-packages/asbir_navigation
copying /home/asbir/ASBIR-ROS2/build/asbir_navigation/build/lib/asbir_navigation/cameraLinkFrame.py -> /home/asbir/ASBIR-ROS2/install/asbir_navigation/lib/python3.8/site-packages/asbir_navigation
byte-compiling /home/asbir/ASBIR-ROS2/install/asbir_navigation/lib/python3.8/site-packages/asbir_navigation/servoSetZero.py to servoSetZero.cpython-38.pyc
byte-compiling /home/asbir/ASBIR-ROS2/install/asbir_navigation/lib/python3.8/site-packages/asbir_navigation/buildBestPath.py to buildBestPath.cpython-38.pyc
byte-compiling /home/asbir/ASBIR-ROS2/install/asbir_navigation/lib/python3.8/site-packages/asbir_navigation/__init__.py to __init__.cpython-38.pyc
byte-compiling /home/asbir/ASBIR-ROS2/install/asbir_navigation/lib/python3.8/site-packages/asbir_navigation/pathController.py to pathController.cpython-38.pyc
byte-compiling /home/asbir/ASBIR-ROS2/install/asbir_navigation/lib/python3.8/site-packages/asbir_navigation/processMesh.py to processMesh.cpython-38.pyc
byte-compiling /home/asbir/ASBIR-ROS2/install/asbir_navigation/lib/python3.8/site-packages/asbir_navigation/transformations_test.py to transformations_test.cpython-38.pyc
byte-compiling /home/asbir/ASBIR-ROS2/install/asbir_navigation/lib/python3.8/site-packages/asbir_navigation/pointPub.py to pointPub.cpython-38.pyc
byte-compiling /home/asbir/ASBIR-ROS2/install/asbir_navigation/lib/python3.8/site-packages/asbir_navigation/modelTest.py to modelTest.cpython-38.pyc
byte-compiling /home/asbir/ASBIR-ROS2/install/asbir_navigation/lib/python3.8/site-packages/asbir_navigation/potentialField.py to potentialField.cpython-38.pyc
byte-compiling /home/asbir/ASBIR-ROS2/install/asbir_navigation/lib/python3.8/site-packages/asbir_navigation/classes.py to classes.cpython-38.pyc
byte-compiling /home/asbir/ASBIR-ROS2/install/asbir_navigation/lib/python3.8/site-packages/asbir_navigation/graphTest.py to graphTest.cpython-38.pyc
byte-compiling /home/asbir/ASBIR-ROS2/install/asbir_navigation/lib/python3.8/site-packages/asbir_navigation/aStar.py to aStar.cpython-38.pyc
byte-compiling /home/asbir/ASBIR-ROS2/install/asbir_navigation/lib/python3.8/site-packages/asbir_navigation/frameTest.py to frameTest.cpython-38.pyc
byte-compiling /home/asbir/ASBIR-ROS2/install/asbir_navigation/lib/python3.8/site-packages/asbir_navigation/transformations.py to transformations.cpython-38.pyc
byte-compiling /home/asbir/ASBIR-ROS2/install/asbir_navigation/lib/python3.8/site-packages/asbir_navigation/cameraLinkFrame.py to cameraLinkFrame.cpython-38.pyc
running install_data
copying resource/asbir_navigation -> /home/asbir/ASBIR-ROS2/install/asbir_navigation/share/ament_index/resource_index/packages
copying package.xml -> /home/asbir/ASBIR-ROS2/install/asbir_navigation/share/asbir_navigation
running install_egg_info
removing '/home/asbir/ASBIR-ROS2/install/asbir_navigation/lib/python3.8/site-packages/asbir_navigation-0.0.0-py3.8.egg-info' (and everything under it)
Copying ../../build/asbir_navigation/asbir_navigation.egg-info to /home/asbir/ASBIR-ROS2/install/asbir_navigation/lib/python3.8/site-packages/asbir_navigation-0.0.0-py3.8.egg-info
running install_scripts
Installing buildBestPath script to /home/asbir/ASBIR-ROS2/install/asbir_navigation/lib/asbir_navigation
Installing cameraLink script to /home/asbir/ASBIR-ROS2/install/asbir_navigation/lib/asbir_navigation
Installing frameTest script to /home/asbir/ASBIR-ROS2/install/asbir_navigation/lib/asbir_navigation
Installing graphTest script to /home/asbir/ASBIR-ROS2/install/asbir_navigation/lib/asbir_navigation
Installing modelTest script to /home/asbir/ASBIR-ROS2/install/asbir_navigation/lib/asbir_navigation
Installing odomFrame script to /home/asbir/ASBIR-ROS2/install/asbir_navigation/lib/asbir_navigation
Installing pathController script to /home/asbir/ASBIR-ROS2/install/asbir_navigation/lib/asbir_navigation
Installing pointPub script to /home/asbir/ASBIR-ROS2/install/asbir_navigation/lib/asbir_navigation
Installing potentialField script to /home/asbir/ASBIR-ROS2/install/asbir_navigation/lib/asbir_navigation
Installing processMesh script to /home/asbir/ASBIR-ROS2/install/asbir_navigation/lib/asbir_navigation
Installing serialComm script to /home/asbir/ASBIR-ROS2/install/asbir_navigation/lib/asbir_navigation
Installing setZero script to /home/asbir/ASBIR-ROS2/install/asbir_navigation/lib/asbir_navigation
Installing teleop script to /home/asbir/ASBIR-ROS2/install/asbir_navigation/lib/asbir_navigation
writing list of installed files to '/home/asbir/ASBIR-ROS2/build/asbir_navigation/install.log'
