[20.100s] Invoking command in '/home/asbir/ASBIR-ROS2/src/asbir_navigation': PYTHONPATH=/home/asbir/ASBIR-ROS2/build/asbir_navigation/prefix_override:/home/asbir/ASBIR-ROS2/install/asbir_navigation/lib/python3.8/site-packages:${PYTHONPATH} /usr/bin/python3 setup.py egg_info --egg-base ../../build/asbir_navigation build --build-base /home/asbir/ASBIR-ROS2/build/asbir_navigation/build install --record /home/asbir/ASBIR-ROS2/build/asbir_navigation/install.log --install-scripts $base/lib/asbir_navigation --single-version-externally-managed
[24.208s] running egg_info
[24.244s] writing ../../build/asbir_navigation/asbir_navigation.egg-info/PKG-INFO
[24.252s] writing dependency_links to ../../build/asbir_navigation/asbir_navigation.egg-info/dependency_links.txt
[24.253s] writing entry points to ../../build/asbir_navigation/asbir_navigation.egg-info/entry_points.txt
[24.254s] writing requirements to ../../build/asbir_navigation/asbir_navigation.egg-info/requires.txt
[24.254s] writing top-level names to ../../build/asbir_navigation/asbir_navigation.egg-info/top_level.txt
[24.581s] reading manifest file '../../build/asbir_navigation/asbir_navigation.egg-info/SOURCES.txt'
[24.678s] writing manifest file '../../build/asbir_navigation/asbir_navigation.egg-info/SOURCES.txt'
[24.679s] running build
[24.680s] running build_py
[24.680s] copying asbir_navigation/servoSetZero.py -> /home/asbir/ASBIR-ROS2/build/asbir_navigation/build/lib/asbir_navigation
[24.681s] copying asbir_navigation/buildBestPath.py -> /home/asbir/ASBIR-ROS2/build/asbir_navigation/build/lib/asbir_navigation
[24.687s] copying asbir_navigation/__init__.py -> /home/asbir/ASBIR-ROS2/build/asbir_navigation/build/lib/asbir_navigation
[24.688s] copying asbir_navigation/pathController.py -> /home/asbir/ASBIR-ROS2/build/asbir_navigation/build/lib/asbir_navigation
[24.688s] copying asbir_navigation/processMesh.py -> /home/asbir/ASBIR-ROS2/build/asbir_navigation/build/lib/asbir_navigation
[24.689s] copying asbir_navigation/transformations_test.py -> /home/asbir/ASBIR-ROS2/build/asbir_navigation/build/lib/asbir_navigation
[24.690s] copying asbir_navigation/pointPub.py -> /home/asbir/ASBIR-ROS2/build/asbir_navigation/build/lib/asbir_navigation
[24.690s] copying asbir_navigation/modelTest.py -> /home/asbir/ASBIR-ROS2/build/asbir_navigation/build/lib/asbir_navigation
[24.691s] copying asbir_navigation/potentialField.py -> /home/asbir/ASBIR-ROS2/build/asbir_navigation/build/lib/asbir_navigation
[24.692s] copying asbir_navigation/classes.py -> /home/asbir/ASBIR-ROS2/build/asbir_navigation/build/lib/asbir_navigation
[24.692s] copying asbir_navigation/graphTest.py -> /home/asbir/ASBIR-ROS2/build/asbir_navigation/build/lib/asbir_navigation
[24.693s] copying asbir_navigation/aStar.py -> /home/asbir/ASBIR-ROS2/build/asbir_navigation/build/lib/asbir_navigation
[24.693s] copying asbir_navigation/frameTest.py -> /home/asbir/ASBIR-ROS2/build/asbir_navigation/build/lib/asbir_navigation
[24.696s] copying asbir_navigation/transformations.py -> /home/asbir/ASBIR-ROS2/build/asbir_navigation/build/lib/asbir_navigation
[24.697s] copying asbir_navigation/cameraLinkFrame.py -> /home/asbir/ASBIR-ROS2/build/asbir_navigation/build/lib/asbir_navigation
[24.697s] running install
[24.711s] running install_lib
[24.713s] copying /home/asbir/ASBIR-ROS2/build/asbir_navigation/build/lib/asbir_navigation/servoSetZero.py -> /home/asbir/ASBIR-ROS2/install/asbir_navigation/lib/python3.8/site-packages/asbir_navigation
[24.713s] copying /home/asbir/ASBIR-ROS2/build/asbir_navigation/build/lib/asbir_navigation/buildBestPath.py -> /home/asbir/ASBIR-ROS2/install/asbir_navigation/lib/python3.8/site-packages/asbir_navigation
[24.715s] copying /home/asbir/ASBIR-ROS2/build/asbir_navigation/build/lib/asbir_navigation/__init__.py -> /home/asbir/ASBIR-ROS2/install/asbir_navigation/lib/python3.8/site-packages/asbir_navigation
[24.715s] copying /home/asbir/ASBIR-ROS2/build/asbir_navigation/build/lib/asbir_navigation/pathController.py -> /home/asbir/ASBIR-ROS2/install/asbir_navigation/lib/python3.8/site-packages/asbir_navigation
[24.717s] copying /home/asbir/ASBIR-ROS2/build/asbir_navigation/build/lib/asbir_navigation/processMesh.py -> /home/asbir/ASBIR-ROS2/install/asbir_navigation/lib/python3.8/site-packages/asbir_navigation
[24.720s] copying /home/asbir/ASBIR-ROS2/build/asbir_navigation/build/lib/asbir_navigation/transformations_test.py -> /home/asbir/ASBIR-ROS2/install/asbir_navigation/lib/python3.8/site-packages/asbir_navigation
[24.721s] copying /home/asbir/ASBIR-ROS2/build/asbir_navigation/build/lib/asbir_navigation/pointPub.py -> /home/asbir/ASBIR-ROS2/install/asbir_navigation/lib/python3.8/site-packages/asbir_navigation
[24.725s] copying /home/asbir/ASBIR-ROS2/build/asbir_navigation/build/lib/asbir_navigation/modelTest.py -> /home/asbir/ASBIR-ROS2/install/asbir_navigation/lib/python3.8/site-packages/asbir_navigation
[24.725s] copying /home/asbir/ASBIR-ROS2/build/asbir_navigation/build/lib/asbir_navigation/potentialField.py -> /home/asbir/ASBIR-ROS2/install/asbir_navigation/lib/python3.8/site-packages/asbir_navigation
[24.728s] copying /home/asbir/ASBIR-ROS2/build/asbir_navigation/build/lib/asbir_navigation/classes.py -> /home/asbir/ASBIR-ROS2/install/asbir_navigation/lib/python3.8/site-packages/asbir_navigation
[24.733s] copying /home/asbir/ASBIR-ROS2/build/asbir_navigation/build/lib/asbir_navigation/graphTest.py -> /home/asbir/ASBIR-ROS2/install/asbir_navigation/lib/python3.8/site-packages/asbir_navigation
[24.734s] copying /home/asbir/ASBIR-ROS2/build/asbir_navigation/build/lib/asbir_navigation/aStar.py -> /home/asbir/ASBIR-ROS2/install/asbir_navigation/lib/python3.8/site-packages/asbir_navigation
[24.736s] copying /home/asbir/ASBIR-ROS2/build/asbir_navigation/build/lib/asbir_navigation/frameTest.py -> /home/asbir/ASBIR-ROS2/install/asbir_navigation/lib/python3.8/site-packages/asbir_navigation
[24.746s] copying /home/asbir/ASBIR-ROS2/build/asbir_navigation/build/lib/asbir_navigation/transformations.py -> /home/asbir/ASBIR-ROS2/install/asbir_navigation/lib/python3.8/site-packages/asbir_navigation
[24.746s] copying /home/asbir/ASBIR-ROS2/build/asbir_navigation/build/lib/asbir_navigation/cameraLinkFrame.py -> /home/asbir/ASBIR-ROS2/install/asbir_navigation/lib/python3.8/site-packages/asbir_navigation
[24.755s] byte-compiling /home/asbir/ASBIR-ROS2/install/asbir_navigation/lib/python3.8/site-packages/asbir_navigation/servoSetZero.py to servoSetZero.cpython-38.pyc
[24.768s] byte-compiling /home/asbir/ASBIR-ROS2/install/asbir_navigation/lib/python3.8/site-packages/asbir_navigation/buildBestPath.py to buildBestPath.cpython-38.pyc
[24.786s] byte-compiling /home/asbir/ASBIR-ROS2/install/asbir_navigation/lib/python3.8/site-packages/asbir_navigation/__init__.py to __init__.cpython-38.pyc
[24.787s] byte-compiling /home/asbir/ASBIR-ROS2/install/asbir_navigation/lib/python3.8/site-packages/asbir_navigation/pathController.py to pathController.cpython-38.pyc
[24.792s] byte-compiling /home/asbir/ASBIR-ROS2/install/asbir_navigation/lib/python3.8/site-packages/asbir_navigation/processMesh.py to processMesh.cpython-38.pyc
[24.801s] byte-compiling /home/asbir/ASBIR-ROS2/install/asbir_navigation/lib/python3.8/site-packages/asbir_navigation/transformations_test.py to transformations_test.cpython-38.pyc
[24.804s] byte-compiling /home/asbir/ASBIR-ROS2/install/asbir_navigation/lib/python3.8/site-packages/asbir_navigation/pointPub.py to pointPub.cpython-38.pyc
[24.807s] byte-compiling /home/asbir/ASBIR-ROS2/install/asbir_navigation/lib/python3.8/site-packages/asbir_navigation/modelTest.py to modelTest.cpython-38.pyc
[24.810s] byte-compiling /home/asbir/ASBIR-ROS2/install/asbir_navigation/lib/python3.8/site-packages/asbir_navigation/potentialField.py to potentialField.cpython-38.pyc
[24.832s] byte-compiling /home/asbir/ASBIR-ROS2/install/asbir_navigation/lib/python3.8/site-packages/asbir_navigation/classes.py to classes.cpython-38.pyc
[24.869s] byte-compiling /home/asbir/ASBIR-ROS2/install/asbir_navigation/lib/python3.8/site-packages/asbir_navigation/graphTest.py to graphTest.cpython-38.pyc
[24.906s] byte-compiling /home/asbir/ASBIR-ROS2/install/asbir_navigation/lib/python3.8/site-packages/asbir_navigation/aStar.py to aStar.cpython-38.pyc
[24.907s] byte-compiling /home/asbir/ASBIR-ROS2/install/asbir_navigation/lib/python3.8/site-packages/asbir_navigation/frameTest.py to frameTest.cpython-38.pyc
[24.907s] byte-compiling /home/asbir/ASBIR-ROS2/install/asbir_navigation/lib/python3.8/site-packages/asbir_navigation/transformations.py to transformations.cpython-38.pyc
[24.908s] byte-compiling /home/asbir/ASBIR-ROS2/install/asbir_navigation/lib/python3.8/site-packages/asbir_navigation/cameraLinkFrame.py to cameraLinkFrame.cpython-38.pyc
[24.908s] running install_data
[24.909s] copying resource/asbir_navigation -> /home/asbir/ASBIR-ROS2/install/asbir_navigation/share/ament_index/resource_index/packages
[24.911s] copying package.xml -> /home/asbir/ASBIR-ROS2/install/asbir_navigation/share/asbir_navigation
[24.912s] running install_egg_info
[24.913s] removing '/home/asbir/ASBIR-ROS2/install/asbir_navigation/lib/python3.8/site-packages/asbir_navigation-0.0.0-py3.8.egg-info' (and everything under it)
[24.915s] Copying ../../build/asbir_navigation/asbir_navigation.egg-info to /home/asbir/ASBIR-ROS2/install/asbir_navigation/lib/python3.8/site-packages/asbir_navigation-0.0.0-py3.8.egg-info
[25.013s] running install_scripts
[25.173s] Installing buildBestPath script to /home/asbir/ASBIR-ROS2/install/asbir_navigation/lib/asbir_navigation
[25.174s] Installing cameraLink script to /home/asbir/ASBIR-ROS2/install/asbir_navigation/lib/asbir_navigation
[25.175s] Installing frameTest script to /home/asbir/ASBIR-ROS2/install/asbir_navigation/lib/asbir_navigation
[25.176s] Installing graphTest script to /home/asbir/ASBIR-ROS2/install/asbir_navigation/lib/asbir_navigation
[25.176s] Installing modelTest script to /home/asbir/ASBIR-ROS2/install/asbir_navigation/lib/asbir_navigation
[25.180s] Installing odomFrame script to /home/asbir/ASBIR-ROS2/install/asbir_navigation/lib/asbir_navigation
[25.181s] Installing pathController script to /home/asbir/ASBIR-ROS2/install/asbir_navigation/lib/asbir_navigation
[25.181s] Installing pointPub script to /home/asbir/ASBIR-ROS2/install/asbir_navigation/lib/asbir_navigation
[25.182s] Installing potentialField script to /home/asbir/ASBIR-ROS2/install/asbir_navigation/lib/asbir_navigation
[25.182s] Installing processMesh script to /home/asbir/ASBIR-ROS2/install/asbir_navigation/lib/asbir_navigation
[25.183s] Installing serialComm script to /home/asbir/ASBIR-ROS2/install/asbir_navigation/lib/asbir_navigation
[25.183s] Installing setZero script to /home/asbir/ASBIR-ROS2/install/asbir_navigation/lib/asbir_navigation
[25.184s] Installing teleop script to /home/asbir/ASBIR-ROS2/install/asbir_navigation/lib/asbir_navigation
[25.185s] writing list of installed files to '/home/asbir/ASBIR-ROS2/build/asbir_navigation/install.log'
[25.834s] Invoked command in '/home/asbir/ASBIR-ROS2/src/asbir_navigation' returned '0': PYTHONPATH=/home/asbir/ASBIR-ROS2/build/asbir_navigation/prefix_override:/home/asbir/ASBIR-ROS2/install/asbir_navigation/lib/python3.8/site-packages:${PYTHONPATH} /usr/bin/python3 setup.py egg_info --egg-base ../../build/asbir_navigation build --build-base /home/asbir/ASBIR-ROS2/build/asbir_navigation/build install --record /home/asbir/ASBIR-ROS2/build/asbir_navigation/install.log --install-scripts $base/lib/asbir_navigation --single-version-externally-managed
