[2.683s] Invoking command in '/home/aralab/ASBIR-ROS2/src/asbir_rc': PYTHONPATH=/home/aralab/ASBIR-ROS2/build/asbir_rc/prefix_override:/home/aralab/ASBIR-ROS2/install/asbir_rc/lib/python3.8/site-packages:${PYTHONPATH} /usr/bin/python3 setup.py egg_info --egg-base ../../build/asbir_rc build --build-base /home/aralab/ASBIR-ROS2/build/asbir_rc/build install --record /home/aralab/ASBIR-ROS2/build/asbir_rc/install.log --install-scripts $base/lib/asbir_rc --single-version-externally-managed
[3.041s] running egg_info
[3.042s] writing ../../build/asbir_rc/asbir_rc.egg-info/PKG-INFO
[3.043s] writing dependency_links to ../../build/asbir_rc/asbir_rc.egg-info/dependency_links.txt
[3.043s] writing entry points to ../../build/asbir_rc/asbir_rc.egg-info/entry_points.txt
[3.043s] writing requirements to ../../build/asbir_rc/asbir_rc.egg-info/requires.txt
[3.043s] writing top-level names to ../../build/asbir_rc/asbir_rc.egg-info/top_level.txt
[3.088s] reading manifest file '../../build/asbir_rc/asbir_rc.egg-info/SOURCES.txt'
[3.089s] writing manifest file '../../build/asbir_rc/asbir_rc.egg-info/SOURCES.txt'
[3.089s] running build
[3.089s] running build_py
[3.090s] running install
[3.091s] running install_lib
[3.093s] running install_data
[3.094s] running install_egg_info
[3.102s] removing '/home/aralab/ASBIR-ROS2/install/asbir_rc/lib/python3.8/site-packages/asbir_rc-0.0.0-py3.8.egg-info' (and everything under it)
[3.102s] Copying ../../build/asbir_rc/asbir_rc.egg-info to /home/aralab/ASBIR-ROS2/install/asbir_rc/lib/python3.8/site-packages/asbir_rc-0.0.0-py3.8.egg-info
[3.102s] running install_scripts
[3.121s] Installing teleopGamepad script to /home/aralab/ASBIR-ROS2/install/asbir_rc/lib/asbir_rc
[3.122s] Installing teleopKeyboard script to /home/aralab/ASBIR-ROS2/install/asbir_rc/lib/asbir_rc
[3.122s] writing list of installed files to '/home/aralab/ASBIR-ROS2/build/asbir_rc/install.log'
[3.154s] Invoked command in '/home/aralab/ASBIR-ROS2/src/asbir_rc' returned '0': PYTHONPATH=/home/aralab/ASBIR-ROS2/build/asbir_rc/prefix_override:/home/aralab/ASBIR-ROS2/install/asbir_rc/lib/python3.8/site-packages:${PYTHONPATH} /usr/bin/python3 setup.py egg_info --egg-base ../../build/asbir_rc build --build-base /home/aralab/ASBIR-ROS2/build/asbir_rc/build install --record /home/aralab/ASBIR-ROS2/build/asbir_rc/install.log --install-scripts $base/lib/asbir_rc --single-version-externally-managed
