-- Create Release Build.
-- Found ament_cmake: 0.9.11 (/home/aralab/ros2_foxy/install/ament_cmake/share/ament_cmake/cmake)
-- Using PYTHON_EXECUTABLE: /usr/bin/python3
-- Found builtin_interfaces: 1.0.0 (/home/aralab/ros2_foxy/install/builtin_interfaces/share/builtin_interfaces/cmake)
-- Using all available rosidl_typesupport_c: rosidl_typesupport_introspection_c;rosidl_typesupport_fastrtps_c
-- Found rosidl_adapter: 1.3.0 (/home/aralab/ros2_foxy/install/rosidl_adapter/share/rosidl_adapter/cmake)
-- Using all available rosidl_typesupport_cpp: rosidl_typesupport_introspection_cpp;rosidl_typesupport_fastrtps_cpp
-- Found cv_bridge: 3.0.7 (/home/aralab/ASBIR-ROS2/install/cv_bridge/share/cv_bridge/cmake)
CMake Error at CMakeLists.txt:90 (find_package):
  By not providing "Findimage_transport.cmake" in CMAKE_MODULE_PATH this
  project has asked CMake to find a package configuration file provided by
  "image_transport", but CMake did not find one.

  Could not find a package configuration file provided by "image_transport"
  with any of the following names:

    image_transportConfig.cmake
    image_transport-config.cmake

  Add the installation prefix of "image_transport" to CMAKE_PREFIX_PATH or
  set "image_transport_DIR" to a directory containing one of the above files.
  If "image_transport" provides a separate development package or SDK, be
  sure it has been installed.


-- Configuring incomplete, errors occurred!
See also "/home/aralab/ASBIR-ROS2/build/realsense2_camera/CMakeFiles/CMakeOutput.log".
