[4.498s] Invoking command in '/home/aralab/ASBIR-ROS2/src/asbir_serial': PYTHONPATH=/home/aralab/ASBIR-ROS2/build/asbir_serial/prefix_override:/home/aralab/ASBIR-ROS2/install/asbir_serial/lib/python3.8/site-packages:${PYTHONPATH} /usr/bin/python3 setup.py egg_info --egg-base ../../build/asbir_serial build --build-base /home/aralab/ASBIR-ROS2/build/asbir_serial/build install --record /home/aralab/ASBIR-ROS2/build/asbir_serial/install.log --install-scripts $base/lib/asbir_serial --single-version-externally-managed
[5.304s] running egg_info
[5.304s] writing ../../build/asbir_serial/asbir_serial.egg-info/PKG-INFO
[5.305s] writing dependency_links to ../../build/asbir_serial/asbir_serial.egg-info/dependency_links.txt
[5.305s] writing entry points to ../../build/asbir_serial/asbir_serial.egg-info/entry_points.txt
[5.305s] writing requirements to ../../build/asbir_serial/asbir_serial.egg-info/requires.txt
[5.305s] writing top-level names to ../../build/asbir_serial/asbir_serial.egg-info/top_level.txt
[5.342s] reading manifest file '../../build/asbir_serial/asbir_serial.egg-info/SOURCES.txt'
[5.342s] writing manifest file '../../build/asbir_serial/asbir_serial.egg-info/SOURCES.txt'
[5.343s] running build
[5.343s] running build_py
[5.343s] running install
[5.345s] running install_lib
[5.349s] running install_data
[5.349s] running install_egg_info
[5.352s] removing '/home/aralab/ASBIR-ROS2/install/asbir_serial/lib/python3.8/site-packages/asbir_serial-0.0.0-py3.8.egg-info' (and everything under it)
[5.352s] Copying ../../build/asbir_serial/asbir_serial.egg-info to /home/aralab/ASBIR-ROS2/install/asbir_serial/lib/python3.8/site-packages/asbir_serial-0.0.0-py3.8.egg-info
[5.353s] running install_scripts
[5.384s] Installing serialComm script to /home/aralab/ASBIR-ROS2/install/asbir_serial/lib/asbir_serial
[5.385s] writing list of installed files to '/home/aralab/ASBIR-ROS2/build/asbir_serial/install.log'
[5.403s] Invoked command in '/home/aralab/ASBIR-ROS2/src/asbir_serial' returned '0': PYTHONPATH=/home/aralab/ASBIR-ROS2/build/asbir_serial/prefix_override:/home/aralab/ASBIR-ROS2/install/asbir_serial/lib/python3.8/site-packages:${PYTHONPATH} /usr/bin/python3 setup.py egg_info --egg-base ../../build/asbir_serial build --build-base /home/aralab/ASBIR-ROS2/build/asbir_serial/build install --record /home/aralab/ASBIR-ROS2/build/asbir_serial/install.log --install-scripts $base/lib/asbir_serial --single-version-externally-managed
