[2.144s] Invoking command in '/home/aralab/ASBIR-ROS2/src/asbir_status': PYTHONPATH=/home/aralab/ASBIR-ROS2/build/asbir_status/prefix_override:/home/aralab/ASBIR-ROS2/install/asbir_status/lib/python3.8/site-packages:${PYTHONPATH} /usr/bin/python3 setup.py egg_info --egg-base ../../build/asbir_status build --build-base /home/aralab/ASBIR-ROS2/build/asbir_status/build install --record /home/aralab/ASBIR-ROS2/build/asbir_status/install.log --install-scripts $base/lib/asbir_status --single-version-externally-managed
[2.409s] running egg_info
[2.410s] writing ../../build/asbir_status/asbir_status.egg-info/PKG-INFO
[2.411s] writing dependency_links to ../../build/asbir_status/asbir_status.egg-info/dependency_links.txt
[2.411s] writing entry points to ../../build/asbir_status/asbir_status.egg-info/entry_points.txt
[2.411s] writing requirements to ../../build/asbir_status/asbir_status.egg-info/requires.txt
[2.411s] writing top-level names to ../../build/asbir_status/asbir_status.egg-info/top_level.txt
[2.454s] reading manifest file '../../build/asbir_status/asbir_status.egg-info/SOURCES.txt'
[2.454s] writing manifest file '../../build/asbir_status/asbir_status.egg-info/SOURCES.txt'
[2.454s] running build
[2.455s] running build_py
[2.455s] copying asbir_status/nodeController.py -> /home/aralab/ASBIR-ROS2/build/asbir_status/build/lib/asbir_status
[2.455s] running install
[2.457s] running install_lib
[2.458s] copying /home/aralab/ASBIR-ROS2/build/asbir_status/build/lib/asbir_status/nodeController.py -> /home/aralab/ASBIR-ROS2/install/asbir_status/lib/python3.8/site-packages/asbir_status
[2.459s] byte-compiling /home/aralab/ASBIR-ROS2/install/asbir_status/lib/python3.8/site-packages/asbir_status/nodeController.py to nodeController.cpython-38.pyc
[2.461s] running install_data
[2.461s] running install_egg_info
[2.464s] removing '/home/aralab/ASBIR-ROS2/install/asbir_status/lib/python3.8/site-packages/asbir_status-0.0.0-py3.8.egg-info' (and everything under it)
[2.465s] Copying ../../build/asbir_status/asbir_status.egg-info to /home/aralab/ASBIR-ROS2/install/asbir_status/lib/python3.8/site-packages/asbir_status-0.0.0-py3.8.egg-info
[2.465s] running install_scripts
[2.488s] Installing nodeController script to /home/aralab/ASBIR-ROS2/install/asbir_status/lib/asbir_status
[2.490s] Installing statusListener script to /home/aralab/ASBIR-ROS2/install/asbir_status/lib/asbir_status
[2.490s] writing list of installed files to '/home/aralab/ASBIR-ROS2/build/asbir_status/install.log'
[2.575s] Invoked command in '/home/aralab/ASBIR-ROS2/src/asbir_status' returned '0': PYTHONPATH=/home/aralab/ASBIR-ROS2/build/asbir_status/prefix_override:/home/aralab/ASBIR-ROS2/install/asbir_status/lib/python3.8/site-packages:${PYTHONPATH} /usr/bin/python3 setup.py egg_info --egg-base ../../build/asbir_status build --build-base /home/aralab/ASBIR-ROS2/build/asbir_status/build install --record /home/aralab/ASBIR-ROS2/build/asbir_status/install.log --install-scripts $base/lib/asbir_status --single-version-externally-managed
