[2.475s] Invoking command in '/home/aralab/ASBIR-ROS2/src/asbir_status': PYTHONPATH=/home/aralab/ASBIR-ROS2/build/asbir_status/prefix_override:/home/aralab/ASBIR-ROS2/install/asbir_status/lib/python3.8/site-packages:${PYTHONPATH} /usr/bin/python3 setup.py egg_info --egg-base ../../build/asbir_status build --build-base /home/aralab/ASBIR-ROS2/build/asbir_status/build install --record /home/aralab/ASBIR-ROS2/build/asbir_status/install.log --install-scripts $base/lib/asbir_status --single-version-externally-managed
[2.784s] running egg_info
[2.784s] creating ../../build/asbir_status/asbir_status.egg-info
[2.785s] writing ../../build/asbir_status/asbir_status.egg-info/PKG-INFO
[2.789s] writing dependency_links to ../../build/asbir_status/asbir_status.egg-info/dependency_links.txt
[2.789s] writing entry points to ../../build/asbir_status/asbir_status.egg-info/entry_points.txt
[2.789s] writing requirements to ../../build/asbir_status/asbir_status.egg-info/requires.txt
[2.789s] writing top-level names to ../../build/asbir_status/asbir_status.egg-info/top_level.txt
[2.789s] writing manifest file '../../build/asbir_status/asbir_status.egg-info/SOURCES.txt'
[2.843s] reading manifest file '../../build/asbir_status/asbir_status.egg-info/SOURCES.txt'
[2.844s] writing manifest file '../../build/asbir_status/asbir_status.egg-info/SOURCES.txt'
[2.844s] running build
[2.844s] running build_py
[2.845s] creating /home/aralab/ASBIR-ROS2/build/asbir_status/build
[2.845s] creating /home/aralab/ASBIR-ROS2/build/asbir_status/build/lib
[2.845s] creating /home/aralab/ASBIR-ROS2/build/asbir_status/build/lib/asbir_status
[2.845s] copying asbir_status/nodeController.py -> /home/aralab/ASBIR-ROS2/build/asbir_status/build/lib/asbir_status
[2.845s] copying asbir_status/statusListener.py -> /home/aralab/ASBIR-ROS2/build/asbir_status/build/lib/asbir_status
[2.845s] copying asbir_status/__init__.py -> /home/aralab/ASBIR-ROS2/build/asbir_status/build/lib/asbir_status
[2.845s] running install
[2.845s] running install_lib
[2.850s] creating /home/aralab/ASBIR-ROS2/install/asbir_status/lib/python3.8/site-packages/asbir_status
[2.850s] copying /home/aralab/ASBIR-ROS2/build/asbir_status/build/lib/asbir_status/nodeController.py -> /home/aralab/ASBIR-ROS2/install/asbir_status/lib/python3.8/site-packages/asbir_status
[2.850s] copying /home/aralab/ASBIR-ROS2/build/asbir_status/build/lib/asbir_status/statusListener.py -> /home/aralab/ASBIR-ROS2/install/asbir_status/lib/python3.8/site-packages/asbir_status
[2.851s] copying /home/aralab/ASBIR-ROS2/build/asbir_status/build/lib/asbir_status/__init__.py -> /home/aralab/ASBIR-ROS2/install/asbir_status/lib/python3.8/site-packages/asbir_status
[2.851s] byte-compiling /home/aralab/ASBIR-ROS2/install/asbir_status/lib/python3.8/site-packages/asbir_status/nodeController.py to nodeController.cpython-38.pyc
[2.851s] byte-compiling /home/aralab/ASBIR-ROS2/install/asbir_status/lib/python3.8/site-packages/asbir_status/statusListener.py to statusListener.cpython-38.pyc
[2.851s] byte-compiling /home/aralab/ASBIR-ROS2/install/asbir_status/lib/python3.8/site-packages/asbir_status/__init__.py to __init__.cpython-38.pyc
[2.851s] running install_data
[2.851s] creating /home/aralab/ASBIR-ROS2/install/asbir_status/share/ament_index
[2.852s] creating /home/aralab/ASBIR-ROS2/install/asbir_status/share/ament_index/resource_index
[2.852s] creating /home/aralab/ASBIR-ROS2/install/asbir_status/share/ament_index/resource_index/packages
[2.852s] copying resource/asbir_status -> /home/aralab/ASBIR-ROS2/install/asbir_status/share/ament_index/resource_index/packages
[2.852s] copying package.xml -> /home/aralab/ASBIR-ROS2/install/asbir_status/share/asbir_status
[2.852s] running install_egg_info
[2.858s] Copying ../../build/asbir_status/asbir_status.egg-info to /home/aralab/ASBIR-ROS2/install/asbir_status/lib/python3.8/site-packages/asbir_status-0.0.0-py3.8.egg-info
[2.858s] running install_scripts
[2.887s] Installing nodeController script to /home/aralab/ASBIR-ROS2/install/asbir_status/lib/asbir_status
[2.887s] Installing statusListener script to /home/aralab/ASBIR-ROS2/install/asbir_status/lib/asbir_status
[2.887s] writing list of installed files to '/home/aralab/ASBIR-ROS2/build/asbir_status/install.log'
[2.924s] Invoked command in '/home/aralab/ASBIR-ROS2/src/asbir_status' returned '0': PYTHONPATH=/home/aralab/ASBIR-ROS2/build/asbir_status/prefix_override:/home/aralab/ASBIR-ROS2/install/asbir_status/lib/python3.8/site-packages:${PYTHONPATH} /usr/bin/python3 setup.py egg_info --egg-base ../../build/asbir_status build --build-base /home/aralab/ASBIR-ROS2/build/asbir_status/build install --record /home/aralab/ASBIR-ROS2/build/asbir_status/install.log --install-scripts $base/lib/asbir_status --single-version-externally-managed
