[3.556s] Invoking command in '/home/aralab/ASBIR-ROS2/src/asbir_rc': PYTHONPATH=/home/aralab/ASBIR-ROS2/build/asbir_rc/prefix_override:/home/aralab/ASBIR-ROS2/install/asbir_rc/lib/python3.8/site-packages:${PYTHONPATH} /usr/bin/python3 setup.py egg_info --egg-base ../../build/asbir_rc build --build-base /home/aralab/ASBIR-ROS2/build/asbir_rc/build install --record /home/aralab/ASBIR-ROS2/build/asbir_rc/install.log --install-scripts $base/lib/asbir_rc --single-version-externally-managed
[4.185s] running egg_info
[4.186s] creating ../../build/asbir_rc/asbir_rc.egg-info
[4.186s] writing ../../build/asbir_rc/asbir_rc.egg-info/PKG-INFO
[4.186s] writing dependency_links to ../../build/asbir_rc/asbir_rc.egg-info/dependency_links.txt
[4.186s] writing entry points to ../../build/asbir_rc/asbir_rc.egg-info/entry_points.txt
[4.186s] writing requirements to ../../build/asbir_rc/asbir_rc.egg-info/requires.txt
[4.186s] writing top-level names to ../../build/asbir_rc/asbir_rc.egg-info/top_level.txt
[4.189s] writing manifest file '../../build/asbir_rc/asbir_rc.egg-info/SOURCES.txt'
[4.223s] reading manifest file '../../build/asbir_rc/asbir_rc.egg-info/SOURCES.txt'
[4.223s] writing manifest file '../../build/asbir_rc/asbir_rc.egg-info/SOURCES.txt'
[4.223s] running build
[4.224s] running build_py
[4.224s] creating /home/aralab/ASBIR-ROS2/build/asbir_rc/build
[4.224s] creating /home/aralab/ASBIR-ROS2/build/asbir_rc/build/lib
[4.224s] creating /home/aralab/ASBIR-ROS2/build/asbir_rc/build/lib/asbir_rc
[4.224s] copying asbir_rc/teleop.py -> /home/aralab/ASBIR-ROS2/build/asbir_rc/build/lib/asbir_rc
[4.224s] copying asbir_rc/__init__.py -> /home/aralab/ASBIR-ROS2/build/asbir_rc/build/lib/asbir_rc
[4.224s] running install
[4.226s] running install_lib
[4.227s] creating /home/aralab/ASBIR-ROS2/install/asbir_rc/lib/python3.8/site-packages/asbir_rc
[4.227s] copying /home/aralab/ASBIR-ROS2/build/asbir_rc/build/lib/asbir_rc/teleop.py -> /home/aralab/ASBIR-ROS2/install/asbir_rc/lib/python3.8/site-packages/asbir_rc
[4.227s] copying /home/aralab/ASBIR-ROS2/build/asbir_rc/build/lib/asbir_rc/__init__.py -> /home/aralab/ASBIR-ROS2/install/asbir_rc/lib/python3.8/site-packages/asbir_rc
[4.229s] byte-compiling /home/aralab/ASBIR-ROS2/install/asbir_rc/lib/python3.8/site-packages/asbir_rc/teleop.py to teleop.cpython-38.pyc
[4.230s] byte-compiling /home/aralab/ASBIR-ROS2/install/asbir_rc/lib/python3.8/site-packages/asbir_rc/__init__.py to __init__.cpython-38.pyc
[4.231s] running install_data
[4.231s] creating /home/aralab/ASBIR-ROS2/install/asbir_rc/share/ament_index
[4.231s] creating /home/aralab/ASBIR-ROS2/install/asbir_rc/share/ament_index/resource_index
[4.231s] creating /home/aralab/ASBIR-ROS2/install/asbir_rc/share/ament_index/resource_index/packages
[4.232s] copying resource/asbir_rc -> /home/aralab/ASBIR-ROS2/install/asbir_rc/share/ament_index/resource_index/packages
[4.232s] copying package.xml -> /home/aralab/ASBIR-ROS2/install/asbir_rc/share/asbir_rc
[4.232s] running install_egg_info
[4.234s] Copying ../../build/asbir_rc/asbir_rc.egg-info to /home/aralab/ASBIR-ROS2/install/asbir_rc/lib/python3.8/site-packages/asbir_rc-0.0.0-py3.8.egg-info
[4.235s] running install_scripts
[4.264s] Installing teleop script to /home/aralab/ASBIR-ROS2/install/asbir_rc/lib/asbir_rc
[4.264s] writing list of installed files to '/home/aralab/ASBIR-ROS2/build/asbir_rc/install.log'
[4.331s] Invoked command in '/home/aralab/ASBIR-ROS2/src/asbir_rc' returned '0': PYTHONPATH=/home/aralab/ASBIR-ROS2/build/asbir_rc/prefix_override:/home/aralab/ASBIR-ROS2/install/asbir_rc/lib/python3.8/site-packages:${PYTHONPATH} /usr/bin/python3 setup.py egg_info --egg-base ../../build/asbir_rc build --build-base /home/aralab/ASBIR-ROS2/build/asbir_rc/build install --record /home/aralab/ASBIR-ROS2/build/asbir_rc/install.log --install-scripts $base/lib/asbir_rc --single-version-externally-managed
