[5.968s] Invoking command in '/home/asbir/ASBIR-ROS2/src/asbir_rc': PYTHONPATH=/home/asbir/ASBIR-ROS2/build/asbir_rc/prefix_override:/home/asbir/ASBIR-ROS2/install/asbir_rc/lib/python3.8/site-packages:${PYTHONPATH} /usr/bin/python3 setup.py egg_info --egg-base ../../build/asbir_rc build --build-base /home/asbir/ASBIR-ROS2/build/asbir_rc/build install --record /home/asbir/ASBIR-ROS2/build/asbir_rc/install.log --install-scripts $base/lib/asbir_rc --single-version-externally-managed
[8.082s] running egg_info
[8.084s] writing ../../build/asbir_rc/asbir_rc.egg-info/PKG-INFO
[8.086s] writing dependency_links to ../../build/asbir_rc/asbir_rc.egg-info/dependency_links.txt
[8.087s] writing entry points to ../../build/asbir_rc/asbir_rc.egg-info/entry_points.txt
[8.089s] writing requirements to ../../build/asbir_rc/asbir_rc.egg-info/requires.txt
[8.091s] writing top-level names to ../../build/asbir_rc/asbir_rc.egg-info/top_level.txt
[8.328s] reading manifest file '../../build/asbir_rc/asbir_rc.egg-info/SOURCES.txt'
[8.333s] writing manifest file '../../build/asbir_rc/asbir_rc.egg-info/SOURCES.txt'
[8.335s] running build
[8.335s] running build_py
[8.337s] running install
[8.356s] running install_lib
[8.374s] running install_data
[8.379s] running install_egg_info
[8.398s] removing '/home/asbir/ASBIR-ROS2/install/asbir_rc/lib/python3.8/site-packages/asbir_rc-0.0.0-py3.8.egg-info' (and everything under it)
[8.401s] Copying ../../build/asbir_rc/asbir_rc.egg-info to /home/asbir/ASBIR-ROS2/install/asbir_rc/lib/python3.8/site-packages/asbir_rc-0.0.0-py3.8.egg-info
[8.407s] running install_scripts
[8.541s] Installing teleopGamepad script to /home/asbir/ASBIR-ROS2/install/asbir_rc/lib/asbir_rc
[8.542s] Installing teleopKeyboard script to /home/asbir/ASBIR-ROS2/install/asbir_rc/lib/asbir_rc
[8.545s] writing list of installed files to '/home/asbir/ASBIR-ROS2/build/asbir_rc/install.log'
[8.662s] Invoked command in '/home/asbir/ASBIR-ROS2/src/asbir_rc' returned '0': PYTHONPATH=/home/asbir/ASBIR-ROS2/build/asbir_rc/prefix_override:/home/asbir/ASBIR-ROS2/install/asbir_rc/lib/python3.8/site-packages:${PYTHONPATH} /usr/bin/python3 setup.py egg_info --egg-base ../../build/asbir_rc build --build-base /home/asbir/ASBIR-ROS2/build/asbir_rc/build install --record /home/asbir/ASBIR-ROS2/build/asbir_rc/install.log --install-scripts $base/lib/asbir_rc --single-version-externally-managed
