[0.143s] Invoking command in '/home/aralab/ASBIR-ROS2/build/realsense2_camera_msgs': CMAKE_PREFIX_PATH=${CMAKE_PREFIX_PATH}:/home/aralab/ASBIR-ROS2/install/realsense2_description:/home/aralab/ASBIR-ROS2/install/rclpy_message_converter:/home/aralab/ros2_foxy/install/ros2bag:/home/aralab/ros2_foxy/install/tracetools_launch:/home/aralab/ros2_foxy/install/topic_monitor:/home/aralab/ros2_foxy/install/examples_tf2_py:/home/aralab/ros2_foxy/install/sros2:/home/aralab/ros2_foxy/install/rqt_topic:/home/aralab/ros2_foxy/install/rqt_top:/home/aralab/ros2_foxy/install/rqt_srv:/home/aralab/ros2_foxy/install/rqt_shell:/home/aralab/ros2_foxy/install/rqt_service_caller:/home/aralab/ros2_foxy/install/rqt_reconfigure:/home/aralab/ros2_foxy/install/rqt_py_console:/home/aralab/ros2_foxy/install/rqt_publisher:/home/aralab/ros2_foxy/install/rqt_plot:/home/aralab/ros2_foxy/install/rqt_action:/home/aralab/ros2_foxy/install/rqt_msg:/home/aralab/ros2_foxy/install/rqt_console:/home/aralab/ros2_foxy/install/rqt:/home/aralab/ros2_foxy/install/rqt_graph:/home/aralab/ros2_foxy/install/rqt_gui_py:/home/aralab/ros2_foxy/install/rqt_gui:/home/aralab/ros2_foxy/install/ros2trace:/home/aralab/ros2_foxy/install/ros2topic:/home/aralab/ros2_foxy/install/ros2test:/home/aralab/ros2_foxy/install/ros2component:/home/aralab/ros2_foxy/install/ros2param:/home/aralab/ros2_foxy/install/ros2lifecycle:/home/aralab/ros2_foxy/install/ros2service:/home/aralab/ros2_foxy/install/ros2run:/home/aralab/ros2_foxy/install/ros2launch:/home/aralab/ros2_foxy/install/ros2pkg:/home/aralab/ros2_foxy/install/ros2node:/home/aralab/ros2_foxy/install/ros2multicast:/home/aralab/ros2_foxy/install/ros2interface:/home/aralab/ros2_foxy/install/ros2doctor:/home/aralab/ros2_foxy/install/ros2action:/home/aralab/ros2_foxy/install/ros2cli:/home/aralab/ros2_foxy/install/quality_of_service_demo_py:/home/aralab/ros2_foxy/install/launch_testing_ros:/home/aralab/ros2_foxy/install/launch_ros:/home/aralab/ros2_foxy/install/examples_rclpy_minimal_subscriber:/home/aralab/ros2_foxy/install/examples_rclpy_minimal_service:/home/aralab/ros2_foxy/install/examples_rclpy_minimal_publisher:/home/aralab/ros2_foxy/install/examples_rclpy_minimal_client:/home/aralab/ros2_foxy/install/examples_rclpy_minimal_action_server:/home/aralab/ros2_foxy/install/examples_rclpy_minimal_action_client:/home/aralab/ros2_foxy/install/examples_rclpy_executors:/home/aralab/ros2_foxy/install/demo_nodes_py:/home/aralab/ros2_foxy/install/action_tutorials_py:/home/aralab/ros2_foxy/install/ament_uncrustify:/home/aralab/ros2_foxy/install/tracetools_trace:/home/aralab/ros2_foxy/install/tracetools_read:/home/aralab/ros2_foxy/install/test_launch_ros:/home/aralab/ros2_foxy/install/sensor_msgs_py:/home/aralab/ros2_foxy/install/rpyutils:/home/aralab/ros2_foxy/install/rosidl_runtime_py:/home/aralab/ros2_foxy/install/launch_yaml:/home/aralab/ros2_foxy/install/launch_xml:/home/aralab/ros2_foxy/install/launch_testing:/home/aralab/ros2_foxy/install/launch:/home/aralab/ros2_foxy/install/osrf_pycommon:/home/aralab/ros2_foxy/install/domain_coordinator:/home/aralab/ros2_foxy/install/ament_xmllint:/home/aralab/ros2_foxy/install/ament_pyflakes:/home/aralab/ros2_foxy/install/ament_pycodestyle:/home/aralab/ros2_foxy/install/ament_pep257:/home/aralab/ros2_foxy/install/ament_pclint:/home/aralab/ros2_foxy/install/ament_package:/home/aralab/ros2_foxy/install/ament_mypy:/home/aralab/ros2_foxy/install/ament_lint_cmake:/home/aralab/ros2_foxy/install/ament_flake8:/home/aralab/ros2_foxy/install/ament_copyright:/home/aralab/ros2_foxy/install/ament_lint:/home/aralab/ros2_foxy/install/ament_index_python:/home/aralab/ros2_foxy/install/ament_cpplint:/home/aralab/ros2_foxy/install/ament_cppcheck:/home/aralab/ros2_foxy/install/ament_clang_tidy:/home/aralab/ros2_foxy/install/ament_clang_format /usr/bin/cmake --build /home/aralab/ASBIR-ROS2/build/realsense2_camera_msgs -- -j12 -l12
[0.300s] [  2%] Built target realsense2_camera_msgs__cpp
[0.301s] [ 12%] Built target realsense2_camera_msgs__rosidl_generator_c
[0.378s] [ 23%] Built target realsense2_camera_msgs__rosidl_typesupport_cpp
[0.402s] [ 43%] Built target realsense2_camera_msgs__rosidl_typesupport_introspection_cpp
[0.403s] [ 43%] Built target realsense2_camera_msgs__rosidl_typesupport_fastrtps_cpp
[0.462s] [ 53%] Built target realsense2_camera_msgs__rosidl_typesupport_c
[0.468s] [ 64%] Built target realsense2_camera_msgs__rosidl_typesupport_introspection_c
[0.476s] [ 74%] Built target realsense2_camera_msgs__rosidl_typesupport_fastrtps_c
[0.530s] [ 74%] Built target realsense2_camera_msgs
[0.581s] [ 76%] Built target realsense2_camera_msgs__py
[0.657s] [ 84%] Built target realsense2_camera_msgs__python
[0.728s] [ 89%] Built target realsense2_camera_msgs__rosidl_typesupport_c__pyext
[0.735s] [ 94%] Built target realsense2_camera_msgs__rosidl_typesupport_fastrtps_c__pyext
[0.735s] [100%] Built target realsense2_camera_msgs__rosidl_typesupport_introspection_c__pyext
[0.765s] Invoked command in '/home/aralab/ASBIR-ROS2/build/realsense2_camera_msgs' returned '0': CMAKE_PREFIX_PATH=${CMAKE_PREFIX_PATH}:/home/aralab/ASBIR-ROS2/install/realsense2_description:/home/aralab/ASBIR-ROS2/install/rclpy_message_converter:/home/aralab/ros2_foxy/install/ros2bag:/home/aralab/ros2_foxy/install/tracetools_launch:/home/aralab/ros2_foxy/install/topic_monitor:/home/aralab/ros2_foxy/install/examples_tf2_py:/home/aralab/ros2_foxy/install/sros2:/home/aralab/ros2_foxy/install/rqt_topic:/home/aralab/ros2_foxy/install/rqt_top:/home/aralab/ros2_foxy/install/rqt_srv:/home/aralab/ros2_foxy/install/rqt_shell:/home/aralab/ros2_foxy/install/rqt_service_caller:/home/aralab/ros2_foxy/install/rqt_reconfigure:/home/aralab/ros2_foxy/install/rqt_py_console:/home/aralab/ros2_foxy/install/rqt_publisher:/home/aralab/ros2_foxy/install/rqt_plot:/home/aralab/ros2_foxy/install/rqt_action:/home/aralab/ros2_foxy/install/rqt_msg:/home/aralab/ros2_foxy/install/rqt_console:/home/aralab/ros2_foxy/install/rqt:/home/aralab/ros2_foxy/install/rqt_graph:/home/aralab/ros2_foxy/install/rqt_gui_py:/home/aralab/ros2_foxy/install/rqt_gui:/home/aralab/ros2_foxy/install/ros2trace:/home/aralab/ros2_foxy/install/ros2topic:/home/aralab/ros2_foxy/install/ros2test:/home/aralab/ros2_foxy/install/ros2component:/home/aralab/ros2_foxy/install/ros2param:/home/aralab/ros2_foxy/install/ros2lifecycle:/home/aralab/ros2_foxy/install/ros2service:/home/aralab/ros2_foxy/install/ros2run:/home/aralab/ros2_foxy/install/ros2launch:/home/aralab/ros2_foxy/install/ros2pkg:/home/aralab/ros2_foxy/install/ros2node:/home/aralab/ros2_foxy/install/ros2multicast:/home/aralab/ros2_foxy/install/ros2interface:/home/aralab/ros2_foxy/install/ros2doctor:/home/aralab/ros2_foxy/install/ros2action:/home/aralab/ros2_foxy/install/ros2cli:/home/aralab/ros2_foxy/install/quality_of_service_demo_py:/home/aralab/ros2_foxy/install/launch_testing_ros:/home/aralab/ros2_foxy/install/launch_ros:/home/aralab/ros2_foxy/install/examples_rclpy_minimal_subscriber:/home/aralab/ros2_foxy/install/examples_rclpy_minimal_service:/home/aralab/ros2_foxy/install/examples_rclpy_minimal_publisher:/home/aralab/ros2_foxy/install/examples_rclpy_minimal_client:/home/aralab/ros2_foxy/install/examples_rclpy_minimal_action_server:/home/aralab/ros2_foxy/install/examples_rclpy_minimal_action_client:/home/aralab/ros2_foxy/install/examples_rclpy_executors:/home/aralab/ros2_foxy/install/demo_nodes_py:/home/aralab/ros2_foxy/install/action_tutorials_py:/home/aralab/ros2_foxy/install/ament_uncrustify:/home/aralab/ros2_foxy/install/tracetools_trace:/home/aralab/ros2_foxy/install/tracetools_read:/home/aralab/ros2_foxy/install/test_launch_ros:/home/aralab/ros2_foxy/install/sensor_msgs_py:/home/aralab/ros2_foxy/install/rpyutils:/home/aralab/ros2_foxy/install/rosidl_runtime_py:/home/aralab/ros2_foxy/install/launch_yaml:/home/aralab/ros2_foxy/install/launch_xml:/home/aralab/ros2_foxy/install/launch_testing:/home/aralab/ros2_foxy/install/launch:/home/aralab/ros2_foxy/install/osrf_pycommon:/home/aralab/ros2_foxy/install/domain_coordinator:/home/aralab/ros2_foxy/install/ament_xmllint:/home/aralab/ros2_foxy/install/ament_pyflakes:/home/aralab/ros2_foxy/install/ament_pycodestyle:/home/aralab/ros2_foxy/install/ament_pep257:/home/aralab/ros2_foxy/install/ament_pclint:/home/aralab/ros2_foxy/install/ament_package:/home/aralab/ros2_foxy/install/ament_mypy:/home/aralab/ros2_foxy/install/ament_lint_cmake:/home/aralab/ros2_foxy/install/ament_flake8:/home/aralab/ros2_foxy/install/ament_copyright:/home/aralab/ros2_foxy/install/ament_lint:/home/aralab/ros2_foxy/install/ament_index_python:/home/aralab/ros2_foxy/install/ament_cpplint:/home/aralab/ros2_foxy/install/ament_cppcheck:/home/aralab/ros2_foxy/install/ament_clang_tidy:/home/aralab/ros2_foxy/install/ament_clang_format /usr/bin/cmake --build /home/aralab/ASBIR-ROS2/build/realsense2_camera_msgs -- -j12 -l12
[1.096s] Invoking command in '/home/aralab/ASBIR-ROS2/build/realsense2_camera_msgs': CMAKE_PREFIX_PATH=${CMAKE_PREFIX_PATH}:/home/aralab/ASBIR-ROS2/install/realsense2_description:/home/aralab/ASBIR-ROS2/install/rclpy_message_converter:/home/aralab/ros2_foxy/install/ros2bag:/home/aralab/ros2_foxy/install/tracetools_launch:/home/aralab/ros2_foxy/install/topic_monitor:/home/aralab/ros2_foxy/install/examples_tf2_py:/home/aralab/ros2_foxy/install/sros2:/home/aralab/ros2_foxy/install/rqt_topic:/home/aralab/ros2_foxy/install/rqt_top:/home/aralab/ros2_foxy/install/rqt_srv:/home/aralab/ros2_foxy/install/rqt_shell:/home/aralab/ros2_foxy/install/rqt_service_caller:/home/aralab/ros2_foxy/install/rqt_reconfigure:/home/aralab/ros2_foxy/install/rqt_py_console:/home/aralab/ros2_foxy/install/rqt_publisher:/home/aralab/ros2_foxy/install/rqt_plot:/home/aralab/ros2_foxy/install/rqt_action:/home/aralab/ros2_foxy/install/rqt_msg:/home/aralab/ros2_foxy/install/rqt_console:/home/aralab/ros2_foxy/install/rqt:/home/aralab/ros2_foxy/install/rqt_graph:/home/aralab/ros2_foxy/install/rqt_gui_py:/home/aralab/ros2_foxy/install/rqt_gui:/home/aralab/ros2_foxy/install/ros2trace:/home/aralab/ros2_foxy/install/ros2topic:/home/aralab/ros2_foxy/install/ros2test:/home/aralab/ros2_foxy/install/ros2component:/home/aralab/ros2_foxy/install/ros2param:/home/aralab/ros2_foxy/install/ros2lifecycle:/home/aralab/ros2_foxy/install/ros2service:/home/aralab/ros2_foxy/install/ros2run:/home/aralab/ros2_foxy/install/ros2launch:/home/aralab/ros2_foxy/install/ros2pkg:/home/aralab/ros2_foxy/install/ros2node:/home/aralab/ros2_foxy/install/ros2multicast:/home/aralab/ros2_foxy/install/ros2interface:/home/aralab/ros2_foxy/install/ros2doctor:/home/aralab/ros2_foxy/install/ros2action:/home/aralab/ros2_foxy/install/ros2cli:/home/aralab/ros2_foxy/install/quality_of_service_demo_py:/home/aralab/ros2_foxy/install/launch_testing_ros:/home/aralab/ros2_foxy/install/launch_ros:/home/aralab/ros2_foxy/install/examples_rclpy_minimal_subscriber:/home/aralab/ros2_foxy/install/examples_rclpy_minimal_service:/home/aralab/ros2_foxy/install/examples_rclpy_minimal_publisher:/home/aralab/ros2_foxy/install/examples_rclpy_minimal_client:/home/aralab/ros2_foxy/install/examples_rclpy_minimal_action_server:/home/aralab/ros2_foxy/install/examples_rclpy_minimal_action_client:/home/aralab/ros2_foxy/install/examples_rclpy_executors:/home/aralab/ros2_foxy/install/demo_nodes_py:/home/aralab/ros2_foxy/install/action_tutorials_py:/home/aralab/ros2_foxy/install/ament_uncrustify:/home/aralab/ros2_foxy/install/tracetools_trace:/home/aralab/ros2_foxy/install/tracetools_read:/home/aralab/ros2_foxy/install/test_launch_ros:/home/aralab/ros2_foxy/install/sensor_msgs_py:/home/aralab/ros2_foxy/install/rpyutils:/home/aralab/ros2_foxy/install/rosidl_runtime_py:/home/aralab/ros2_foxy/install/launch_yaml:/home/aralab/ros2_foxy/install/launch_xml:/home/aralab/ros2_foxy/install/launch_testing:/home/aralab/ros2_foxy/install/launch:/home/aralab/ros2_foxy/install/osrf_pycommon:/home/aralab/ros2_foxy/install/domain_coordinator:/home/aralab/ros2_foxy/install/ament_xmllint:/home/aralab/ros2_foxy/install/ament_pyflakes:/home/aralab/ros2_foxy/install/ament_pycodestyle:/home/aralab/ros2_foxy/install/ament_pep257:/home/aralab/ros2_foxy/install/ament_pclint:/home/aralab/ros2_foxy/install/ament_package:/home/aralab/ros2_foxy/install/ament_mypy:/home/aralab/ros2_foxy/install/ament_lint_cmake:/home/aralab/ros2_foxy/install/ament_flake8:/home/aralab/ros2_foxy/install/ament_copyright:/home/aralab/ros2_foxy/install/ament_lint:/home/aralab/ros2_foxy/install/ament_index_python:/home/aralab/ros2_foxy/install/ament_cpplint:/home/aralab/ros2_foxy/install/ament_cppcheck:/home/aralab/ros2_foxy/install/ament_clang_tidy:/home/aralab/ros2_foxy/install/ament_clang_format /usr/bin/cmake --install /home/aralab/ASBIR-ROS2/build/realsense2_camera_msgs
[1.118s] -- Install configuration: ""
[1.118s] -- Up-to-date: /home/aralab/ASBIR-ROS2/install/realsense2_camera_msgs/share/ament_index/resource_index/rosidl_interfaces/realsense2_camera_msgs
[1.118s] -- Up-to-date: /home/aralab/ASBIR-ROS2/install/realsense2_camera_msgs/include/realsense2_camera_msgs
[1.118s] -- Up-to-date: /home/aralab/ASBIR-ROS2/install/realsense2_camera_msgs/include/realsense2_camera_msgs/srv
[1.123s] -- Up-to-date: /home/aralab/ASBIR-ROS2/install/realsense2_camera_msgs/include/realsense2_camera_msgs/srv/device_info.h
[1.123s] -- Up-to-date: /home/aralab/ASBIR-ROS2/install/realsense2_camera_msgs/include/realsense2_camera_msgs/srv/detail
[1.123s] -- Up-to-date: /home/aralab/ASBIR-ROS2/install/realsense2_camera_msgs/include/realsense2_camera_msgs/srv/detail/device_info__functions.c
[1.123s] -- Up-to-date: /home/aralab/ASBIR-ROS2/install/realsense2_camera_msgs/include/realsense2_camera_msgs/srv/detail/device_info__struct.h
[1.124s] -- Up-to-date: /home/aralab/ASBIR-ROS2/install/realsense2_camera_msgs/include/realsense2_camera_msgs/srv/detail/device_info__functions.h
[1.124s] -- Up-to-date: /home/aralab/ASBIR-ROS2/install/realsense2_camera_msgs/include/realsense2_camera_msgs/srv/detail/device_info__type_support.h
[1.124s] -- Up-to-date: /home/aralab/ASBIR-ROS2/install/realsense2_camera_msgs/include/realsense2_camera_msgs/msg
[1.124s] -- Up-to-date: /home/aralab/ASBIR-ROS2/install/realsense2_camera_msgs/include/realsense2_camera_msgs/msg/imu_info.h
[1.125s] -- Up-to-date: /home/aralab/ASBIR-ROS2/install/realsense2_camera_msgs/include/realsense2_camera_msgs/msg/metadata.h
[1.125s] -- Up-to-date: /home/aralab/ASBIR-ROS2/install/realsense2_camera_msgs/include/realsense2_camera_msgs/msg/detail
[1.131s] -- Up-to-date: /home/aralab/ASBIR-ROS2/install/realsense2_camera_msgs/include/realsense2_camera_msgs/msg/detail/metadata__functions.h
[1.131s] -- Up-to-date: /home/aralab/ASBIR-ROS2/install/realsense2_camera_msgs/include/realsense2_camera_msgs/msg/detail/imu_info__struct.h
[1.132s] -- Up-to-date: /home/aralab/ASBIR-ROS2/install/realsense2_camera_msgs/include/realsense2_camera_msgs/msg/detail/extrinsics__struct.h
[1.132s] -- Up-to-date: /home/aralab/ASBIR-ROS2/install/realsense2_camera_msgs/include/realsense2_camera_msgs/msg/detail/extrinsics__functions.c
[1.132s] -- Up-to-date: /home/aralab/ASBIR-ROS2/install/realsense2_camera_msgs/include/realsense2_camera_msgs/msg/detail/imu_info__functions.c
[1.132s] -- Up-to-date: /home/aralab/ASBIR-ROS2/install/realsense2_camera_msgs/include/realsense2_camera_msgs/msg/detail/extrinsics__type_support.h
[1.133s] -- Up-to-date: /home/aralab/ASBIR-ROS2/install/realsense2_camera_msgs/include/realsense2_camera_msgs/msg/detail/extrinsics__functions.h
[1.133s] -- Up-to-date: /home/aralab/ASBIR-ROS2/install/realsense2_camera_msgs/include/realsense2_camera_msgs/msg/detail/metadata__functions.c
[1.133s] -- Up-to-date: /home/aralab/ASBIR-ROS2/install/realsense2_camera_msgs/include/realsense2_camera_msgs/msg/detail/imu_info__functions.h
[1.138s] -- Up-to-date: /home/aralab/ASBIR-ROS2/install/realsense2_camera_msgs/include/realsense2_camera_msgs/msg/detail/metadata__type_support.h
[1.138s] -- Up-to-date: /home/aralab/ASBIR-ROS2/install/realsense2_camera_msgs/include/realsense2_camera_msgs/msg/detail/metadata__struct.h
[1.138s] -- Up-to-date: /home/aralab/ASBIR-ROS2/install/realsense2_camera_msgs/include/realsense2_camera_msgs/msg/detail/imu_info__type_support.h
[1.138s] -- Up-to-date: /home/aralab/ASBIR-ROS2/install/realsense2_camera_msgs/include/realsense2_camera_msgs/msg/extrinsics.h
[1.139s] -- Up-to-date: /home/aralab/ASBIR-ROS2/install/realsense2_camera_msgs/include/realsense2_camera_msgs/msg/rosidl_generator_c__visibility_control.h
[1.139s] -- Up-to-date: /home/aralab/ASBIR-ROS2/install/realsense2_camera_msgs/share/realsense2_camera_msgs/environment/library_path.sh
[1.139s] -- Up-to-date: /home/aralab/ASBIR-ROS2/install/realsense2_camera_msgs/share/realsense2_camera_msgs/environment/library_path.dsv
[1.139s] -- Up-to-date: /home/aralab/ASBIR-ROS2/install/realsense2_camera_msgs/lib/librealsense2_camera_msgs__rosidl_generator_c.so
[1.139s] -- Up-to-date: /home/aralab/ASBIR-ROS2/install/realsense2_camera_msgs/include/realsense2_camera_msgs
[1.140s] -- Up-to-date: /home/aralab/ASBIR-ROS2/install/realsense2_camera_msgs/include/realsense2_camera_msgs/srv
[1.140s] -- Up-to-date: /home/aralab/ASBIR-ROS2/install/realsense2_camera_msgs/include/realsense2_camera_msgs/srv/detail
[1.140s] -- Up-to-date: /home/aralab/ASBIR-ROS2/install/realsense2_camera_msgs/include/realsense2_camera_msgs/srv/detail/device_info__rosidl_typesupport_introspection_c.h
[1.140s] -- Up-to-date: /home/aralab/ASBIR-ROS2/install/realsense2_camera_msgs/include/realsense2_camera_msgs/srv/detail/device_info__type_support.c
[1.140s] -- Up-to-date: /home/aralab/ASBIR-ROS2/install/realsense2_camera_msgs/include/realsense2_camera_msgs/msg
[1.146s] -- Up-to-date: /home/aralab/ASBIR-ROS2/install/realsense2_camera_msgs/include/realsense2_camera_msgs/msg/rosidl_typesupport_introspection_c__visibility_control.h
[1.147s] -- Up-to-date: /home/aralab/ASBIR-ROS2/install/realsense2_camera_msgs/include/realsense2_camera_msgs/msg/detail
[1.147s] -- Up-to-date: /home/aralab/ASBIR-ROS2/install/realsense2_camera_msgs/include/realsense2_camera_msgs/msg/detail/metadata__type_support.c
[1.147s] -- Up-to-date: /home/aralab/ASBIR-ROS2/install/realsense2_camera_msgs/include/realsense2_camera_msgs/msg/detail/metadata__rosidl_typesupport_introspection_c.h
[1.147s] -- Up-to-date: /home/aralab/ASBIR-ROS2/install/realsense2_camera_msgs/include/realsense2_camera_msgs/msg/detail/extrinsics__type_support.c
[1.148s] -- Up-to-date: /home/aralab/ASBIR-ROS2/install/realsense2_camera_msgs/include/realsense2_camera_msgs/msg/detail/imu_info__rosidl_typesupport_introspection_c.h
[1.148s] -- Up-to-date: /home/aralab/ASBIR-ROS2/install/realsense2_camera_msgs/include/realsense2_camera_msgs/msg/detail/imu_info__type_support.c
[1.148s] -- Up-to-date: /home/aralab/ASBIR-ROS2/install/realsense2_camera_msgs/include/realsense2_camera_msgs/msg/detail/extrinsics__rosidl_typesupport_introspection_c.h
[1.148s] -- Up-to-date: /home/aralab/ASBIR-ROS2/install/realsense2_camera_msgs/lib/librealsense2_camera_msgs__rosidl_typesupport_introspection_c.so
[1.148s] -- Up-to-date: /home/aralab/ASBIR-ROS2/install/realsense2_camera_msgs/include/realsense2_camera_msgs
[1.148s] -- Up-to-date: /home/aralab/ASBIR-ROS2/install/realsense2_camera_msgs/include/realsense2_camera_msgs/srv
[1.148s] -- Up-to-date: /home/aralab/ASBIR-ROS2/install/realsense2_camera_msgs/include/realsense2_camera_msgs/srv/detail
[1.149s] -- Up-to-date: /home/aralab/ASBIR-ROS2/install/realsense2_camera_msgs/include/realsense2_camera_msgs/srv/detail/device_info__rosidl_typesupport_fastrtps_c.h
[1.149s] -- Up-to-date: /home/aralab/ASBIR-ROS2/install/realsense2_camera_msgs/include/realsense2_camera_msgs/msg
[1.149s] -- Up-to-date: /home/aralab/ASBIR-ROS2/install/realsense2_camera_msgs/include/realsense2_camera_msgs/msg/detail
[1.149s] -- Up-to-date: /home/aralab/ASBIR-ROS2/install/realsense2_camera_msgs/include/realsense2_camera_msgs/msg/detail/imu_info__rosidl_typesupport_fastrtps_c.h
[1.149s] -- Up-to-date: /home/aralab/ASBIR-ROS2/install/realsense2_camera_msgs/include/realsense2_camera_msgs/msg/detail/extrinsics__rosidl_typesupport_fastrtps_c.h
[1.149s] -- Up-to-date: /home/aralab/ASBIR-ROS2/install/realsense2_camera_msgs/include/realsense2_camera_msgs/msg/detail/metadata__rosidl_typesupport_fastrtps_c.h
[1.150s] -- Up-to-date: /home/aralab/ASBIR-ROS2/install/realsense2_camera_msgs/include/realsense2_camera_msgs/msg/rosidl_typesupport_fastrtps_c__visibility_control.h
[1.150s] -- Up-to-date: /home/aralab/ASBIR-ROS2/install/realsense2_camera_msgs/lib/librealsense2_camera_msgs__rosidl_typesupport_fastrtps_c.so
[1.150s] -- Up-to-date: /home/aralab/ASBIR-ROS2/install/realsense2_camera_msgs/include/realsense2_camera_msgs
[1.150s] -- Up-to-date: /home/aralab/ASBIR-ROS2/install/realsense2_camera_msgs/include/realsense2_camera_msgs/srv
[1.150s] -- Up-to-date: /home/aralab/ASBIR-ROS2/install/realsense2_camera_msgs/include/realsense2_camera_msgs/srv/detail
[1.150s] -- Up-to-date: /home/aralab/ASBIR-ROS2/install/realsense2_camera_msgs/include/realsense2_camera_msgs/srv/detail/device_info__rosidl_typesupport_fastrtps_cpp.hpp
[1.151s] -- Up-to-date: /home/aralab/ASBIR-ROS2/install/realsense2_camera_msgs/include/realsense2_camera_msgs/srv/detail/dds_fastrtps
[1.151s] -- Up-to-date: /home/aralab/ASBIR-ROS2/install/realsense2_camera_msgs/include/realsense2_camera_msgs/msg
[1.151s] -- Up-to-date: /home/aralab/ASBIR-ROS2/install/realsense2_camera_msgs/include/realsense2_camera_msgs/msg/detail
[1.151s] -- Up-to-date: /home/aralab/ASBIR-ROS2/install/realsense2_camera_msgs/include/realsense2_camera_msgs/msg/detail/extrinsics__rosidl_typesupport_fastrtps_cpp.hpp
[1.151s] -- Up-to-date: /home/aralab/ASBIR-ROS2/install/realsense2_camera_msgs/include/realsense2_camera_msgs/msg/detail/imu_info__rosidl_typesupport_fastrtps_cpp.hpp
[1.151s] -- Up-to-date: /home/aralab/ASBIR-ROS2/install/realsense2_camera_msgs/include/realsense2_camera_msgs/msg/detail/dds_fastrtps
[1.151s] -- Up-to-date: /home/aralab/ASBIR-ROS2/install/realsense2_camera_msgs/include/realsense2_camera_msgs/msg/detail/metadata__rosidl_typesupport_fastrtps_cpp.hpp
[1.152s] -- Up-to-date: /home/aralab/ASBIR-ROS2/install/realsense2_camera_msgs/include/realsense2_camera_msgs/msg/rosidl_typesupport_fastrtps_cpp__visibility_control.h
[1.152s] -- Up-to-date: /home/aralab/ASBIR-ROS2/install/realsense2_camera_msgs/lib/librealsense2_camera_msgs__rosidl_typesupport_fastrtps_cpp.so
[1.152s] -- Up-to-date: /home/aralab/ASBIR-ROS2/install/realsense2_camera_msgs/lib/librealsense2_camera_msgs__rosidl_typesupport_c.so
[1.152s] -- Up-to-date: /home/aralab/ASBIR-ROS2/install/realsense2_camera_msgs/include/realsense2_camera_msgs
[1.152s] -- Up-to-date: /home/aralab/ASBIR-ROS2/install/realsense2_camera_msgs/include/realsense2_camera_msgs/srv
[1.152s] -- Up-to-date: /home/aralab/ASBIR-ROS2/install/realsense2_camera_msgs/include/realsense2_camera_msgs/srv/device_info.hpp
[1.152s] -- Up-to-date: /home/aralab/ASBIR-ROS2/install/realsense2_camera_msgs/include/realsense2_camera_msgs/srv/detail
[1.153s] -- Up-to-date: /home/aralab/ASBIR-ROS2/install/realsense2_camera_msgs/include/realsense2_camera_msgs/srv/detail/device_info__struct.hpp
[1.153s] -- Up-to-date: /home/aralab/ASBIR-ROS2/install/realsense2_camera_msgs/include/realsense2_camera_msgs/srv/detail/device_info__builder.hpp
[1.153s] -- Up-to-date: /home/aralab/ASBIR-ROS2/install/realsense2_camera_msgs/include/realsense2_camera_msgs/srv/detail/device_info__traits.hpp
[1.153s] -- Up-to-date: /home/aralab/ASBIR-ROS2/install/realsense2_camera_msgs/include/realsense2_camera_msgs/msg
[1.153s] -- Up-to-date: /home/aralab/ASBIR-ROS2/install/realsense2_camera_msgs/include/realsense2_camera_msgs/msg/imu_info.hpp
[1.153s] -- Up-to-date: /home/aralab/ASBIR-ROS2/install/realsense2_camera_msgs/include/realsense2_camera_msgs/msg/extrinsics.hpp
[1.154s] -- Up-to-date: /home/aralab/ASBIR-ROS2/install/realsense2_camera_msgs/include/realsense2_camera_msgs/msg/detail
[1.154s] -- Up-to-date: /home/aralab/ASBIR-ROS2/install/realsense2_camera_msgs/include/realsense2_camera_msgs/msg/detail/metadata__struct.hpp
[1.154s] -- Up-to-date: /home/aralab/ASBIR-ROS2/install/realsense2_camera_msgs/include/realsense2_camera_msgs/msg/detail/imu_info__traits.hpp
[1.154s] -- Up-to-date: /home/aralab/ASBIR-ROS2/install/realsense2_camera_msgs/include/realsense2_camera_msgs/msg/detail/extrinsics__traits.hpp
[1.154s] -- Up-to-date: /home/aralab/ASBIR-ROS2/install/realsense2_camera_msgs/include/realsense2_camera_msgs/msg/detail/extrinsics__struct.hpp
[1.154s] -- Up-to-date: /home/aralab/ASBIR-ROS2/install/realsense2_camera_msgs/include/realsense2_camera_msgs/msg/detail/extrinsics__builder.hpp
[1.154s] -- Up-to-date: /home/aralab/ASBIR-ROS2/install/realsense2_camera_msgs/include/realsense2_camera_msgs/msg/detail/imu_info__struct.hpp
[1.154s] -- Up-to-date: /home/aralab/ASBIR-ROS2/install/realsense2_camera_msgs/include/realsense2_camera_msgs/msg/detail/metadata__traits.hpp
[1.155s] -- Up-to-date: /home/aralab/ASBIR-ROS2/install/realsense2_camera_msgs/include/realsense2_camera_msgs/msg/detail/metadata__builder.hpp
[1.155s] -- Up-to-date: /home/aralab/ASBIR-ROS2/install/realsense2_camera_msgs/include/realsense2_camera_msgs/msg/detail/imu_info__builder.hpp
[1.155s] -- Up-to-date: /home/aralab/ASBIR-ROS2/install/realsense2_camera_msgs/include/realsense2_camera_msgs/msg/metadata.hpp
[1.155s] -- Up-to-date: /home/aralab/ASBIR-ROS2/install/realsense2_camera_msgs/include/realsense2_camera_msgs
[1.155s] -- Up-to-date: /home/aralab/ASBIR-ROS2/install/realsense2_camera_msgs/include/realsense2_camera_msgs/srv
[1.155s] -- Up-to-date: /home/aralab/ASBIR-ROS2/install/realsense2_camera_msgs/include/realsense2_camera_msgs/srv/detail
[1.155s] -- Up-to-date: /home/aralab/ASBIR-ROS2/install/realsense2_camera_msgs/include/realsense2_camera_msgs/srv/detail/device_info__type_support.cpp
[1.155s] -- Up-to-date: /home/aralab/ASBIR-ROS2/install/realsense2_camera_msgs/include/realsense2_camera_msgs/srv/detail/device_info__rosidl_typesupport_introspection_cpp.hpp
[1.156s] -- Up-to-date: /home/aralab/ASBIR-ROS2/install/realsense2_camera_msgs/include/realsense2_camera_msgs/msg
[1.156s] -- Up-to-date: /home/aralab/ASBIR-ROS2/install/realsense2_camera_msgs/include/realsense2_camera_msgs/msg/detail
[1.156s] -- Up-to-date: /home/aralab/ASBIR-ROS2/install/realsense2_camera_msgs/include/realsense2_camera_msgs/msg/detail/extrinsics__type_support.cpp
[1.156s] -- Up-to-date: /home/aralab/ASBIR-ROS2/install/realsense2_camera_msgs/include/realsense2_camera_msgs/msg/detail/imu_info__rosidl_typesupport_introspection_cpp.hpp
[1.156s] -- Up-to-date: /home/aralab/ASBIR-ROS2/install/realsense2_camera_msgs/include/realsense2_camera_msgs/msg/detail/extrinsics__rosidl_typesupport_introspection_cpp.hpp
[1.156s] -- Up-to-date: /home/aralab/ASBIR-ROS2/install/realsense2_camera_msgs/include/realsense2_camera_msgs/msg/detail/imu_info__type_support.cpp
[1.156s] -- Up-to-date: /home/aralab/ASBIR-ROS2/install/realsense2_camera_msgs/include/realsense2_camera_msgs/msg/detail/metadata__rosidl_typesupport_introspection_cpp.hpp
[1.156s] -- Up-to-date: /home/aralab/ASBIR-ROS2/install/realsense2_camera_msgs/include/realsense2_camera_msgs/msg/detail/metadata__type_support.cpp
[1.157s] -- Up-to-date: /home/aralab/ASBIR-ROS2/install/realsense2_camera_msgs/lib/librealsense2_camera_msgs__rosidl_typesupport_introspection_cpp.so
[1.157s] -- Up-to-date: /home/aralab/ASBIR-ROS2/install/realsense2_camera_msgs/lib/librealsense2_camera_msgs__rosidl_typesupport_cpp.so
[1.157s] -- Up-to-date: /home/aralab/ASBIR-ROS2/install/realsense2_camera_msgs/share/realsense2_camera_msgs/environment/pythonpath.sh
[1.157s] -- Up-to-date: /home/aralab/ASBIR-ROS2/install/realsense2_camera_msgs/share/realsense2_camera_msgs/environment/pythonpath.dsv
[1.157s] -- Up-to-date: /home/aralab/ASBIR-ROS2/install/realsense2_camera_msgs/lib/python3.8/site-packages/realsense2_camera_msgs/__init__.py
[1.339s] -- Up-to-date: /home/aralab/ASBIR-ROS2/install/realsense2_camera_msgs/lib/python3.8/site-packages/realsense2_camera_msgs/msg
[1.339s] -- Up-to-date: /home/aralab/ASBIR-ROS2/install/realsense2_camera_msgs/lib/python3.8/site-packages/realsense2_camera_msgs/msg/_imu_info.py
[1.340s] -- Up-to-date: /home/aralab/ASBIR-ROS2/install/realsense2_camera_msgs/lib/python3.8/site-packages/realsense2_camera_msgs/msg/__init__.py
[1.340s] -- Up-to-date: /home/aralab/ASBIR-ROS2/install/realsense2_camera_msgs/lib/python3.8/site-packages/realsense2_camera_msgs/msg/_metadata_s.c
[1.340s] -- Up-to-date: /home/aralab/ASBIR-ROS2/install/realsense2_camera_msgs/lib/python3.8/site-packages/realsense2_camera_msgs/msg/_extrinsics_s.c
[1.340s] -- Up-to-date: /home/aralab/ASBIR-ROS2/install/realsense2_camera_msgs/lib/python3.8/site-packages/realsense2_camera_msgs/msg/_metadata.py
[1.340s] -- Up-to-date: /home/aralab/ASBIR-ROS2/install/realsense2_camera_msgs/lib/python3.8/site-packages/realsense2_camera_msgs/msg/_imu_info_s.c
[1.340s] -- Up-to-date: /home/aralab/ASBIR-ROS2/install/realsense2_camera_msgs/lib/python3.8/site-packages/realsense2_camera_msgs/msg/_extrinsics.py
[1.340s] -- Up-to-date: /home/aralab/ASBIR-ROS2/install/realsense2_camera_msgs/lib/python3.8/site-packages/realsense2_camera_msgs/realsense2_camera_msgs_s__rosidl_typesupport_introspection_c.cpython-38-x86_64-linux-gnu.so
[1.340s] -- Up-to-date: /home/aralab/ASBIR-ROS2/install/realsense2_camera_msgs/lib/python3.8/site-packages/realsense2_camera_msgs/realsense2_camera_msgs_s__rosidl_typesupport_fastrtps_c.cpython-38-x86_64-linux-gnu.so
[1.341s] -- Up-to-date: /home/aralab/ASBIR-ROS2/install/realsense2_camera_msgs/lib/python3.8/site-packages/realsense2_camera_msgs/realsense2_camera_msgs_s__rosidl_typesupport_c.cpython-38-x86_64-linux-gnu.so
[1.342s] -- Up-to-date: /home/aralab/ASBIR-ROS2/install/realsense2_camera_msgs/lib/librealsense2_camera_msgs__python.so
[1.342s] -- Up-to-date: /home/aralab/ASBIR-ROS2/install/realsense2_camera_msgs/share/realsense2_camera_msgs/msg/IMUInfo.idl
[1.342s] -- Up-to-date: /home/aralab/ASBIR-ROS2/install/realsense2_camera_msgs/share/realsense2_camera_msgs/msg/Extrinsics.idl
[1.342s] -- Up-to-date: /home/aralab/ASBIR-ROS2/install/realsense2_camera_msgs/share/realsense2_camera_msgs/msg/IMUInfo.msg
[1.342s] -- Up-to-date: /home/aralab/ASBIR-ROS2/install/realsense2_camera_msgs/share/realsense2_camera_msgs/msg/Extrinsics.msg
[1.343s] -- Up-to-date: /home/aralab/ASBIR-ROS2/install/realsense2_camera_msgs/share/ament_index/resource_index/package_run_dependencies/realsense2_camera_msgs
[1.343s] -- Up-to-date: /home/aralab/ASBIR-ROS2/install/realsense2_camera_msgs/share/ament_index/resource_index/parent_prefix_path/realsense2_camera_msgs
[1.343s] -- Up-to-date: /home/aralab/ASBIR-ROS2/install/realsense2_camera_msgs/share/realsense2_camera_msgs/environment/ament_prefix_path.dsv
[1.343s] -- Up-to-date: /home/aralab/ASBIR-ROS2/install/realsense2_camera_msgs/share/realsense2_camera_msgs/environment/path.dsv
[1.343s] -- Up-to-date: /home/aralab/ASBIR-ROS2/install/realsense2_camera_msgs/share/realsense2_camera_msgs/local_setup.bash
[1.343s] -- Up-to-date: /home/aralab/ASBIR-ROS2/install/realsense2_camera_msgs/share/realsense2_camera_msgs/local_setup.sh
[1.343s] -- Up-to-date: /home/aralab/ASBIR-ROS2/install/realsense2_camera_msgs/share/realsense2_camera_msgs/local_setup.zsh
[1.343s] -- Up-to-date: /home/aralab/ASBIR-ROS2/install/realsense2_camera_msgs/share/realsense2_camera_msgs/local_setup.dsv
[1.344s] -- Installing: /home/aralab/ASBIR-ROS2/install/realsense2_camera_msgs/share/realsense2_camera_msgs/package.dsv
[1.344s] -- Up-to-date: /home/aralab/ASBIR-ROS2/install/realsense2_camera_msgs/share/ament_index/resource_index/packages/realsense2_camera_msgs
[1.344s] -- Up-to-date: /home/aralab/ASBIR-ROS2/install/realsense2_camera_msgs/share/realsense2_camera_msgs/cmake/realsense2_camera_msgs__rosidl_generator_cExport.cmake
[1.344s] -- Up-to-date: /home/aralab/ASBIR-ROS2/install/realsense2_camera_msgs/share/realsense2_camera_msgs/cmake/realsense2_camera_msgs__rosidl_generator_cExport-noconfig.cmake
[1.344s] -- Up-to-date: /home/aralab/ASBIR-ROS2/install/realsense2_camera_msgs/share/realsense2_camera_msgs/cmake/realsense2_camera_msgs__rosidl_typesupport_introspection_cExport.cmake
[1.344s] -- Up-to-date: /home/aralab/ASBIR-ROS2/install/realsense2_camera_msgs/share/realsense2_camera_msgs/cmake/realsense2_camera_msgs__rosidl_typesupport_introspection_cExport-noconfig.cmake
[1.344s] -- Up-to-date: /home/aralab/ASBIR-ROS2/install/realsense2_camera_msgs/share/realsense2_camera_msgs/cmake/realsense2_camera_msgs__rosidl_typesupport_cExport.cmake
[1.344s] -- Up-to-date: /home/aralab/ASBIR-ROS2/install/realsense2_camera_msgs/share/realsense2_camera_msgs/cmake/realsense2_camera_msgs__rosidl_typesupport_cExport-noconfig.cmake
[1.345s] -- Up-to-date: /home/aralab/ASBIR-ROS2/install/realsense2_camera_msgs/share/realsense2_camera_msgs/cmake/realsense2_camera_msgs__rosidl_generator_cppExport.cmake
[1.345s] -- Up-to-date: /home/aralab/ASBIR-ROS2/install/realsense2_camera_msgs/share/realsense2_camera_msgs/cmake/realsense2_camera_msgs__rosidl_typesupport_introspection_cppExport.cmake
[1.345s] -- Up-to-date: /home/aralab/ASBIR-ROS2/install/realsense2_camera_msgs/share/realsense2_camera_msgs/cmake/realsense2_camera_msgs__rosidl_typesupport_introspection_cppExport-noconfig.cmake
[1.345s] -- Up-to-date: /home/aralab/ASBIR-ROS2/install/realsense2_camera_msgs/share/realsense2_camera_msgs/cmake/realsense2_camera_msgs__rosidl_typesupport_cppExport.cmake
[1.345s] -- Up-to-date: /home/aralab/ASBIR-ROS2/install/realsense2_camera_msgs/share/realsense2_camera_msgs/cmake/realsense2_camera_msgs__rosidl_typesupport_cppExport-noconfig.cmake
[1.345s] -- Up-to-date: /home/aralab/ASBIR-ROS2/install/realsense2_camera_msgs/share/realsense2_camera_msgs/cmake/rosidl_cmake-extras.cmake
[1.346s] -- Up-to-date: /home/aralab/ASBIR-ROS2/install/realsense2_camera_msgs/share/realsense2_camera_msgs/cmake/ament_cmake_export_dependencies-extras.cmake
[1.346s] -- Up-to-date: /home/aralab/ASBIR-ROS2/install/realsense2_camera_msgs/share/realsense2_camera_msgs/cmake/ament_cmake_export_libraries-extras.cmake
[1.346s] -- Up-to-date: /home/aralab/ASBIR-ROS2/install/realsense2_camera_msgs/share/realsense2_camera_msgs/cmake/ament_cmake_export_targets-extras.cmake
[1.346s] -- Up-to-date: /home/aralab/ASBIR-ROS2/install/realsense2_camera_msgs/share/realsense2_camera_msgs/cmake/ament_cmake_export_include_directories-extras.cmake
[1.346s] -- Up-to-date: /home/aralab/ASBIR-ROS2/install/realsense2_camera_msgs/share/realsense2_camera_msgs/cmake/rosidl_cmake_export_typesupport_targets-extras.cmake
[1.346s] -- Up-to-date: /home/aralab/ASBIR-ROS2/install/realsense2_camera_msgs/share/realsense2_camera_msgs/cmake/rosidl_cmake_export_typesupport_libraries-extras.cmake
[1.346s] -- Up-to-date: /home/aralab/ASBIR-ROS2/install/realsense2_camera_msgs/share/realsense2_camera_msgs/cmake/realsense2_camera_msgsConfig.cmake
[1.346s] -- Up-to-date: /home/aralab/ASBIR-ROS2/install/realsense2_camera_msgs/share/realsense2_camera_msgs/cmake/realsense2_camera_msgsConfig-version.cmake
[1.347s] -- Up-to-date: /home/aralab/ASBIR-ROS2/install/realsense2_camera_msgs/share/realsense2_camera_msgs/package.xml
[1.747s] Invoked command in '/home/aralab/ASBIR-ROS2/build/realsense2_camera_msgs' returned '0': CMAKE_PREFIX_PATH=${CMAKE_PREFIX_PATH}:/home/aralab/ASBIR-ROS2/install/realsense2_description:/home/aralab/ASBIR-ROS2/install/rclpy_message_converter:/home/aralab/ros2_foxy/install/ros2bag:/home/aralab/ros2_foxy/install/tracetools_launch:/home/aralab/ros2_foxy/install/topic_monitor:/home/aralab/ros2_foxy/install/examples_tf2_py:/home/aralab/ros2_foxy/install/sros2:/home/aralab/ros2_foxy/install/rqt_topic:/home/aralab/ros2_foxy/install/rqt_top:/home/aralab/ros2_foxy/install/rqt_srv:/home/aralab/ros2_foxy/install/rqt_shell:/home/aralab/ros2_foxy/install/rqt_service_caller:/home/aralab/ros2_foxy/install/rqt_reconfigure:/home/aralab/ros2_foxy/install/rqt_py_console:/home/aralab/ros2_foxy/install/rqt_publisher:/home/aralab/ros2_foxy/install/rqt_plot:/home/aralab/ros2_foxy/install/rqt_action:/home/aralab/ros2_foxy/install/rqt_msg:/home/aralab/ros2_foxy/install/rqt_console:/home/aralab/ros2_foxy/install/rqt:/home/aralab/ros2_foxy/install/rqt_graph:/home/aralab/ros2_foxy/install/rqt_gui_py:/home/aralab/ros2_foxy/install/rqt_gui:/home/aralab/ros2_foxy/install/ros2trace:/home/aralab/ros2_foxy/install/ros2topic:/home/aralab/ros2_foxy/install/ros2test:/home/aralab/ros2_foxy/install/ros2component:/home/aralab/ros2_foxy/install/ros2param:/home/aralab/ros2_foxy/install/ros2lifecycle:/home/aralab/ros2_foxy/install/ros2service:/home/aralab/ros2_foxy/install/ros2run:/home/aralab/ros2_foxy/install/ros2launch:/home/aralab/ros2_foxy/install/ros2pkg:/home/aralab/ros2_foxy/install/ros2node:/home/aralab/ros2_foxy/install/ros2multicast:/home/aralab/ros2_foxy/install/ros2interface:/home/aralab/ros2_foxy/install/ros2doctor:/home/aralab/ros2_foxy/install/ros2action:/home/aralab/ros2_foxy/install/ros2cli:/home/aralab/ros2_foxy/install/quality_of_service_demo_py:/home/aralab/ros2_foxy/install/launch_testing_ros:/home/aralab/ros2_foxy/install/launch_ros:/home/aralab/ros2_foxy/install/examples_rclpy_minimal_subscriber:/home/aralab/ros2_foxy/install/examples_rclpy_minimal_service:/home/aralab/ros2_foxy/install/examples_rclpy_minimal_publisher:/home/aralab/ros2_foxy/install/examples_rclpy_minimal_client:/home/aralab/ros2_foxy/install/examples_rclpy_minimal_action_server:/home/aralab/ros2_foxy/install/examples_rclpy_minimal_action_client:/home/aralab/ros2_foxy/install/examples_rclpy_executors:/home/aralab/ros2_foxy/install/demo_nodes_py:/home/aralab/ros2_foxy/install/action_tutorials_py:/home/aralab/ros2_foxy/install/ament_uncrustify:/home/aralab/ros2_foxy/install/tracetools_trace:/home/aralab/ros2_foxy/install/tracetools_read:/home/aralab/ros2_foxy/install/test_launch_ros:/home/aralab/ros2_foxy/install/sensor_msgs_py:/home/aralab/ros2_foxy/install/rpyutils:/home/aralab/ros2_foxy/install/rosidl_runtime_py:/home/aralab/ros2_foxy/install/launch_yaml:/home/aralab/ros2_foxy/install/launch_xml:/home/aralab/ros2_foxy/install/launch_testing:/home/aralab/ros2_foxy/install/launch:/home/aralab/ros2_foxy/install/osrf_pycommon:/home/aralab/ros2_foxy/install/domain_coordinator:/home/aralab/ros2_foxy/install/ament_xmllint:/home/aralab/ros2_foxy/install/ament_pyflakes:/home/aralab/ros2_foxy/install/ament_pycodestyle:/home/aralab/ros2_foxy/install/ament_pep257:/home/aralab/ros2_foxy/install/ament_pclint:/home/aralab/ros2_foxy/install/ament_package:/home/aralab/ros2_foxy/install/ament_mypy:/home/aralab/ros2_foxy/install/ament_lint_cmake:/home/aralab/ros2_foxy/install/ament_flake8:/home/aralab/ros2_foxy/install/ament_copyright:/home/aralab/ros2_foxy/install/ament_lint:/home/aralab/ros2_foxy/install/ament_index_python:/home/aralab/ros2_foxy/install/ament_cpplint:/home/aralab/ros2_foxy/install/ament_cppcheck:/home/aralab/ros2_foxy/install/ament_clang_tidy:/home/aralab/ros2_foxy/install/ament_clang_format /usr/bin/cmake --install /home/aralab/ASBIR-ROS2/build/realsense2_camera_msgs
