[35m[1mScanning dependencies of target modelTest[0m
[ 50%] Built target listener
[ 75%] [32mBuilding CXX object CMakeFiles/modelTest.dir/src/modelTest.cpp.o[0m
[01m[K/home/aralab/ASBIR-ROS2/src/asbir-navigation/src/modelTest.cpp:[m[K In member function ‘[01m[Kvoid ModelTest::path_model()[m[K’:
[01m[K/home/aralab/ASBIR-ROS2/src/asbir-navigation/src/modelTest.cpp:21:42:[m[K [01;31m[Kerror: [m[Kexpected primary-expression before ‘[01m[K.[m[K’ token
   21 |             surface.header.stamp = rclcpp[01;31m[K.[m[Ktime.Time().to_msg();
      |                                          [01;31m[K^[m[K
[01m[K/home/aralab/ASBIR-ROS2/src/asbir-navigation/src/modelTest.cpp:48:42:[m[K [01;31m[Kerror: [m[Kno matching function for call to ‘[01m[Krclcpp::Publisher<std_msgs::msg::String_<std::allocator<void> > >::publish(visualization_msgs::msg::Marker&)[m[K’
   48 |             marker_a_pub->publish(surface[01;31m[K)[m[K;
      |                                          [01;31m[K^[m[K
In file included from [01m[K/home/aralab/ros2_foxy/install/rclcpp/include/rclcpp/topic_statistics/subscription_topic_statistics.hpp:31[m[K,
                 from [01m[K/home/aralab/ros2_foxy/install/rclcpp/include/rclcpp/subscription.hpp:50[m[K,
                 from [01m[K/home/aralab/ros2_foxy/install/rclcpp/include/rclcpp/any_executable.hpp:25[m[K,
                 from [01m[K/home/aralab/ros2_foxy/install/rclcpp/include/rclcpp/memory_strategy.hpp:24[m[K,
                 from [01m[K/home/aralab/ros2_foxy/install/rclcpp/include/rclcpp/memory_strategies.hpp:18[m[K,
                 from [01m[K/home/aralab/ros2_foxy/install/rclcpp/include/rclcpp/executor_options.hpp:20[m[K,
                 from [01m[K/home/aralab/ros2_foxy/install/rclcpp/include/rclcpp/executor.hpp:33[m[K,
                 from [01m[K/home/aralab/ros2_foxy/install/rclcpp/include/rclcpp/executors/multi_threaded_executor.hpp:26[m[K,
                 from [01m[K/home/aralab/ros2_foxy/install/rclcpp/include/rclcpp/executors.hpp:21[m[K,
                 from [01m[K/home/aralab/ros2_foxy/install/rclcpp/include/rclcpp/rclcpp.hpp:146[m[K,
                 from [01m[K/home/aralab/ASBIR-ROS2/src/asbir-navigation/src/modelTest.cpp:1[m[K:
[01m[K/home/aralab/ros2_foxy/install/rclcpp/include/rclcpp/publisher.hpp:185:3:[m[K [01;36m[Knote: [m[Kcandidate: ‘[01m[Kvoid rclcpp::Publisher<MessageT, AllocatorT>::publish(std::unique_ptr<MessageT, typename std::conditional<std::is_same<typename std::allocator_traits<typename std::allocator_traits<_Alloc>::rebind_traits<MessageT>::allocator_type>::rebind_alloc<MessageT>, typename std::allocator<void>::rebind<_Tp1>::other>::value, std::default_delete<_Tp>, rclcpp::allocator::AllocatorDeleter<typename std::allocator_traits<_Alloc>::rebind_traits<MessageT>::allocator_type> >::type>) [with MessageT = std_msgs::msg::String_<std::allocator<void> >; AllocatorT = std::allocator<void>; typename std::conditional<std::is_same<typename std::allocator_traits<typename std::allocator_traits<_Alloc>::rebind_traits<MessageT>::allocator_type>::rebind_alloc<MessageT>, typename std::allocator<void>::rebind<_Tp1>::other>::value, std::default_delete<_Tp>, rclcpp::allocator::AllocatorDeleter<typename std::allocator_traits<_Alloc>::rebind_traits<MessageT>::allocator_type> >::type = std::default_delete<std_msgs::msg::String_<std::allocator<void> > >][m[K’
  185 |   [01;36m[Kpublish[m[K(std::unique_ptr<MessageT, MessageDeleter> msg)
      |   [01;36m[K^~~~~~~[m[K
[01m[K/home/aralab/ros2_foxy/install/rclcpp/include/rclcpp/publisher.hpp:185:53:[m[K [01;36m[Knote: [m[K  no known conversion for argument 1 from ‘[01m[Kvisualization_msgs::msg::Marker[m[K’ {aka ‘[01m[Kvisualization_msgs::msg::Marker_<std::allocator<void> >[m[K’} to ‘[01m[Kstd::unique_ptr<std_msgs::msg::String_<std::allocator<void> >, std::default_delete<std_msgs::msg::String_<std::allocator<void> > > >[m[K’
  185 |   publish([01;36m[Kstd::unique_ptr<MessageT, MessageDeleter> msg[m[K)
      |           [01;36m[K~~~~~~~~~~~~~~~~~~~~~~~~~~~~~~~~~~~~~~~~~~^~~[m[K
[01m[K/home/aralab/ros2_foxy/install/rclcpp/include/rclcpp/publisher.hpp:209:3:[m[K [01;36m[Knote: [m[Kcandidate: ‘[01m[Kvoid rclcpp::Publisher<MessageT, AllocatorT>::publish(const MessageT&) [with MessageT = std_msgs::msg::String_<std::allocator<void> >; AllocatorT = std::allocator<void>][m[K’
  209 |   [01;36m[Kpublish[m[K(const MessageT & msg)
      |   [01;36m[K^~~~~~~[m[K
[01m[K/home/aralab/ros2_foxy/install/rclcpp/include/rclcpp/publisher.hpp:209:28:[m[K [01;36m[Knote: [m[K  no known conversion for argument 1 from ‘[01m[Kvisualization_msgs::msg::Marker[m[K’ {aka ‘[01m[Kvisualization_msgs::msg::Marker_<std::allocator<void> >[m[K’} to ‘[01m[Kconst std_msgs::msg::String_<std::allocator<void> >&[m[K’
  209 |   publish([01;36m[Kconst MessageT & msg[m[K)
      |           [01;36m[K~~~~~~~~~~~~~~~~~^~~[m[K
[01m[K/home/aralab/ros2_foxy/install/rclcpp/include/rclcpp/publisher.hpp:226:3:[m[K [01;36m[Knote: [m[Kcandidate: ‘[01m[Kvoid rclcpp::Publisher<MessageT, AllocatorT>::publish(const rcl_serialized_message_t&) [with MessageT = std_msgs::msg::String_<std::allocator<void> >; AllocatorT = std::allocator<void>; rcl_serialized_message_t = rcutils_uint8_array_t][m[K’
  226 |   [01;36m[Kpublish[m[K(const rcl_serialized_message_t & serialized_msg)
      |   [01;36m[K^~~~~~~[m[K
[01m[K/home/aralab/ros2_foxy/install/rclcpp/include/rclcpp/publisher.hpp:226:44:[m[K [01;36m[Knote: [m[K  no known conversion for argument 1 from ‘[01m[Kvisualization_msgs::msg::Marker[m[K’ {aka ‘[01m[Kvisualization_msgs::msg::Marker_<std::allocator<void> >[m[K’} to ‘[01m[Kconst rcl_serialized_message_t&[m[K’ {aka ‘[01m[Kconst rcutils_uint8_array_t&[m[K’}
  226 |   publish([01;36m[Kconst rcl_serialized_message_t & serialized_msg[m[K)
      |           [01;36m[K~~~~~~~~~~~~~~~~~~~~~~~~~~~~~~~~~^~~~~~~~~~~~~~[m[K
[01m[K/home/aralab/ros2_foxy/install/rclcpp/include/rclcpp/publisher.hpp:232:3:[m[K [01;36m[Knote: [m[Kcandidate: ‘[01m[Kvoid rclcpp::Publisher<MessageT, AllocatorT>::publish(const rclcpp::SerializedMessage&) [with MessageT = std_msgs::msg::String_<std::allocator<void> >; AllocatorT = std::allocator<void>][m[K’
  232 |   [01;36m[Kpublish[m[K(const SerializedMessage & serialized_msg)
      |   [01;36m[K^~~~~~~[m[K
[01m[K/home/aralab/ros2_foxy/install/rclcpp/include/rclcpp/publisher.hpp:232:37:[m[K [01;36m[Knote: [m[K  no known conversion for argument 1 from ‘[01m[Kvisualization_msgs::msg::Marker[m[K’ {aka ‘[01m[Kvisualization_msgs::msg::Marker_<std::allocator<void> >[m[K’} to ‘[01m[Kconst rclcpp::SerializedMessage&[m[K’
  232 |   publish([01;36m[Kconst SerializedMessage & serialized_msg[m[K)
      |           [01;36m[K~~~~~~~~~~~~~~~~~~~~~~~~~~^~~~~~~~~~~~~~[m[K
[01m[K/home/aralab/ros2_foxy/install/rclcpp/include/rclcpp/publisher.hpp:246:3:[m[K [01;36m[Knote: [m[Kcandidate: ‘[01m[Kvoid rclcpp::Publisher<MessageT, AllocatorT>::publish(rclcpp::LoanedMessage<MessageT, AllocatorT>&&) [with MessageT = std_msgs::msg::String_<std::allocator<void> >; AllocatorT = std::allocator<void>][m[K’
  246 |   [01;36m[Kpublish[m[K(rclcpp::LoanedMessage<MessageT, AllocatorT> && loaned_msg)
      |   [01;36m[K^~~~~~~[m[K
[01m[K/home/aralab/ros2_foxy/install/rclcpp/include/rclcpp/publisher.hpp:246:58:[m[K [01;36m[Knote: [m[K  no known conversion for argument 1 from ‘[01m[Kvisualization_msgs::msg::Marker[m[K’ {aka ‘[01m[Kvisualization_msgs::msg::Marker_<std::allocator<void> >[m[K’} to ‘[01m[Krclcpp::LoanedMessage<std_msgs::msg::String_<std::allocator<void> >, std::allocator<void> >&&[m[K’
  246 |   publish([01;36m[Krclcpp::LoanedMessage<MessageT, AllocatorT> && loaned_msg[m[K)
      |           [01;36m[K~~~~~~~~~~~~~~~~~~~~~~~~~~~~~~~~~~~~~~~~~~~~~~~^~~~~~~~~~[m[K
[01m[K/home/aralab/ASBIR-ROS2/src/asbir-navigation/src/modelTest.cpp:52:20:[m[K [01;31m[Kerror: [m[Kreturn-statement with a value, in function returning ‘[01m[Kvoid[m[K’ [[01;31m[K-fpermissive[m[K]
   52 |             return [01;31m[K0[m[K;
      |                    [01;31m[K^[m[K
[01m[K/home/aralab/ASBIR-ROS2/src/asbir-navigation/src/modelTest.cpp:[m[K In constructor ‘[01m[KModelTest::ModelTest()[m[K’:
[01m[K/home/aralab/ASBIR-ROS2/src/asbir-navigation/src/modelTest.cpp:61:43:[m[K [01;31m[Kerror: [m[Kclass ‘[01m[KModelTest[m[K’ does not have any field named ‘[01m[Kcount_[m[K’
   61 |         ModelTest() : Node("ModelGraph"), [01;31m[Kcount_[m[K(0) {
      |                                           [01;31m[K^~~~~~[m[K
[01m[K/home/aralab/ASBIR-ROS2/src/asbir-navigation/src/modelTest.cpp:63:32:[m[K [01;31m[Kerror: [m[K‘[01m[Kclass ModelTest[m[K’ has no member named ‘[01m[Kcreate_publsiher[m[K’; did you mean ‘[01m[Kcreate_publisher[m[K’?
   63 |             marker_pub = this->[01;31m[Kcreate_publsiher[m[K<visualization_msgs::msg::Marker>("visualization_marker", 10);
      |                                [01;31m[K^~~~~~~~~~~~~~~~[m[K
      |                                [32m[Kcreate_publisher[m[K
[01m[K/home/aralab/ASBIR-ROS2/src/asbir-navigation/src/modelTest.cpp:63:80:[m[K [01;31m[Kerror: [m[Kexpected primary-expression before ‘[01m[K>[m[K’ token
   63 |             marker_pub = this->create_publsiher<visualization_msgs::msg::Marker[01;31m[K>[m[K("visualization_marker", 10);
      |                                                                                [01;31m[K^[m[K
[01m[K/home/aralab/ASBIR-ROS2/src/asbir-navigation/src/modelTest.cpp:63:82:[m[K [01;35m[Kwarning: [m[Kleft operand of comma operator has no effect [[01;35m[K-Wunused-value[m[K]
   63 |             marker_pub = this->create_publsiher<visualization_msgs::msg::Marker>([01;35m[K"visualization_marker"[m[K, 10);
      |                                                                                  [01;35m[K^~~~~~~~~~~~~~~~~~~~~~[m[K
[01m[K/home/aralab/ASBIR-ROS2/src/asbir-navigation/src/modelTest.cpp:64:76:[m[K [01;31m[Kerror: [m[K‘[01m[KMarkerArray[m[K’ is not a member of ‘[01m[Kvisualization_msgs::msg[m[K’
   64 |             marker_a_pub = this->create_publisher<visualization_msgs::msg::[01;31m[KMarkerArray[m[K>("visualization_marker_array", 10);
      |                                                                            [01;31m[K^~~~~~~~~~~[m[K
[01m[K/home/aralab/ASBIR-ROS2/src/asbir-navigation/src/modelTest.cpp:64:76:[m[K [01;31m[Kerror: [m[K‘[01m[KMarkerArray[m[K’ is not a member of ‘[01m[Kvisualization_msgs::msg[m[K’
[01m[K/home/aralab/ASBIR-ROS2/src/asbir-navigation/src/modelTest.cpp:64:121:[m[K [01;31m[Kerror: [m[Kno matching function for call to ‘[01m[KModelTest::create_publisher<<expression error> >(const char [27], int)[m[K’
   64 |             marker_a_pub = this->create_publisher<visualization_msgs::msg::MarkerArray>("visualization_marker_array", 10[01;31m[K)[m[K;
      |                                                                                                                         [01;31m[K^[m[K
In file included from [01m[K/home/aralab/ros2_foxy/install/rclcpp/include/rclcpp/node.hpp:1224[m[K,
                 from [01m[K/home/aralab/ros2_foxy/install/rclcpp/include/rclcpp/executors/single_threaded_executor.hpp:28[m[K,
                 from [01m[K/home/aralab/ros2_foxy/install/rclcpp/include/rclcpp/executors.hpp:22[m[K,
                 from [01m[K/home/aralab/ros2_foxy/install/rclcpp/include/rclcpp/rclcpp.hpp:146[m[K,
                 from [01m[K/home/aralab/ASBIR-ROS2/src/asbir-navigation/src/modelTest.cpp:1[m[K:
[01m[K/home/aralab/ros2_foxy/install/rclcpp/include/rclcpp/node_impl.hpp:71:1:[m[K [01;36m[Knote: [m[Kcandidate: ‘[01m[Ktemplate<class MessageT, class AllocatorT, class PublisherT> std::shared_ptr<PublisherT> rclcpp::Node::create_publisher(const string&, const rclcpp::QoS&, const rclcpp::PublisherOptionsWithAllocator<AllocatorT>&)[m[K’
   71 | [01;36m[KNode[m[K::create_publisher(
      | [01;36m[K^~~~[m[K
[01m[K/home/aralab/ros2_foxy/install/rclcpp/include/rclcpp/node_impl.hpp:71:1:[m[K [01;36m[Knote: [m[K  template argument deduction/substitution failed:
[01m[K/home/aralab/ASBIR-ROS2/src/asbir-navigation/src/modelTest.cpp:64:121:[m[K [01;31m[Kerror: [m[Ktemplate argument 1 is invalid
   64 |             marker_a_pub = this->create_publisher<visualization_msgs::msg::MarkerArray>("visualization_marker_array", 10[01;31m[K)[m[K;
      |                                                                                                                         [01;31m[K^[m[K
make[2]: *** [CMakeFiles/modelTest.dir/build.make:63: CMakeFiles/modelTest.dir/src/modelTest.cpp.o] Error 1
make[1]: *** [CMakeFiles/Makefile2:80: CMakeFiles/modelTest.dir/all] Error 2
make: *** [Makefile:141: all] Error 2
