[0.109s] Invoking command in '/home/aralab/ASBIR-ROS2/build/image_transport': /usr/bin/cmake /home/aralab/ASBIR-ROS2/src/image_common/image_transport -DCATKIN_INSTALL_INTO_PREFIX_ROOT=0 -DCMAKE_INSTALL_PREFIX=/home/aralab/ASBIR-ROS2/install/image_transport
[0.163s] CMake Error at CMakeLists.txt:4 (find_package):
[0.163s]   By not providing "Findcatkin.cmake" in CMAKE_MODULE_PATH this project has
[0.163s]   asked CMake to find a package configuration file provided by "catkin", but
[0.163s]   CMake did not find one.
[0.163s] 
[0.163s]   Could not find a package configuration file provided by "catkin" with any
[0.163s]   of the following names:
[0.163s] 
[0.164s]     catkinConfig.cmake
[0.164s]     catkin-config.cmake
[0.164s] 
[0.164s]   Add the installation prefix of "catkin" to CMAKE_PREFIX_PATH or set
[0.164s]   "catkin_DIR" to a directory containing one of the above files.  If "catkin"
[0.165s]   provides a separate development package or SDK, be sure it has been
[0.165s]   installed.
[0.166s] 
[0.166s] 
[0.166s] -- Configuring incomplete, errors occurred!
[0.169s] See also "/home/aralab/ASBIR-ROS2/build/image_transport/CMakeFiles/CMakeOutput.log".
[0.171s] Invoked command in '/home/aralab/ASBIR-ROS2/build/image_transport' returned '1': /usr/bin/cmake /home/aralab/ASBIR-ROS2/src/image_common/image_transport -DCATKIN_INSTALL_INTO_PREFIX_ROOT=0 -DCMAKE_INSTALL_PREFIX=/home/aralab/ASBIR-ROS2/install/image_transport
