[1.105s] Invoking command in '/home/aralab/ASBIR-ROS2/src/rospy_message_converter/rclpy_message_converter': PYTHONPATH=/home/aralab/ASBIR-ROS2/build/rclpy_message_converter/prefix_override:/home/aralab/ASBIR-ROS2/install/rclpy_message_converter/lib/python3.8/site-packages:${PYTHONPATH} /usr/bin/python3 setup.py egg_info --egg-base ../../../build/rclpy_message_converter build --build-base /home/aralab/ASBIR-ROS2/build/rclpy_message_converter/build install --record /home/aralab/ASBIR-ROS2/build/rclpy_message_converter/install.log --single-version-externally-managed
[1.492s] running egg_info
[1.492s] writing ../../../build/rclpy_message_converter/rclpy_message_converter.egg-info/PKG-INFO
[1.492s] writing dependency_links to ../../../build/rclpy_message_converter/rclpy_message_converter.egg-info/dependency_links.txt
[1.492s] writing entry points to ../../../build/rclpy_message_converter/rclpy_message_converter.egg-info/entry_points.txt
[1.492s] writing requirements to ../../../build/rclpy_message_converter/rclpy_message_converter.egg-info/requires.txt
[1.492s] writing top-level names to ../../../build/rclpy_message_converter/rclpy_message_converter.egg-info/top_level.txt
[1.522s] reading manifest file '../../../build/rclpy_message_converter/rclpy_message_converter.egg-info/SOURCES.txt'
[1.523s] writing manifest file '../../../build/rclpy_message_converter/rclpy_message_converter.egg-info/SOURCES.txt'
[1.523s] running build
[1.523s] running build_py
[1.524s] running install
[1.525s] running install_lib
[1.527s] running install_data
[1.527s] running install_egg_info
[1.529s] removing '/home/aralab/ASBIR-ROS2/install/rclpy_message_converter/lib/python3.8/site-packages/rclpy_message_converter-2.0.1-py3.8.egg-info' (and everything under it)
[1.530s] Copying ../../../build/rclpy_message_converter/rclpy_message_converter.egg-info to /home/aralab/ASBIR-ROS2/install/rclpy_message_converter/lib/python3.8/site-packages/rclpy_message_converter-2.0.1-py3.8.egg-info
[1.530s] running install_scripts
[1.549s] writing list of installed files to '/home/aralab/ASBIR-ROS2/build/rclpy_message_converter/install.log'
[1.569s] Invoked command in '/home/aralab/ASBIR-ROS2/src/rospy_message_converter/rclpy_message_converter' returned '0': PYTHONPATH=/home/aralab/ASBIR-ROS2/build/rclpy_message_converter/prefix_override:/home/aralab/ASBIR-ROS2/install/rclpy_message_converter/lib/python3.8/site-packages:${PYTHONPATH} /usr/bin/python3 setup.py egg_info --egg-base ../../../build/rclpy_message_converter build --build-base /home/aralab/ASBIR-ROS2/build/rclpy_message_converter/build install --record /home/aralab/ASBIR-ROS2/build/rclpy_message_converter/install.log --single-version-externally-managed
