[9.132s] Invoking command in '/home/asbir/ASBIR-ROS2/src/asbir_rc': PYTHONPATH=/home/asbir/ASBIR-ROS2/build/asbir_rc/prefix_override:/home/asbir/ASBIR-ROS2/install/asbir_rc/lib/python3.8/site-packages:${PYTHONPATH} /usr/bin/python3 setup.py egg_info --egg-base ../../build/asbir_rc build --build-base /home/asbir/ASBIR-ROS2/build/asbir_rc/build install --record /home/asbir/ASBIR-ROS2/build/asbir_rc/install.log --install-scripts $base/lib/asbir_rc --single-version-externally-managed
[11.425s] running egg_info
[11.429s] writing ../../build/asbir_rc/asbir_rc.egg-info/PKG-INFO
[11.431s] writing dependency_links to ../../build/asbir_rc/asbir_rc.egg-info/dependency_links.txt
[11.434s] writing entry points to ../../build/asbir_rc/asbir_rc.egg-info/entry_points.txt
[11.445s] writing requirements to ../../build/asbir_rc/asbir_rc.egg-info/requires.txt
[11.446s] writing top-level names to ../../build/asbir_rc/asbir_rc.egg-info/top_level.txt
[11.718s] reading manifest file '../../build/asbir_rc/asbir_rc.egg-info/SOURCES.txt'
[11.725s] writing manifest file '../../build/asbir_rc/asbir_rc.egg-info/SOURCES.txt'
[11.727s] running build
[11.727s] running build_py
[11.730s] running install
[11.742s] running install_lib
[11.759s] running install_data
[11.763s] running install_egg_info
[11.779s] removing '/home/asbir/ASBIR-ROS2/install/asbir_rc/lib/python3.8/site-packages/asbir_rc-0.0.0-py3.8.egg-info' (and everything under it)
[11.784s] Copying ../../build/asbir_rc/asbir_rc.egg-info to /home/asbir/ASBIR-ROS2/install/asbir_rc/lib/python3.8/site-packages/asbir_rc-0.0.0-py3.8.egg-info
[11.788s] running install_scripts
[11.942s] Installing teleopGamepad script to /home/asbir/ASBIR-ROS2/install/asbir_rc/lib/asbir_rc
[11.943s] Installing teleopKeyboard script to /home/asbir/ASBIR-ROS2/install/asbir_rc/lib/asbir_rc
[11.949s] writing list of installed files to '/home/asbir/ASBIR-ROS2/build/asbir_rc/install.log'
[12.364s] Invoked command in '/home/asbir/ASBIR-ROS2/src/asbir_rc' returned '0': PYTHONPATH=/home/asbir/ASBIR-ROS2/build/asbir_rc/prefix_override:/home/asbir/ASBIR-ROS2/install/asbir_rc/lib/python3.8/site-packages:${PYTHONPATH} /usr/bin/python3 setup.py egg_info --egg-base ../../build/asbir_rc build --build-base /home/asbir/ASBIR-ROS2/build/asbir_rc/build install --record /home/asbir/ASBIR-ROS2/build/asbir_rc/install.log --install-scripts $base/lib/asbir_rc --single-version-externally-managed
