[2.751s] Invoking command in '/home/aralab/ASBIR-ROS2/src/asbir_serial': PYTHONPATH=/home/aralab/ASBIR-ROS2/build/asbir_serial/prefix_override:/home/aralab/ASBIR-ROS2/install/asbir_serial/lib/python3.8/site-packages:${PYTHONPATH} /usr/bin/python3 setup.py egg_info --egg-base ../../build/asbir_serial build --build-base /home/aralab/ASBIR-ROS2/build/asbir_serial/build install --record /home/aralab/ASBIR-ROS2/build/asbir_serial/install.log --install-scripts $base/lib/asbir_serial --single-version-externally-managed
[3.100s] running egg_info
[3.100s] writing ../../build/asbir_serial/asbir_serial.egg-info/PKG-INFO
[3.101s] writing dependency_links to ../../build/asbir_serial/asbir_serial.egg-info/dependency_links.txt
[3.101s] writing entry points to ../../build/asbir_serial/asbir_serial.egg-info/entry_points.txt
[3.101s] writing requirements to ../../build/asbir_serial/asbir_serial.egg-info/requires.txt
[3.101s] writing top-level names to ../../build/asbir_serial/asbir_serial.egg-info/top_level.txt
[3.145s] reading manifest file '../../build/asbir_serial/asbir_serial.egg-info/SOURCES.txt'
[3.146s] writing manifest file '../../build/asbir_serial/asbir_serial.egg-info/SOURCES.txt'
[3.146s] running build
[3.146s] running build_py
[3.146s] running install
[3.148s] running install_lib
[3.151s] running install_data
[3.151s] running install_egg_info
[3.154s] removing '/home/aralab/ASBIR-ROS2/install/asbir_serial/lib/python3.8/site-packages/asbir_serial-0.0.0-py3.8.egg-info' (and everything under it)
[3.155s] Copying ../../build/asbir_serial/asbir_serial.egg-info to /home/aralab/ASBIR-ROS2/install/asbir_serial/lib/python3.8/site-packages/asbir_serial-0.0.0-py3.8.egg-info
[3.156s] running install_scripts
[3.179s] Installing serialComm script to /home/aralab/ASBIR-ROS2/install/asbir_serial/lib/asbir_serial
[3.180s] writing list of installed files to '/home/aralab/ASBIR-ROS2/build/asbir_serial/install.log'
[3.210s] Invoked command in '/home/aralab/ASBIR-ROS2/src/asbir_serial' returned '0': PYTHONPATH=/home/aralab/ASBIR-ROS2/build/asbir_serial/prefix_override:/home/aralab/ASBIR-ROS2/install/asbir_serial/lib/python3.8/site-packages:${PYTHONPATH} /usr/bin/python3 setup.py egg_info --egg-base ../../build/asbir_serial build --build-base /home/aralab/ASBIR-ROS2/build/asbir_serial/build install --record /home/aralab/ASBIR-ROS2/build/asbir_serial/install.log --install-scripts $base/lib/asbir_serial --single-version-externally-managed
