running egg_info
creating ../../build/asbir_image_compression/asbir_image_compression.egg-info
writing ../../build/asbir_image_compression/asbir_image_compression.egg-info/PKG-INFO
writing dependency_links to ../../build/asbir_image_compression/asbir_image_compression.egg-info/dependency_links.txt
writing entry points to ../../build/asbir_image_compression/asbir_image_compression.egg-info/entry_points.txt
writing requirements to ../../build/asbir_image_compression/asbir_image_compression.egg-info/requires.txt
writing top-level names to ../../build/asbir_image_compression/asbir_image_compression.egg-info/top_level.txt
writing manifest file '../../build/asbir_image_compression/asbir_image_compression.egg-info/SOURCES.txt'
reading manifest file '../../build/asbir_image_compression/asbir_image_compression.egg-info/SOURCES.txt'
writing manifest file '../../build/asbir_image_compression/asbir_image_compression.egg-info/SOURCES.txt'
running build
running build_py
creating /home/aralab/ASBIR-ROS2/build/asbir_image_compression/build
creating /home/aralab/ASBIR-ROS2/build/asbir_image_compression/build/lib
creating /home/aralab/ASBIR-ROS2/build/asbir_image_compression/build/lib/asbir_image_compression
copying asbir_image_compression/imageCompression.py -> /home/aralab/ASBIR-ROS2/build/asbir_image_compression/build/lib/asbir_image_compression
copying asbir_image_compression/__init__.py -> /home/aralab/ASBIR-ROS2/build/asbir_image_compression/build/lib/asbir_image_compression
running install
running install_lib
creating /home/aralab/ASBIR-ROS2/install/asbir_image_compression/lib/python3.8/site-packages/asbir_image_compression
copying /home/aralab/ASBIR-ROS2/build/asbir_image_compression/build/lib/asbir_image_compression/imageCompression.py -> /home/aralab/ASBIR-ROS2/install/asbir_image_compression/lib/python3.8/site-packages/asbir_image_compression
copying /home/aralab/ASBIR-ROS2/build/asbir_image_compression/build/lib/asbir_image_compression/__init__.py -> /home/aralab/ASBIR-ROS2/install/asbir_image_compression/lib/python3.8/site-packages/asbir_image_compression
byte-compiling /home/aralab/ASBIR-ROS2/install/asbir_image_compression/lib/python3.8/site-packages/asbir_image_compression/imageCompression.py to imageCompression.cpython-38.pyc
byte-compiling /home/aralab/ASBIR-ROS2/install/asbir_image_compression/lib/python3.8/site-packages/asbir_image_compression/__init__.py to __init__.cpython-38.pyc
running install_data
creating /home/aralab/ASBIR-ROS2/install/asbir_image_compression/share/ament_index
creating /home/aralab/ASBIR-ROS2/install/asbir_image_compression/share/ament_index/resource_index
creating /home/aralab/ASBIR-ROS2/install/asbir_image_compression/share/ament_index/resource_index/packages
copying resource/asbir_image_compression -> /home/aralab/ASBIR-ROS2/install/asbir_image_compression/share/ament_index/resource_index/packages
copying package.xml -> /home/aralab/ASBIR-ROS2/install/asbir_image_compression/share/asbir_image_compression
running install_egg_info
Copying ../../build/asbir_image_compression/asbir_image_compression.egg-info to /home/aralab/ASBIR-ROS2/install/asbir_image_compression/lib/python3.8/site-packages/asbir_image_compression-0.0.0-py3.8.egg-info
running install_scripts
Installing compressImage script to /home/aralab/ASBIR-ROS2/install/asbir_image_compression/lib/asbir_image_compression
writing list of installed files to '/home/aralab/ASBIR-ROS2/build/asbir_image_compression/install.log'
