[3.601s] Invoking command in '/home/aralab/ASBIR-ROS2/src/asbir_image_compression': PYTHONPATH=/home/aralab/ASBIR-ROS2/build/asbir_image_compression/prefix_override:/home/aralab/ASBIR-ROS2/install/asbir_image_compression/lib/python3.8/site-packages:${PYTHONPATH} /usr/bin/python3 setup.py egg_info --egg-base ../../build/asbir_image_compression build --build-base /home/aralab/ASBIR-ROS2/build/asbir_image_compression/build install --record /home/aralab/ASBIR-ROS2/build/asbir_image_compression/install.log --install-scripts $base/lib/asbir_image_compression --single-version-externally-managed
[4.238s] running egg_info
[4.239s] creating ../../build/asbir_image_compression/asbir_image_compression.egg-info
[4.239s] writing ../../build/asbir_image_compression/asbir_image_compression.egg-info/PKG-INFO
[4.239s] writing dependency_links to ../../build/asbir_image_compression/asbir_image_compression.egg-info/dependency_links.txt
[4.239s] writing entry points to ../../build/asbir_image_compression/asbir_image_compression.egg-info/entry_points.txt
[4.240s] writing requirements to ../../build/asbir_image_compression/asbir_image_compression.egg-info/requires.txt
[4.240s] writing top-level names to ../../build/asbir_image_compression/asbir_image_compression.egg-info/top_level.txt
[4.244s] writing manifest file '../../build/asbir_image_compression/asbir_image_compression.egg-info/SOURCES.txt'
[4.280s] reading manifest file '../../build/asbir_image_compression/asbir_image_compression.egg-info/SOURCES.txt'
[4.280s] writing manifest file '../../build/asbir_image_compression/asbir_image_compression.egg-info/SOURCES.txt'
[4.281s] running build
[4.281s] running build_py
[4.281s] creating /home/aralab/ASBIR-ROS2/build/asbir_image_compression/build
[4.281s] creating /home/aralab/ASBIR-ROS2/build/asbir_image_compression/build/lib
[4.281s] creating /home/aralab/ASBIR-ROS2/build/asbir_image_compression/build/lib/asbir_image_compression
[4.281s] copying asbir_image_compression/imageCompression.py -> /home/aralab/ASBIR-ROS2/build/asbir_image_compression/build/lib/asbir_image_compression
[4.281s] copying asbir_image_compression/__init__.py -> /home/aralab/ASBIR-ROS2/build/asbir_image_compression/build/lib/asbir_image_compression
[4.281s] running install
[4.285s] running install_lib
[4.287s] creating /home/aralab/ASBIR-ROS2/install/asbir_image_compression/lib/python3.8/site-packages/asbir_image_compression
[4.287s] copying /home/aralab/ASBIR-ROS2/build/asbir_image_compression/build/lib/asbir_image_compression/imageCompression.py -> /home/aralab/ASBIR-ROS2/install/asbir_image_compression/lib/python3.8/site-packages/asbir_image_compression
[4.288s] copying /home/aralab/ASBIR-ROS2/build/asbir_image_compression/build/lib/asbir_image_compression/__init__.py -> /home/aralab/ASBIR-ROS2/install/asbir_image_compression/lib/python3.8/site-packages/asbir_image_compression
[4.289s] byte-compiling /home/aralab/ASBIR-ROS2/install/asbir_image_compression/lib/python3.8/site-packages/asbir_image_compression/imageCompression.py to imageCompression.cpython-38.pyc
[4.291s] byte-compiling /home/aralab/ASBIR-ROS2/install/asbir_image_compression/lib/python3.8/site-packages/asbir_image_compression/__init__.py to __init__.cpython-38.pyc
[4.291s] running install_data
[4.292s] creating /home/aralab/ASBIR-ROS2/install/asbir_image_compression/share/ament_index
[4.292s] creating /home/aralab/ASBIR-ROS2/install/asbir_image_compression/share/ament_index/resource_index
[4.292s] creating /home/aralab/ASBIR-ROS2/install/asbir_image_compression/share/ament_index/resource_index/packages
[4.292s] copying resource/asbir_image_compression -> /home/aralab/ASBIR-ROS2/install/asbir_image_compression/share/ament_index/resource_index/packages
[4.292s] copying package.xml -> /home/aralab/ASBIR-ROS2/install/asbir_image_compression/share/asbir_image_compression
[4.292s] running install_egg_info
[4.297s] Copying ../../build/asbir_image_compression/asbir_image_compression.egg-info to /home/aralab/ASBIR-ROS2/install/asbir_image_compression/lib/python3.8/site-packages/asbir_image_compression-0.0.0-py3.8.egg-info
[4.298s] running install_scripts
[4.328s] Installing compressImage script to /home/aralab/ASBIR-ROS2/install/asbir_image_compression/lib/asbir_image_compression
[4.328s] writing list of installed files to '/home/aralab/ASBIR-ROS2/build/asbir_image_compression/install.log'
[4.392s] Invoked command in '/home/aralab/ASBIR-ROS2/src/asbir_image_compression' returned '0': PYTHONPATH=/home/aralab/ASBIR-ROS2/build/asbir_image_compression/prefix_override:/home/aralab/ASBIR-ROS2/install/asbir_image_compression/lib/python3.8/site-packages:${PYTHONPATH} /usr/bin/python3 setup.py egg_info --egg-base ../../build/asbir_image_compression build --build-base /home/aralab/ASBIR-ROS2/build/asbir_image_compression/build install --record /home/aralab/ASBIR-ROS2/build/asbir_image_compression/install.log --install-scripts $base/lib/asbir_image_compression --single-version-externally-managed
