[0.481s] DEBUG:colcon:Command line arguments: ['/usr/bin/colcon', 'build']
[0.481s] DEBUG:colcon:Parsed command line arguments: Namespace(allow_overriding=[], ament_cmake_args=None, base_paths=['.'], build_base='build', catkin_cmake_args=None, catkin_skip_building_tests=False, cmake_args=None, cmake_clean_cache=False, cmake_clean_first=False, cmake_force_configure=False, cmake_target=None, cmake_target_skip_unavailable=False, continue_on_error=False, event_handlers=None, executor='parallel', ignore_user_meta=False, install_base='install', log_base=None, log_level=None, main=<bound method BuildVerb.main of <colcon_core.verb.build.BuildVerb object at 0x7fca88a7bc40>>, merge_install=False, metas=['./colcon.meta'], packages_above=None, packages_above_and_dependencies=None, packages_above_depth=None, packages_end=None, packages_ignore=None, packages_ignore_regex=None, packages_select=None, packages_select_build_failed=False, packages_select_by_dep=None, packages_select_regex=None, packages_select_test_failures=False, packages_skip=None, packages_skip_build_finished=False, packages_skip_by_dep=None, packages_skip_regex=None, packages_skip_test_passed=False, packages_skip_up_to=None, packages_start=None, packages_up_to=None, packages_up_to_regex=None, parallel_workers=12, paths=None, symlink_install=False, test_result_base=None, verb_extension=<colcon_core.verb.build.BuildVerb object at 0x7fca88a7bc40>, verb_name='build', verb_parser=<colcon_defaults.argument_parser.defaults.DefaultArgumentsDecorator object at 0x7fca88a891f0>)
[0.529s] Level 1:colcon.colcon_core.package_discovery:discover_packages(colcon_meta) check parameters
[0.529s] Level 1:colcon.colcon_core.package_discovery:discover_packages(recursive) check parameters
[0.529s] Level 1:colcon.colcon_core.package_discovery:discover_packages(ignore) check parameters
[0.529s] Level 1:colcon.colcon_core.package_discovery:discover_packages(path) check parameters
[0.529s] Level 1:colcon.colcon_core.package_discovery:discover_packages(colcon_meta) discover
[0.529s] Level 1:colcon.colcon_core.package_discovery:discover_packages(recursive) discover
[0.529s] INFO:colcon.colcon_core.package_discovery:Crawling recursively for packages in '/home/aralab/ASBIR-ROS2'
[0.529s] Level 1:colcon.colcon_core.package_identification:_identify(.) by extensions ['ignore', 'ignore_ament_install']
[0.529s] Level 1:colcon.colcon_core.package_identification:_identify(.) by extension 'ignore'
[0.529s] Level 1:colcon.colcon_core.package_identification:_identify(.) by extension 'ignore_ament_install'
[0.529s] Level 1:colcon.colcon_core.package_identification:_identify(.) by extensions ['colcon_pkg']
[0.529s] Level 1:colcon.colcon_core.package_identification:_identify(.) by extension 'colcon_pkg'
[0.529s] Level 1:colcon.colcon_core.package_identification:_identify(.) by extensions ['colcon_meta']
[0.529s] Level 1:colcon.colcon_core.package_identification:_identify(.) by extension 'colcon_meta'
[0.529s] Level 1:colcon.colcon_core.package_identification:_identify(.) by extensions ['ros']
[0.529s] Level 1:colcon.colcon_core.package_identification:_identify(.) by extension 'ros'
[0.539s] Level 1:colcon.colcon_core.package_identification:_identify(.) by extensions ['cmake', 'python']
[0.539s] Level 1:colcon.colcon_core.package_identification:_identify(.) by extension 'cmake'
[0.540s] Level 1:colcon.colcon_core.package_identification:_identify(.) by extension 'python'
[0.540s] Level 1:colcon.colcon_core.package_identification:_identify(.) by extensions ['python_setup_py']
[0.540s] Level 1:colcon.colcon_core.package_identification:_identify(.) by extension 'python_setup_py'
[0.540s] Level 1:colcon.colcon_core.package_identification:_identify(build) by extensions ['ignore', 'ignore_ament_install']
[0.540s] Level 1:colcon.colcon_core.package_identification:_identify(build) by extension 'ignore'
[0.540s] Level 1:colcon.colcon_core.package_identification:_identify(build) ignored
[0.540s] Level 1:colcon.colcon_core.package_identification:_identify(install) by extensions ['ignore', 'ignore_ament_install']
[0.540s] Level 1:colcon.colcon_core.package_identification:_identify(install) by extension 'ignore'
[0.540s] Level 1:colcon.colcon_core.package_identification:_identify(install) ignored
[0.541s] Level 1:colcon.colcon_core.package_identification:_identify(log) by extensions ['ignore', 'ignore_ament_install']
[0.541s] Level 1:colcon.colcon_core.package_identification:_identify(log) by extension 'ignore'
[0.541s] Level 1:colcon.colcon_core.package_identification:_identify(log) ignored
[0.541s] Level 1:colcon.colcon_core.package_identification:_identify(src) by extensions ['ignore', 'ignore_ament_install']
[0.541s] Level 1:colcon.colcon_core.package_identification:_identify(src) by extension 'ignore'
[0.541s] Level 1:colcon.colcon_core.package_identification:_identify(src) by extension 'ignore_ament_install'
[0.541s] Level 1:colcon.colcon_core.package_identification:_identify(src) by extensions ['colcon_pkg']
[0.541s] Level 1:colcon.colcon_core.package_identification:_identify(src) by extension 'colcon_pkg'
[0.541s] Level 1:colcon.colcon_core.package_identification:_identify(src) by extensions ['colcon_meta']
[0.541s] Level 1:colcon.colcon_core.package_identification:_identify(src) by extension 'colcon_meta'
[0.541s] Level 1:colcon.colcon_core.package_identification:_identify(src) by extensions ['ros']
[0.542s] Level 1:colcon.colcon_core.package_identification:_identify(src) by extension 'ros'
[0.542s] Level 1:colcon.colcon_core.package_identification:_identify(src) by extensions ['cmake', 'python']
[0.542s] Level 1:colcon.colcon_core.package_identification:_identify(src) by extension 'cmake'
[0.542s] Level 1:colcon.colcon_core.package_identification:_identify(src) by extension 'python'
[0.542s] Level 1:colcon.colcon_core.package_identification:_identify(src) by extensions ['python_setup_py']
[0.542s] Level 1:colcon.colcon_core.package_identification:_identify(src) by extension 'python_setup_py'
[0.542s] Level 1:colcon.colcon_core.package_identification:_identify(src/asbir_image_compression) by extensions ['ignore', 'ignore_ament_install']
[0.542s] Level 1:colcon.colcon_core.package_identification:_identify(src/asbir_image_compression) by extension 'ignore'
[0.542s] Level 1:colcon.colcon_core.package_identification:_identify(src/asbir_image_compression) by extension 'ignore_ament_install'
[0.542s] Level 1:colcon.colcon_core.package_identification:_identify(src/asbir_image_compression) by extensions ['colcon_pkg']
[0.542s] Level 1:colcon.colcon_core.package_identification:_identify(src/asbir_image_compression) by extension 'colcon_pkg'
[0.542s] Level 1:colcon.colcon_core.package_identification:_identify(src/asbir_image_compression) by extensions ['colcon_meta']
[0.542s] Level 1:colcon.colcon_core.package_identification:_identify(src/asbir_image_compression) by extension 'colcon_meta'
[0.542s] Level 1:colcon.colcon_core.package_identification:_identify(src/asbir_image_compression) by extensions ['ros']
[0.542s] Level 1:colcon.colcon_core.package_identification:_identify(src/asbir_image_compression) by extension 'ros'
[0.544s] DEBUG:colcon.colcon_core.package_identification:Package 'src/asbir_image_compression' with type 'ros.ament_python' and name 'asbir_image_compression'
[0.544s] Level 1:colcon.colcon_core.package_identification:_identify(src/asbir_navigation) by extensions ['ignore', 'ignore_ament_install']
[0.544s] Level 1:colcon.colcon_core.package_identification:_identify(src/asbir_navigation) by extension 'ignore'
[0.544s] Level 1:colcon.colcon_core.package_identification:_identify(src/asbir_navigation) by extension 'ignore_ament_install'
[0.544s] Level 1:colcon.colcon_core.package_identification:_identify(src/asbir_navigation) by extensions ['colcon_pkg']
[0.544s] Level 1:colcon.colcon_core.package_identification:_identify(src/asbir_navigation) by extension 'colcon_pkg'
[0.544s] Level 1:colcon.colcon_core.package_identification:_identify(src/asbir_navigation) by extensions ['colcon_meta']
[0.544s] Level 1:colcon.colcon_core.package_identification:_identify(src/asbir_navigation) by extension 'colcon_meta'
[0.545s] Level 1:colcon.colcon_core.package_identification:_identify(src/asbir_navigation) by extensions ['ros']
[0.545s] Level 1:colcon.colcon_core.package_identification:_identify(src/asbir_navigation) by extension 'ros'
[0.545s] DEBUG:colcon.colcon_core.package_identification:Package 'src/asbir_navigation' with type 'ros.ament_python' and name 'asbir_navigation'
[0.545s] Level 1:colcon.colcon_core.package_identification:_identify(src/asbir_rc) by extensions ['ignore', 'ignore_ament_install']
[0.545s] Level 1:colcon.colcon_core.package_identification:_identify(src/asbir_rc) by extension 'ignore'
[0.545s] Level 1:colcon.colcon_core.package_identification:_identify(src/asbir_rc) by extension 'ignore_ament_install'
[0.545s] Level 1:colcon.colcon_core.package_identification:_identify(src/asbir_rc) by extensions ['colcon_pkg']
[0.545s] Level 1:colcon.colcon_core.package_identification:_identify(src/asbir_rc) by extension 'colcon_pkg'
[0.545s] Level 1:colcon.colcon_core.package_identification:_identify(src/asbir_rc) by extensions ['colcon_meta']
[0.545s] Level 1:colcon.colcon_core.package_identification:_identify(src/asbir_rc) by extension 'colcon_meta'
[0.545s] Level 1:colcon.colcon_core.package_identification:_identify(src/asbir_rc) by extensions ['ros']
[0.545s] Level 1:colcon.colcon_core.package_identification:_identify(src/asbir_rc) by extension 'ros'
[0.546s] DEBUG:colcon.colcon_core.package_identification:Package 'src/asbir_rc' with type 'ros.ament_python' and name 'asbir_rc'
[0.546s] Level 1:colcon.colcon_core.package_identification:_identify(src/asbir_serial) by extensions ['ignore', 'ignore_ament_install']
[0.546s] Level 1:colcon.colcon_core.package_identification:_identify(src/asbir_serial) by extension 'ignore'
[0.546s] Level 1:colcon.colcon_core.package_identification:_identify(src/asbir_serial) by extension 'ignore_ament_install'
[0.546s] Level 1:colcon.colcon_core.package_identification:_identify(src/asbir_serial) by extensions ['colcon_pkg']
[0.546s] Level 1:colcon.colcon_core.package_identification:_identify(src/asbir_serial) by extension 'colcon_pkg'
[0.546s] Level 1:colcon.colcon_core.package_identification:_identify(src/asbir_serial) by extensions ['colcon_meta']
[0.546s] Level 1:colcon.colcon_core.package_identification:_identify(src/asbir_serial) by extension 'colcon_meta'
[0.546s] Level 1:colcon.colcon_core.package_identification:_identify(src/asbir_serial) by extensions ['ros']
[0.546s] Level 1:colcon.colcon_core.package_identification:_identify(src/asbir_serial) by extension 'ros'
[0.547s] DEBUG:colcon.colcon_core.package_identification:Package 'src/asbir_serial' with type 'ros.ament_python' and name 'asbir_serial'
[0.547s] Level 1:colcon.colcon_core.package_identification:_identify(src/objects) by extensions ['ignore', 'ignore_ament_install']
[0.547s] Level 1:colcon.colcon_core.package_identification:_identify(src/objects) by extension 'ignore'
[0.547s] Level 1:colcon.colcon_core.package_identification:_identify(src/objects) by extension 'ignore_ament_install'
[0.547s] Level 1:colcon.colcon_core.package_identification:_identify(src/objects) by extensions ['colcon_pkg']
[0.547s] Level 1:colcon.colcon_core.package_identification:_identify(src/objects) by extension 'colcon_pkg'
[0.547s] Level 1:colcon.colcon_core.package_identification:_identify(src/objects) by extensions ['colcon_meta']
[0.547s] Level 1:colcon.colcon_core.package_identification:_identify(src/objects) by extension 'colcon_meta'
[0.547s] Level 1:colcon.colcon_core.package_identification:_identify(src/objects) by extensions ['ros']
[0.547s] Level 1:colcon.colcon_core.package_identification:_identify(src/objects) by extension 'ros'
[0.547s] Level 1:colcon.colcon_core.package_identification:_identify(src/objects) by extensions ['cmake', 'python']
[0.547s] Level 1:colcon.colcon_core.package_identification:_identify(src/objects) by extension 'cmake'
[0.547s] Level 1:colcon.colcon_core.package_identification:_identify(src/objects) by extension 'python'
[0.548s] Level 1:colcon.colcon_core.package_identification:_identify(src/objects) by extensions ['python_setup_py']
[0.548s] Level 1:colcon.colcon_core.package_identification:_identify(src/objects) by extension 'python_setup_py'
[0.548s] Level 1:colcon.colcon_core.package_discovery:discover_packages(recursive) using defaults
[0.548s] Level 1:colcon.colcon_core.package_discovery:discover_packages(ignore) discover
[0.548s] Level 1:colcon.colcon_core.package_discovery:discover_packages(ignore) using defaults
[0.548s] Level 1:colcon.colcon_core.package_discovery:discover_packages(path) discover
[0.548s] Level 1:colcon.colcon_core.package_discovery:discover_packages(path) using defaults
[0.587s] Level 1:colcon.colcon_core.package_discovery:discover_packages(prefix_path) check parameters
[0.587s] Level 1:colcon.colcon_core.package_discovery:discover_packages(prefix_path) discover
[0.602s] DEBUG:colcon.colcon_installed_package_information.package_discovery:Found 4 installed packages in /home/aralab/ASBIR-ROS2/install
[0.604s] DEBUG:colcon.colcon_installed_package_information.package_discovery:Found 26 installed packages in /home/aralab/ros2_foxy_pkgs/install
[0.612s] DEBUG:colcon.colcon_installed_package_information.package_discovery:Found 311 installed packages in /home/aralab/ros2_foxy_core/install
[0.616s] DEBUG:colcon.colcon_installed_package_information.package_discovery:Found 315 installed packages in /opt/ros/foxy
[0.626s] Level 1:colcon.colcon_core.package_discovery:discover_packages(prefix_path) using defaults
[0.707s] Level 5:colcon.colcon_core.verb:set package 'asbir_image_compression' build argument 'cmake_args' from command line to 'None'
[0.707s] Level 5:colcon.colcon_core.verb:set package 'asbir_image_compression' build argument 'cmake_target' from command line to 'None'
[0.708s] Level 5:colcon.colcon_core.verb:set package 'asbir_image_compression' build argument 'cmake_target_skip_unavailable' from command line to 'False'
[0.708s] Level 5:colcon.colcon_core.verb:set package 'asbir_image_compression' build argument 'cmake_clean_cache' from command line to 'False'
[0.708s] Level 5:colcon.colcon_core.verb:set package 'asbir_image_compression' build argument 'cmake_clean_first' from command line to 'False'
[0.708s] Level 5:colcon.colcon_core.verb:set package 'asbir_image_compression' build argument 'cmake_force_configure' from command line to 'False'
[0.708s] Level 5:colcon.colcon_core.verb:set package 'asbir_image_compression' build argument 'ament_cmake_args' from command line to 'None'
[0.708s] Level 5:colcon.colcon_core.verb:set package 'asbir_image_compression' build argument 'catkin_cmake_args' from command line to 'None'
[0.708s] Level 5:colcon.colcon_core.verb:set package 'asbir_image_compression' build argument 'catkin_skip_building_tests' from command line to 'False'
[0.708s] DEBUG:colcon.colcon_core.verb:Building package 'asbir_image_compression' with the following arguments: {'ament_cmake_args': None, 'build_base': '/home/aralab/ASBIR-ROS2/build/asbir_image_compression', 'catkin_cmake_args': None, 'catkin_skip_building_tests': False, 'cmake_args': None, 'cmake_clean_cache': False, 'cmake_clean_first': False, 'cmake_force_configure': False, 'cmake_target': None, 'cmake_target_skip_unavailable': False, 'install_base': '/home/aralab/ASBIR-ROS2/install/asbir_image_compression', 'merge_install': False, 'path': '/home/aralab/ASBIR-ROS2/src/asbir_image_compression', 'symlink_install': False, 'test_result_base': None}
[0.710s] Level 5:colcon.colcon_core.verb:set package 'asbir_navigation' build argument 'cmake_args' from command line to 'None'
[0.710s] Level 5:colcon.colcon_core.verb:set package 'asbir_navigation' build argument 'cmake_target' from command line to 'None'
[0.710s] Level 5:colcon.colcon_core.verb:set package 'asbir_navigation' build argument 'cmake_target_skip_unavailable' from command line to 'False'
[0.710s] Level 5:colcon.colcon_core.verb:set package 'asbir_navigation' build argument 'cmake_clean_cache' from command line to 'False'
[0.710s] Level 5:colcon.colcon_core.verb:set package 'asbir_navigation' build argument 'cmake_clean_first' from command line to 'False'
[0.710s] Level 5:colcon.colcon_core.verb:set package 'asbir_navigation' build argument 'cmake_force_configure' from command line to 'False'
[0.710s] Level 5:colcon.colcon_core.verb:set package 'asbir_navigation' build argument 'ament_cmake_args' from command line to 'None'
[0.710s] Level 5:colcon.colcon_core.verb:set package 'asbir_navigation' build argument 'catkin_cmake_args' from command line to 'None'
[0.710s] Level 5:colcon.colcon_core.verb:set package 'asbir_navigation' build argument 'catkin_skip_building_tests' from command line to 'False'
[0.710s] DEBUG:colcon.colcon_core.verb:Building package 'asbir_navigation' with the following arguments: {'ament_cmake_args': None, 'build_base': '/home/aralab/ASBIR-ROS2/build/asbir_navigation', 'catkin_cmake_args': None, 'catkin_skip_building_tests': False, 'cmake_args': None, 'cmake_clean_cache': False, 'cmake_clean_first': False, 'cmake_force_configure': False, 'cmake_target': None, 'cmake_target_skip_unavailable': False, 'install_base': '/home/aralab/ASBIR-ROS2/install/asbir_navigation', 'merge_install': False, 'path': '/home/aralab/ASBIR-ROS2/src/asbir_navigation', 'symlink_install': False, 'test_result_base': None}
[0.712s] Level 5:colcon.colcon_core.verb:set package 'asbir_rc' build argument 'cmake_args' from command line to 'None'
[0.712s] Level 5:colcon.colcon_core.verb:set package 'asbir_rc' build argument 'cmake_target' from command line to 'None'
[0.712s] Level 5:colcon.colcon_core.verb:set package 'asbir_rc' build argument 'cmake_target_skip_unavailable' from command line to 'False'
[0.712s] Level 5:colcon.colcon_core.verb:set package 'asbir_rc' build argument 'cmake_clean_cache' from command line to 'False'
[0.712s] Level 5:colcon.colcon_core.verb:set package 'asbir_rc' build argument 'cmake_clean_first' from command line to 'False'
[0.712s] Level 5:colcon.colcon_core.verb:set package 'asbir_rc' build argument 'cmake_force_configure' from command line to 'False'
[0.712s] Level 5:colcon.colcon_core.verb:set package 'asbir_rc' build argument 'ament_cmake_args' from command line to 'None'
[0.712s] Level 5:colcon.colcon_core.verb:set package 'asbir_rc' build argument 'catkin_cmake_args' from command line to 'None'
[0.712s] Level 5:colcon.colcon_core.verb:set package 'asbir_rc' build argument 'catkin_skip_building_tests' from command line to 'False'
[0.712s] DEBUG:colcon.colcon_core.verb:Building package 'asbir_rc' with the following arguments: {'ament_cmake_args': None, 'build_base': '/home/aralab/ASBIR-ROS2/build/asbir_rc', 'catkin_cmake_args': None, 'catkin_skip_building_tests': False, 'cmake_args': None, 'cmake_clean_cache': False, 'cmake_clean_first': False, 'cmake_force_configure': False, 'cmake_target': None, 'cmake_target_skip_unavailable': False, 'install_base': '/home/aralab/ASBIR-ROS2/install/asbir_rc', 'merge_install': False, 'path': '/home/aralab/ASBIR-ROS2/src/asbir_rc', 'symlink_install': False, 'test_result_base': None}
[0.714s] Level 5:colcon.colcon_core.verb:set package 'asbir_serial' build argument 'cmake_args' from command line to 'None'
[0.714s] Level 5:colcon.colcon_core.verb:set package 'asbir_serial' build argument 'cmake_target' from command line to 'None'
[0.714s] Level 5:colcon.colcon_core.verb:set package 'asbir_serial' build argument 'cmake_target_skip_unavailable' from command line to 'False'
[0.714s] Level 5:colcon.colcon_core.verb:set package 'asbir_serial' build argument 'cmake_clean_cache' from command line to 'False'
[0.714s] Level 5:colcon.colcon_core.verb:set package 'asbir_serial' build argument 'cmake_clean_first' from command line to 'False'
[0.714s] Level 5:colcon.colcon_core.verb:set package 'asbir_serial' build argument 'cmake_force_configure' from command line to 'False'
[0.714s] Level 5:colcon.colcon_core.verb:set package 'asbir_serial' build argument 'ament_cmake_args' from command line to 'None'
[0.714s] Level 5:colcon.colcon_core.verb:set package 'asbir_serial' build argument 'catkin_cmake_args' from command line to 'None'
[0.714s] Level 5:colcon.colcon_core.verb:set package 'asbir_serial' build argument 'catkin_skip_building_tests' from command line to 'False'
[0.714s] DEBUG:colcon.colcon_core.verb:Building package 'asbir_serial' with the following arguments: {'ament_cmake_args': None, 'build_base': '/home/aralab/ASBIR-ROS2/build/asbir_serial', 'catkin_cmake_args': None, 'catkin_skip_building_tests': False, 'cmake_args': None, 'cmake_clean_cache': False, 'cmake_clean_first': False, 'cmake_force_configure': False, 'cmake_target': None, 'cmake_target_skip_unavailable': False, 'install_base': '/home/aralab/ASBIR-ROS2/install/asbir_serial', 'merge_install': False, 'path': '/home/aralab/ASBIR-ROS2/src/asbir_serial', 'symlink_install': False, 'test_result_base': None}
[0.716s] INFO:colcon.colcon_core.executor:Executing jobs using 'parallel' executor
[0.724s] DEBUG:colcon.colcon_parallel_executor.executor.parallel:run_until_complete
[0.725s] INFO:colcon.colcon_ros.task.ament_python.build:Building ROS package in '/home/aralab/ASBIR-ROS2/src/asbir_image_compression' with build type 'ament_python'
[0.725s] Level 1:colcon.colcon_core.shell:create_environment_hook('asbir_image_compression', 'ament_prefix_path')
[0.734s] INFO:colcon.colcon_core.plugin_system:Skipping extension 'colcon_core.shell.bat': Not used on non-Windows systems
[0.734s] INFO:colcon.colcon_core.shell:Creating environment hook '/home/aralab/ASBIR-ROS2/install/asbir_image_compression/share/asbir_image_compression/hook/ament_prefix_path.ps1'
[0.735s] INFO:colcon.colcon_core.shell:Creating environment descriptor '/home/aralab/ASBIR-ROS2/install/asbir_image_compression/share/asbir_image_compression/hook/ament_prefix_path.dsv'
[0.735s] INFO:colcon.colcon_core.shell:Creating environment hook '/home/aralab/ASBIR-ROS2/install/asbir_image_compression/share/asbir_image_compression/hook/ament_prefix_path.sh'
[0.739s] INFO:colcon.colcon_core.shell:Skip shell extension 'powershell' for command environment: Not usable outside of PowerShell
[0.739s] DEBUG:colcon.colcon_core.shell:Skip shell extension 'dsv' for command environment
[0.768s] INFO:colcon.colcon_ros.task.ament_python.build:Building ROS package in '/home/aralab/ASBIR-ROS2/src/asbir_navigation' with build type 'ament_python'
[0.769s] Level 1:colcon.colcon_core.shell:create_environment_hook('asbir_navigation', 'ament_prefix_path')
[0.773s] INFO:colcon.colcon_core.shell:Creating environment hook '/home/aralab/ASBIR-ROS2/install/asbir_navigation/share/asbir_navigation/hook/ament_prefix_path.ps1'
[0.773s] INFO:colcon.colcon_core.shell:Creating environment descriptor '/home/aralab/ASBIR-ROS2/install/asbir_navigation/share/asbir_navigation/hook/ament_prefix_path.dsv'
[0.774s] INFO:colcon.colcon_core.shell:Creating environment hook '/home/aralab/ASBIR-ROS2/install/asbir_navigation/share/asbir_navigation/hook/ament_prefix_path.sh'
[0.778s] INFO:colcon.colcon_core.shell:Skip shell extension 'powershell' for command environment: Not usable outside of PowerShell
[0.778s] DEBUG:colcon.colcon_core.shell:Skip shell extension 'dsv' for command environment
[0.807s] INFO:colcon.colcon_ros.task.ament_python.build:Building ROS package in '/home/aralab/ASBIR-ROS2/src/asbir_rc' with build type 'ament_python'
[0.807s] Level 1:colcon.colcon_core.shell:create_environment_hook('asbir_rc', 'ament_prefix_path')
[0.811s] INFO:colcon.colcon_core.shell:Creating environment hook '/home/aralab/ASBIR-ROS2/install/asbir_rc/share/asbir_rc/hook/ament_prefix_path.ps1'
[0.812s] INFO:colcon.colcon_core.shell:Creating environment descriptor '/home/aralab/ASBIR-ROS2/install/asbir_rc/share/asbir_rc/hook/ament_prefix_path.dsv'
[0.812s] INFO:colcon.colcon_core.shell:Creating environment hook '/home/aralab/ASBIR-ROS2/install/asbir_rc/share/asbir_rc/hook/ament_prefix_path.sh'
[0.816s] INFO:colcon.colcon_core.shell:Skip shell extension 'powershell' for command environment: Not usable outside of PowerShell
[0.816s] DEBUG:colcon.colcon_core.shell:Skip shell extension 'dsv' for command environment
[0.845s] INFO:colcon.colcon_ros.task.ament_python.build:Building ROS package in '/home/aralab/ASBIR-ROS2/src/asbir_serial' with build type 'ament_python'
[0.846s] Level 1:colcon.colcon_core.shell:create_environment_hook('asbir_serial', 'ament_prefix_path')
[0.852s] INFO:colcon.colcon_core.shell:Creating environment hook '/home/aralab/ASBIR-ROS2/install/asbir_serial/share/asbir_serial/hook/ament_prefix_path.ps1'
[0.853s] INFO:colcon.colcon_core.shell:Creating environment descriptor '/home/aralab/ASBIR-ROS2/install/asbir_serial/share/asbir_serial/hook/ament_prefix_path.dsv'
[0.853s] INFO:colcon.colcon_core.shell:Creating environment hook '/home/aralab/ASBIR-ROS2/install/asbir_serial/share/asbir_serial/hook/ament_prefix_path.sh'
[0.857s] INFO:colcon.colcon_core.shell:Skip shell extension 'powershell' for command environment: Not usable outside of PowerShell
[0.857s] DEBUG:colcon.colcon_core.shell:Skip shell extension 'dsv' for command environment
[1.546s] INFO:colcon.colcon_core.task.python.build:Building Python package in '/home/aralab/ASBIR-ROS2/src/asbir_image_compression'
[1.551s] INFO:colcon.colcon_core.shell:Skip shell extension 'powershell' for command environment: Not usable outside of PowerShell
[1.551s] DEBUG:colcon.colcon_core.shell:Skip shell extension 'dsv' for command environment
[2.261s] INFO:colcon.colcon_core.task.python.build:Building Python package in '/home/aralab/ASBIR-ROS2/src/asbir_navigation'
[2.266s] INFO:colcon.colcon_core.shell:Skip shell extension 'powershell' for command environment: Not usable outside of PowerShell
[2.266s] DEBUG:colcon.colcon_core.shell:Skip shell extension 'dsv' for command environment
[2.970s] INFO:colcon.colcon_core.task.python.build:Building Python package in '/home/aralab/ASBIR-ROS2/src/asbir_rc'
[2.974s] INFO:colcon.colcon_core.shell:Skip shell extension 'powershell' for command environment: Not usable outside of PowerShell
[2.975s] DEBUG:colcon.colcon_core.shell:Skip shell extension 'dsv' for command environment
[3.677s] INFO:colcon.colcon_core.task.python.build:Building Python package in '/home/aralab/ASBIR-ROS2/src/asbir_serial'
[3.681s] INFO:colcon.colcon_core.shell:Skip shell extension 'powershell' for command environment: Not usable outside of PowerShell
[3.681s] DEBUG:colcon.colcon_core.shell:Skip shell extension 'dsv' for command environment
[4.629s] DEBUG:colcon.colcon_core.event_handler.log_command:Invoking command in '/home/aralab/ASBIR-ROS2/src/asbir_rc': PYTHONPATH=/home/aralab/ASBIR-ROS2/build/asbir_rc/prefix_override:/home/aralab/ASBIR-ROS2/install/asbir_rc/lib/python3.8/site-packages:${PYTHONPATH} /usr/bin/python3 setup.py egg_info --egg-base ../../build/asbir_rc build --build-base /home/aralab/ASBIR-ROS2/build/asbir_rc/build install --record /home/aralab/ASBIR-ROS2/build/asbir_rc/install.log --install-scripts $base/lib/asbir_rc --single-version-externally-managed
[4.643s] DEBUG:colcon.colcon_core.event_handler.log_command:Invoking command in '/home/aralab/ASBIR-ROS2/src/asbir_navigation': PYTHONPATH=/home/aralab/ASBIR-ROS2/build/asbir_navigation/prefix_override:/home/aralab/ASBIR-ROS2/install/asbir_navigation/lib/python3.8/site-packages:${PYTHONPATH} /usr/bin/python3 setup.py egg_info --egg-base ../../build/asbir_navigation build --build-base /home/aralab/ASBIR-ROS2/build/asbir_navigation/build install --record /home/aralab/ASBIR-ROS2/build/asbir_navigation/install.log --install-scripts $base/lib/asbir_navigation --single-version-externally-managed
[5.319s] DEBUG:colcon.colcon_core.event_handler.log_command:Invoking command in '/home/aralab/ASBIR-ROS2/src/asbir_image_compression': PYTHONPATH=/home/aralab/ASBIR-ROS2/build/asbir_image_compression/prefix_override:/home/aralab/ASBIR-ROS2/install/asbir_image_compression/lib/python3.8/site-packages:${PYTHONPATH} /usr/bin/python3 setup.py egg_info --egg-base ../../build/asbir_image_compression build --build-base /home/aralab/ASBIR-ROS2/build/asbir_image_compression/build install --record /home/aralab/ASBIR-ROS2/build/asbir_image_compression/install.log --install-scripts $base/lib/asbir_image_compression --single-version-externally-managed
[5.350s] DEBUG:colcon.colcon_core.event_handler.log_command:Invoking command in '/home/aralab/ASBIR-ROS2/src/asbir_serial': PYTHONPATH=/home/aralab/ASBIR-ROS2/build/asbir_serial/prefix_override:/home/aralab/ASBIR-ROS2/install/asbir_serial/lib/python3.8/site-packages:${PYTHONPATH} /usr/bin/python3 setup.py egg_info --egg-base ../../build/asbir_serial build --build-base /home/aralab/ASBIR-ROS2/build/asbir_serial/build install --record /home/aralab/ASBIR-ROS2/build/asbir_serial/install.log --install-scripts $base/lib/asbir_serial --single-version-externally-managed
[5.461s] DEBUG:colcon.colcon_core.event_handler.log_command:Invoked command in '/home/aralab/ASBIR-ROS2/src/asbir_rc' returned '0': PYTHONPATH=/home/aralab/ASBIR-ROS2/build/asbir_rc/prefix_override:/home/aralab/ASBIR-ROS2/install/asbir_rc/lib/python3.8/site-packages:${PYTHONPATH} /usr/bin/python3 setup.py egg_info --egg-base ../../build/asbir_rc build --build-base /home/aralab/ASBIR-ROS2/build/asbir_rc/build install --record /home/aralab/ASBIR-ROS2/build/asbir_rc/install.log --install-scripts $base/lib/asbir_rc --single-version-externally-managed
[5.478s] Level 1:colcon.colcon_core.environment:checking '/home/aralab/ASBIR-ROS2/install/asbir_rc' for CMake module files
[5.479s] Level 1:colcon.colcon_core.environment:checking '/home/aralab/ASBIR-ROS2/install/asbir_rc' for CMake config files
[5.480s] Level 1:colcon.colcon_core.environment:checking '/home/aralab/ASBIR-ROS2/install/asbir_rc/lib'
[5.480s] Level 1:colcon.colcon_core.environment:checking '/home/aralab/ASBIR-ROS2/install/asbir_rc/bin'
[5.480s] Level 1:colcon.colcon_core.environment:checking '/home/aralab/ASBIR-ROS2/install/asbir_rc/lib/pkgconfig/asbir_rc.pc'
[5.480s] Level 1:colcon.colcon_core.environment:checking '/home/aralab/ASBIR-ROS2/install/asbir_rc/lib/python3.8/site-packages'
[5.480s] Level 1:colcon.colcon_core.shell:create_environment_hook('asbir_rc', 'pythonpath')
[5.486s] INFO:colcon.colcon_core.shell:Creating environment hook '/home/aralab/ASBIR-ROS2/install/asbir_rc/share/asbir_rc/hook/pythonpath.ps1'
[5.487s] INFO:colcon.colcon_core.shell:Creating environment descriptor '/home/aralab/ASBIR-ROS2/install/asbir_rc/share/asbir_rc/hook/pythonpath.dsv'
[5.487s] INFO:colcon.colcon_core.shell:Creating environment hook '/home/aralab/ASBIR-ROS2/install/asbir_rc/share/asbir_rc/hook/pythonpath.sh'
[5.488s] Level 1:colcon.colcon_core.environment:checking '/home/aralab/ASBIR-ROS2/install/asbir_rc/bin'
[5.488s] Level 1:colcon.colcon_core.environment:create_environment_scripts_only(asbir_rc)
[5.494s] INFO:colcon.colcon_core.shell:Creating package script '/home/aralab/ASBIR-ROS2/install/asbir_rc/share/asbir_rc/package.ps1'
[5.495s] INFO:colcon.colcon_core.shell:Creating package descriptor '/home/aralab/ASBIR-ROS2/install/asbir_rc/share/asbir_rc/package.dsv'
[5.495s] INFO:colcon.colcon_core.shell:Creating package script '/home/aralab/ASBIR-ROS2/install/asbir_rc/share/asbir_rc/package.sh'
[5.496s] INFO:colcon.colcon_core.shell:Creating package script '/home/aralab/ASBIR-ROS2/install/asbir_rc/share/asbir_rc/package.bash'
[5.497s] INFO:colcon.colcon_core.shell:Creating package script '/home/aralab/ASBIR-ROS2/install/asbir_rc/share/asbir_rc/package.zsh'
[5.497s] Level 1:colcon.colcon_core.environment:create_file_with_runtime_dependencies(/home/aralab/ASBIR-ROS2/install/asbir_rc/share/colcon-core/packages/asbir_rc)
[5.507s] Level 1:colcon.colcon_core.environment:checking '/home/aralab/ASBIR-ROS2/install/asbir_navigation' for CMake module files
[5.508s] DEBUG:colcon.colcon_core.event_handler.log_command:Invoked command in '/home/aralab/ASBIR-ROS2/src/asbir_navigation' returned '0': PYTHONPATH=/home/aralab/ASBIR-ROS2/build/asbir_navigation/prefix_override:/home/aralab/ASBIR-ROS2/install/asbir_navigation/lib/python3.8/site-packages:${PYTHONPATH} /usr/bin/python3 setup.py egg_info --egg-base ../../build/asbir_navigation build --build-base /home/aralab/ASBIR-ROS2/build/asbir_navigation/build install --record /home/aralab/ASBIR-ROS2/build/asbir_navigation/install.log --install-scripts $base/lib/asbir_navigation --single-version-externally-managed
[5.508s] Level 1:colcon.colcon_core.environment:checking '/home/aralab/ASBIR-ROS2/install/asbir_navigation' for CMake config files
[5.509s] Level 1:colcon.colcon_core.environment:checking '/home/aralab/ASBIR-ROS2/install/asbir_navigation/lib'
[5.509s] Level 1:colcon.colcon_core.environment:checking '/home/aralab/ASBIR-ROS2/install/asbir_navigation/bin'
[5.509s] Level 1:colcon.colcon_core.environment:checking '/home/aralab/ASBIR-ROS2/install/asbir_navigation/lib/pkgconfig/asbir_navigation.pc'
[5.509s] Level 1:colcon.colcon_core.environment:checking '/home/aralab/ASBIR-ROS2/install/asbir_navigation/lib/python3.8/site-packages'
[5.509s] Level 1:colcon.colcon_core.shell:create_environment_hook('asbir_navigation', 'pythonpath')
[5.513s] INFO:colcon.colcon_core.shell:Creating environment hook '/home/aralab/ASBIR-ROS2/install/asbir_navigation/share/asbir_navigation/hook/pythonpath.ps1'
[5.513s] INFO:colcon.colcon_core.shell:Creating environment descriptor '/home/aralab/ASBIR-ROS2/install/asbir_navigation/share/asbir_navigation/hook/pythonpath.dsv'
[5.514s] INFO:colcon.colcon_core.shell:Creating environment hook '/home/aralab/ASBIR-ROS2/install/asbir_navigation/share/asbir_navigation/hook/pythonpath.sh'
[5.514s] Level 1:colcon.colcon_core.environment:checking '/home/aralab/ASBIR-ROS2/install/asbir_navigation/bin'
[5.514s] Level 1:colcon.colcon_core.environment:create_environment_scripts_only(asbir_navigation)
[5.518s] INFO:colcon.colcon_core.shell:Creating package script '/home/aralab/ASBIR-ROS2/install/asbir_navigation/share/asbir_navigation/package.ps1'
[5.519s] INFO:colcon.colcon_core.shell:Creating package descriptor '/home/aralab/ASBIR-ROS2/install/asbir_navigation/share/asbir_navigation/package.dsv'
[5.519s] INFO:colcon.colcon_core.shell:Creating package script '/home/aralab/ASBIR-ROS2/install/asbir_navigation/share/asbir_navigation/package.sh'
[5.519s] INFO:colcon.colcon_core.shell:Creating package script '/home/aralab/ASBIR-ROS2/install/asbir_navigation/share/asbir_navigation/package.bash'
[5.520s] INFO:colcon.colcon_core.shell:Creating package script '/home/aralab/ASBIR-ROS2/install/asbir_navigation/share/asbir_navigation/package.zsh'
[5.520s] Level 1:colcon.colcon_core.environment:create_file_with_runtime_dependencies(/home/aralab/ASBIR-ROS2/install/asbir_navigation/share/colcon-core/packages/asbir_navigation)
[6.226s] Level 1:colcon.colcon_core.environment:checking '/home/aralab/ASBIR-ROS2/install/asbir_image_compression' for CMake module files
[6.226s] DEBUG:colcon.colcon_core.event_handler.log_command:Invoked command in '/home/aralab/ASBIR-ROS2/src/asbir_image_compression' returned '0': PYTHONPATH=/home/aralab/ASBIR-ROS2/build/asbir_image_compression/prefix_override:/home/aralab/ASBIR-ROS2/install/asbir_image_compression/lib/python3.8/site-packages:${PYTHONPATH} /usr/bin/python3 setup.py egg_info --egg-base ../../build/asbir_image_compression build --build-base /home/aralab/ASBIR-ROS2/build/asbir_image_compression/build install --record /home/aralab/ASBIR-ROS2/build/asbir_image_compression/install.log --install-scripts $base/lib/asbir_image_compression --single-version-externally-managed
[6.227s] Level 1:colcon.colcon_core.environment:checking '/home/aralab/ASBIR-ROS2/install/asbir_image_compression' for CMake config files
[6.227s] Level 1:colcon.colcon_core.environment:checking '/home/aralab/ASBIR-ROS2/install/asbir_image_compression/lib'
[6.227s] Level 1:colcon.colcon_core.environment:checking '/home/aralab/ASBIR-ROS2/install/asbir_image_compression/bin'
[6.227s] Level 1:colcon.colcon_core.environment:checking '/home/aralab/ASBIR-ROS2/install/asbir_image_compression/lib/pkgconfig/asbir_image_compression.pc'
[6.227s] Level 1:colcon.colcon_core.environment:checking '/home/aralab/ASBIR-ROS2/install/asbir_image_compression/lib/python3.8/site-packages'
[6.228s] Level 1:colcon.colcon_core.shell:create_environment_hook('asbir_image_compression', 'pythonpath')
[6.232s] INFO:colcon.colcon_core.shell:Creating environment hook '/home/aralab/ASBIR-ROS2/install/asbir_image_compression/share/asbir_image_compression/hook/pythonpath.ps1'
[6.232s] INFO:colcon.colcon_core.shell:Creating environment descriptor '/home/aralab/ASBIR-ROS2/install/asbir_image_compression/share/asbir_image_compression/hook/pythonpath.dsv'
[6.232s] INFO:colcon.colcon_core.shell:Creating environment hook '/home/aralab/ASBIR-ROS2/install/asbir_image_compression/share/asbir_image_compression/hook/pythonpath.sh'
[6.233s] Level 1:colcon.colcon_core.environment:checking '/home/aralab/ASBIR-ROS2/install/asbir_image_compression/bin'
[6.233s] Level 1:colcon.colcon_core.environment:create_environment_scripts_only(asbir_image_compression)
[6.237s] INFO:colcon.colcon_core.shell:Creating package script '/home/aralab/ASBIR-ROS2/install/asbir_image_compression/share/asbir_image_compression/package.ps1'
[6.237s] INFO:colcon.colcon_core.shell:Creating package descriptor '/home/aralab/ASBIR-ROS2/install/asbir_image_compression/share/asbir_image_compression/package.dsv'
[6.238s] INFO:colcon.colcon_core.shell:Creating package script '/home/aralab/ASBIR-ROS2/install/asbir_image_compression/share/asbir_image_compression/package.sh'
[6.238s] INFO:colcon.colcon_core.shell:Creating package script '/home/aralab/ASBIR-ROS2/install/asbir_image_compression/share/asbir_image_compression/package.bash'
[6.239s] INFO:colcon.colcon_core.shell:Creating package script '/home/aralab/ASBIR-ROS2/install/asbir_image_compression/share/asbir_image_compression/package.zsh'
[6.239s] Level 1:colcon.colcon_core.environment:create_file_with_runtime_dependencies(/home/aralab/ASBIR-ROS2/install/asbir_image_compression/share/colcon-core/packages/asbir_image_compression)
[6.256s] DEBUG:colcon.colcon_core.event_handler.log_command:Invoked command in '/home/aralab/ASBIR-ROS2/src/asbir_serial' returned '0': PYTHONPATH=/home/aralab/ASBIR-ROS2/build/asbir_serial/prefix_override:/home/aralab/ASBIR-ROS2/install/asbir_serial/lib/python3.8/site-packages:${PYTHONPATH} /usr/bin/python3 setup.py egg_info --egg-base ../../build/asbir_serial build --build-base /home/aralab/ASBIR-ROS2/build/asbir_serial/build install --record /home/aralab/ASBIR-ROS2/build/asbir_serial/install.log --install-scripts $base/lib/asbir_serial --single-version-externally-managed
[6.257s] Level 1:colcon.colcon_core.environment:checking '/home/aralab/ASBIR-ROS2/install/asbir_serial' for CMake module files
[6.257s] Level 1:colcon.colcon_core.environment:checking '/home/aralab/ASBIR-ROS2/install/asbir_serial' for CMake config files
[6.257s] Level 1:colcon.colcon_core.environment:checking '/home/aralab/ASBIR-ROS2/install/asbir_serial/lib'
[6.258s] Level 1:colcon.colcon_core.environment:checking '/home/aralab/ASBIR-ROS2/install/asbir_serial/bin'
[6.258s] Level 1:colcon.colcon_core.environment:checking '/home/aralab/ASBIR-ROS2/install/asbir_serial/lib/pkgconfig/asbir_serial.pc'
[6.258s] Level 1:colcon.colcon_core.environment:checking '/home/aralab/ASBIR-ROS2/install/asbir_serial/lib/python3.8/site-packages'
[6.258s] Level 1:colcon.colcon_core.shell:create_environment_hook('asbir_serial', 'pythonpath')
[6.262s] INFO:colcon.colcon_core.shell:Creating environment hook '/home/aralab/ASBIR-ROS2/install/asbir_serial/share/asbir_serial/hook/pythonpath.ps1'
[6.262s] INFO:colcon.colcon_core.shell:Creating environment descriptor '/home/aralab/ASBIR-ROS2/install/asbir_serial/share/asbir_serial/hook/pythonpath.dsv'
[6.262s] INFO:colcon.colcon_core.shell:Creating environment hook '/home/aralab/ASBIR-ROS2/install/asbir_serial/share/asbir_serial/hook/pythonpath.sh'
[6.263s] Level 1:colcon.colcon_core.environment:checking '/home/aralab/ASBIR-ROS2/install/asbir_serial/bin'
[6.263s] Level 1:colcon.colcon_core.environment:create_environment_scripts_only(asbir_serial)
[6.267s] INFO:colcon.colcon_core.shell:Creating package script '/home/aralab/ASBIR-ROS2/install/asbir_serial/share/asbir_serial/package.ps1'
[6.267s] INFO:colcon.colcon_core.shell:Creating package descriptor '/home/aralab/ASBIR-ROS2/install/asbir_serial/share/asbir_serial/package.dsv'
[6.267s] INFO:colcon.colcon_core.shell:Creating package script '/home/aralab/ASBIR-ROS2/install/asbir_serial/share/asbir_serial/package.sh'
[6.268s] INFO:colcon.colcon_core.shell:Creating package script '/home/aralab/ASBIR-ROS2/install/asbir_serial/share/asbir_serial/package.bash'
[6.268s] INFO:colcon.colcon_core.shell:Creating package script '/home/aralab/ASBIR-ROS2/install/asbir_serial/share/asbir_serial/package.zsh'
[6.268s] Level 1:colcon.colcon_core.environment:create_file_with_runtime_dependencies(/home/aralab/ASBIR-ROS2/install/asbir_serial/share/colcon-core/packages/asbir_serial)
[6.268s] DEBUG:colcon.colcon_parallel_executor.executor.parallel:closing loop
[6.269s] DEBUG:colcon.colcon_parallel_executor.executor.parallel:loop closed
[6.269s] DEBUG:colcon.colcon_parallel_executor.executor.parallel:run_until_complete finished with '0'
[6.269s] DEBUG:colcon.colcon_core.event_reactor:joining thread
[6.283s] INFO:colcon.colcon_core.plugin_system:Skipping extension 'colcon_notification.desktop_notification.terminal_notifier': Not used on non-Darwin systems
[6.283s] INFO:colcon.colcon_core.plugin_system:Skipping extension 'colcon_notification.desktop_notification.win32': Not used on non-Windows systems
[6.283s] INFO:colcon.colcon_notification.desktop_notification:Sending desktop notification using 'notify2'
[6.294s] DEBUG:colcon.colcon_core.event_reactor:joined thread
[6.298s] INFO:colcon.colcon_core.shell:Creating prefix script '/home/aralab/ASBIR-ROS2/install/local_setup.ps1'
[6.299s] INFO:colcon.colcon_core.shell:Creating prefix util module '/home/aralab/ASBIR-ROS2/install/_local_setup_util_ps1.py'
[6.300s] INFO:colcon.colcon_core.shell:Creating prefix chain script '/home/aralab/ASBIR-ROS2/install/setup.ps1'
[6.313s] INFO:colcon.colcon_core.shell:Creating prefix script '/home/aralab/ASBIR-ROS2/install/local_setup.sh'
[6.314s] INFO:colcon.colcon_core.shell:Creating prefix util module '/home/aralab/ASBIR-ROS2/install/_local_setup_util_sh.py'
[6.314s] INFO:colcon.colcon_core.shell:Creating prefix chain script '/home/aralab/ASBIR-ROS2/install/setup.sh'
[6.327s] INFO:colcon.colcon_core.shell:Creating prefix script '/home/aralab/ASBIR-ROS2/install/local_setup.bash'
[6.328s] INFO:colcon.colcon_core.shell:Creating prefix chain script '/home/aralab/ASBIR-ROS2/install/setup.bash'
[6.341s] INFO:colcon.colcon_core.shell:Creating prefix script '/home/aralab/ASBIR-ROS2/install/local_setup.zsh'
[6.341s] INFO:colcon.colcon_core.shell:Creating prefix chain script '/home/aralab/ASBIR-ROS2/install/setup.zsh'
