[2.914s] Invoking command in '/home/aralab/ASBIR-ROS2/src/asbir_panda': PYTHONPATH=/home/aralab/ASBIR-ROS2/build/asbir_panda/prefix_override:/home/aralab/ASBIR-ROS2/install/asbir_panda/lib/python3.8/site-packages:${PYTHONPATH} /usr/bin/python3 setup.py egg_info --egg-base ../../build/asbir_panda build --build-base /home/aralab/ASBIR-ROS2/build/asbir_panda/build install --record /home/aralab/ASBIR-ROS2/build/asbir_panda/install.log --install-scripts $base/lib/asbir_panda --single-version-externally-managed
[3.305s] running egg_info
[3.306s] writing ../../build/asbir_panda/asbir_panda.egg-info/PKG-INFO
[3.307s] writing dependency_links to ../../build/asbir_panda/asbir_panda.egg-info/dependency_links.txt
[3.307s] writing entry points to ../../build/asbir_panda/asbir_panda.egg-info/entry_points.txt
[3.307s] writing requirements to ../../build/asbir_panda/asbir_panda.egg-info/requires.txt
[3.307s] writing top-level names to ../../build/asbir_panda/asbir_panda.egg-info/top_level.txt
[3.338s] reading manifest file '../../build/asbir_panda/asbir_panda.egg-info/SOURCES.txt'
[3.338s] writing manifest file '../../build/asbir_panda/asbir_panda.egg-info/SOURCES.txt'
[3.339s] running build
[3.339s] running build_py
[3.339s] running install
[3.340s] running install_lib
[3.341s] running install_data
[3.342s] running install_egg_info
[3.347s] removing '/home/aralab/ASBIR-ROS2/install/asbir_panda/lib/python3.8/site-packages/asbir_panda-0.0.0-py3.8.egg-info' (and everything under it)
[3.347s] Copying ../../build/asbir_panda/asbir_panda.egg-info to /home/aralab/ASBIR-ROS2/install/asbir_panda/lib/python3.8/site-packages/asbir_panda-0.0.0-py3.8.egg-info
[3.348s] running install_scripts
[3.361s] Installing AlignAprilTag script to /home/aralab/ASBIR-ROS2/install/asbir_panda/lib/asbir_panda
[3.361s] writing list of installed files to '/home/aralab/ASBIR-ROS2/build/asbir_panda/install.log'
[3.380s] Invoked command in '/home/aralab/ASBIR-ROS2/src/asbir_panda' returned '0': PYTHONPATH=/home/aralab/ASBIR-ROS2/build/asbir_panda/prefix_override:/home/aralab/ASBIR-ROS2/install/asbir_panda/lib/python3.8/site-packages:${PYTHONPATH} /usr/bin/python3 setup.py egg_info --egg-base ../../build/asbir_panda build --build-base /home/aralab/ASBIR-ROS2/build/asbir_panda/build install --record /home/aralab/ASBIR-ROS2/build/asbir_panda/install.log --install-scripts $base/lib/asbir_panda --single-version-externally-managed
