[2.153s] Invoking command in '/home/aralab/ASBIR-ROS2/src/asbir_status': PYTHONPATH=/home/aralab/ASBIR-ROS2/build/asbir_status/prefix_override:/home/aralab/ASBIR-ROS2/install/asbir_status/lib/python3.8/site-packages:${PYTHONPATH} /usr/bin/python3 setup.py egg_info --egg-base ../../build/asbir_status build --build-base /home/aralab/ASBIR-ROS2/build/asbir_status/build install --record /home/aralab/ASBIR-ROS2/build/asbir_status/install.log --install-scripts $base/lib/asbir_status --single-version-externally-managed
[2.410s] running egg_info
[2.410s] writing ../../build/asbir_status/asbir_status.egg-info/PKG-INFO
[2.410s] writing dependency_links to ../../build/asbir_status/asbir_status.egg-info/dependency_links.txt
[2.411s] writing entry points to ../../build/asbir_status/asbir_status.egg-info/entry_points.txt
[2.411s] writing requirements to ../../build/asbir_status/asbir_status.egg-info/requires.txt
[2.411s] writing top-level names to ../../build/asbir_status/asbir_status.egg-info/top_level.txt
[2.451s] reading manifest file '../../build/asbir_status/asbir_status.egg-info/SOURCES.txt'
[2.452s] writing manifest file '../../build/asbir_status/asbir_status.egg-info/SOURCES.txt'
[2.452s] running build
[2.452s] running build_py
[2.453s] running install
[2.454s] running install_lib
[2.456s] running install_data
[2.456s] running install_egg_info
[2.458s] removing '/home/aralab/ASBIR-ROS2/install/asbir_status/lib/python3.8/site-packages/asbir_status-0.0.0-py3.8.egg-info' (and everything under it)
[2.458s] Copying ../../build/asbir_status/asbir_status.egg-info to /home/aralab/ASBIR-ROS2/install/asbir_status/lib/python3.8/site-packages/asbir_status-0.0.0-py3.8.egg-info
[2.459s] running install_scripts
[2.476s] Installing nodeController script to /home/aralab/ASBIR-ROS2/install/asbir_status/lib/asbir_status
[2.476s] Installing statusListener script to /home/aralab/ASBIR-ROS2/install/asbir_status/lib/asbir_status
[2.477s] writing list of installed files to '/home/aralab/ASBIR-ROS2/build/asbir_status/install.log'
[2.503s] Invoked command in '/home/aralab/ASBIR-ROS2/src/asbir_status' returned '0': PYTHONPATH=/home/aralab/ASBIR-ROS2/build/asbir_status/prefix_override:/home/aralab/ASBIR-ROS2/install/asbir_status/lib/python3.8/site-packages:${PYTHONPATH} /usr/bin/python3 setup.py egg_info --egg-base ../../build/asbir_status build --build-base /home/aralab/ASBIR-ROS2/build/asbir_status/build install --record /home/aralab/ASBIR-ROS2/build/asbir_status/install.log --install-scripts $base/lib/asbir_status --single-version-externally-managed
