[2.735s] Invoking command in '/home/aralab/ASBIR-ROS2/src/asbir_rc': PYTHONPATH=/home/aralab/ASBIR-ROS2/build/asbir_rc/prefix_override:/home/aralab/ASBIR-ROS2/install/asbir_rc/lib/python3.8/site-packages:${PYTHONPATH} /usr/bin/python3 setup.py egg_info --egg-base ../../build/asbir_rc build --build-base /home/aralab/ASBIR-ROS2/build/asbir_rc/build install --record /home/aralab/ASBIR-ROS2/build/asbir_rc/install.log --install-scripts $base/lib/asbir_rc --single-version-externally-managed
[3.162s] running egg_info
[3.163s] writing ../../build/asbir_rc/asbir_rc.egg-info/PKG-INFO
[3.163s] writing dependency_links to ../../build/asbir_rc/asbir_rc.egg-info/dependency_links.txt
[3.163s] writing entry points to ../../build/asbir_rc/asbir_rc.egg-info/entry_points.txt
[3.164s] writing requirements to ../../build/asbir_rc/asbir_rc.egg-info/requires.txt
[3.164s] writing top-level names to ../../build/asbir_rc/asbir_rc.egg-info/top_level.txt
[3.240s] reading manifest file '../../build/asbir_rc/asbir_rc.egg-info/SOURCES.txt'
[3.240s] writing manifest file '../../build/asbir_rc/asbir_rc.egg-info/SOURCES.txt'
[3.240s] running build
[3.240s] running build_py
[3.241s] running install
[3.243s] running install_lib
[3.246s] running install_data
[3.247s] running install_egg_info
[3.250s] removing '/home/aralab/ASBIR-ROS2/install/asbir_rc/lib/python3.8/site-packages/asbir_rc-0.0.0-py3.8.egg-info' (and everything under it)
[3.250s] Copying ../../build/asbir_rc/asbir_rc.egg-info to /home/aralab/ASBIR-ROS2/install/asbir_rc/lib/python3.8/site-packages/asbir_rc-0.0.0-py3.8.egg-info
[3.252s] running install_scripts
[3.291s] Installing teleopGamepad script to /home/aralab/ASBIR-ROS2/install/asbir_rc/lib/asbir_rc
[3.291s] Installing teleopKeyboard script to /home/aralab/ASBIR-ROS2/install/asbir_rc/lib/asbir_rc
[3.292s] writing list of installed files to '/home/aralab/ASBIR-ROS2/build/asbir_rc/install.log'
[3.322s] Invoked command in '/home/aralab/ASBIR-ROS2/src/asbir_rc' returned '0': PYTHONPATH=/home/aralab/ASBIR-ROS2/build/asbir_rc/prefix_override:/home/aralab/ASBIR-ROS2/install/asbir_rc/lib/python3.8/site-packages:${PYTHONPATH} /usr/bin/python3 setup.py egg_info --egg-base ../../build/asbir_rc build --build-base /home/aralab/ASBIR-ROS2/build/asbir_rc/build install --record /home/aralab/ASBIR-ROS2/build/asbir_rc/install.log --install-scripts $base/lib/asbir_rc --single-version-externally-managed
