[2.818s] DEBUG:colcon:Command line arguments: ['/usr/bin/colcon', 'build', '--packages-select', 'asbir_xavier_gpio', 'asbir_rc']
[2.819s] DEBUG:colcon:Parsed command line arguments: Namespace(allow_overriding=[], ament_cmake_args=None, base_paths=['.'], build_base='build', catkin_cmake_args=None, catkin_skip_building_tests=False, cmake_args=None, cmake_clean_cache=False, cmake_clean_first=False, cmake_force_configure=False, cmake_target=None, cmake_target_skip_unavailable=False, continue_on_error=False, event_handlers=None, executor='parallel', ignore_user_meta=False, install_base='install', log_base=None, log_level=None, main=<bound method BuildVerb.main of <colcon_core.verb.build.BuildVerb object at 0xffff96ed0550>>, merge_install=False, metas=['./colcon.meta'], packages_above=None, packages_above_and_dependencies=None, packages_above_depth=None, packages_end=None, packages_ignore=None, packages_ignore_regex=None, packages_select=['asbir_xavier_gpio', 'asbir_rc'], packages_select_build_failed=False, packages_select_by_dep=None, packages_select_regex=None, packages_select_test_failures=False, packages_skip=None, packages_skip_build_finished=False, packages_skip_by_dep=None, packages_skip_regex=None, packages_skip_test_passed=False, packages_skip_up_to=None, packages_start=None, packages_up_to=None, packages_up_to_regex=None, parallel_workers=4, paths=None, symlink_install=False, test_result_base=None, verb_extension=<colcon_core.verb.build.BuildVerb object at 0xffff96ed0550>, verb_name='build', verb_parser=<colcon_defaults.argument_parser.defaults.DefaultArgumentsDecorator object at 0xffff96ed0a90>)
[3.107s] Level 1:colcon.colcon_core.package_discovery:discover_packages(colcon_meta) check parameters
[3.107s] Level 1:colcon.colcon_core.package_discovery:discover_packages(recursive) check parameters
[3.108s] Level 1:colcon.colcon_core.package_discovery:discover_packages(ignore) check parameters
[3.108s] Level 1:colcon.colcon_core.package_discovery:discover_packages(path) check parameters
[3.108s] Level 1:colcon.colcon_core.package_discovery:discover_packages(colcon_meta) discover
[3.108s] Level 1:colcon.colcon_core.package_discovery:discover_packages(recursive) discover
[3.109s] INFO:colcon.colcon_core.package_discovery:Crawling recursively for packages in '/home/asbir/ASBIR-ROS2'
[3.109s] Level 1:colcon.colcon_core.package_identification:_identify(.) by extensions ['ignore', 'ignore_ament_install']
[3.110s] Level 1:colcon.colcon_core.package_identification:_identify(.) by extension 'ignore'
[3.110s] Level 1:colcon.colcon_core.package_identification:_identify(.) by extension 'ignore_ament_install'
[3.110s] Level 1:colcon.colcon_core.package_identification:_identify(.) by extensions ['colcon_pkg']
[3.111s] Level 1:colcon.colcon_core.package_identification:_identify(.) by extension 'colcon_pkg'
[3.111s] Level 1:colcon.colcon_core.package_identification:_identify(.) by extensions ['colcon_meta']
[3.111s] Level 1:colcon.colcon_core.package_identification:_identify(.) by extension 'colcon_meta'
[3.111s] Level 1:colcon.colcon_core.package_identification:_identify(.) by extensions ['ros']
[3.112s] Level 1:colcon.colcon_core.package_identification:_identify(.) by extension 'ros'
[3.182s] Level 1:colcon.colcon_core.package_identification:_identify(.) by extensions ['cmake', 'python']
[3.182s] Level 1:colcon.colcon_core.package_identification:_identify(.) by extension 'cmake'
[3.183s] Level 1:colcon.colcon_core.package_identification:_identify(.) by extension 'python'
[3.183s] Level 1:colcon.colcon_core.package_identification:_identify(.) by extensions ['python_setup_py']
[3.183s] Level 1:colcon.colcon_core.package_identification:_identify(.) by extension 'python_setup_py'
[3.184s] Level 1:colcon.colcon_core.package_identification:_identify(build) by extensions ['ignore', 'ignore_ament_install']
[3.184s] Level 1:colcon.colcon_core.package_identification:_identify(build) by extension 'ignore'
[3.185s] Level 1:colcon.colcon_core.package_identification:_identify(build) ignored
[3.185s] Level 1:colcon.colcon_core.package_identification:_identify(install) by extensions ['ignore', 'ignore_ament_install']
[3.186s] Level 1:colcon.colcon_core.package_identification:_identify(install) by extension 'ignore'
[3.186s] Level 1:colcon.colcon_core.package_identification:_identify(install) ignored
[3.190s] Level 1:colcon.colcon_core.package_identification:_identify(log) by extensions ['ignore', 'ignore_ament_install']
[3.190s] Level 1:colcon.colcon_core.package_identification:_identify(log) by extension 'ignore'
[3.190s] Level 1:colcon.colcon_core.package_identification:_identify(log) ignored
[3.191s] Level 1:colcon.colcon_core.package_identification:_identify(src) by extensions ['ignore', 'ignore_ament_install']
[3.191s] Level 1:colcon.colcon_core.package_identification:_identify(src) by extension 'ignore'
[3.192s] Level 1:colcon.colcon_core.package_identification:_identify(src) by extension 'ignore_ament_install'
[3.192s] Level 1:colcon.colcon_core.package_identification:_identify(src) by extensions ['colcon_pkg']
[3.192s] Level 1:colcon.colcon_core.package_identification:_identify(src) by extension 'colcon_pkg'
[3.193s] Level 1:colcon.colcon_core.package_identification:_identify(src) by extensions ['colcon_meta']
[3.193s] Level 1:colcon.colcon_core.package_identification:_identify(src) by extension 'colcon_meta'
[3.193s] Level 1:colcon.colcon_core.package_identification:_identify(src) by extensions ['ros']
[3.193s] Level 1:colcon.colcon_core.package_identification:_identify(src) by extension 'ros'
[3.194s] Level 1:colcon.colcon_core.package_identification:_identify(src) by extensions ['cmake', 'python']
[3.194s] Level 1:colcon.colcon_core.package_identification:_identify(src) by extension 'cmake'
[3.194s] Level 1:colcon.colcon_core.package_identification:_identify(src) by extension 'python'
[3.195s] Level 1:colcon.colcon_core.package_identification:_identify(src) by extensions ['python_setup_py']
[3.195s] Level 1:colcon.colcon_core.package_identification:_identify(src) by extension 'python_setup_py'
[3.196s] Level 1:colcon.colcon_core.package_identification:_identify(src/asbir_image_compression) by extensions ['ignore', 'ignore_ament_install']
[3.196s] Level 1:colcon.colcon_core.package_identification:_identify(src/asbir_image_compression) by extension 'ignore'
[3.196s] Level 1:colcon.colcon_core.package_identification:_identify(src/asbir_image_compression) by extension 'ignore_ament_install'
[3.197s] Level 1:colcon.colcon_core.package_identification:_identify(src/asbir_image_compression) by extensions ['colcon_pkg']
[3.197s] Level 1:colcon.colcon_core.package_identification:_identify(src/asbir_image_compression) by extension 'colcon_pkg'
[3.197s] Level 1:colcon.colcon_core.package_identification:_identify(src/asbir_image_compression) by extensions ['colcon_meta']
[3.197s] Level 1:colcon.colcon_core.package_identification:_identify(src/asbir_image_compression) by extension 'colcon_meta'
[3.197s] Level 1:colcon.colcon_core.package_identification:_identify(src/asbir_image_compression) by extensions ['ros']
[3.198s] Level 1:colcon.colcon_core.package_identification:_identify(src/asbir_image_compression) by extension 'ros'
[3.209s] DEBUG:colcon.colcon_core.package_identification:Package 'src/asbir_image_compression' with type 'ros.ament_python' and name 'asbir_image_compression'
[3.210s] Level 1:colcon.colcon_core.package_identification:_identify(src/asbir_navigation) by extensions ['ignore', 'ignore_ament_install']
[3.211s] Level 1:colcon.colcon_core.package_identification:_identify(src/asbir_navigation) by extension 'ignore'
[3.211s] Level 1:colcon.colcon_core.package_identification:_identify(src/asbir_navigation) by extension 'ignore_ament_install'
[3.212s] Level 1:colcon.colcon_core.package_identification:_identify(src/asbir_navigation) by extensions ['colcon_pkg']
[3.212s] Level 1:colcon.colcon_core.package_identification:_identify(src/asbir_navigation) by extension 'colcon_pkg'
[3.212s] Level 1:colcon.colcon_core.package_identification:_identify(src/asbir_navigation) by extensions ['colcon_meta']
[3.212s] Level 1:colcon.colcon_core.package_identification:_identify(src/asbir_navigation) by extension 'colcon_meta'
[3.213s] Level 1:colcon.colcon_core.package_identification:_identify(src/asbir_navigation) by extensions ['ros']
[3.213s] Level 1:colcon.colcon_core.package_identification:_identify(src/asbir_navigation) by extension 'ros'
[3.216s] DEBUG:colcon.colcon_core.package_identification:Package 'src/asbir_navigation' with type 'ros.ament_python' and name 'asbir_navigation'
[3.216s] Level 1:colcon.colcon_core.package_identification:_identify(src/asbir_rc) by extensions ['ignore', 'ignore_ament_install']
[3.217s] Level 1:colcon.colcon_core.package_identification:_identify(src/asbir_rc) by extension 'ignore'
[3.217s] Level 1:colcon.colcon_core.package_identification:_identify(src/asbir_rc) by extension 'ignore_ament_install'
[3.218s] Level 1:colcon.colcon_core.package_identification:_identify(src/asbir_rc) by extensions ['colcon_pkg']
[3.218s] Level 1:colcon.colcon_core.package_identification:_identify(src/asbir_rc) by extension 'colcon_pkg'
[3.218s] Level 1:colcon.colcon_core.package_identification:_identify(src/asbir_rc) by extensions ['colcon_meta']
[3.218s] Level 1:colcon.colcon_core.package_identification:_identify(src/asbir_rc) by extension 'colcon_meta'
[3.219s] Level 1:colcon.colcon_core.package_identification:_identify(src/asbir_rc) by extensions ['ros']
[3.219s] Level 1:colcon.colcon_core.package_identification:_identify(src/asbir_rc) by extension 'ros'
[3.221s] DEBUG:colcon.colcon_core.package_identification:Package 'src/asbir_rc' with type 'ros.ament_python' and name 'asbir_rc'
[3.222s] Level 1:colcon.colcon_core.package_identification:_identify(src/asbir_serial) by extensions ['ignore', 'ignore_ament_install']
[3.223s] Level 1:colcon.colcon_core.package_identification:_identify(src/asbir_serial) by extension 'ignore'
[3.223s] Level 1:colcon.colcon_core.package_identification:_identify(src/asbir_serial) by extension 'ignore_ament_install'
[3.224s] Level 1:colcon.colcon_core.package_identification:_identify(src/asbir_serial) by extensions ['colcon_pkg']
[3.224s] Level 1:colcon.colcon_core.package_identification:_identify(src/asbir_serial) by extension 'colcon_pkg'
[3.224s] Level 1:colcon.colcon_core.package_identification:_identify(src/asbir_serial) by extensions ['colcon_meta']
[3.224s] Level 1:colcon.colcon_core.package_identification:_identify(src/asbir_serial) by extension 'colcon_meta'
[3.225s] Level 1:colcon.colcon_core.package_identification:_identify(src/asbir_serial) by extensions ['ros']
[3.225s] Level 1:colcon.colcon_core.package_identification:_identify(src/asbir_serial) by extension 'ros'
[3.227s] DEBUG:colcon.colcon_core.package_identification:Package 'src/asbir_serial' with type 'ros.ament_python' and name 'asbir_serial'
[3.228s] Level 1:colcon.colcon_core.package_identification:_identify(src/asbir_xavier_gpio) by extensions ['ignore', 'ignore_ament_install']
[3.229s] Level 1:colcon.colcon_core.package_identification:_identify(src/asbir_xavier_gpio) by extension 'ignore'
[3.229s] Level 1:colcon.colcon_core.package_identification:_identify(src/asbir_xavier_gpio) by extension 'ignore_ament_install'
[3.229s] Level 1:colcon.colcon_core.package_identification:_identify(src/asbir_xavier_gpio) by extensions ['colcon_pkg']
[3.230s] Level 1:colcon.colcon_core.package_identification:_identify(src/asbir_xavier_gpio) by extension 'colcon_pkg'
[3.230s] Level 1:colcon.colcon_core.package_identification:_identify(src/asbir_xavier_gpio) by extensions ['colcon_meta']
[3.230s] Level 1:colcon.colcon_core.package_identification:_identify(src/asbir_xavier_gpio) by extension 'colcon_meta'
[3.230s] Level 1:colcon.colcon_core.package_identification:_identify(src/asbir_xavier_gpio) by extensions ['ros']
[3.231s] Level 1:colcon.colcon_core.package_identification:_identify(src/asbir_xavier_gpio) by extension 'ros'
[3.233s] DEBUG:colcon.colcon_core.package_identification:Package 'src/asbir_xavier_gpio' with type 'ros.ament_python' and name 'asbir_xavier_gpio'
[3.234s] Level 1:colcon.colcon_core.package_identification:_identify(src/objects) by extensions ['ignore', 'ignore_ament_install']
[3.235s] Level 1:colcon.colcon_core.package_identification:_identify(src/objects) by extension 'ignore'
[3.235s] Level 1:colcon.colcon_core.package_identification:_identify(src/objects) by extension 'ignore_ament_install'
[3.236s] Level 1:colcon.colcon_core.package_identification:_identify(src/objects) by extensions ['colcon_pkg']
[3.236s] Level 1:colcon.colcon_core.package_identification:_identify(src/objects) by extension 'colcon_pkg'
[3.236s] Level 1:colcon.colcon_core.package_identification:_identify(src/objects) by extensions ['colcon_meta']
[3.237s] Level 1:colcon.colcon_core.package_identification:_identify(src/objects) by extension 'colcon_meta'
[3.237s] Level 1:colcon.colcon_core.package_identification:_identify(src/objects) by extensions ['ros']
[3.237s] Level 1:colcon.colcon_core.package_identification:_identify(src/objects) by extension 'ros'
[3.238s] Level 1:colcon.colcon_core.package_identification:_identify(src/objects) by extensions ['cmake', 'python']
[3.238s] Level 1:colcon.colcon_core.package_identification:_identify(src/objects) by extension 'cmake'
[3.239s] Level 1:colcon.colcon_core.package_identification:_identify(src/objects) by extension 'python'
[3.239s] Level 1:colcon.colcon_core.package_identification:_identify(src/objects) by extensions ['python_setup_py']
[3.239s] Level 1:colcon.colcon_core.package_identification:_identify(src/objects) by extension 'python_setup_py'
[3.239s] Level 1:colcon.colcon_core.package_discovery:discover_packages(recursive) using defaults
[3.240s] Level 1:colcon.colcon_core.package_discovery:discover_packages(ignore) discover
[3.240s] Level 1:colcon.colcon_core.package_discovery:discover_packages(ignore) using defaults
[3.240s] Level 1:colcon.colcon_core.package_discovery:discover_packages(path) discover
[3.240s] Level 1:colcon.colcon_core.package_discovery:discover_packages(path) using defaults
[3.471s] INFO:colcon.colcon_core.package_selection:Skipping not selected package 'asbir_image_compression' in 'src/asbir_image_compression'
[3.471s] INFO:colcon.colcon_core.package_selection:Skipping not selected package 'asbir_navigation' in 'src/asbir_navigation'
[3.472s] INFO:colcon.colcon_core.package_selection:Skipping not selected package 'asbir_serial' in 'src/asbir_serial'
[3.476s] Level 1:colcon.colcon_core.package_discovery:discover_packages(prefix_path) check parameters
[3.476s] Level 1:colcon.colcon_core.package_discovery:discover_packages(prefix_path) discover
[3.610s] DEBUG:colcon.colcon_installed_package_information.package_discovery:Found 5 installed packages in /home/asbir/ASBIR-ROS2/install
[3.676s] DEBUG:colcon.colcon_installed_package_information.package_discovery:Found 311 installed packages in /home/asbir/ros2_foxy_core/install
[3.694s] Level 1:colcon.colcon_core.package_discovery:discover_packages(prefix_path) using defaults
[3.849s] Level 5:colcon.colcon_core.verb:set package 'asbir_rc' build argument 'cmake_args' from command line to 'None'
[3.849s] Level 5:colcon.colcon_core.verb:set package 'asbir_rc' build argument 'cmake_target' from command line to 'None'
[3.849s] Level 5:colcon.colcon_core.verb:set package 'asbir_rc' build argument 'cmake_target_skip_unavailable' from command line to 'False'
[3.850s] Level 5:colcon.colcon_core.verb:set package 'asbir_rc' build argument 'cmake_clean_cache' from command line to 'False'
[3.850s] Level 5:colcon.colcon_core.verb:set package 'asbir_rc' build argument 'cmake_clean_first' from command line to 'False'
[3.850s] Level 5:colcon.colcon_core.verb:set package 'asbir_rc' build argument 'cmake_force_configure' from command line to 'False'
[3.851s] Level 5:colcon.colcon_core.verb:set package 'asbir_rc' build argument 'ament_cmake_args' from command line to 'None'
[3.851s] Level 5:colcon.colcon_core.verb:set package 'asbir_rc' build argument 'catkin_cmake_args' from command line to 'None'
[3.851s] Level 5:colcon.colcon_core.verb:set package 'asbir_rc' build argument 'catkin_skip_building_tests' from command line to 'False'
[3.851s] DEBUG:colcon.colcon_core.verb:Building package 'asbir_rc' with the following arguments: {'ament_cmake_args': None, 'build_base': '/home/asbir/ASBIR-ROS2/build/asbir_rc', 'catkin_cmake_args': None, 'catkin_skip_building_tests': False, 'cmake_args': None, 'cmake_clean_cache': False, 'cmake_clean_first': False, 'cmake_force_configure': False, 'cmake_target': None, 'cmake_target_skip_unavailable': False, 'install_base': '/home/asbir/ASBIR-ROS2/install/asbir_rc', 'merge_install': False, 'path': '/home/asbir/ASBIR-ROS2/src/asbir_rc', 'symlink_install': False, 'test_result_base': None}
[3.862s] Level 5:colcon.colcon_core.verb:set package 'asbir_xavier_gpio' build argument 'cmake_args' from command line to 'None'
[3.863s] Level 5:colcon.colcon_core.verb:set package 'asbir_xavier_gpio' build argument 'cmake_target' from command line to 'None'
[3.863s] Level 5:colcon.colcon_core.verb:set package 'asbir_xavier_gpio' build argument 'cmake_target_skip_unavailable' from command line to 'False'
[3.863s] Level 5:colcon.colcon_core.verb:set package 'asbir_xavier_gpio' build argument 'cmake_clean_cache' from command line to 'False'
[3.863s] Level 5:colcon.colcon_core.verb:set package 'asbir_xavier_gpio' build argument 'cmake_clean_first' from command line to 'False'
[3.864s] Level 5:colcon.colcon_core.verb:set package 'asbir_xavier_gpio' build argument 'cmake_force_configure' from command line to 'False'
[3.864s] Level 5:colcon.colcon_core.verb:set package 'asbir_xavier_gpio' build argument 'ament_cmake_args' from command line to 'None'
[3.864s] Level 5:colcon.colcon_core.verb:set package 'asbir_xavier_gpio' build argument 'catkin_cmake_args' from command line to 'None'
[3.864s] Level 5:colcon.colcon_core.verb:set package 'asbir_xavier_gpio' build argument 'catkin_skip_building_tests' from command line to 'False'
[3.864s] DEBUG:colcon.colcon_core.verb:Building package 'asbir_xavier_gpio' with the following arguments: {'ament_cmake_args': None, 'build_base': '/home/asbir/ASBIR-ROS2/build/asbir_xavier_gpio', 'catkin_cmake_args': None, 'catkin_skip_building_tests': False, 'cmake_args': None, 'cmake_clean_cache': False, 'cmake_clean_first': False, 'cmake_force_configure': False, 'cmake_target': None, 'cmake_target_skip_unavailable': False, 'install_base': '/home/asbir/ASBIR-ROS2/install/asbir_xavier_gpio', 'merge_install': False, 'path': '/home/asbir/ASBIR-ROS2/src/asbir_xavier_gpio', 'symlink_install': False, 'test_result_base': None}
[3.874s] INFO:colcon.colcon_core.executor:Executing jobs using 'parallel' executor
[3.920s] DEBUG:colcon.colcon_parallel_executor.executor.parallel:run_until_complete
[3.922s] INFO:colcon.colcon_ros.task.ament_python.build:Building ROS package in '/home/asbir/ASBIR-ROS2/src/asbir_rc' with build type 'ament_python'
[3.923s] Level 1:colcon.colcon_core.shell:create_environment_hook('asbir_rc', 'ament_prefix_path')
[3.974s] INFO:colcon.colcon_core.plugin_system:Skipping extension 'colcon_core.shell.bat': Not used on non-Windows systems
[3.975s] INFO:colcon.colcon_core.shell:Creating environment hook '/home/asbir/ASBIR-ROS2/install/asbir_rc/share/asbir_rc/hook/ament_prefix_path.ps1'
[3.978s] INFO:colcon.colcon_core.shell:Creating environment descriptor '/home/asbir/ASBIR-ROS2/install/asbir_rc/share/asbir_rc/hook/ament_prefix_path.dsv'
[3.983s] INFO:colcon.colcon_core.shell:Creating environment hook '/home/asbir/ASBIR-ROS2/install/asbir_rc/share/asbir_rc/hook/ament_prefix_path.sh'
[4.011s] INFO:colcon.colcon_core.shell:Skip shell extension 'powershell' for command environment: Not usable outside of PowerShell
[4.011s] DEBUG:colcon.colcon_core.shell:Skip shell extension 'dsv' for command environment
[4.244s] INFO:colcon.colcon_ros.task.ament_python.build:Building ROS package in '/home/asbir/ASBIR-ROS2/src/asbir_xavier_gpio' with build type 'ament_python'
[4.254s] Level 1:colcon.colcon_core.shell:create_environment_hook('asbir_xavier_gpio', 'ament_prefix_path')
[4.290s] INFO:colcon.colcon_core.shell:Creating environment hook '/home/asbir/ASBIR-ROS2/install/asbir_xavier_gpio/share/asbir_xavier_gpio/hook/ament_prefix_path.ps1'
[4.296s] INFO:colcon.colcon_core.shell:Creating environment descriptor '/home/asbir/ASBIR-ROS2/install/asbir_xavier_gpio/share/asbir_xavier_gpio/hook/ament_prefix_path.dsv'
[4.301s] INFO:colcon.colcon_core.shell:Creating environment hook '/home/asbir/ASBIR-ROS2/install/asbir_xavier_gpio/share/asbir_xavier_gpio/hook/ament_prefix_path.sh'
[4.325s] INFO:colcon.colcon_core.shell:Skip shell extension 'powershell' for command environment: Not usable outside of PowerShell
[4.327s] DEBUG:colcon.colcon_core.shell:Skip shell extension 'dsv' for command environment
[6.778s] INFO:colcon.colcon_core.task.python.build:Building Python package in '/home/asbir/ASBIR-ROS2/src/asbir_rc'
[6.804s] INFO:colcon.colcon_core.shell:Skip shell extension 'powershell' for command environment: Not usable outside of PowerShell
[6.805s] DEBUG:colcon.colcon_core.shell:Skip shell extension 'dsv' for command environment
[9.257s] INFO:colcon.colcon_core.task.python.build:Building Python package in '/home/asbir/ASBIR-ROS2/src/asbir_xavier_gpio'
[9.287s] INFO:colcon.colcon_core.shell:Skip shell extension 'powershell' for command environment: Not usable outside of PowerShell
[9.287s] DEBUG:colcon.colcon_core.shell:Skip shell extension 'dsv' for command environment
[12.941s] DEBUG:colcon.colcon_core.event_handler.log_command:Invoking command in '/home/asbir/ASBIR-ROS2/src/asbir_rc': PYTHONPATH=/home/asbir/ASBIR-ROS2/build/asbir_rc/prefix_override:/home/asbir/ASBIR-ROS2/install/asbir_rc/lib/python3.8/site-packages:${PYTHONPATH} /usr/bin/python3 setup.py egg_info --egg-base ../../build/asbir_rc build --build-base /home/asbir/ASBIR-ROS2/build/asbir_rc/build install --record /home/asbir/ASBIR-ROS2/build/asbir_rc/install.log --install-scripts $base/lib/asbir_rc --single-version-externally-managed
[13.031s] DEBUG:colcon.colcon_core.event_handler.log_command:Invoking command in '/home/asbir/ASBIR-ROS2/src/asbir_xavier_gpio': PYTHONPATH=/home/asbir/ASBIR-ROS2/build/asbir_xavier_gpio/prefix_override:/home/asbir/ASBIR-ROS2/install/asbir_xavier_gpio/lib/python3.8/site-packages:${PYTHONPATH} /usr/bin/python3 setup.py egg_info --egg-base ../../build/asbir_xavier_gpio build --build-base /home/asbir/ASBIR-ROS2/build/asbir_xavier_gpio/build install --record /home/asbir/ASBIR-ROS2/build/asbir_xavier_gpio/install.log --install-scripts $base/lib/asbir_xavier_gpio --single-version-externally-managed
[16.075s] DEBUG:colcon.colcon_core.event_handler.log_command:Invoked command in '/home/asbir/ASBIR-ROS2/src/asbir_rc' returned '0': PYTHONPATH=/home/asbir/ASBIR-ROS2/build/asbir_rc/prefix_override:/home/asbir/ASBIR-ROS2/install/asbir_rc/lib/python3.8/site-packages:${PYTHONPATH} /usr/bin/python3 setup.py egg_info --egg-base ../../build/asbir_rc build --build-base /home/asbir/ASBIR-ROS2/build/asbir_rc/build install --record /home/asbir/ASBIR-ROS2/build/asbir_rc/install.log --install-scripts $base/lib/asbir_rc --single-version-externally-managed
[16.152s] Level 1:colcon.colcon_core.environment:checking '/home/asbir/ASBIR-ROS2/install/asbir_rc' for CMake module files
[16.155s] Level 1:colcon.colcon_core.environment:checking '/home/asbir/ASBIR-ROS2/install/asbir_rc' for CMake config files
[16.160s] Level 1:colcon.colcon_core.environment:checking '/home/asbir/ASBIR-ROS2/install/asbir_rc/lib'
[16.161s] Level 1:colcon.colcon_core.environment:checking '/home/asbir/ASBIR-ROS2/install/asbir_rc/bin'
[16.162s] Level 1:colcon.colcon_core.environment:checking '/home/asbir/ASBIR-ROS2/install/asbir_rc/lib/pkgconfig/asbir_rc.pc'
[16.163s] Level 1:colcon.colcon_core.environment:checking '/home/asbir/ASBIR-ROS2/install/asbir_rc/lib/python3.8/site-packages'
[16.164s] Level 1:colcon.colcon_core.shell:create_environment_hook('asbir_rc', 'pythonpath')
[16.184s] INFO:colcon.colcon_core.shell:Creating environment hook '/home/asbir/ASBIR-ROS2/install/asbir_rc/share/asbir_rc/hook/pythonpath.ps1'
[16.188s] INFO:colcon.colcon_core.shell:Creating environment descriptor '/home/asbir/ASBIR-ROS2/install/asbir_rc/share/asbir_rc/hook/pythonpath.dsv'
[16.193s] INFO:colcon.colcon_core.shell:Creating environment hook '/home/asbir/ASBIR-ROS2/install/asbir_rc/share/asbir_rc/hook/pythonpath.sh'
[16.196s] Level 1:colcon.colcon_core.environment:checking '/home/asbir/ASBIR-ROS2/install/asbir_rc/bin'
[16.197s] Level 1:colcon.colcon_core.environment:create_environment_scripts_only(asbir_rc)
[16.220s] INFO:colcon.colcon_core.shell:Creating package script '/home/asbir/ASBIR-ROS2/install/asbir_rc/share/asbir_rc/package.ps1'
[16.225s] INFO:colcon.colcon_core.shell:Creating package descriptor '/home/asbir/ASBIR-ROS2/install/asbir_rc/share/asbir_rc/package.dsv'
[16.229s] INFO:colcon.colcon_core.shell:Creating package script '/home/asbir/ASBIR-ROS2/install/asbir_rc/share/asbir_rc/package.sh'
[16.233s] INFO:colcon.colcon_core.shell:Creating package script '/home/asbir/ASBIR-ROS2/install/asbir_rc/share/asbir_rc/package.bash'
[16.237s] INFO:colcon.colcon_core.shell:Creating package script '/home/asbir/ASBIR-ROS2/install/asbir_rc/share/asbir_rc/package.zsh'
[16.241s] Level 1:colcon.colcon_core.environment:create_file_with_runtime_dependencies(/home/asbir/ASBIR-ROS2/install/asbir_rc/share/colcon-core/packages/asbir_rc)
[16.291s] DEBUG:colcon.colcon_core.event_handler.log_command:Invoked command in '/home/asbir/ASBIR-ROS2/src/asbir_xavier_gpio' returned '0': PYTHONPATH=/home/asbir/ASBIR-ROS2/build/asbir_xavier_gpio/prefix_override:/home/asbir/ASBIR-ROS2/install/asbir_xavier_gpio/lib/python3.8/site-packages:${PYTHONPATH} /usr/bin/python3 setup.py egg_info --egg-base ../../build/asbir_xavier_gpio build --build-base /home/asbir/ASBIR-ROS2/build/asbir_xavier_gpio/build install --record /home/asbir/ASBIR-ROS2/build/asbir_xavier_gpio/install.log --install-scripts $base/lib/asbir_xavier_gpio --single-version-externally-managed
[16.294s] Level 1:colcon.colcon_core.environment:checking '/home/asbir/ASBIR-ROS2/install/asbir_xavier_gpio' for CMake module files
[16.298s] Level 1:colcon.colcon_core.environment:checking '/home/asbir/ASBIR-ROS2/install/asbir_xavier_gpio' for CMake config files
[16.302s] Level 1:colcon.colcon_core.environment:checking '/home/asbir/ASBIR-ROS2/install/asbir_xavier_gpio/lib'
[16.303s] Level 1:colcon.colcon_core.environment:checking '/home/asbir/ASBIR-ROS2/install/asbir_xavier_gpio/bin'
[16.304s] Level 1:colcon.colcon_core.environment:checking '/home/asbir/ASBIR-ROS2/install/asbir_xavier_gpio/lib/pkgconfig/asbir_xavier_gpio.pc'
[16.305s] Level 1:colcon.colcon_core.environment:checking '/home/asbir/ASBIR-ROS2/install/asbir_xavier_gpio/lib/python3.8/site-packages'
[16.306s] Level 1:colcon.colcon_core.shell:create_environment_hook('asbir_xavier_gpio', 'pythonpath')
[16.327s] INFO:colcon.colcon_core.shell:Creating environment hook '/home/asbir/ASBIR-ROS2/install/asbir_xavier_gpio/share/asbir_xavier_gpio/hook/pythonpath.ps1'
[16.330s] INFO:colcon.colcon_core.shell:Creating environment descriptor '/home/asbir/ASBIR-ROS2/install/asbir_xavier_gpio/share/asbir_xavier_gpio/hook/pythonpath.dsv'
[16.332s] INFO:colcon.colcon_core.shell:Creating environment hook '/home/asbir/ASBIR-ROS2/install/asbir_xavier_gpio/share/asbir_xavier_gpio/hook/pythonpath.sh'
[16.335s] Level 1:colcon.colcon_core.environment:checking '/home/asbir/ASBIR-ROS2/install/asbir_xavier_gpio/bin'
[16.336s] Level 1:colcon.colcon_core.environment:create_environment_scripts_only(asbir_xavier_gpio)
[16.357s] INFO:colcon.colcon_core.shell:Creating package script '/home/asbir/ASBIR-ROS2/install/asbir_xavier_gpio/share/asbir_xavier_gpio/package.ps1'
[16.360s] INFO:colcon.colcon_core.shell:Creating package descriptor '/home/asbir/ASBIR-ROS2/install/asbir_xavier_gpio/share/asbir_xavier_gpio/package.dsv'
[16.366s] INFO:colcon.colcon_core.shell:Creating package script '/home/asbir/ASBIR-ROS2/install/asbir_xavier_gpio/share/asbir_xavier_gpio/package.sh'
[16.370s] INFO:colcon.colcon_core.shell:Creating package script '/home/asbir/ASBIR-ROS2/install/asbir_xavier_gpio/share/asbir_xavier_gpio/package.bash'
[16.372s] INFO:colcon.colcon_core.shell:Creating package script '/home/asbir/ASBIR-ROS2/install/asbir_xavier_gpio/share/asbir_xavier_gpio/package.zsh'
[16.374s] Level 1:colcon.colcon_core.environment:create_file_with_runtime_dependencies(/home/asbir/ASBIR-ROS2/install/asbir_xavier_gpio/share/colcon-core/packages/asbir_xavier_gpio)
[16.376s] DEBUG:colcon.colcon_parallel_executor.executor.parallel:closing loop
[16.377s] DEBUG:colcon.colcon_parallel_executor.executor.parallel:loop closed
[16.377s] DEBUG:colcon.colcon_parallel_executor.executor.parallel:run_until_complete finished with '0'
[16.377s] DEBUG:colcon.colcon_core.event_reactor:joining thread
[16.467s] INFO:colcon.colcon_core.plugin_system:Skipping extension 'colcon_notification.desktop_notification.terminal_notifier': Not used on non-Darwin systems
[16.467s] INFO:colcon.colcon_core.plugin_system:Skipping extension 'colcon_notification.desktop_notification.win32': Not used on non-Windows systems
[16.467s] INFO:colcon.colcon_notification.desktop_notification:Sending desktop notification using 'notify2'
[16.581s] DEBUG:colcon.colcon_core.event_reactor:joined thread
[16.611s] INFO:colcon.colcon_core.shell:Creating prefix script '/home/asbir/ASBIR-ROS2/install/local_setup.ps1'
[16.617s] INFO:colcon.colcon_core.shell:Creating prefix util module '/home/asbir/ASBIR-ROS2/install/_local_setup_util_ps1.py'
[16.631s] INFO:colcon.colcon_core.shell:Creating prefix chain script '/home/asbir/ASBIR-ROS2/install/setup.ps1'
[16.767s] INFO:colcon.colcon_core.shell:Creating prefix script '/home/asbir/ASBIR-ROS2/install/local_setup.sh'
[16.771s] INFO:colcon.colcon_core.shell:Creating prefix util module '/home/asbir/ASBIR-ROS2/install/_local_setup_util_sh.py'
[16.774s] INFO:colcon.colcon_core.shell:Creating prefix chain script '/home/asbir/ASBIR-ROS2/install/setup.sh'
[16.891s] INFO:colcon.colcon_core.shell:Creating prefix script '/home/asbir/ASBIR-ROS2/install/local_setup.bash'
[16.897s] INFO:colcon.colcon_core.shell:Creating prefix chain script '/home/asbir/ASBIR-ROS2/install/setup.bash'
[17.051s] INFO:colcon.colcon_core.shell:Creating prefix script '/home/asbir/ASBIR-ROS2/install/local_setup.zsh'
[17.086s] INFO:colcon.colcon_core.shell:Creating prefix chain script '/home/asbir/ASBIR-ROS2/install/setup.zsh'
