[4.503s] Invoking command in '/home/aralab/ASBIR-ROS2/src/asbir_rc': PYTHONPATH=/home/aralab/ASBIR-ROS2/build/asbir_rc/prefix_override:/home/aralab/ASBIR-ROS2/install/asbir_rc/lib/python3.8/site-packages:${PYTHONPATH} /usr/bin/python3 setup.py egg_info --egg-base ../../build/asbir_rc build --build-base /home/aralab/ASBIR-ROS2/build/asbir_rc/build install --record /home/aralab/ASBIR-ROS2/build/asbir_rc/install.log --install-scripts $base/lib/asbir_rc --single-version-externally-managed
[5.352s] running egg_info
[5.353s] writing ../../build/asbir_rc/asbir_rc.egg-info/PKG-INFO
[5.353s] writing dependency_links to ../../build/asbir_rc/asbir_rc.egg-info/dependency_links.txt
[5.353s] writing entry points to ../../build/asbir_rc/asbir_rc.egg-info/entry_points.txt
[5.353s] writing requirements to ../../build/asbir_rc/asbir_rc.egg-info/requires.txt
[5.353s] writing top-level names to ../../build/asbir_rc/asbir_rc.egg-info/top_level.txt
[5.407s] reading manifest file '../../build/asbir_rc/asbir_rc.egg-info/SOURCES.txt'
[5.409s] writing manifest file '../../build/asbir_rc/asbir_rc.egg-info/SOURCES.txt'
[5.409s] running build
[5.413s] running build_py
[5.413s] copying asbir_rc/teleopGamepad.py -> /home/aralab/ASBIR-ROS2/build/asbir_rc/build/lib/asbir_rc
[5.414s] running install
[5.415s] running install_lib
[5.416s] copying /home/aralab/ASBIR-ROS2/build/asbir_rc/build/lib/asbir_rc/teleopGamepad.py -> /home/aralab/ASBIR-ROS2/install/asbir_rc/lib/python3.8/site-packages/asbir_rc
[5.417s] byte-compiling /home/aralab/ASBIR-ROS2/install/asbir_rc/lib/python3.8/site-packages/asbir_rc/teleopGamepad.py to teleopGamepad.cpython-38.pyc
[5.419s] running install_data
[5.420s] running install_egg_info
[5.426s] removing '/home/aralab/ASBIR-ROS2/install/asbir_rc/lib/python3.8/site-packages/asbir_rc-0.0.0-py3.8.egg-info' (and everything under it)
[5.427s] Copying ../../build/asbir_rc/asbir_rc.egg-info to /home/aralab/ASBIR-ROS2/install/asbir_rc/lib/python3.8/site-packages/asbir_rc-0.0.0-py3.8.egg-info
[5.427s] running install_scripts
[5.463s] Installing teleopGamepad script to /home/aralab/ASBIR-ROS2/install/asbir_rc/lib/asbir_rc
[5.464s] Installing teleopKeyboard script to /home/aralab/ASBIR-ROS2/install/asbir_rc/lib/asbir_rc
[5.464s] writing list of installed files to '/home/aralab/ASBIR-ROS2/build/asbir_rc/install.log'
[5.501s] Invoked command in '/home/aralab/ASBIR-ROS2/src/asbir_rc' returned '0': PYTHONPATH=/home/aralab/ASBIR-ROS2/build/asbir_rc/prefix_override:/home/aralab/ASBIR-ROS2/install/asbir_rc/lib/python3.8/site-packages:${PYTHONPATH} /usr/bin/python3 setup.py egg_info --egg-base ../../build/asbir_rc build --build-base /home/aralab/ASBIR-ROS2/build/asbir_rc/build install --record /home/aralab/ASBIR-ROS2/build/asbir_rc/install.log --install-scripts $base/lib/asbir_rc --single-version-externally-managed
