[14.451s] Invoking command in '/home/asbir/ASBIR-ROS2/src/asbir_image_compression': PYTHONPATH=/home/asbir/ASBIR-ROS2/build/asbir_image_compression/prefix_override:/home/asbir/ASBIR-ROS2/install/asbir_image_compression/lib/python3.8/site-packages:${PYTHONPATH} /usr/bin/python3 setup.py egg_info --egg-base ../../build/asbir_image_compression build --build-base /home/asbir/ASBIR-ROS2/build/asbir_image_compression/build install --record /home/asbir/ASBIR-ROS2/build/asbir_image_compression/install.log --install-scripts $base/lib/asbir_image_compression --single-version-externally-managed
[16.961s] running egg_info
[16.964s] writing ../../build/asbir_image_compression/asbir_image_compression.egg-info/PKG-INFO
[16.965s] writing dependency_links to ../../build/asbir_image_compression/asbir_image_compression.egg-info/dependency_links.txt
[16.967s] writing entry points to ../../build/asbir_image_compression/asbir_image_compression.egg-info/entry_points.txt
[16.998s] writing requirements to ../../build/asbir_image_compression/asbir_image_compression.egg-info/requires.txt
[16.999s] writing top-level names to ../../build/asbir_image_compression/asbir_image_compression.egg-info/top_level.txt
[17.316s] reading manifest file '../../build/asbir_image_compression/asbir_image_compression.egg-info/SOURCES.txt'
[17.323s] writing manifest file '../../build/asbir_image_compression/asbir_image_compression.egg-info/SOURCES.txt'
[17.325s] running build
[17.326s] running build_py
[17.328s] running install
[17.342s] running install_lib
[17.358s] running install_data
[17.362s] running install_egg_info
[17.377s] removing '/home/asbir/ASBIR-ROS2/install/asbir_image_compression/lib/python3.8/site-packages/asbir_image_compression-0.0.0-py3.8.egg-info' (and everything under it)
[17.379s] Copying ../../build/asbir_image_compression/asbir_image_compression.egg-info to /home/asbir/ASBIR-ROS2/install/asbir_image_compression/lib/python3.8/site-packages/asbir_image_compression-0.0.0-py3.8.egg-info
[17.385s] running install_scripts
[17.582s] Installing compressImage script to /home/asbir/ASBIR-ROS2/install/asbir_image_compression/lib/asbir_image_compression
[17.583s] Installing pointcloudRepublisher script to /home/asbir/ASBIR-ROS2/install/asbir_image_compression/lib/asbir_image_compression
[17.586s] writing list of installed files to '/home/asbir/ASBIR-ROS2/build/asbir_image_compression/install.log'
[17.826s] Invoked command in '/home/asbir/ASBIR-ROS2/src/asbir_image_compression' returned '0': PYTHONPATH=/home/asbir/ASBIR-ROS2/build/asbir_image_compression/prefix_override:/home/asbir/ASBIR-ROS2/install/asbir_image_compression/lib/python3.8/site-packages:${PYTHONPATH} /usr/bin/python3 setup.py egg_info --egg-base ../../build/asbir_image_compression build --build-base /home/asbir/ASBIR-ROS2/build/asbir_image_compression/build install --record /home/asbir/ASBIR-ROS2/build/asbir_image_compression/install.log --install-scripts $base/lib/asbir_image_compression --single-version-externally-managed
