[1.501s] Invoking command in '/home/aralab/ASBIR-ROS2/src/asbir_navigation': PYTHONPATH=/home/aralab/ASBIR-ROS2/build/asbir_navigation/prefix_override:/home/aralab/ASBIR-ROS2/install/asbir_navigation/lib/python3.8/site-packages:${PYTHONPATH} /usr/bin/python3 setup.py egg_info --egg-base ../../build/asbir_navigation build --build-base /home/aralab/ASBIR-ROS2/build/asbir_navigation/build install --record /home/aralab/ASBIR-ROS2/build/asbir_navigation/install.log --install-scripts $base/lib/asbir_navigation --single-version-externally-managed
[2.116s] running egg_info
[2.116s] writing ../../build/asbir_navigation/asbir_navigation.egg-info/PKG-INFO
[2.116s] writing dependency_links to ../../build/asbir_navigation/asbir_navigation.egg-info/dependency_links.txt
[2.117s] writing entry points to ../../build/asbir_navigation/asbir_navigation.egg-info/entry_points.txt
[2.117s] writing requirements to ../../build/asbir_navigation/asbir_navigation.egg-info/requires.txt
[2.117s] writing top-level names to ../../build/asbir_navigation/asbir_navigation.egg-info/top_level.txt
[2.151s] reading manifest file '../../build/asbir_navigation/asbir_navigation.egg-info/SOURCES.txt'
[2.151s] writing manifest file '../../build/asbir_navigation/asbir_navigation.egg-info/SOURCES.txt'
[2.152s] running build
[2.152s] running build_py
[2.152s] running install
[2.155s] running install_lib
[2.158s] running install_data
[2.158s] running install_egg_info
[2.161s] removing '/home/aralab/ASBIR-ROS2/install/asbir_navigation/lib/python3.8/site-packages/asbir_navigation-0.0.0-py3.8.egg-info' (and everything under it)
[2.161s] Copying ../../build/asbir_navigation/asbir_navigation.egg-info to /home/aralab/ASBIR-ROS2/install/asbir_navigation/lib/python3.8/site-packages/asbir_navigation-0.0.0-py3.8.egg-info
[2.162s] running install_scripts
[2.184s] Installing buildBestPath script to /home/aralab/ASBIR-ROS2/install/asbir_navigation/lib/asbir_navigation
[2.185s] Installing cameraLink script to /home/aralab/ASBIR-ROS2/install/asbir_navigation/lib/asbir_navigation
[2.185s] Installing compressImage script to /home/aralab/ASBIR-ROS2/install/asbir_navigation/lib/asbir_navigation
[2.185s] Installing frameTest script to /home/aralab/ASBIR-ROS2/install/asbir_navigation/lib/asbir_navigation
[2.185s] Installing graphTest script to /home/aralab/ASBIR-ROS2/install/asbir_navigation/lib/asbir_navigation
[2.185s] Installing modelTest script to /home/aralab/ASBIR-ROS2/install/asbir_navigation/lib/asbir_navigation
[2.185s] Installing odomFrame script to /home/aralab/ASBIR-ROS2/install/asbir_navigation/lib/asbir_navigation
[2.185s] Installing pathController script to /home/aralab/ASBIR-ROS2/install/asbir_navigation/lib/asbir_navigation
[2.185s] Installing pointPub script to /home/aralab/ASBIR-ROS2/install/asbir_navigation/lib/asbir_navigation
[2.185s] Installing potentialField script to /home/aralab/ASBIR-ROS2/install/asbir_navigation/lib/asbir_navigation
[2.185s] Installing processMesh script to /home/aralab/ASBIR-ROS2/install/asbir_navigation/lib/asbir_navigation
[2.186s] Installing serialComm script to /home/aralab/ASBIR-ROS2/install/asbir_navigation/lib/asbir_navigation
[2.186s] Installing setZero script to /home/aralab/ASBIR-ROS2/install/asbir_navigation/lib/asbir_navigation
[2.186s] writing list of installed files to '/home/aralab/ASBIR-ROS2/build/asbir_navigation/install.log'
[2.201s] Invoked command in '/home/aralab/ASBIR-ROS2/src/asbir_navigation' returned '0': PYTHONPATH=/home/aralab/ASBIR-ROS2/build/asbir_navigation/prefix_override:/home/aralab/ASBIR-ROS2/install/asbir_navigation/lib/python3.8/site-packages:${PYTHONPATH} /usr/bin/python3 setup.py egg_info --egg-base ../../build/asbir_navigation build --build-base /home/aralab/ASBIR-ROS2/build/asbir_navigation/build install --record /home/aralab/ASBIR-ROS2/build/asbir_navigation/install.log --install-scripts $base/lib/asbir_navigation --single-version-externally-managed
