[1.236s] Invoking command in '/home/aralab/ASBIR/ASBIR-ROS2/src/asbir_serial': PYTHONPATH=/home/aralab/ASBIR/ASBIR-ROS2/build/asbir_serial/prefix_override:/home/aralab/ASBIR/ASBIR-ROS2/install/asbir_serial/lib/python3.8/site-packages: /usr/bin/python3 setup.py egg_info --egg-base ../../build/asbir_serial build --build-base /home/aralab/ASBIR/ASBIR-ROS2/build/asbir_serial/build install --record /home/aralab/ASBIR/ASBIR-ROS2/build/asbir_serial/install.log --install-scripts $base/lib/asbir_serial --single-version-externally-managed
[1.377s] running egg_info
[1.377s] writing ../../build/asbir_serial/asbir_serial.egg-info/PKG-INFO
[1.377s] writing dependency_links to ../../build/asbir_serial/asbir_serial.egg-info/dependency_links.txt
[1.378s] writing entry points to ../../build/asbir_serial/asbir_serial.egg-info/entry_points.txt
[1.378s] writing requirements to ../../build/asbir_serial/asbir_serial.egg-info/requires.txt
[1.378s] writing top-level names to ../../build/asbir_serial/asbir_serial.egg-info/top_level.txt
[1.412s] reading manifest file '../../build/asbir_serial/asbir_serial.egg-info/SOURCES.txt'
[1.413s] writing manifest file '../../build/asbir_serial/asbir_serial.egg-info/SOURCES.txt'
[1.413s] running build
[1.413s] running build_py
[1.414s] running install
[1.414s] running install_lib
[1.416s] running install_data
[1.416s] running install_egg_info
[1.418s] removing '/home/aralab/ASBIR/ASBIR-ROS2/install/asbir_serial/lib/python3.8/site-packages/asbir_serial-0.0.0-py3.8.egg-info' (and everything under it)
[1.419s] Copying ../../build/asbir_serial/asbir_serial.egg-info to /home/aralab/ASBIR/ASBIR-ROS2/install/asbir_serial/lib/python3.8/site-packages/asbir_serial-0.0.0-py3.8.egg-info
[1.419s] running install_scripts
[1.434s] Installing serialComm script to /home/aralab/ASBIR/ASBIR-ROS2/install/asbir_serial/lib/asbir_serial
[1.435s] writing list of installed files to '/home/aralab/ASBIR/ASBIR-ROS2/build/asbir_serial/install.log'
[1.476s] Invoked command in '/home/aralab/ASBIR/ASBIR-ROS2/src/asbir_serial' returned '0': PYTHONPATH=/home/aralab/ASBIR/ASBIR-ROS2/build/asbir_serial/prefix_override:/home/aralab/ASBIR/ASBIR-ROS2/install/asbir_serial/lib/python3.8/site-packages: /usr/bin/python3 setup.py egg_info --egg-base ../../build/asbir_serial build --build-base /home/aralab/ASBIR/ASBIR-ROS2/build/asbir_serial/build install --record /home/aralab/ASBIR/ASBIR-ROS2/build/asbir_serial/install.log --install-scripts $base/lib/asbir_serial --single-version-externally-managed
