[1.605s] Invoking command in '/home/aralab/ASBIR-ROS2/src/asbir_navigation': PYTHONPATH=/home/aralab/ASBIR-ROS2/build/asbir_navigation/prefix_override:/home/aralab/ASBIR-ROS2/install/asbir_navigation/lib/python3.8/site-packages:${PYTHONPATH} /usr/bin/python3 setup.py egg_info --egg-base ../../build/asbir_navigation build --build-base /home/aralab/ASBIR-ROS2/build/asbir_navigation/build install --record /home/aralab/ASBIR-ROS2/build/asbir_navigation/install.log --install-scripts $base/lib/asbir_navigation --single-version-externally-managed
[2.266s] running egg_info
[2.267s] writing ../../build/asbir_navigation/asbir_navigation.egg-info/PKG-INFO
[2.267s] writing dependency_links to ../../build/asbir_navigation/asbir_navigation.egg-info/dependency_links.txt
[2.267s] writing entry points to ../../build/asbir_navigation/asbir_navigation.egg-info/entry_points.txt
[2.267s] writing requirements to ../../build/asbir_navigation/asbir_navigation.egg-info/requires.txt
[2.267s] writing top-level names to ../../build/asbir_navigation/asbir_navigation.egg-info/top_level.txt
[2.304s] reading manifest file '../../build/asbir_navigation/asbir_navigation.egg-info/SOURCES.txt'
[2.305s] writing manifest file '../../build/asbir_navigation/asbir_navigation.egg-info/SOURCES.txt'
[2.305s] running build
[2.305s] running build_py
[2.306s] copying asbir_navigation/buildBestPath.py -> /home/aralab/ASBIR-ROS2/build/asbir_navigation/build/lib/asbir_navigation
[2.306s] running install
[2.309s] running install_lib
[2.311s] copying /home/aralab/ASBIR-ROS2/build/asbir_navigation/build/lib/asbir_navigation/buildBestPath.py -> /home/aralab/ASBIR-ROS2/install/asbir_navigation/lib/python3.8/site-packages/asbir_navigation
[2.313s] byte-compiling /home/aralab/ASBIR-ROS2/install/asbir_navigation/lib/python3.8/site-packages/asbir_navigation/buildBestPath.py to buildBestPath.cpython-38.pyc
[2.316s] running install_data
[2.317s] running install_egg_info
[2.320s] removing '/home/aralab/ASBIR-ROS2/install/asbir_navigation/lib/python3.8/site-packages/asbir_navigation-0.0.0-py3.8.egg-info' (and everything under it)
[2.320s] Copying ../../build/asbir_navigation/asbir_navigation.egg-info to /home/aralab/ASBIR-ROS2/install/asbir_navigation/lib/python3.8/site-packages/asbir_navigation-0.0.0-py3.8.egg-info
[2.321s] running install_scripts
[2.346s] Installing buildBestPath script to /home/aralab/ASBIR-ROS2/install/asbir_navigation/lib/asbir_navigation
[2.346s] Installing compressImage script to /home/aralab/ASBIR-ROS2/install/asbir_navigation/lib/asbir_navigation
[2.346s] Installing frameTest script to /home/aralab/ASBIR-ROS2/install/asbir_navigation/lib/asbir_navigation
[2.347s] Installing graphTest script to /home/aralab/ASBIR-ROS2/install/asbir_navigation/lib/asbir_navigation
[2.347s] Installing modelTest script to /home/aralab/ASBIR-ROS2/install/asbir_navigation/lib/asbir_navigation
[2.347s] Installing odomFrame script to /home/aralab/ASBIR-ROS2/install/asbir_navigation/lib/asbir_navigation
[2.347s] Installing pathController script to /home/aralab/ASBIR-ROS2/install/asbir_navigation/lib/asbir_navigation
[2.347s] Installing pointPub script to /home/aralab/ASBIR-ROS2/install/asbir_navigation/lib/asbir_navigation
[2.347s] Installing potentialField script to /home/aralab/ASBIR-ROS2/install/asbir_navigation/lib/asbir_navigation
[2.347s] writing list of installed files to '/home/aralab/ASBIR-ROS2/build/asbir_navigation/install.log'
[2.366s] Invoked command in '/home/aralab/ASBIR-ROS2/src/asbir_navigation' returned '0': PYTHONPATH=/home/aralab/ASBIR-ROS2/build/asbir_navigation/prefix_override:/home/aralab/ASBIR-ROS2/install/asbir_navigation/lib/python3.8/site-packages:${PYTHONPATH} /usr/bin/python3 setup.py egg_info --egg-base ../../build/asbir_navigation build --build-base /home/aralab/ASBIR-ROS2/build/asbir_navigation/build install --record /home/aralab/ASBIR-ROS2/build/asbir_navigation/install.log --install-scripts $base/lib/asbir_navigation --single-version-externally-managed
