[21.003s] Invoking command in '/home/asbir/ASBIR-ROS2/src/asbir_image_compression': PYTHONPATH=/home/asbir/ASBIR-ROS2/build/asbir_image_compression/prefix_override:/home/asbir/ASBIR-ROS2/install/asbir_image_compression/lib/python3.8/site-packages:${PYTHONPATH} /usr/bin/python3 setup.py egg_info --egg-base ../../build/asbir_image_compression build --build-base /home/asbir/ASBIR-ROS2/build/asbir_image_compression/build install --record /home/asbir/ASBIR-ROS2/build/asbir_image_compression/install.log --install-scripts $base/lib/asbir_image_compression --single-version-externally-managed
[24.188s] running egg_info
[24.197s] writing ../../build/asbir_image_compression/asbir_image_compression.egg-info/PKG-INFO
[24.232s] writing dependency_links to ../../build/asbir_image_compression/asbir_image_compression.egg-info/dependency_links.txt
[24.234s] writing entry points to ../../build/asbir_image_compression/asbir_image_compression.egg-info/entry_points.txt
[24.235s] writing requirements to ../../build/asbir_image_compression/asbir_image_compression.egg-info/requires.txt
[24.236s] writing top-level names to ../../build/asbir_image_compression/asbir_image_compression.egg-info/top_level.txt
[24.905s] reading manifest file '../../build/asbir_image_compression/asbir_image_compression.egg-info/SOURCES.txt'
[24.963s] writing manifest file '../../build/asbir_image_compression/asbir_image_compression.egg-info/SOURCES.txt'
[24.964s] running build
[24.965s] running build_py
[24.966s] copying asbir_image_compression/PointCloudRepublisher.py -> /home/asbir/ASBIR-ROS2/build/asbir_image_compression/build/lib/asbir_image_compression
[24.966s] copying asbir_image_compression/__init__.py -> /home/asbir/ASBIR-ROS2/build/asbir_image_compression/build/lib/asbir_image_compression
[24.967s] copying asbir_image_compression/imageCompression.py -> /home/asbir/ASBIR-ROS2/build/asbir_image_compression/build/lib/asbir_image_compression
[24.974s] running install
[25.022s] running install_lib
[25.031s] copying /home/asbir/ASBIR-ROS2/build/asbir_image_compression/build/lib/asbir_image_compression/PointCloudRepublisher.py -> /home/asbir/ASBIR-ROS2/install/asbir_image_compression/lib/python3.8/site-packages/asbir_image_compression
[25.032s] copying /home/asbir/ASBIR-ROS2/build/asbir_image_compression/build/lib/asbir_image_compression/__init__.py -> /home/asbir/ASBIR-ROS2/install/asbir_image_compression/lib/python3.8/site-packages/asbir_image_compression
[25.032s] copying /home/asbir/ASBIR-ROS2/build/asbir_image_compression/build/lib/asbir_image_compression/imageCompression.py -> /home/asbir/ASBIR-ROS2/install/asbir_image_compression/lib/python3.8/site-packages/asbir_image_compression
[25.052s] byte-compiling /home/asbir/ASBIR-ROS2/install/asbir_image_compression/lib/python3.8/site-packages/asbir_image_compression/PointCloudRepublisher.py to PointCloudRepublisher.cpython-38.pyc
[25.060s] byte-compiling /home/asbir/ASBIR-ROS2/install/asbir_image_compression/lib/python3.8/site-packages/asbir_image_compression/__init__.py to __init__.cpython-38.pyc
[25.065s] byte-compiling /home/asbir/ASBIR-ROS2/install/asbir_image_compression/lib/python3.8/site-packages/asbir_image_compression/imageCompression.py to imageCompression.cpython-38.pyc
[25.070s] running install_data
[25.116s] copying resource/asbir_image_compression -> /home/asbir/ASBIR-ROS2/install/asbir_image_compression/share/ament_index/resource_index/packages
[25.116s] copying package.xml -> /home/asbir/ASBIR-ROS2/install/asbir_image_compression/share/asbir_image_compression
[25.117s] running install_egg_info
[25.155s] removing '/home/asbir/ASBIR-ROS2/install/asbir_image_compression/lib/python3.8/site-packages/asbir_image_compression-0.0.0-py3.8.egg-info' (and everything under it)
[25.239s] Copying ../../build/asbir_image_compression/asbir_image_compression.egg-info to /home/asbir/ASBIR-ROS2/install/asbir_image_compression/lib/python3.8/site-packages/asbir_image_compression-0.0.0-py3.8.egg-info
[25.333s] running install_scripts
[25.548s] Installing compressImage script to /home/asbir/ASBIR-ROS2/install/asbir_image_compression/lib/asbir_image_compression
[25.583s] Installing pointcloudRepublisher script to /home/asbir/ASBIR-ROS2/install/asbir_image_compression/lib/asbir_image_compression
[25.585s] writing list of installed files to '/home/asbir/ASBIR-ROS2/build/asbir_image_compression/install.log'
[26.568s] Invoked command in '/home/asbir/ASBIR-ROS2/src/asbir_image_compression' returned '0': PYTHONPATH=/home/asbir/ASBIR-ROS2/build/asbir_image_compression/prefix_override:/home/asbir/ASBIR-ROS2/install/asbir_image_compression/lib/python3.8/site-packages:${PYTHONPATH} /usr/bin/python3 setup.py egg_info --egg-base ../../build/asbir_image_compression build --build-base /home/asbir/ASBIR-ROS2/build/asbir_image_compression/build install --record /home/asbir/ASBIR-ROS2/build/asbir_image_compression/install.log --install-scripts $base/lib/asbir_image_compression --single-version-externally-managed
