[2.548s] DEBUG:colcon:Command line arguments: ['/usr/bin/colcon', 'build', '--packages-select', 'asbir_xavier_gpio', 'asbir_rc']
[2.549s] DEBUG:colcon:Parsed command line arguments: Namespace(allow_overriding=[], ament_cmake_args=None, base_paths=['.'], build_base='build', catkin_cmake_args=None, catkin_skip_building_tests=False, cmake_args=None, cmake_clean_cache=False, cmake_clean_first=False, cmake_force_configure=False, cmake_target=None, cmake_target_skip_unavailable=False, continue_on_error=False, event_handlers=None, executor='parallel', ignore_user_meta=False, install_base='install', log_base=None, log_level=None, main=<bound method BuildVerb.main of <colcon_core.verb.build.BuildVerb object at 0xffff9f1bc700>>, merge_install=False, metas=['./colcon.meta'], packages_above=None, packages_above_and_dependencies=None, packages_above_depth=None, packages_end=None, packages_ignore=None, packages_ignore_regex=None, packages_select=['asbir_xavier_gpio', 'asbir_rc'], packages_select_build_failed=False, packages_select_by_dep=None, packages_select_regex=None, packages_select_test_failures=False, packages_skip=None, packages_skip_build_finished=False, packages_skip_by_dep=None, packages_skip_regex=None, packages_skip_test_passed=False, packages_skip_up_to=None, packages_start=None, packages_up_to=None, packages_up_to_regex=None, parallel_workers=4, paths=None, symlink_install=False, test_result_base=None, verb_extension=<colcon_core.verb.build.BuildVerb object at 0xffff9f1bc700>, verb_name='build', verb_parser=<colcon_defaults.argument_parser.defaults.DefaultArgumentsDecorator object at 0xffff9f1bcc40>)
[2.812s] Level 1:colcon.colcon_core.package_discovery:discover_packages(colcon_meta) check parameters
[2.813s] Level 1:colcon.colcon_core.package_discovery:discover_packages(recursive) check parameters
[2.813s] Level 1:colcon.colcon_core.package_discovery:discover_packages(ignore) check parameters
[2.813s] Level 1:colcon.colcon_core.package_discovery:discover_packages(path) check parameters
[2.814s] Level 1:colcon.colcon_core.package_discovery:discover_packages(colcon_meta) discover
[2.814s] Level 1:colcon.colcon_core.package_discovery:discover_packages(recursive) discover
[2.814s] INFO:colcon.colcon_core.package_discovery:Crawling recursively for packages in '/home/asbir/ASBIR-ROS2'
[2.815s] Level 1:colcon.colcon_core.package_identification:_identify(.) by extensions ['ignore', 'ignore_ament_install']
[2.816s] Level 1:colcon.colcon_core.package_identification:_identify(.) by extension 'ignore'
[2.816s] Level 1:colcon.colcon_core.package_identification:_identify(.) by extension 'ignore_ament_install'
[2.816s] Level 1:colcon.colcon_core.package_identification:_identify(.) by extensions ['colcon_pkg']
[2.817s] Level 1:colcon.colcon_core.package_identification:_identify(.) by extension 'colcon_pkg'
[2.817s] Level 1:colcon.colcon_core.package_identification:_identify(.) by extensions ['colcon_meta']
[2.817s] Level 1:colcon.colcon_core.package_identification:_identify(.) by extension 'colcon_meta'
[2.817s] Level 1:colcon.colcon_core.package_identification:_identify(.) by extensions ['ros']
[2.817s] Level 1:colcon.colcon_core.package_identification:_identify(.) by extension 'ros'
[2.889s] Level 1:colcon.colcon_core.package_identification:_identify(.) by extensions ['cmake', 'python']
[2.889s] Level 1:colcon.colcon_core.package_identification:_identify(.) by extension 'cmake'
[2.889s] Level 1:colcon.colcon_core.package_identification:_identify(.) by extension 'python'
[2.890s] Level 1:colcon.colcon_core.package_identification:_identify(.) by extensions ['python_setup_py']
[2.890s] Level 1:colcon.colcon_core.package_identification:_identify(.) by extension 'python_setup_py'
[2.892s] Level 1:colcon.colcon_core.package_identification:_identify(build) by extensions ['ignore', 'ignore_ament_install']
[2.892s] Level 1:colcon.colcon_core.package_identification:_identify(build) by extension 'ignore'
[2.892s] Level 1:colcon.colcon_core.package_identification:_identify(build) ignored
[2.893s] Level 1:colcon.colcon_core.package_identification:_identify(install) by extensions ['ignore', 'ignore_ament_install']
[2.894s] Level 1:colcon.colcon_core.package_identification:_identify(install) by extension 'ignore'
[2.894s] Level 1:colcon.colcon_core.package_identification:_identify(install) ignored
[2.898s] Level 1:colcon.colcon_core.package_identification:_identify(log) by extensions ['ignore', 'ignore_ament_install']
[2.898s] Level 1:colcon.colcon_core.package_identification:_identify(log) by extension 'ignore'
[2.898s] Level 1:colcon.colcon_core.package_identification:_identify(log) ignored
[2.899s] Level 1:colcon.colcon_core.package_identification:_identify(src) by extensions ['ignore', 'ignore_ament_install']
[2.899s] Level 1:colcon.colcon_core.package_identification:_identify(src) by extension 'ignore'
[2.900s] Level 1:colcon.colcon_core.package_identification:_identify(src) by extension 'ignore_ament_install'
[2.900s] Level 1:colcon.colcon_core.package_identification:_identify(src) by extensions ['colcon_pkg']
[2.900s] Level 1:colcon.colcon_core.package_identification:_identify(src) by extension 'colcon_pkg'
[2.900s] Level 1:colcon.colcon_core.package_identification:_identify(src) by extensions ['colcon_meta']
[2.901s] Level 1:colcon.colcon_core.package_identification:_identify(src) by extension 'colcon_meta'
[2.901s] Level 1:colcon.colcon_core.package_identification:_identify(src) by extensions ['ros']
[2.901s] Level 1:colcon.colcon_core.package_identification:_identify(src) by extension 'ros'
[2.902s] Level 1:colcon.colcon_core.package_identification:_identify(src) by extensions ['cmake', 'python']
[2.902s] Level 1:colcon.colcon_core.package_identification:_identify(src) by extension 'cmake'
[2.902s] Level 1:colcon.colcon_core.package_identification:_identify(src) by extension 'python'
[2.902s] Level 1:colcon.colcon_core.package_identification:_identify(src) by extensions ['python_setup_py']
[2.902s] Level 1:colcon.colcon_core.package_identification:_identify(src) by extension 'python_setup_py'
[2.903s] Level 1:colcon.colcon_core.package_identification:_identify(src/asbir_image_compression) by extensions ['ignore', 'ignore_ament_install']
[2.904s] Level 1:colcon.colcon_core.package_identification:_identify(src/asbir_image_compression) by extension 'ignore'
[2.904s] Level 1:colcon.colcon_core.package_identification:_identify(src/asbir_image_compression) by extension 'ignore_ament_install'
[2.904s] Level 1:colcon.colcon_core.package_identification:_identify(src/asbir_image_compression) by extensions ['colcon_pkg']
[2.904s] Level 1:colcon.colcon_core.package_identification:_identify(src/asbir_image_compression) by extension 'colcon_pkg'
[2.905s] Level 1:colcon.colcon_core.package_identification:_identify(src/asbir_image_compression) by extensions ['colcon_meta']
[2.905s] Level 1:colcon.colcon_core.package_identification:_identify(src/asbir_image_compression) by extension 'colcon_meta'
[2.905s] Level 1:colcon.colcon_core.package_identification:_identify(src/asbir_image_compression) by extensions ['ros']
[2.905s] Level 1:colcon.colcon_core.package_identification:_identify(src/asbir_image_compression) by extension 'ros'
[2.916s] DEBUG:colcon.colcon_core.package_identification:Package 'src/asbir_image_compression' with type 'ros.ament_python' and name 'asbir_image_compression'
[2.917s] Level 1:colcon.colcon_core.package_identification:_identify(src/asbir_navigation) by extensions ['ignore', 'ignore_ament_install']
[2.917s] Level 1:colcon.colcon_core.package_identification:_identify(src/asbir_navigation) by extension 'ignore'
[2.917s] Level 1:colcon.colcon_core.package_identification:_identify(src/asbir_navigation) by extension 'ignore_ament_install'
[2.918s] Level 1:colcon.colcon_core.package_identification:_identify(src/asbir_navigation) by extensions ['colcon_pkg']
[2.918s] Level 1:colcon.colcon_core.package_identification:_identify(src/asbir_navigation) by extension 'colcon_pkg'
[2.918s] Level 1:colcon.colcon_core.package_identification:_identify(src/asbir_navigation) by extensions ['colcon_meta']
[2.918s] Level 1:colcon.colcon_core.package_identification:_identify(src/asbir_navigation) by extension 'colcon_meta'
[2.919s] Level 1:colcon.colcon_core.package_identification:_identify(src/asbir_navigation) by extensions ['ros']
[2.919s] Level 1:colcon.colcon_core.package_identification:_identify(src/asbir_navigation) by extension 'ros'
[2.921s] DEBUG:colcon.colcon_core.package_identification:Package 'src/asbir_navigation' with type 'ros.ament_python' and name 'asbir_navigation'
[2.922s] Level 1:colcon.colcon_core.package_identification:_identify(src/asbir_rc) by extensions ['ignore', 'ignore_ament_install']
[2.922s] Level 1:colcon.colcon_core.package_identification:_identify(src/asbir_rc) by extension 'ignore'
[2.923s] Level 1:colcon.colcon_core.package_identification:_identify(src/asbir_rc) by extension 'ignore_ament_install'
[2.923s] Level 1:colcon.colcon_core.package_identification:_identify(src/asbir_rc) by extensions ['colcon_pkg']
[2.923s] Level 1:colcon.colcon_core.package_identification:_identify(src/asbir_rc) by extension 'colcon_pkg'
[2.923s] Level 1:colcon.colcon_core.package_identification:_identify(src/asbir_rc) by extensions ['colcon_meta']
[2.923s] Level 1:colcon.colcon_core.package_identification:_identify(src/asbir_rc) by extension 'colcon_meta'
[2.924s] Level 1:colcon.colcon_core.package_identification:_identify(src/asbir_rc) by extensions ['ros']
[2.924s] Level 1:colcon.colcon_core.package_identification:_identify(src/asbir_rc) by extension 'ros'
[2.926s] DEBUG:colcon.colcon_core.package_identification:Package 'src/asbir_rc' with type 'ros.ament_python' and name 'asbir_rc'
[2.927s] Level 1:colcon.colcon_core.package_identification:_identify(src/asbir_serial) by extensions ['ignore', 'ignore_ament_install']
[2.927s] Level 1:colcon.colcon_core.package_identification:_identify(src/asbir_serial) by extension 'ignore'
[2.927s] Level 1:colcon.colcon_core.package_identification:_identify(src/asbir_serial) by extension 'ignore_ament_install'
[2.928s] Level 1:colcon.colcon_core.package_identification:_identify(src/asbir_serial) by extensions ['colcon_pkg']
[2.928s] Level 1:colcon.colcon_core.package_identification:_identify(src/asbir_serial) by extension 'colcon_pkg'
[2.928s] Level 1:colcon.colcon_core.package_identification:_identify(src/asbir_serial) by extensions ['colcon_meta']
[2.928s] Level 1:colcon.colcon_core.package_identification:_identify(src/asbir_serial) by extension 'colcon_meta'
[2.928s] Level 1:colcon.colcon_core.package_identification:_identify(src/asbir_serial) by extensions ['ros']
[2.929s] Level 1:colcon.colcon_core.package_identification:_identify(src/asbir_serial) by extension 'ros'
[2.931s] DEBUG:colcon.colcon_core.package_identification:Package 'src/asbir_serial' with type 'ros.ament_python' and name 'asbir_serial'
[2.931s] Level 1:colcon.colcon_core.package_identification:_identify(src/asbir_xavier_gpio) by extensions ['ignore', 'ignore_ament_install']
[2.932s] Level 1:colcon.colcon_core.package_identification:_identify(src/asbir_xavier_gpio) by extension 'ignore'
[2.932s] Level 1:colcon.colcon_core.package_identification:_identify(src/asbir_xavier_gpio) by extension 'ignore_ament_install'
[2.933s] Level 1:colcon.colcon_core.package_identification:_identify(src/asbir_xavier_gpio) by extensions ['colcon_pkg']
[2.933s] Level 1:colcon.colcon_core.package_identification:_identify(src/asbir_xavier_gpio) by extension 'colcon_pkg'
[2.934s] Level 1:colcon.colcon_core.package_identification:_identify(src/asbir_xavier_gpio) by extensions ['colcon_meta']
[2.934s] Level 1:colcon.colcon_core.package_identification:_identify(src/asbir_xavier_gpio) by extension 'colcon_meta'
[2.934s] Level 1:colcon.colcon_core.package_identification:_identify(src/asbir_xavier_gpio) by extensions ['ros']
[2.935s] Level 1:colcon.colcon_core.package_identification:_identify(src/asbir_xavier_gpio) by extension 'ros'
[2.937s] DEBUG:colcon.colcon_core.package_identification:Package 'src/asbir_xavier_gpio' with type 'ros.ament_python' and name 'asbir_xavier_gpio'
[2.938s] Level 1:colcon.colcon_core.package_identification:_identify(src/objects) by extensions ['ignore', 'ignore_ament_install']
[2.939s] Level 1:colcon.colcon_core.package_identification:_identify(src/objects) by extension 'ignore'
[2.939s] Level 1:colcon.colcon_core.package_identification:_identify(src/objects) by extension 'ignore_ament_install'
[2.939s] Level 1:colcon.colcon_core.package_identification:_identify(src/objects) by extensions ['colcon_pkg']
[2.939s] Level 1:colcon.colcon_core.package_identification:_identify(src/objects) by extension 'colcon_pkg'
[2.940s] Level 1:colcon.colcon_core.package_identification:_identify(src/objects) by extensions ['colcon_meta']
[2.940s] Level 1:colcon.colcon_core.package_identification:_identify(src/objects) by extension 'colcon_meta'
[2.940s] Level 1:colcon.colcon_core.package_identification:_identify(src/objects) by extensions ['ros']
[2.940s] Level 1:colcon.colcon_core.package_identification:_identify(src/objects) by extension 'ros'
[2.941s] Level 1:colcon.colcon_core.package_identification:_identify(src/objects) by extensions ['cmake', 'python']
[2.941s] Level 1:colcon.colcon_core.package_identification:_identify(src/objects) by extension 'cmake'
[2.941s] Level 1:colcon.colcon_core.package_identification:_identify(src/objects) by extension 'python'
[2.941s] Level 1:colcon.colcon_core.package_identification:_identify(src/objects) by extensions ['python_setup_py']
[2.941s] Level 1:colcon.colcon_core.package_identification:_identify(src/objects) by extension 'python_setup_py'
[2.942s] Level 1:colcon.colcon_core.package_discovery:discover_packages(recursive) using defaults
[2.942s] Level 1:colcon.colcon_core.package_discovery:discover_packages(ignore) discover
[2.942s] Level 1:colcon.colcon_core.package_discovery:discover_packages(ignore) using defaults
[2.942s] Level 1:colcon.colcon_core.package_discovery:discover_packages(path) discover
[2.943s] Level 1:colcon.colcon_core.package_discovery:discover_packages(path) using defaults
[3.156s] INFO:colcon.colcon_core.package_selection:Skipping not selected package 'asbir_image_compression' in 'src/asbir_image_compression'
[3.156s] INFO:colcon.colcon_core.package_selection:Skipping not selected package 'asbir_navigation' in 'src/asbir_navigation'
[3.156s] INFO:colcon.colcon_core.package_selection:Skipping not selected package 'asbir_serial' in 'src/asbir_serial'
[3.160s] Level 1:colcon.colcon_core.package_discovery:discover_packages(prefix_path) check parameters
[3.160s] Level 1:colcon.colcon_core.package_discovery:discover_packages(prefix_path) discover
[3.276s] DEBUG:colcon.colcon_installed_package_information.package_discovery:Found 5 installed packages in /home/asbir/ASBIR-ROS2/install
[3.336s] DEBUG:colcon.colcon_installed_package_information.package_discovery:Found 311 installed packages in /home/asbir/ros2_foxy_core/install
[3.351s] Level 1:colcon.colcon_core.package_discovery:discover_packages(prefix_path) using defaults
[3.489s] Level 5:colcon.colcon_core.verb:set package 'asbir_rc' build argument 'cmake_args' from command line to 'None'
[3.489s] Level 5:colcon.colcon_core.verb:set package 'asbir_rc' build argument 'cmake_target' from command line to 'None'
[3.490s] Level 5:colcon.colcon_core.verb:set package 'asbir_rc' build argument 'cmake_target_skip_unavailable' from command line to 'False'
[3.490s] Level 5:colcon.colcon_core.verb:set package 'asbir_rc' build argument 'cmake_clean_cache' from command line to 'False'
[3.490s] Level 5:colcon.colcon_core.verb:set package 'asbir_rc' build argument 'cmake_clean_first' from command line to 'False'
[3.490s] Level 5:colcon.colcon_core.verb:set package 'asbir_rc' build argument 'cmake_force_configure' from command line to 'False'
[3.490s] Level 5:colcon.colcon_core.verb:set package 'asbir_rc' build argument 'ament_cmake_args' from command line to 'None'
[3.490s] Level 5:colcon.colcon_core.verb:set package 'asbir_rc' build argument 'catkin_cmake_args' from command line to 'None'
[3.490s] Level 5:colcon.colcon_core.verb:set package 'asbir_rc' build argument 'catkin_skip_building_tests' from command line to 'False'
[3.491s] DEBUG:colcon.colcon_core.verb:Building package 'asbir_rc' with the following arguments: {'ament_cmake_args': None, 'build_base': '/home/asbir/ASBIR-ROS2/build/asbir_rc', 'catkin_cmake_args': None, 'catkin_skip_building_tests': False, 'cmake_args': None, 'cmake_clean_cache': False, 'cmake_clean_first': False, 'cmake_force_configure': False, 'cmake_target': None, 'cmake_target_skip_unavailable': False, 'install_base': '/home/asbir/ASBIR-ROS2/install/asbir_rc', 'merge_install': False, 'path': '/home/asbir/ASBIR-ROS2/src/asbir_rc', 'symlink_install': False, 'test_result_base': None}
[3.501s] Level 5:colcon.colcon_core.verb:set package 'asbir_xavier_gpio' build argument 'cmake_args' from command line to 'None'
[3.501s] Level 5:colcon.colcon_core.verb:set package 'asbir_xavier_gpio' build argument 'cmake_target' from command line to 'None'
[3.501s] Level 5:colcon.colcon_core.verb:set package 'asbir_xavier_gpio' build argument 'cmake_target_skip_unavailable' from command line to 'False'
[3.502s] Level 5:colcon.colcon_core.verb:set package 'asbir_xavier_gpio' build argument 'cmake_clean_cache' from command line to 'False'
[3.502s] Level 5:colcon.colcon_core.verb:set package 'asbir_xavier_gpio' build argument 'cmake_clean_first' from command line to 'False'
[3.502s] Level 5:colcon.colcon_core.verb:set package 'asbir_xavier_gpio' build argument 'cmake_force_configure' from command line to 'False'
[3.502s] Level 5:colcon.colcon_core.verb:set package 'asbir_xavier_gpio' build argument 'ament_cmake_args' from command line to 'None'
[3.502s] Level 5:colcon.colcon_core.verb:set package 'asbir_xavier_gpio' build argument 'catkin_cmake_args' from command line to 'None'
[3.502s] Level 5:colcon.colcon_core.verb:set package 'asbir_xavier_gpio' build argument 'catkin_skip_building_tests' from command line to 'False'
[3.503s] DEBUG:colcon.colcon_core.verb:Building package 'asbir_xavier_gpio' with the following arguments: {'ament_cmake_args': None, 'build_base': '/home/asbir/ASBIR-ROS2/build/asbir_xavier_gpio', 'catkin_cmake_args': None, 'catkin_skip_building_tests': False, 'cmake_args': None, 'cmake_clean_cache': False, 'cmake_clean_first': False, 'cmake_force_configure': False, 'cmake_target': None, 'cmake_target_skip_unavailable': False, 'install_base': '/home/asbir/ASBIR-ROS2/install/asbir_xavier_gpio', 'merge_install': False, 'path': '/home/asbir/ASBIR-ROS2/src/asbir_xavier_gpio', 'symlink_install': False, 'test_result_base': None}
[3.512s] INFO:colcon.colcon_core.executor:Executing jobs using 'parallel' executor
[3.555s] DEBUG:colcon.colcon_parallel_executor.executor.parallel:run_until_complete
[3.557s] INFO:colcon.colcon_ros.task.ament_python.build:Building ROS package in '/home/asbir/ASBIR-ROS2/src/asbir_rc' with build type 'ament_python'
[3.558s] Level 1:colcon.colcon_core.shell:create_environment_hook('asbir_rc', 'ament_prefix_path')
[3.612s] INFO:colcon.colcon_core.plugin_system:Skipping extension 'colcon_core.shell.bat': Not used on non-Windows systems
[3.613s] INFO:colcon.colcon_core.shell:Creating environment hook '/home/asbir/ASBIR-ROS2/install/asbir_rc/share/asbir_rc/hook/ament_prefix_path.ps1'
[3.616s] INFO:colcon.colcon_core.shell:Creating environment descriptor '/home/asbir/ASBIR-ROS2/install/asbir_rc/share/asbir_rc/hook/ament_prefix_path.dsv'
[3.623s] INFO:colcon.colcon_core.shell:Creating environment hook '/home/asbir/ASBIR-ROS2/install/asbir_rc/share/asbir_rc/hook/ament_prefix_path.sh'
[3.645s] INFO:colcon.colcon_core.shell:Skip shell extension 'powershell' for command environment: Not usable outside of PowerShell
[3.646s] DEBUG:colcon.colcon_core.shell:Skip shell extension 'dsv' for command environment
[3.877s] INFO:colcon.colcon_ros.task.ament_python.build:Building ROS package in '/home/asbir/ASBIR-ROS2/src/asbir_xavier_gpio' with build type 'ament_python'
[3.883s] Level 1:colcon.colcon_core.shell:create_environment_hook('asbir_xavier_gpio', 'ament_prefix_path')
[3.918s] INFO:colcon.colcon_core.shell:Creating environment hook '/home/asbir/ASBIR-ROS2/install/asbir_xavier_gpio/share/asbir_xavier_gpio/hook/ament_prefix_path.ps1'
[3.922s] INFO:colcon.colcon_core.shell:Creating environment descriptor '/home/asbir/ASBIR-ROS2/install/asbir_xavier_gpio/share/asbir_xavier_gpio/hook/ament_prefix_path.dsv'
[3.924s] INFO:colcon.colcon_core.shell:Creating environment hook '/home/asbir/ASBIR-ROS2/install/asbir_xavier_gpio/share/asbir_xavier_gpio/hook/ament_prefix_path.sh'
[3.949s] INFO:colcon.colcon_core.shell:Skip shell extension 'powershell' for command environment: Not usable outside of PowerShell
[3.950s] DEBUG:colcon.colcon_core.shell:Skip shell extension 'dsv' for command environment
[6.650s] INFO:colcon.colcon_core.task.python.build:Building Python package in '/home/asbir/ASBIR-ROS2/src/asbir_rc'
[6.676s] INFO:colcon.colcon_core.shell:Skip shell extension 'powershell' for command environment: Not usable outside of PowerShell
[6.676s] DEBUG:colcon.colcon_core.shell:Skip shell extension 'dsv' for command environment
[9.328s] INFO:colcon.colcon_core.task.python.build:Building Python package in '/home/asbir/ASBIR-ROS2/src/asbir_xavier_gpio'
[9.365s] INFO:colcon.colcon_core.shell:Skip shell extension 'powershell' for command environment: Not usable outside of PowerShell
[9.365s] DEBUG:colcon.colcon_core.shell:Skip shell extension 'dsv' for command environment
[14.110s] DEBUG:colcon.colcon_core.event_handler.log_command:Invoking command in '/home/asbir/ASBIR-ROS2/src/asbir_xavier_gpio': PYTHONPATH=/home/asbir/ASBIR-ROS2/build/asbir_xavier_gpio/prefix_override:/home/asbir/ASBIR-ROS2/install/asbir_xavier_gpio/lib/python3.8/site-packages:${PYTHONPATH} /usr/bin/python3 setup.py egg_info --egg-base ../../build/asbir_xavier_gpio build --build-base /home/asbir/ASBIR-ROS2/build/asbir_xavier_gpio/build install --record /home/asbir/ASBIR-ROS2/build/asbir_xavier_gpio/install.log --install-scripts $base/lib/asbir_xavier_gpio --single-version-externally-managed
[14.436s] DEBUG:colcon.colcon_core.event_handler.log_command:Invoking command in '/home/asbir/ASBIR-ROS2/src/asbir_rc': PYTHONPATH=/home/asbir/ASBIR-ROS2/build/asbir_rc/prefix_override:/home/asbir/ASBIR-ROS2/install/asbir_rc/lib/python3.8/site-packages:${PYTHONPATH} /usr/bin/python3 setup.py egg_info --egg-base ../../build/asbir_rc build --build-base /home/asbir/ASBIR-ROS2/build/asbir_rc/build install --record /home/asbir/ASBIR-ROS2/build/asbir_rc/install.log --install-scripts $base/lib/asbir_rc --single-version-externally-managed
[17.247s] DEBUG:colcon.colcon_core.event_handler.log_command:Invoked command in '/home/asbir/ASBIR-ROS2/src/asbir_xavier_gpio' returned '0': PYTHONPATH=/home/asbir/ASBIR-ROS2/build/asbir_xavier_gpio/prefix_override:/home/asbir/ASBIR-ROS2/install/asbir_xavier_gpio/lib/python3.8/site-packages:${PYTHONPATH} /usr/bin/python3 setup.py egg_info --egg-base ../../build/asbir_xavier_gpio build --build-base /home/asbir/ASBIR-ROS2/build/asbir_xavier_gpio/build install --record /home/asbir/ASBIR-ROS2/build/asbir_xavier_gpio/install.log --install-scripts $base/lib/asbir_xavier_gpio --single-version-externally-managed
[17.383s] Level 1:colcon.colcon_core.environment:checking '/home/asbir/ASBIR-ROS2/install/asbir_xavier_gpio' for CMake module files
[17.389s] Level 1:colcon.colcon_core.environment:checking '/home/asbir/ASBIR-ROS2/install/asbir_xavier_gpio' for CMake config files
[17.396s] Level 1:colcon.colcon_core.environment:checking '/home/asbir/ASBIR-ROS2/install/asbir_xavier_gpio/lib'
[17.397s] Level 1:colcon.colcon_core.environment:checking '/home/asbir/ASBIR-ROS2/install/asbir_xavier_gpio/bin'
[17.398s] Level 1:colcon.colcon_core.environment:checking '/home/asbir/ASBIR-ROS2/install/asbir_xavier_gpio/lib/pkgconfig/asbir_xavier_gpio.pc'
[17.399s] Level 1:colcon.colcon_core.environment:checking '/home/asbir/ASBIR-ROS2/install/asbir_xavier_gpio/lib/python3.8/site-packages'
[17.400s] Level 1:colcon.colcon_core.shell:create_environment_hook('asbir_xavier_gpio', 'pythonpath')
[17.429s] INFO:colcon.colcon_core.shell:Creating environment hook '/home/asbir/ASBIR-ROS2/install/asbir_xavier_gpio/share/asbir_xavier_gpio/hook/pythonpath.ps1'
[17.437s] INFO:colcon.colcon_core.shell:Creating environment descriptor '/home/asbir/ASBIR-ROS2/install/asbir_xavier_gpio/share/asbir_xavier_gpio/hook/pythonpath.dsv'
[17.449s] INFO:colcon.colcon_core.shell:Creating environment hook '/home/asbir/ASBIR-ROS2/install/asbir_xavier_gpio/share/asbir_xavier_gpio/hook/pythonpath.sh'
[17.459s] Level 1:colcon.colcon_core.environment:checking '/home/asbir/ASBIR-ROS2/install/asbir_xavier_gpio/bin'
[17.465s] Level 1:colcon.colcon_core.environment:create_environment_scripts_only(asbir_xavier_gpio)
[17.512s] INFO:colcon.colcon_core.shell:Creating package script '/home/asbir/ASBIR-ROS2/install/asbir_xavier_gpio/share/asbir_xavier_gpio/package.ps1'
[17.522s] INFO:colcon.colcon_core.shell:Creating package descriptor '/home/asbir/ASBIR-ROS2/install/asbir_xavier_gpio/share/asbir_xavier_gpio/package.dsv'
[17.569s] INFO:colcon.colcon_core.shell:Creating package script '/home/asbir/ASBIR-ROS2/install/asbir_xavier_gpio/share/asbir_xavier_gpio/package.sh'
[17.579s] INFO:colcon.colcon_core.shell:Creating package script '/home/asbir/ASBIR-ROS2/install/asbir_xavier_gpio/share/asbir_xavier_gpio/package.bash'
[17.585s] INFO:colcon.colcon_core.shell:Creating package script '/home/asbir/ASBIR-ROS2/install/asbir_xavier_gpio/share/asbir_xavier_gpio/package.zsh'
[17.591s] Level 1:colcon.colcon_core.environment:create_file_with_runtime_dependencies(/home/asbir/ASBIR-ROS2/install/asbir_xavier_gpio/share/colcon-core/packages/asbir_xavier_gpio)
[17.618s] DEBUG:colcon.colcon_core.event_handler.log_command:Invoked command in '/home/asbir/ASBIR-ROS2/src/asbir_rc' returned '0': PYTHONPATH=/home/asbir/ASBIR-ROS2/build/asbir_rc/prefix_override:/home/asbir/ASBIR-ROS2/install/asbir_rc/lib/python3.8/site-packages:${PYTHONPATH} /usr/bin/python3 setup.py egg_info --egg-base ../../build/asbir_rc build --build-base /home/asbir/ASBIR-ROS2/build/asbir_rc/build install --record /home/asbir/ASBIR-ROS2/build/asbir_rc/install.log --install-scripts $base/lib/asbir_rc --single-version-externally-managed
[17.641s] Level 1:colcon.colcon_core.environment:checking '/home/asbir/ASBIR-ROS2/install/asbir_rc' for CMake module files
[17.646s] Level 1:colcon.colcon_core.environment:checking '/home/asbir/ASBIR-ROS2/install/asbir_rc' for CMake config files
[17.651s] Level 1:colcon.colcon_core.environment:checking '/home/asbir/ASBIR-ROS2/install/asbir_rc/lib'
[17.652s] Level 1:colcon.colcon_core.environment:checking '/home/asbir/ASBIR-ROS2/install/asbir_rc/bin'
[17.652s] Level 1:colcon.colcon_core.environment:checking '/home/asbir/ASBIR-ROS2/install/asbir_rc/lib/pkgconfig/asbir_rc.pc'
[17.654s] Level 1:colcon.colcon_core.environment:checking '/home/asbir/ASBIR-ROS2/install/asbir_rc/lib/python3.8/site-packages'
[17.654s] Level 1:colcon.colcon_core.shell:create_environment_hook('asbir_rc', 'pythonpath')
[17.676s] INFO:colcon.colcon_core.shell:Creating environment hook '/home/asbir/ASBIR-ROS2/install/asbir_rc/share/asbir_rc/hook/pythonpath.ps1'
[17.679s] INFO:colcon.colcon_core.shell:Creating environment descriptor '/home/asbir/ASBIR-ROS2/install/asbir_rc/share/asbir_rc/hook/pythonpath.dsv'
[17.698s] INFO:colcon.colcon_core.shell:Creating environment hook '/home/asbir/ASBIR-ROS2/install/asbir_rc/share/asbir_rc/hook/pythonpath.sh'
[17.705s] Level 1:colcon.colcon_core.environment:checking '/home/asbir/ASBIR-ROS2/install/asbir_rc/bin'
[17.706s] Level 1:colcon.colcon_core.environment:create_environment_scripts_only(asbir_rc)
[17.739s] INFO:colcon.colcon_core.shell:Creating package script '/home/asbir/ASBIR-ROS2/install/asbir_rc/share/asbir_rc/package.ps1'
[17.746s] INFO:colcon.colcon_core.shell:Creating package descriptor '/home/asbir/ASBIR-ROS2/install/asbir_rc/share/asbir_rc/package.dsv'
[17.750s] INFO:colcon.colcon_core.shell:Creating package script '/home/asbir/ASBIR-ROS2/install/asbir_rc/share/asbir_rc/package.sh'
[17.755s] INFO:colcon.colcon_core.shell:Creating package script '/home/asbir/ASBIR-ROS2/install/asbir_rc/share/asbir_rc/package.bash'
[17.759s] INFO:colcon.colcon_core.shell:Creating package script '/home/asbir/ASBIR-ROS2/install/asbir_rc/share/asbir_rc/package.zsh'
[17.761s] Level 1:colcon.colcon_core.environment:create_file_with_runtime_dependencies(/home/asbir/ASBIR-ROS2/install/asbir_rc/share/colcon-core/packages/asbir_rc)
[17.763s] DEBUG:colcon.colcon_parallel_executor.executor.parallel:closing loop
[17.769s] DEBUG:colcon.colcon_parallel_executor.executor.parallel:loop closed
[17.769s] DEBUG:colcon.colcon_parallel_executor.executor.parallel:run_until_complete finished with '0'
[17.770s] DEBUG:colcon.colcon_core.event_reactor:joining thread
[17.858s] INFO:colcon.colcon_core.plugin_system:Skipping extension 'colcon_notification.desktop_notification.terminal_notifier': Not used on non-Darwin systems
[17.859s] INFO:colcon.colcon_core.plugin_system:Skipping extension 'colcon_notification.desktop_notification.win32': Not used on non-Windows systems
[17.859s] INFO:colcon.colcon_notification.desktop_notification:Sending desktop notification using 'notify2'
[17.982s] DEBUG:colcon.colcon_core.event_reactor:joined thread
[18.005s] INFO:colcon.colcon_core.shell:Creating prefix script '/home/asbir/ASBIR-ROS2/install/local_setup.ps1'
[18.011s] INFO:colcon.colcon_core.shell:Creating prefix util module '/home/asbir/ASBIR-ROS2/install/_local_setup_util_ps1.py'
[18.021s] INFO:colcon.colcon_core.shell:Creating prefix chain script '/home/asbir/ASBIR-ROS2/install/setup.ps1'
[18.148s] INFO:colcon.colcon_core.shell:Creating prefix script '/home/asbir/ASBIR-ROS2/install/local_setup.sh'
[18.152s] INFO:colcon.colcon_core.shell:Creating prefix util module '/home/asbir/ASBIR-ROS2/install/_local_setup_util_sh.py'
[18.156s] INFO:colcon.colcon_core.shell:Creating prefix chain script '/home/asbir/ASBIR-ROS2/install/setup.sh'
[18.274s] INFO:colcon.colcon_core.shell:Creating prefix script '/home/asbir/ASBIR-ROS2/install/local_setup.bash'
[18.279s] INFO:colcon.colcon_core.shell:Creating prefix chain script '/home/asbir/ASBIR-ROS2/install/setup.bash'
[18.412s] INFO:colcon.colcon_core.shell:Creating prefix script '/home/asbir/ASBIR-ROS2/install/local_setup.zsh'
[18.414s] INFO:colcon.colcon_core.shell:Creating prefix chain script '/home/asbir/ASBIR-ROS2/install/setup.zsh'
