[0.186s] DEBUG:colcon:Command line arguments: ['/usr/bin/colcon', 'build']
[0.186s] DEBUG:colcon:Parsed command line arguments: Namespace(allow_overriding=[], ament_cmake_args=None, base_paths=['.'], build_base='build', catkin_cmake_args=None, catkin_skip_building_tests=False, cmake_args=None, cmake_clean_cache=False, cmake_clean_first=False, cmake_force_configure=False, cmake_target=None, cmake_target_skip_unavailable=False, continue_on_error=False, event_handlers=None, executor='parallel', ignore_user_meta=False, install_base='install', log_base=None, log_level=None, main=<bound method BuildVerb.main of <colcon_core.verb.build.BuildVerb object at 0x7f20629c3eb0>>, merge_install=False, metas=['./colcon.meta'], packages_above=None, packages_above_and_dependencies=None, packages_above_depth=None, packages_end=None, packages_ignore=None, packages_ignore_regex=None, packages_select=None, packages_select_build_failed=False, packages_select_by_dep=None, packages_select_regex=None, packages_select_test_failures=False, packages_skip=None, packages_skip_build_finished=False, packages_skip_by_dep=None, packages_skip_regex=None, packages_skip_test_passed=False, packages_skip_up_to=None, packages_start=None, packages_up_to=None, packages_up_to_regex=None, parallel_workers=12, paths=None, symlink_install=False, test_result_base=None, verb_extension=<colcon_core.verb.build.BuildVerb object at 0x7f20629c3eb0>, verb_name='build', verb_parser=<colcon_defaults.argument_parser.defaults.DefaultArgumentsDecorator object at 0x7f2062944460>)
[0.216s] Level 1:colcon.colcon_core.package_discovery:discover_packages(colcon_meta) check parameters
[0.217s] Level 1:colcon.colcon_core.package_discovery:discover_packages(recursive) check parameters
[0.217s] Level 1:colcon.colcon_core.package_discovery:discover_packages(ignore) check parameters
[0.217s] Level 1:colcon.colcon_core.package_discovery:discover_packages(path) check parameters
[0.217s] Level 1:colcon.colcon_core.package_discovery:discover_packages(colcon_meta) discover
[0.217s] Level 1:colcon.colcon_core.package_discovery:discover_packages(recursive) discover
[0.217s] INFO:colcon.colcon_core.package_discovery:Crawling recursively for packages in '/home/aralab/ASBIR-ROS2'
[0.217s] Level 1:colcon.colcon_core.package_identification:_identify(.) by extensions ['ignore', 'ignore_ament_install']
[0.217s] Level 1:colcon.colcon_core.package_identification:_identify(.) by extension 'ignore'
[0.217s] Level 1:colcon.colcon_core.package_identification:_identify(.) by extension 'ignore_ament_install'
[0.217s] Level 1:colcon.colcon_core.package_identification:_identify(.) by extensions ['colcon_pkg']
[0.217s] Level 1:colcon.colcon_core.package_identification:_identify(.) by extension 'colcon_pkg'
[0.217s] Level 1:colcon.colcon_core.package_identification:_identify(.) by extensions ['colcon_meta']
[0.217s] Level 1:colcon.colcon_core.package_identification:_identify(.) by extension 'colcon_meta'
[0.217s] Level 1:colcon.colcon_core.package_identification:_identify(.) by extensions ['ros']
[0.217s] Level 1:colcon.colcon_core.package_identification:_identify(.) by extension 'ros'
[0.232s] Level 1:colcon.colcon_core.package_identification:_identify(.) by extensions ['cmake', 'python']
[0.232s] Level 1:colcon.colcon_core.package_identification:_identify(.) by extension 'cmake'
[0.232s] Level 1:colcon.colcon_core.package_identification:_identify(.) by extension 'python'
[0.232s] Level 1:colcon.colcon_core.package_identification:_identify(.) by extensions ['python_setup_py']
[0.232s] Level 1:colcon.colcon_core.package_identification:_identify(.) by extension 'python_setup_py'
[0.233s] Level 1:colcon.colcon_core.package_identification:_identify(build) by extensions ['ignore', 'ignore_ament_install']
[0.233s] Level 1:colcon.colcon_core.package_identification:_identify(build) by extension 'ignore'
[0.233s] Level 1:colcon.colcon_core.package_identification:_identify(build) ignored
[0.233s] Level 1:colcon.colcon_core.package_identification:_identify(install) by extensions ['ignore', 'ignore_ament_install']
[0.233s] Level 1:colcon.colcon_core.package_identification:_identify(install) by extension 'ignore'
[0.233s] Level 1:colcon.colcon_core.package_identification:_identify(install) ignored
[0.233s] Level 1:colcon.colcon_core.package_identification:_identify(log) by extensions ['ignore', 'ignore_ament_install']
[0.233s] Level 1:colcon.colcon_core.package_identification:_identify(log) by extension 'ignore'
[0.233s] Level 1:colcon.colcon_core.package_identification:_identify(log) ignored
[0.233s] Level 1:colcon.colcon_core.package_identification:_identify(src) by extensions ['ignore', 'ignore_ament_install']
[0.233s] Level 1:colcon.colcon_core.package_identification:_identify(src) by extension 'ignore'
[0.234s] Level 1:colcon.colcon_core.package_identification:_identify(src) by extension 'ignore_ament_install'
[0.234s] Level 1:colcon.colcon_core.package_identification:_identify(src) by extensions ['colcon_pkg']
[0.234s] Level 1:colcon.colcon_core.package_identification:_identify(src) by extension 'colcon_pkg'
[0.234s] Level 1:colcon.colcon_core.package_identification:_identify(src) by extensions ['colcon_meta']
[0.234s] Level 1:colcon.colcon_core.package_identification:_identify(src) by extension 'colcon_meta'
[0.234s] Level 1:colcon.colcon_core.package_identification:_identify(src) by extensions ['ros']
[0.234s] Level 1:colcon.colcon_core.package_identification:_identify(src) by extension 'ros'
[0.234s] Level 1:colcon.colcon_core.package_identification:_identify(src) by extensions ['cmake', 'python']
[0.234s] Level 1:colcon.colcon_core.package_identification:_identify(src) by extension 'cmake'
[0.234s] Level 1:colcon.colcon_core.package_identification:_identify(src) by extension 'python'
[0.234s] Level 1:colcon.colcon_core.package_identification:_identify(src) by extensions ['python_setup_py']
[0.234s] Level 1:colcon.colcon_core.package_identification:_identify(src) by extension 'python_setup_py'
[0.234s] Level 1:colcon.colcon_core.package_identification:_identify(src/asbir_navigation) by extensions ['ignore', 'ignore_ament_install']
[0.234s] Level 1:colcon.colcon_core.package_identification:_identify(src/asbir_navigation) by extension 'ignore'
[0.234s] Level 1:colcon.colcon_core.package_identification:_identify(src/asbir_navigation) by extension 'ignore_ament_install'
[0.234s] Level 1:colcon.colcon_core.package_identification:_identify(src/asbir_navigation) by extensions ['colcon_pkg']
[0.234s] Level 1:colcon.colcon_core.package_identification:_identify(src/asbir_navigation) by extension 'colcon_pkg'
[0.234s] Level 1:colcon.colcon_core.package_identification:_identify(src/asbir_navigation) by extensions ['colcon_meta']
[0.234s] Level 1:colcon.colcon_core.package_identification:_identify(src/asbir_navigation) by extension 'colcon_meta'
[0.234s] Level 1:colcon.colcon_core.package_identification:_identify(src/asbir_navigation) by extensions ['ros']
[0.234s] Level 1:colcon.colcon_core.package_identification:_identify(src/asbir_navigation) by extension 'ros'
[0.236s] DEBUG:colcon.colcon_core.package_identification:Package 'src/asbir_navigation' with type 'ros.ament_cmake' and name 'asbir_navigation'
[0.236s] Level 1:colcon.colcon_core.package_identification:_identify(src/rospy_message_converter) by extensions ['ignore', 'ignore_ament_install']
[0.236s] Level 1:colcon.colcon_core.package_identification:_identify(src/rospy_message_converter) by extension 'ignore'
[0.236s] Level 1:colcon.colcon_core.package_identification:_identify(src/rospy_message_converter) by extension 'ignore_ament_install'
[0.237s] Level 1:colcon.colcon_core.package_identification:_identify(src/rospy_message_converter) by extensions ['colcon_pkg']
[0.237s] Level 1:colcon.colcon_core.package_identification:_identify(src/rospy_message_converter) by extension 'colcon_pkg'
[0.237s] Level 1:colcon.colcon_core.package_identification:_identify(src/rospy_message_converter) by extensions ['colcon_meta']
[0.237s] Level 1:colcon.colcon_core.package_identification:_identify(src/rospy_message_converter) by extension 'colcon_meta'
[0.237s] Level 1:colcon.colcon_core.package_identification:_identify(src/rospy_message_converter) by extensions ['ros']
[0.237s] Level 1:colcon.colcon_core.package_identification:_identify(src/rospy_message_converter) by extension 'ros'
[0.237s] Level 1:colcon.colcon_core.package_identification:_identify(src/rospy_message_converter) by extensions ['cmake', 'python']
[0.237s] Level 1:colcon.colcon_core.package_identification:_identify(src/rospy_message_converter) by extension 'cmake'
[0.237s] Level 1:colcon.colcon_core.package_identification:_identify(src/rospy_message_converter) by extension 'python'
[0.237s] Level 1:colcon.colcon_core.package_identification:_identify(src/rospy_message_converter) by extensions ['python_setup_py']
[0.237s] Level 1:colcon.colcon_core.package_identification:_identify(src/rospy_message_converter) by extension 'python_setup_py'
[0.237s] Level 1:colcon.colcon_core.package_identification:_identify(src/rospy_message_converter/rclpy_message_converter) by extensions ['ignore', 'ignore_ament_install']
[0.237s] Level 1:colcon.colcon_core.package_identification:_identify(src/rospy_message_converter/rclpy_message_converter) by extension 'ignore'
[0.237s] Level 1:colcon.colcon_core.package_identification:_identify(src/rospy_message_converter/rclpy_message_converter) by extension 'ignore_ament_install'
[0.237s] Level 1:colcon.colcon_core.package_identification:_identify(src/rospy_message_converter/rclpy_message_converter) by extensions ['colcon_pkg']
[0.237s] Level 1:colcon.colcon_core.package_identification:_identify(src/rospy_message_converter/rclpy_message_converter) by extension 'colcon_pkg'
[0.237s] Level 1:colcon.colcon_core.package_identification:_identify(src/rospy_message_converter/rclpy_message_converter) by extensions ['colcon_meta']
[0.237s] Level 1:colcon.colcon_core.package_identification:_identify(src/rospy_message_converter/rclpy_message_converter) by extension 'colcon_meta'
[0.237s] Level 1:colcon.colcon_core.package_identification:_identify(src/rospy_message_converter/rclpy_message_converter) by extensions ['ros']
[0.237s] Level 1:colcon.colcon_core.package_identification:_identify(src/rospy_message_converter/rclpy_message_converter) by extension 'ros'
[0.238s] DEBUG:colcon.colcon_core.package_identification:Package 'src/rospy_message_converter/rclpy_message_converter' with type 'ros.ament_python' and name 'rclpy_message_converter'
[0.238s] Level 1:colcon.colcon_core.package_identification:_identify(src/rospy_message_converter/rclpy_message_converter_msgs) by extensions ['ignore', 'ignore_ament_install']
[0.238s] Level 1:colcon.colcon_core.package_identification:_identify(src/rospy_message_converter/rclpy_message_converter_msgs) by extension 'ignore'
[0.238s] Level 1:colcon.colcon_core.package_identification:_identify(src/rospy_message_converter/rclpy_message_converter_msgs) by extension 'ignore_ament_install'
[0.238s] Level 1:colcon.colcon_core.package_identification:_identify(src/rospy_message_converter/rclpy_message_converter_msgs) by extensions ['colcon_pkg']
[0.238s] Level 1:colcon.colcon_core.package_identification:_identify(src/rospy_message_converter/rclpy_message_converter_msgs) by extension 'colcon_pkg'
[0.238s] Level 1:colcon.colcon_core.package_identification:_identify(src/rospy_message_converter/rclpy_message_converter_msgs) by extensions ['colcon_meta']
[0.238s] Level 1:colcon.colcon_core.package_identification:_identify(src/rospy_message_converter/rclpy_message_converter_msgs) by extension 'colcon_meta'
[0.238s] Level 1:colcon.colcon_core.package_identification:_identify(src/rospy_message_converter/rclpy_message_converter_msgs) by extensions ['ros']
[0.238s] Level 1:colcon.colcon_core.package_identification:_identify(src/rospy_message_converter/rclpy_message_converter_msgs) by extension 'ros'
[0.239s] DEBUG:colcon.colcon_core.package_identification:Package 'src/rospy_message_converter/rclpy_message_converter_msgs' with type 'ros.ament_cmake' and name 'rclpy_message_converter_msgs'
[0.239s] Level 1:colcon.colcon_core.package_discovery:discover_packages(recursive) using defaults
[0.239s] Level 1:colcon.colcon_core.package_discovery:discover_packages(ignore) discover
[0.239s] Level 1:colcon.colcon_core.package_discovery:discover_packages(ignore) using defaults
[0.239s] Level 1:colcon.colcon_core.package_discovery:discover_packages(path) discover
[0.239s] Level 1:colcon.colcon_core.package_discovery:discover_packages(path) using defaults
[0.270s] Level 1:colcon.colcon_core.package_discovery:discover_packages(prefix_path) check parameters
[0.270s] Level 1:colcon.colcon_core.package_discovery:discover_packages(prefix_path) discover
[0.283s] DEBUG:colcon.colcon_installed_package_information.package_discovery:Found 4 installed packages in /home/aralab/ASBIR-ROS2/install
[0.291s] DEBUG:colcon.colcon_installed_package_information.package_discovery:Found 312 installed packages in /home/aralab/ros2_foxy/install
[0.292s] Level 1:colcon.colcon_core.package_discovery:discover_packages(prefix_path) using defaults
[0.312s] Level 5:colcon.colcon_core.verb:set package 'asbir_navigation' build argument 'cmake_args' from command line to 'None'
[0.312s] Level 5:colcon.colcon_core.verb:set package 'asbir_navigation' build argument 'cmake_target' from command line to 'None'
[0.312s] Level 5:colcon.colcon_core.verb:set package 'asbir_navigation' build argument 'cmake_target_skip_unavailable' from command line to 'False'
[0.312s] Level 5:colcon.colcon_core.verb:set package 'asbir_navigation' build argument 'cmake_clean_cache' from command line to 'False'
[0.312s] Level 5:colcon.colcon_core.verb:set package 'asbir_navigation' build argument 'cmake_clean_first' from command line to 'False'
[0.312s] Level 5:colcon.colcon_core.verb:set package 'asbir_navigation' build argument 'cmake_force_configure' from command line to 'False'
[0.312s] Level 5:colcon.colcon_core.verb:set package 'asbir_navigation' build argument 'ament_cmake_args' from command line to 'None'
[0.312s] Level 5:colcon.colcon_core.verb:set package 'asbir_navigation' build argument 'catkin_cmake_args' from command line to 'None'
[0.312s] Level 5:colcon.colcon_core.verb:set package 'asbir_navigation' build argument 'catkin_skip_building_tests' from command line to 'False'
[0.312s] DEBUG:colcon.colcon_core.verb:Building package 'asbir_navigation' with the following arguments: {'ament_cmake_args': None, 'build_base': '/home/aralab/ASBIR-ROS2/build/asbir_navigation', 'catkin_cmake_args': None, 'catkin_skip_building_tests': False, 'cmake_args': None, 'cmake_clean_cache': False, 'cmake_clean_first': False, 'cmake_force_configure': False, 'cmake_target': None, 'cmake_target_skip_unavailable': False, 'install_base': '/home/aralab/ASBIR-ROS2/install/asbir_navigation', 'merge_install': False, 'path': '/home/aralab/ASBIR-ROS2/src/asbir_navigation', 'symlink_install': False, 'test_result_base': None}
[0.316s] Level 5:colcon.colcon_core.verb:set package 'rclpy_message_converter_msgs' build argument 'cmake_args' from command line to 'None'
[0.316s] Level 5:colcon.colcon_core.verb:set package 'rclpy_message_converter_msgs' build argument 'cmake_target' from command line to 'None'
[0.316s] Level 5:colcon.colcon_core.verb:set package 'rclpy_message_converter_msgs' build argument 'cmake_target_skip_unavailable' from command line to 'False'
[0.316s] Level 5:colcon.colcon_core.verb:set package 'rclpy_message_converter_msgs' build argument 'cmake_clean_cache' from command line to 'False'
[0.316s] Level 5:colcon.colcon_core.verb:set package 'rclpy_message_converter_msgs' build argument 'cmake_clean_first' from command line to 'False'
[0.316s] Level 5:colcon.colcon_core.verb:set package 'rclpy_message_converter_msgs' build argument 'cmake_force_configure' from command line to 'False'
[0.317s] Level 5:colcon.colcon_core.verb:set package 'rclpy_message_converter_msgs' build argument 'ament_cmake_args' from command line to 'None'
[0.317s] Level 5:colcon.colcon_core.verb:set package 'rclpy_message_converter_msgs' build argument 'catkin_cmake_args' from command line to 'None'
[0.317s] Level 5:colcon.colcon_core.verb:set package 'rclpy_message_converter_msgs' build argument 'catkin_skip_building_tests' from command line to 'False'
[0.317s] DEBUG:colcon.colcon_core.verb:Building package 'rclpy_message_converter_msgs' with the following arguments: {'ament_cmake_args': None, 'build_base': '/home/aralab/ASBIR-ROS2/build/rclpy_message_converter_msgs', 'catkin_cmake_args': None, 'catkin_skip_building_tests': False, 'cmake_args': None, 'cmake_clean_cache': False, 'cmake_clean_first': False, 'cmake_force_configure': False, 'cmake_target': None, 'cmake_target_skip_unavailable': False, 'install_base': '/home/aralab/ASBIR-ROS2/install/rclpy_message_converter_msgs', 'merge_install': False, 'path': '/home/aralab/ASBIR-ROS2/src/rospy_message_converter/rclpy_message_converter_msgs', 'symlink_install': False, 'test_result_base': None}
[0.321s] Level 5:colcon.colcon_core.verb:set package 'rclpy_message_converter' build argument 'cmake_args' from command line to 'None'
[0.321s] Level 5:colcon.colcon_core.verb:set package 'rclpy_message_converter' build argument 'cmake_target' from command line to 'None'
[0.321s] Level 5:colcon.colcon_core.verb:set package 'rclpy_message_converter' build argument 'cmake_target_skip_unavailable' from command line to 'False'
[0.321s] Level 5:colcon.colcon_core.verb:set package 'rclpy_message_converter' build argument 'cmake_clean_cache' from command line to 'False'
[0.321s] Level 5:colcon.colcon_core.verb:set package 'rclpy_message_converter' build argument 'cmake_clean_first' from command line to 'False'
[0.321s] Level 5:colcon.colcon_core.verb:set package 'rclpy_message_converter' build argument 'cmake_force_configure' from command line to 'False'
[0.321s] Level 5:colcon.colcon_core.verb:set package 'rclpy_message_converter' build argument 'ament_cmake_args' from command line to 'None'
[0.321s] Level 5:colcon.colcon_core.verb:set package 'rclpy_message_converter' build argument 'catkin_cmake_args' from command line to 'None'
[0.321s] Level 5:colcon.colcon_core.verb:set package 'rclpy_message_converter' build argument 'catkin_skip_building_tests' from command line to 'False'
[0.321s] DEBUG:colcon.colcon_core.verb:Building package 'rclpy_message_converter' with the following arguments: {'ament_cmake_args': None, 'build_base': '/home/aralab/ASBIR-ROS2/build/rclpy_message_converter', 'catkin_cmake_args': None, 'catkin_skip_building_tests': False, 'cmake_args': None, 'cmake_clean_cache': False, 'cmake_clean_first': False, 'cmake_force_configure': False, 'cmake_target': None, 'cmake_target_skip_unavailable': False, 'install_base': '/home/aralab/ASBIR-ROS2/install/rclpy_message_converter', 'merge_install': False, 'path': '/home/aralab/ASBIR-ROS2/src/rospy_message_converter/rclpy_message_converter', 'symlink_install': False, 'test_result_base': None}
[0.324s] INFO:colcon.colcon_core.executor:Executing jobs using 'parallel' executor
[0.334s] DEBUG:colcon.colcon_parallel_executor.executor.parallel:run_until_complete
[0.334s] INFO:colcon.colcon_ros.task.ament_cmake.build:Building ROS package in '/home/aralab/ASBIR-ROS2/src/rospy_message_converter/rclpy_message_converter_msgs' with build type 'ament_cmake'
[0.334s] INFO:colcon.colcon_cmake.task.cmake.build:Building CMake package in '/home/aralab/ASBIR-ROS2/src/rospy_message_converter/rclpy_message_converter_msgs'
[0.341s] INFO:colcon.colcon_core.plugin_system:Skipping extension 'colcon_core.shell.bat': Not used on non-Windows systems
[0.341s] INFO:colcon.colcon_core.shell:Skip shell extension 'powershell' for command environment: Not usable outside of PowerShell
[0.341s] DEBUG:colcon.colcon_core.shell:Skip shell extension 'dsv' for command environment
[0.367s] INFO:colcon.colcon_ros.task.ament_cmake.build:Building ROS package in '/home/aralab/ASBIR-ROS2/src/asbir_navigation' with build type 'ament_cmake'
[0.367s] INFO:colcon.colcon_cmake.task.cmake.build:Building CMake package in '/home/aralab/ASBIR-ROS2/src/asbir_navigation'
[0.370s] INFO:colcon.colcon_core.shell:Skip shell extension 'powershell' for command environment: Not usable outside of PowerShell
[0.371s] DEBUG:colcon.colcon_core.shell:Skip shell extension 'dsv' for command environment
[0.400s] DEBUG:colcon.colcon_core.event_handler.log_command:Invoking command in '/home/aralab/ASBIR-ROS2/build/rclpy_message_converter_msgs': CMAKE_PREFIX_PATH=${CMAKE_PREFIX_PATH}:/home/aralab/ASBIR-ROS2/install/rclpy_message_converter:/home/aralab/ros2_foxy/install/ros2bag:/home/aralab/ros2_foxy/install/tracetools_launch:/home/aralab/ros2_foxy/install/topic_monitor:/home/aralab/ros2_foxy/install/examples_tf2_py:/home/aralab/ros2_foxy/install/sros2:/home/aralab/ros2_foxy/install/rqt_topic:/home/aralab/ros2_foxy/install/rqt_top:/home/aralab/ros2_foxy/install/rqt_srv:/home/aralab/ros2_foxy/install/rqt_shell:/home/aralab/ros2_foxy/install/rqt_service_caller:/home/aralab/ros2_foxy/install/rqt_reconfigure:/home/aralab/ros2_foxy/install/rqt_py_console:/home/aralab/ros2_foxy/install/rqt_publisher:/home/aralab/ros2_foxy/install/rqt_plot:/home/aralab/ros2_foxy/install/rqt_action:/home/aralab/ros2_foxy/install/rqt_msg:/home/aralab/ros2_foxy/install/rqt_console:/home/aralab/ros2_foxy/install/rqt:/home/aralab/ros2_foxy/install/rqt_graph:/home/aralab/ros2_foxy/install/rqt_gui_py:/home/aralab/ros2_foxy/install/rqt_gui:/home/aralab/ros2_foxy/install/ros2trace:/home/aralab/ros2_foxy/install/ros2topic:/home/aralab/ros2_foxy/install/ros2test:/home/aralab/ros2_foxy/install/ros2component:/home/aralab/ros2_foxy/install/ros2param:/home/aralab/ros2_foxy/install/ros2lifecycle:/home/aralab/ros2_foxy/install/ros2service:/home/aralab/ros2_foxy/install/ros2run:/home/aralab/ros2_foxy/install/ros2launch:/home/aralab/ros2_foxy/install/ros2pkg:/home/aralab/ros2_foxy/install/ros2node:/home/aralab/ros2_foxy/install/ros2multicast:/home/aralab/ros2_foxy/install/ros2interface:/home/aralab/ros2_foxy/install/ros2doctor:/home/aralab/ros2_foxy/install/ros2action:/home/aralab/ros2_foxy/install/ros2cli:/home/aralab/ros2_foxy/install/quality_of_service_demo_py:/home/aralab/ros2_foxy/install/launch_testing_ros:/home/aralab/ros2_foxy/install/launch_ros:/home/aralab/ros2_foxy/install/examples_rclpy_minimal_subscriber:/home/aralab/ros2_foxy/install/examples_rclpy_minimal_service:/home/aralab/ros2_foxy/install/examples_rclpy_minimal_publisher:/home/aralab/ros2_foxy/install/examples_rclpy_minimal_client:/home/aralab/ros2_foxy/install/examples_rclpy_minimal_action_server:/home/aralab/ros2_foxy/install/examples_rclpy_minimal_action_client:/home/aralab/ros2_foxy/install/examples_rclpy_executors:/home/aralab/ros2_foxy/install/demo_nodes_py:/home/aralab/ros2_foxy/install/action_tutorials_py:/home/aralab/ros2_foxy/install/ament_uncrustify:/home/aralab/ros2_foxy/install/tracetools_trace:/home/aralab/ros2_foxy/install/tracetools_read:/home/aralab/ros2_foxy/install/test_launch_ros:/home/aralab/ros2_foxy/install/sensor_msgs_py:/home/aralab/ros2_foxy/install/rpyutils:/home/aralab/ros2_foxy/install/rosidl_runtime_py:/home/aralab/ros2_foxy/install/launch_yaml:/home/aralab/ros2_foxy/install/launch_xml:/home/aralab/ros2_foxy/install/launch_testing:/home/aralab/ros2_foxy/install/launch:/home/aralab/ros2_foxy/install/osrf_pycommon:/home/aralab/ros2_foxy/install/domain_coordinator:/home/aralab/ros2_foxy/install/ament_xmllint:/home/aralab/ros2_foxy/install/ament_pyflakes:/home/aralab/ros2_foxy/install/ament_pycodestyle:/home/aralab/ros2_foxy/install/ament_pep257:/home/aralab/ros2_foxy/install/ament_pclint:/home/aralab/ros2_foxy/install/ament_package:/home/aralab/ros2_foxy/install/ament_mypy:/home/aralab/ros2_foxy/install/ament_lint_cmake:/home/aralab/ros2_foxy/install/ament_flake8:/home/aralab/ros2_foxy/install/ament_copyright:/home/aralab/ros2_foxy/install/ament_lint:/home/aralab/ros2_foxy/install/ament_index_python:/home/aralab/ros2_foxy/install/ament_cpplint:/home/aralab/ros2_foxy/install/ament_cppcheck:/home/aralab/ros2_foxy/install/ament_clang_tidy:/home/aralab/ros2_foxy/install/ament_clang_format /usr/bin/cmake --build /home/aralab/ASBIR-ROS2/build/rclpy_message_converter_msgs -- -j12 -l12
[0.413s] DEBUG:colcon.colcon_core.event_handler.log_command:Invoking command in '/home/aralab/ASBIR-ROS2/build/asbir_navigation': CMAKE_PREFIX_PATH=${CMAKE_PREFIX_PATH}:/home/aralab/ASBIR-ROS2/install/rclpy_message_converter:/home/aralab/ros2_foxy/install/ros2bag:/home/aralab/ros2_foxy/install/tracetools_launch:/home/aralab/ros2_foxy/install/topic_monitor:/home/aralab/ros2_foxy/install/examples_tf2_py:/home/aralab/ros2_foxy/install/sros2:/home/aralab/ros2_foxy/install/rqt_topic:/home/aralab/ros2_foxy/install/rqt_top:/home/aralab/ros2_foxy/install/rqt_srv:/home/aralab/ros2_foxy/install/rqt_shell:/home/aralab/ros2_foxy/install/rqt_service_caller:/home/aralab/ros2_foxy/install/rqt_reconfigure:/home/aralab/ros2_foxy/install/rqt_py_console:/home/aralab/ros2_foxy/install/rqt_publisher:/home/aralab/ros2_foxy/install/rqt_plot:/home/aralab/ros2_foxy/install/rqt_action:/home/aralab/ros2_foxy/install/rqt_msg:/home/aralab/ros2_foxy/install/rqt_console:/home/aralab/ros2_foxy/install/rqt:/home/aralab/ros2_foxy/install/rqt_graph:/home/aralab/ros2_foxy/install/rqt_gui_py:/home/aralab/ros2_foxy/install/rqt_gui:/home/aralab/ros2_foxy/install/ros2trace:/home/aralab/ros2_foxy/install/ros2topic:/home/aralab/ros2_foxy/install/ros2test:/home/aralab/ros2_foxy/install/ros2component:/home/aralab/ros2_foxy/install/ros2param:/home/aralab/ros2_foxy/install/ros2lifecycle:/home/aralab/ros2_foxy/install/ros2service:/home/aralab/ros2_foxy/install/ros2run:/home/aralab/ros2_foxy/install/ros2launch:/home/aralab/ros2_foxy/install/ros2pkg:/home/aralab/ros2_foxy/install/ros2node:/home/aralab/ros2_foxy/install/ros2multicast:/home/aralab/ros2_foxy/install/ros2interface:/home/aralab/ros2_foxy/install/ros2doctor:/home/aralab/ros2_foxy/install/ros2action:/home/aralab/ros2_foxy/install/ros2cli:/home/aralab/ros2_foxy/install/quality_of_service_demo_py:/home/aralab/ros2_foxy/install/launch_testing_ros:/home/aralab/ros2_foxy/install/launch_ros:/home/aralab/ros2_foxy/install/examples_rclpy_minimal_subscriber:/home/aralab/ros2_foxy/install/examples_rclpy_minimal_service:/home/aralab/ros2_foxy/install/examples_rclpy_minimal_publisher:/home/aralab/ros2_foxy/install/examples_rclpy_minimal_client:/home/aralab/ros2_foxy/install/examples_rclpy_minimal_action_server:/home/aralab/ros2_foxy/install/examples_rclpy_minimal_action_client:/home/aralab/ros2_foxy/install/examples_rclpy_executors:/home/aralab/ros2_foxy/install/demo_nodes_py:/home/aralab/ros2_foxy/install/action_tutorials_py:/home/aralab/ros2_foxy/install/ament_uncrustify:/home/aralab/ros2_foxy/install/tracetools_trace:/home/aralab/ros2_foxy/install/tracetools_read:/home/aralab/ros2_foxy/install/test_launch_ros:/home/aralab/ros2_foxy/install/sensor_msgs_py:/home/aralab/ros2_foxy/install/rpyutils:/home/aralab/ros2_foxy/install/rosidl_runtime_py:/home/aralab/ros2_foxy/install/launch_yaml:/home/aralab/ros2_foxy/install/launch_xml:/home/aralab/ros2_foxy/install/launch_testing:/home/aralab/ros2_foxy/install/launch:/home/aralab/ros2_foxy/install/osrf_pycommon:/home/aralab/ros2_foxy/install/domain_coordinator:/home/aralab/ros2_foxy/install/ament_xmllint:/home/aralab/ros2_foxy/install/ament_pyflakes:/home/aralab/ros2_foxy/install/ament_pycodestyle:/home/aralab/ros2_foxy/install/ament_pep257:/home/aralab/ros2_foxy/install/ament_pclint:/home/aralab/ros2_foxy/install/ament_package:/home/aralab/ros2_foxy/install/ament_mypy:/home/aralab/ros2_foxy/install/ament_lint_cmake:/home/aralab/ros2_foxy/install/ament_flake8:/home/aralab/ros2_foxy/install/ament_copyright:/home/aralab/ros2_foxy/install/ament_lint:/home/aralab/ros2_foxy/install/ament_index_python:/home/aralab/ros2_foxy/install/ament_cpplint:/home/aralab/ros2_foxy/install/ament_cppcheck:/home/aralab/ros2_foxy/install/ament_clang_tidy:/home/aralab/ros2_foxy/install/ament_clang_format /usr/bin/cmake --build /home/aralab/ASBIR-ROS2/build/asbir_navigation -- -j12 -l12
[0.851s] DEBUG:colcon.colcon_core.event_handler.log_command:Invoked command in '/home/aralab/ASBIR-ROS2/build/rclpy_message_converter_msgs' returned '0': CMAKE_PREFIX_PATH=${CMAKE_PREFIX_PATH}:/home/aralab/ASBIR-ROS2/install/rclpy_message_converter:/home/aralab/ros2_foxy/install/ros2bag:/home/aralab/ros2_foxy/install/tracetools_launch:/home/aralab/ros2_foxy/install/topic_monitor:/home/aralab/ros2_foxy/install/examples_tf2_py:/home/aralab/ros2_foxy/install/sros2:/home/aralab/ros2_foxy/install/rqt_topic:/home/aralab/ros2_foxy/install/rqt_top:/home/aralab/ros2_foxy/install/rqt_srv:/home/aralab/ros2_foxy/install/rqt_shell:/home/aralab/ros2_foxy/install/rqt_service_caller:/home/aralab/ros2_foxy/install/rqt_reconfigure:/home/aralab/ros2_foxy/install/rqt_py_console:/home/aralab/ros2_foxy/install/rqt_publisher:/home/aralab/ros2_foxy/install/rqt_plot:/home/aralab/ros2_foxy/install/rqt_action:/home/aralab/ros2_foxy/install/rqt_msg:/home/aralab/ros2_foxy/install/rqt_console:/home/aralab/ros2_foxy/install/rqt:/home/aralab/ros2_foxy/install/rqt_graph:/home/aralab/ros2_foxy/install/rqt_gui_py:/home/aralab/ros2_foxy/install/rqt_gui:/home/aralab/ros2_foxy/install/ros2trace:/home/aralab/ros2_foxy/install/ros2topic:/home/aralab/ros2_foxy/install/ros2test:/home/aralab/ros2_foxy/install/ros2component:/home/aralab/ros2_foxy/install/ros2param:/home/aralab/ros2_foxy/install/ros2lifecycle:/home/aralab/ros2_foxy/install/ros2service:/home/aralab/ros2_foxy/install/ros2run:/home/aralab/ros2_foxy/install/ros2launch:/home/aralab/ros2_foxy/install/ros2pkg:/home/aralab/ros2_foxy/install/ros2node:/home/aralab/ros2_foxy/install/ros2multicast:/home/aralab/ros2_foxy/install/ros2interface:/home/aralab/ros2_foxy/install/ros2doctor:/home/aralab/ros2_foxy/install/ros2action:/home/aralab/ros2_foxy/install/ros2cli:/home/aralab/ros2_foxy/install/quality_of_service_demo_py:/home/aralab/ros2_foxy/install/launch_testing_ros:/home/aralab/ros2_foxy/install/launch_ros:/home/aralab/ros2_foxy/install/examples_rclpy_minimal_subscriber:/home/aralab/ros2_foxy/install/examples_rclpy_minimal_service:/home/aralab/ros2_foxy/install/examples_rclpy_minimal_publisher:/home/aralab/ros2_foxy/install/examples_rclpy_minimal_client:/home/aralab/ros2_foxy/install/examples_rclpy_minimal_action_server:/home/aralab/ros2_foxy/install/examples_rclpy_minimal_action_client:/home/aralab/ros2_foxy/install/examples_rclpy_executors:/home/aralab/ros2_foxy/install/demo_nodes_py:/home/aralab/ros2_foxy/install/action_tutorials_py:/home/aralab/ros2_foxy/install/ament_uncrustify:/home/aralab/ros2_foxy/install/tracetools_trace:/home/aralab/ros2_foxy/install/tracetools_read:/home/aralab/ros2_foxy/install/test_launch_ros:/home/aralab/ros2_foxy/install/sensor_msgs_py:/home/aralab/ros2_foxy/install/rpyutils:/home/aralab/ros2_foxy/install/rosidl_runtime_py:/home/aralab/ros2_foxy/install/launch_yaml:/home/aralab/ros2_foxy/install/launch_xml:/home/aralab/ros2_foxy/install/launch_testing:/home/aralab/ros2_foxy/install/launch:/home/aralab/ros2_foxy/install/osrf_pycommon:/home/aralab/ros2_foxy/install/domain_coordinator:/home/aralab/ros2_foxy/install/ament_xmllint:/home/aralab/ros2_foxy/install/ament_pyflakes:/home/aralab/ros2_foxy/install/ament_pycodestyle:/home/aralab/ros2_foxy/install/ament_pep257:/home/aralab/ros2_foxy/install/ament_pclint:/home/aralab/ros2_foxy/install/ament_package:/home/aralab/ros2_foxy/install/ament_mypy:/home/aralab/ros2_foxy/install/ament_lint_cmake:/home/aralab/ros2_foxy/install/ament_flake8:/home/aralab/ros2_foxy/install/ament_copyright:/home/aralab/ros2_foxy/install/ament_lint:/home/aralab/ros2_foxy/install/ament_index_python:/home/aralab/ros2_foxy/install/ament_cpplint:/home/aralab/ros2_foxy/install/ament_cppcheck:/home/aralab/ros2_foxy/install/ament_clang_tidy:/home/aralab/ros2_foxy/install/ament_clang_format /usr/bin/cmake --build /home/aralab/ASBIR-ROS2/build/rclpy_message_converter_msgs -- -j12 -l12
[1.279s] DEBUG:colcon.colcon_core.event_handler.log_command:Invoking command in '/home/aralab/ASBIR-ROS2/build/rclpy_message_converter_msgs': CMAKE_PREFIX_PATH=${CMAKE_PREFIX_PATH}:/home/aralab/ASBIR-ROS2/install/rclpy_message_converter:/home/aralab/ros2_foxy/install/ros2bag:/home/aralab/ros2_foxy/install/tracetools_launch:/home/aralab/ros2_foxy/install/topic_monitor:/home/aralab/ros2_foxy/install/examples_tf2_py:/home/aralab/ros2_foxy/install/sros2:/home/aralab/ros2_foxy/install/rqt_topic:/home/aralab/ros2_foxy/install/rqt_top:/home/aralab/ros2_foxy/install/rqt_srv:/home/aralab/ros2_foxy/install/rqt_shell:/home/aralab/ros2_foxy/install/rqt_service_caller:/home/aralab/ros2_foxy/install/rqt_reconfigure:/home/aralab/ros2_foxy/install/rqt_py_console:/home/aralab/ros2_foxy/install/rqt_publisher:/home/aralab/ros2_foxy/install/rqt_plot:/home/aralab/ros2_foxy/install/rqt_action:/home/aralab/ros2_foxy/install/rqt_msg:/home/aralab/ros2_foxy/install/rqt_console:/home/aralab/ros2_foxy/install/rqt:/home/aralab/ros2_foxy/install/rqt_graph:/home/aralab/ros2_foxy/install/rqt_gui_py:/home/aralab/ros2_foxy/install/rqt_gui:/home/aralab/ros2_foxy/install/ros2trace:/home/aralab/ros2_foxy/install/ros2topic:/home/aralab/ros2_foxy/install/ros2test:/home/aralab/ros2_foxy/install/ros2component:/home/aralab/ros2_foxy/install/ros2param:/home/aralab/ros2_foxy/install/ros2lifecycle:/home/aralab/ros2_foxy/install/ros2service:/home/aralab/ros2_foxy/install/ros2run:/home/aralab/ros2_foxy/install/ros2launch:/home/aralab/ros2_foxy/install/ros2pkg:/home/aralab/ros2_foxy/install/ros2node:/home/aralab/ros2_foxy/install/ros2multicast:/home/aralab/ros2_foxy/install/ros2interface:/home/aralab/ros2_foxy/install/ros2doctor:/home/aralab/ros2_foxy/install/ros2action:/home/aralab/ros2_foxy/install/ros2cli:/home/aralab/ros2_foxy/install/quality_of_service_demo_py:/home/aralab/ros2_foxy/install/launch_testing_ros:/home/aralab/ros2_foxy/install/launch_ros:/home/aralab/ros2_foxy/install/examples_rclpy_minimal_subscriber:/home/aralab/ros2_foxy/install/examples_rclpy_minimal_service:/home/aralab/ros2_foxy/install/examples_rclpy_minimal_publisher:/home/aralab/ros2_foxy/install/examples_rclpy_minimal_client:/home/aralab/ros2_foxy/install/examples_rclpy_minimal_action_server:/home/aralab/ros2_foxy/install/examples_rclpy_minimal_action_client:/home/aralab/ros2_foxy/install/examples_rclpy_executors:/home/aralab/ros2_foxy/install/demo_nodes_py:/home/aralab/ros2_foxy/install/action_tutorials_py:/home/aralab/ros2_foxy/install/ament_uncrustify:/home/aralab/ros2_foxy/install/tracetools_trace:/home/aralab/ros2_foxy/install/tracetools_read:/home/aralab/ros2_foxy/install/test_launch_ros:/home/aralab/ros2_foxy/install/sensor_msgs_py:/home/aralab/ros2_foxy/install/rpyutils:/home/aralab/ros2_foxy/install/rosidl_runtime_py:/home/aralab/ros2_foxy/install/launch_yaml:/home/aralab/ros2_foxy/install/launch_xml:/home/aralab/ros2_foxy/install/launch_testing:/home/aralab/ros2_foxy/install/launch:/home/aralab/ros2_foxy/install/osrf_pycommon:/home/aralab/ros2_foxy/install/domain_coordinator:/home/aralab/ros2_foxy/install/ament_xmllint:/home/aralab/ros2_foxy/install/ament_pyflakes:/home/aralab/ros2_foxy/install/ament_pycodestyle:/home/aralab/ros2_foxy/install/ament_pep257:/home/aralab/ros2_foxy/install/ament_pclint:/home/aralab/ros2_foxy/install/ament_package:/home/aralab/ros2_foxy/install/ament_mypy:/home/aralab/ros2_foxy/install/ament_lint_cmake:/home/aralab/ros2_foxy/install/ament_flake8:/home/aralab/ros2_foxy/install/ament_copyright:/home/aralab/ros2_foxy/install/ament_lint:/home/aralab/ros2_foxy/install/ament_index_python:/home/aralab/ros2_foxy/install/ament_cpplint:/home/aralab/ros2_foxy/install/ament_cppcheck:/home/aralab/ros2_foxy/install/ament_clang_tidy:/home/aralab/ros2_foxy/install/ament_clang_format /usr/bin/cmake --install /home/aralab/ASBIR-ROS2/build/rclpy_message_converter_msgs
[1.508s] Level 1:colcon.colcon_core.environment:create_environment_scripts_only(rclpy_message_converter_msgs)
[1.509s] DEBUG:colcon.colcon_core.event_handler.log_command:Invoked command in '/home/aralab/ASBIR-ROS2/build/rclpy_message_converter_msgs' returned '0': CMAKE_PREFIX_PATH=${CMAKE_PREFIX_PATH}:/home/aralab/ASBIR-ROS2/install/rclpy_message_converter:/home/aralab/ros2_foxy/install/ros2bag:/home/aralab/ros2_foxy/install/tracetools_launch:/home/aralab/ros2_foxy/install/topic_monitor:/home/aralab/ros2_foxy/install/examples_tf2_py:/home/aralab/ros2_foxy/install/sros2:/home/aralab/ros2_foxy/install/rqt_topic:/home/aralab/ros2_foxy/install/rqt_top:/home/aralab/ros2_foxy/install/rqt_srv:/home/aralab/ros2_foxy/install/rqt_shell:/home/aralab/ros2_foxy/install/rqt_service_caller:/home/aralab/ros2_foxy/install/rqt_reconfigure:/home/aralab/ros2_foxy/install/rqt_py_console:/home/aralab/ros2_foxy/install/rqt_publisher:/home/aralab/ros2_foxy/install/rqt_plot:/home/aralab/ros2_foxy/install/rqt_action:/home/aralab/ros2_foxy/install/rqt_msg:/home/aralab/ros2_foxy/install/rqt_console:/home/aralab/ros2_foxy/install/rqt:/home/aralab/ros2_foxy/install/rqt_graph:/home/aralab/ros2_foxy/install/rqt_gui_py:/home/aralab/ros2_foxy/install/rqt_gui:/home/aralab/ros2_foxy/install/ros2trace:/home/aralab/ros2_foxy/install/ros2topic:/home/aralab/ros2_foxy/install/ros2test:/home/aralab/ros2_foxy/install/ros2component:/home/aralab/ros2_foxy/install/ros2param:/home/aralab/ros2_foxy/install/ros2lifecycle:/home/aralab/ros2_foxy/install/ros2service:/home/aralab/ros2_foxy/install/ros2run:/home/aralab/ros2_foxy/install/ros2launch:/home/aralab/ros2_foxy/install/ros2pkg:/home/aralab/ros2_foxy/install/ros2node:/home/aralab/ros2_foxy/install/ros2multicast:/home/aralab/ros2_foxy/install/ros2interface:/home/aralab/ros2_foxy/install/ros2doctor:/home/aralab/ros2_foxy/install/ros2action:/home/aralab/ros2_foxy/install/ros2cli:/home/aralab/ros2_foxy/install/quality_of_service_demo_py:/home/aralab/ros2_foxy/install/launch_testing_ros:/home/aralab/ros2_foxy/install/launch_ros:/home/aralab/ros2_foxy/install/examples_rclpy_minimal_subscriber:/home/aralab/ros2_foxy/install/examples_rclpy_minimal_service:/home/aralab/ros2_foxy/install/examples_rclpy_minimal_publisher:/home/aralab/ros2_foxy/install/examples_rclpy_minimal_client:/home/aralab/ros2_foxy/install/examples_rclpy_minimal_action_server:/home/aralab/ros2_foxy/install/examples_rclpy_minimal_action_client:/home/aralab/ros2_foxy/install/examples_rclpy_executors:/home/aralab/ros2_foxy/install/demo_nodes_py:/home/aralab/ros2_foxy/install/action_tutorials_py:/home/aralab/ros2_foxy/install/ament_uncrustify:/home/aralab/ros2_foxy/install/tracetools_trace:/home/aralab/ros2_foxy/install/tracetools_read:/home/aralab/ros2_foxy/install/test_launch_ros:/home/aralab/ros2_foxy/install/sensor_msgs_py:/home/aralab/ros2_foxy/install/rpyutils:/home/aralab/ros2_foxy/install/rosidl_runtime_py:/home/aralab/ros2_foxy/install/launch_yaml:/home/aralab/ros2_foxy/install/launch_xml:/home/aralab/ros2_foxy/install/launch_testing:/home/aralab/ros2_foxy/install/launch:/home/aralab/ros2_foxy/install/osrf_pycommon:/home/aralab/ros2_foxy/install/domain_coordinator:/home/aralab/ros2_foxy/install/ament_xmllint:/home/aralab/ros2_foxy/install/ament_pyflakes:/home/aralab/ros2_foxy/install/ament_pycodestyle:/home/aralab/ros2_foxy/install/ament_pep257:/home/aralab/ros2_foxy/install/ament_pclint:/home/aralab/ros2_foxy/install/ament_package:/home/aralab/ros2_foxy/install/ament_mypy:/home/aralab/ros2_foxy/install/ament_lint_cmake:/home/aralab/ros2_foxy/install/ament_flake8:/home/aralab/ros2_foxy/install/ament_copyright:/home/aralab/ros2_foxy/install/ament_lint:/home/aralab/ros2_foxy/install/ament_index_python:/home/aralab/ros2_foxy/install/ament_cpplint:/home/aralab/ros2_foxy/install/ament_cppcheck:/home/aralab/ros2_foxy/install/ament_clang_tidy:/home/aralab/ros2_foxy/install/ament_clang_format /usr/bin/cmake --install /home/aralab/ASBIR-ROS2/build/rclpy_message_converter_msgs
[1.518s] Level 1:colcon.colcon_core.environment:checking '/home/aralab/ASBIR-ROS2/install/rclpy_message_converter_msgs' for CMake module files
[1.519s] Level 1:colcon.colcon_core.environment:checking '/home/aralab/ASBIR-ROS2/install/rclpy_message_converter_msgs' for CMake config files
[1.519s] Level 1:colcon.colcon_core.shell:create_environment_hook('rclpy_message_converter_msgs', 'cmake_prefix_path')
[1.522s] INFO:colcon.colcon_core.shell:Creating environment hook '/home/aralab/ASBIR-ROS2/install/rclpy_message_converter_msgs/share/rclpy_message_converter_msgs/hook/cmake_prefix_path.ps1'
[1.523s] INFO:colcon.colcon_core.shell:Creating environment descriptor '/home/aralab/ASBIR-ROS2/install/rclpy_message_converter_msgs/share/rclpy_message_converter_msgs/hook/cmake_prefix_path.dsv'
[1.523s] INFO:colcon.colcon_core.shell:Creating environment hook '/home/aralab/ASBIR-ROS2/install/rclpy_message_converter_msgs/share/rclpy_message_converter_msgs/hook/cmake_prefix_path.sh'
[1.524s] Level 1:colcon.colcon_core.environment:checking '/home/aralab/ASBIR-ROS2/install/rclpy_message_converter_msgs/lib'
[1.524s] Level 1:colcon.colcon_core.shell:create_environment_hook('rclpy_message_converter_msgs', 'ld_library_path_lib')
[1.528s] INFO:colcon.colcon_core.shell:Creating environment hook '/home/aralab/ASBIR-ROS2/install/rclpy_message_converter_msgs/share/rclpy_message_converter_msgs/hook/ld_library_path_lib.ps1'
[1.529s] INFO:colcon.colcon_core.shell:Creating environment descriptor '/home/aralab/ASBIR-ROS2/install/rclpy_message_converter_msgs/share/rclpy_message_converter_msgs/hook/ld_library_path_lib.dsv'
[1.529s] INFO:colcon.colcon_core.shell:Creating environment hook '/home/aralab/ASBIR-ROS2/install/rclpy_message_converter_msgs/share/rclpy_message_converter_msgs/hook/ld_library_path_lib.sh'
[1.529s] Level 1:colcon.colcon_core.environment:checking '/home/aralab/ASBIR-ROS2/install/rclpy_message_converter_msgs/bin'
[1.530s] Level 1:colcon.colcon_core.environment:checking '/home/aralab/ASBIR-ROS2/install/rclpy_message_converter_msgs/lib/pkgconfig/rclpy_message_converter_msgs.pc'
[1.535s] Level 1:colcon.colcon_core.environment:checking '/home/aralab/ASBIR-ROS2/install/rclpy_message_converter_msgs/lib/python3.8/site-packages'
[1.535s] Level 1:colcon.colcon_core.shell:create_environment_hook('rclpy_message_converter_msgs', 'pythonpath')
[1.540s] INFO:colcon.colcon_core.shell:Creating environment hook '/home/aralab/ASBIR-ROS2/install/rclpy_message_converter_msgs/share/rclpy_message_converter_msgs/hook/pythonpath.ps1'
[1.541s] INFO:colcon.colcon_core.shell:Creating environment descriptor '/home/aralab/ASBIR-ROS2/install/rclpy_message_converter_msgs/share/rclpy_message_converter_msgs/hook/pythonpath.dsv'
[1.541s] INFO:colcon.colcon_core.shell:Creating environment hook '/home/aralab/ASBIR-ROS2/install/rclpy_message_converter_msgs/share/rclpy_message_converter_msgs/hook/pythonpath.sh'
[1.541s] Level 1:colcon.colcon_core.environment:checking '/home/aralab/ASBIR-ROS2/install/rclpy_message_converter_msgs/bin'
[1.544s] INFO:colcon.colcon_core.shell:Creating package script '/home/aralab/ASBIR-ROS2/install/rclpy_message_converter_msgs/share/rclpy_message_converter_msgs/package.ps1'
[1.545s] INFO:colcon.colcon_core.shell:Creating package descriptor '/home/aralab/ASBIR-ROS2/install/rclpy_message_converter_msgs/share/rclpy_message_converter_msgs/package.dsv'
[1.546s] INFO:colcon.colcon_core.shell:Creating package script '/home/aralab/ASBIR-ROS2/install/rclpy_message_converter_msgs/share/rclpy_message_converter_msgs/package.sh'
[1.546s] INFO:colcon.colcon_core.shell:Creating package script '/home/aralab/ASBIR-ROS2/install/rclpy_message_converter_msgs/share/rclpy_message_converter_msgs/package.bash'
[1.547s] INFO:colcon.colcon_core.shell:Creating package script '/home/aralab/ASBIR-ROS2/install/rclpy_message_converter_msgs/share/rclpy_message_converter_msgs/package.zsh'
[1.547s] Level 1:colcon.colcon_core.environment:create_file_with_runtime_dependencies(/home/aralab/ASBIR-ROS2/install/rclpy_message_converter_msgs/share/colcon-core/packages/rclpy_message_converter_msgs)
[1.954s] Level 1:colcon.colcon_core.environment:create_environment_scripts_only(rclpy_message_converter_msgs)
[1.958s] Level 1:colcon.colcon_core.environment:checking '/home/aralab/ASBIR-ROS2/install/rclpy_message_converter_msgs' for CMake module files
[1.959s] Level 1:colcon.colcon_core.environment:checking '/home/aralab/ASBIR-ROS2/install/rclpy_message_converter_msgs' for CMake config files
[1.959s] Level 1:colcon.colcon_core.shell:create_environment_hook('rclpy_message_converter_msgs', 'cmake_prefix_path')
[1.962s] INFO:colcon.colcon_core.shell:Creating environment hook '/home/aralab/ASBIR-ROS2/install/rclpy_message_converter_msgs/share/rclpy_message_converter_msgs/hook/cmake_prefix_path.ps1'
[1.963s] INFO:colcon.colcon_core.shell:Creating environment descriptor '/home/aralab/ASBIR-ROS2/install/rclpy_message_converter_msgs/share/rclpy_message_converter_msgs/hook/cmake_prefix_path.dsv'
[1.963s] INFO:colcon.colcon_core.shell:Creating environment hook '/home/aralab/ASBIR-ROS2/install/rclpy_message_converter_msgs/share/rclpy_message_converter_msgs/hook/cmake_prefix_path.sh'
[1.964s] Level 1:colcon.colcon_core.environment:checking '/home/aralab/ASBIR-ROS2/install/rclpy_message_converter_msgs/lib'
[1.964s] Level 1:colcon.colcon_core.shell:create_environment_hook('rclpy_message_converter_msgs', 'ld_library_path_lib')
[1.967s] INFO:colcon.colcon_core.shell:Creating environment hook '/home/aralab/ASBIR-ROS2/install/rclpy_message_converter_msgs/share/rclpy_message_converter_msgs/hook/ld_library_path_lib.ps1'
[1.967s] INFO:colcon.colcon_core.shell:Creating environment descriptor '/home/aralab/ASBIR-ROS2/install/rclpy_message_converter_msgs/share/rclpy_message_converter_msgs/hook/ld_library_path_lib.dsv'
[1.968s] INFO:colcon.colcon_core.shell:Creating environment hook '/home/aralab/ASBIR-ROS2/install/rclpy_message_converter_msgs/share/rclpy_message_converter_msgs/hook/ld_library_path_lib.sh'
[1.968s] Level 1:colcon.colcon_core.environment:checking '/home/aralab/ASBIR-ROS2/install/rclpy_message_converter_msgs/bin'
[1.968s] Level 1:colcon.colcon_core.environment:checking '/home/aralab/ASBIR-ROS2/install/rclpy_message_converter_msgs/lib/pkgconfig/rclpy_message_converter_msgs.pc'
[1.968s] Level 1:colcon.colcon_core.environment:checking '/home/aralab/ASBIR-ROS2/install/rclpy_message_converter_msgs/lib/python3.8/site-packages'
[1.968s] Level 1:colcon.colcon_core.shell:create_environment_hook('rclpy_message_converter_msgs', 'pythonpath')
[1.972s] INFO:colcon.colcon_core.shell:Creating environment hook '/home/aralab/ASBIR-ROS2/install/rclpy_message_converter_msgs/share/rclpy_message_converter_msgs/hook/pythonpath.ps1'
[1.972s] INFO:colcon.colcon_core.shell:Creating environment descriptor '/home/aralab/ASBIR-ROS2/install/rclpy_message_converter_msgs/share/rclpy_message_converter_msgs/hook/pythonpath.dsv'
[1.972s] INFO:colcon.colcon_core.shell:Creating environment hook '/home/aralab/ASBIR-ROS2/install/rclpy_message_converter_msgs/share/rclpy_message_converter_msgs/hook/pythonpath.sh'
[1.973s] Level 1:colcon.colcon_core.environment:checking '/home/aralab/ASBIR-ROS2/install/rclpy_message_converter_msgs/bin'
[1.976s] INFO:colcon.colcon_core.shell:Creating package script '/home/aralab/ASBIR-ROS2/install/rclpy_message_converter_msgs/share/rclpy_message_converter_msgs/package.ps1'
[1.976s] INFO:colcon.colcon_core.shell:Creating package descriptor '/home/aralab/ASBIR-ROS2/install/rclpy_message_converter_msgs/share/rclpy_message_converter_msgs/package.dsv'
[1.977s] INFO:colcon.colcon_core.shell:Creating package script '/home/aralab/ASBIR-ROS2/install/rclpy_message_converter_msgs/share/rclpy_message_converter_msgs/package.sh'
[1.977s] INFO:colcon.colcon_core.shell:Creating package script '/home/aralab/ASBIR-ROS2/install/rclpy_message_converter_msgs/share/rclpy_message_converter_msgs/package.bash'
[1.978s] INFO:colcon.colcon_core.shell:Creating package script '/home/aralab/ASBIR-ROS2/install/rclpy_message_converter_msgs/share/rclpy_message_converter_msgs/package.zsh'
[1.978s] Level 1:colcon.colcon_core.environment:create_file_with_runtime_dependencies(/home/aralab/ASBIR-ROS2/install/rclpy_message_converter_msgs/share/colcon-core/packages/rclpy_message_converter_msgs)
[1.979s] INFO:colcon.colcon_ros.task.ament_python.build:Building ROS package in '/home/aralab/ASBIR-ROS2/src/rospy_message_converter/rclpy_message_converter' with build type 'ament_python'
[1.979s] Level 1:colcon.colcon_core.shell:create_environment_hook('rclpy_message_converter', 'ament_prefix_path')
[1.983s] INFO:colcon.colcon_core.shell:Creating environment hook '/home/aralab/ASBIR-ROS2/install/rclpy_message_converter/share/rclpy_message_converter/hook/ament_prefix_path.ps1'
[1.984s] INFO:colcon.colcon_core.shell:Creating environment descriptor '/home/aralab/ASBIR-ROS2/install/rclpy_message_converter/share/rclpy_message_converter/hook/ament_prefix_path.dsv'
[1.984s] INFO:colcon.colcon_core.shell:Creating environment hook '/home/aralab/ASBIR-ROS2/install/rclpy_message_converter/share/rclpy_message_converter/hook/ament_prefix_path.sh'
[1.988s] INFO:colcon.colcon_core.shell:Skip shell extension 'powershell' for command environment: Not usable outside of PowerShell
[1.988s] DEBUG:colcon.colcon_core.shell:Skip shell extension 'dsv' for command environment
[2.429s] INFO:colcon.colcon_core.task.python.build:Building Python package in '/home/aralab/ASBIR-ROS2/src/rospy_message_converter/rclpy_message_converter'
[2.433s] INFO:colcon.colcon_core.shell:Skip shell extension 'powershell' for command environment: Not usable outside of PowerShell
[2.433s] DEBUG:colcon.colcon_core.shell:Skip shell extension 'dsv' for command environment
[3.166s] DEBUG:colcon.colcon_core.event_handler.log_command:Invoking command in '/home/aralab/ASBIR-ROS2/src/rospy_message_converter/rclpy_message_converter': PYTHONPATH=/home/aralab/ASBIR-ROS2/build/rclpy_message_converter/prefix_override:/home/aralab/ASBIR-ROS2/install/rclpy_message_converter/lib/python3.8/site-packages:${PYTHONPATH} /usr/bin/python3 setup.py egg_info --egg-base ../../../build/rclpy_message_converter build --build-base /home/aralab/ASBIR-ROS2/build/rclpy_message_converter/build install --record /home/aralab/ASBIR-ROS2/build/rclpy_message_converter/install.log --single-version-externally-managed
[3.685s] Level 1:colcon.colcon_core.environment:checking '/home/aralab/ASBIR-ROS2/install/rclpy_message_converter' for CMake module files
[3.685s] DEBUG:colcon.colcon_core.event_handler.log_command:Invoked command in '/home/aralab/ASBIR-ROS2/src/rospy_message_converter/rclpy_message_converter' returned '0': PYTHONPATH=/home/aralab/ASBIR-ROS2/build/rclpy_message_converter/prefix_override:/home/aralab/ASBIR-ROS2/install/rclpy_message_converter/lib/python3.8/site-packages:${PYTHONPATH} /usr/bin/python3 setup.py egg_info --egg-base ../../../build/rclpy_message_converter build --build-base /home/aralab/ASBIR-ROS2/build/rclpy_message_converter/build install --record /home/aralab/ASBIR-ROS2/build/rclpy_message_converter/install.log --single-version-externally-managed
[3.686s] Level 1:colcon.colcon_core.environment:checking '/home/aralab/ASBIR-ROS2/install/rclpy_message_converter' for CMake config files
[3.686s] Level 1:colcon.colcon_core.environment:checking '/home/aralab/ASBIR-ROS2/install/rclpy_message_converter/lib'
[3.686s] Level 1:colcon.colcon_core.environment:checking '/home/aralab/ASBIR-ROS2/install/rclpy_message_converter/bin'
[3.686s] Level 1:colcon.colcon_core.environment:checking '/home/aralab/ASBIR-ROS2/install/rclpy_message_converter/lib/pkgconfig/rclpy_message_converter.pc'
[3.687s] Level 1:colcon.colcon_core.environment:checking '/home/aralab/ASBIR-ROS2/install/rclpy_message_converter/lib/python3.8/site-packages'
[3.687s] Level 1:colcon.colcon_core.shell:create_environment_hook('rclpy_message_converter', 'pythonpath')
[3.690s] INFO:colcon.colcon_core.shell:Creating environment hook '/home/aralab/ASBIR-ROS2/install/rclpy_message_converter/share/rclpy_message_converter/hook/pythonpath.ps1'
[3.690s] INFO:colcon.colcon_core.shell:Creating environment descriptor '/home/aralab/ASBIR-ROS2/install/rclpy_message_converter/share/rclpy_message_converter/hook/pythonpath.dsv'
[3.691s] INFO:colcon.colcon_core.shell:Creating environment hook '/home/aralab/ASBIR-ROS2/install/rclpy_message_converter/share/rclpy_message_converter/hook/pythonpath.sh'
[3.691s] Level 1:colcon.colcon_core.environment:checking '/home/aralab/ASBIR-ROS2/install/rclpy_message_converter/bin'
[3.691s] Level 1:colcon.colcon_core.environment:create_environment_scripts_only(rclpy_message_converter)
[3.694s] INFO:colcon.colcon_core.shell:Creating package script '/home/aralab/ASBIR-ROS2/install/rclpy_message_converter/share/rclpy_message_converter/package.ps1'
[3.695s] INFO:colcon.colcon_core.shell:Creating package descriptor '/home/aralab/ASBIR-ROS2/install/rclpy_message_converter/share/rclpy_message_converter/package.dsv'
[3.695s] INFO:colcon.colcon_core.shell:Creating package script '/home/aralab/ASBIR-ROS2/install/rclpy_message_converter/share/rclpy_message_converter/package.sh'
[3.695s] INFO:colcon.colcon_core.shell:Creating package script '/home/aralab/ASBIR-ROS2/install/rclpy_message_converter/share/rclpy_message_converter/package.bash'
[3.696s] INFO:colcon.colcon_core.shell:Creating package script '/home/aralab/ASBIR-ROS2/install/rclpy_message_converter/share/rclpy_message_converter/package.zsh'
[3.696s] Level 1:colcon.colcon_core.environment:create_file_with_runtime_dependencies(/home/aralab/ASBIR-ROS2/install/rclpy_message_converter/share/colcon-core/packages/rclpy_message_converter)
[4.058s] DEBUG:colcon.colcon_core.event_handler.log_command:Invoked command in '/home/aralab/ASBIR-ROS2/build/asbir_navigation' returned '2': CMAKE_PREFIX_PATH=${CMAKE_PREFIX_PATH}:/home/aralab/ASBIR-ROS2/install/rclpy_message_converter:/home/aralab/ros2_foxy/install/ros2bag:/home/aralab/ros2_foxy/install/tracetools_launch:/home/aralab/ros2_foxy/install/topic_monitor:/home/aralab/ros2_foxy/install/examples_tf2_py:/home/aralab/ros2_foxy/install/sros2:/home/aralab/ros2_foxy/install/rqt_topic:/home/aralab/ros2_foxy/install/rqt_top:/home/aralab/ros2_foxy/install/rqt_srv:/home/aralab/ros2_foxy/install/rqt_shell:/home/aralab/ros2_foxy/install/rqt_service_caller:/home/aralab/ros2_foxy/install/rqt_reconfigure:/home/aralab/ros2_foxy/install/rqt_py_console:/home/aralab/ros2_foxy/install/rqt_publisher:/home/aralab/ros2_foxy/install/rqt_plot:/home/aralab/ros2_foxy/install/rqt_action:/home/aralab/ros2_foxy/install/rqt_msg:/home/aralab/ros2_foxy/install/rqt_console:/home/aralab/ros2_foxy/install/rqt:/home/aralab/ros2_foxy/install/rqt_graph:/home/aralab/ros2_foxy/install/rqt_gui_py:/home/aralab/ros2_foxy/install/rqt_gui:/home/aralab/ros2_foxy/install/ros2trace:/home/aralab/ros2_foxy/install/ros2topic:/home/aralab/ros2_foxy/install/ros2test:/home/aralab/ros2_foxy/install/ros2component:/home/aralab/ros2_foxy/install/ros2param:/home/aralab/ros2_foxy/install/ros2lifecycle:/home/aralab/ros2_foxy/install/ros2service:/home/aralab/ros2_foxy/install/ros2run:/home/aralab/ros2_foxy/install/ros2launch:/home/aralab/ros2_foxy/install/ros2pkg:/home/aralab/ros2_foxy/install/ros2node:/home/aralab/ros2_foxy/install/ros2multicast:/home/aralab/ros2_foxy/install/ros2interface:/home/aralab/ros2_foxy/install/ros2doctor:/home/aralab/ros2_foxy/install/ros2action:/home/aralab/ros2_foxy/install/ros2cli:/home/aralab/ros2_foxy/install/quality_of_service_demo_py:/home/aralab/ros2_foxy/install/launch_testing_ros:/home/aralab/ros2_foxy/install/launch_ros:/home/aralab/ros2_foxy/install/examples_rclpy_minimal_subscriber:/home/aralab/ros2_foxy/install/examples_rclpy_minimal_service:/home/aralab/ros2_foxy/install/examples_rclpy_minimal_publisher:/home/aralab/ros2_foxy/install/examples_rclpy_minimal_client:/home/aralab/ros2_foxy/install/examples_rclpy_minimal_action_server:/home/aralab/ros2_foxy/install/examples_rclpy_minimal_action_client:/home/aralab/ros2_foxy/install/examples_rclpy_executors:/home/aralab/ros2_foxy/install/demo_nodes_py:/home/aralab/ros2_foxy/install/action_tutorials_py:/home/aralab/ros2_foxy/install/ament_uncrustify:/home/aralab/ros2_foxy/install/tracetools_trace:/home/aralab/ros2_foxy/install/tracetools_read:/home/aralab/ros2_foxy/install/test_launch_ros:/home/aralab/ros2_foxy/install/sensor_msgs_py:/home/aralab/ros2_foxy/install/rpyutils:/home/aralab/ros2_foxy/install/rosidl_runtime_py:/home/aralab/ros2_foxy/install/launch_yaml:/home/aralab/ros2_foxy/install/launch_xml:/home/aralab/ros2_foxy/install/launch_testing:/home/aralab/ros2_foxy/install/launch:/home/aralab/ros2_foxy/install/osrf_pycommon:/home/aralab/ros2_foxy/install/domain_coordinator:/home/aralab/ros2_foxy/install/ament_xmllint:/home/aralab/ros2_foxy/install/ament_pyflakes:/home/aralab/ros2_foxy/install/ament_pycodestyle:/home/aralab/ros2_foxy/install/ament_pep257:/home/aralab/ros2_foxy/install/ament_pclint:/home/aralab/ros2_foxy/install/ament_package:/home/aralab/ros2_foxy/install/ament_mypy:/home/aralab/ros2_foxy/install/ament_lint_cmake:/home/aralab/ros2_foxy/install/ament_flake8:/home/aralab/ros2_foxy/install/ament_copyright:/home/aralab/ros2_foxy/install/ament_lint:/home/aralab/ros2_foxy/install/ament_index_python:/home/aralab/ros2_foxy/install/ament_cpplint:/home/aralab/ros2_foxy/install/ament_cppcheck:/home/aralab/ros2_foxy/install/ament_clang_tidy:/home/aralab/ros2_foxy/install/ament_clang_format /usr/bin/cmake --build /home/aralab/ASBIR-ROS2/build/asbir_navigation -- -j12 -l12
[4.137s] Level 1:colcon.colcon_core.environment:create_environment_scripts_only(asbir_navigation)
[4.142s] Level 1:colcon.colcon_core.environment:checking '/home/aralab/ASBIR-ROS2/install/asbir_navigation' for CMake module files
[4.142s] Level 1:colcon.colcon_core.environment:checking '/home/aralab/ASBIR-ROS2/install/asbir_navigation' for CMake config files
[4.143s] Level 1:colcon.colcon_core.shell:create_environment_hook('asbir_navigation', 'cmake_prefix_path')
[4.146s] INFO:colcon.colcon_core.shell:Creating environment hook '/home/aralab/ASBIR-ROS2/install/asbir_navigation/share/asbir_navigation/hook/cmake_prefix_path.ps1'
[4.146s] INFO:colcon.colcon_core.shell:Creating environment descriptor '/home/aralab/ASBIR-ROS2/install/asbir_navigation/share/asbir_navigation/hook/cmake_prefix_path.dsv'
[4.147s] INFO:colcon.colcon_core.shell:Creating environment hook '/home/aralab/ASBIR-ROS2/install/asbir_navigation/share/asbir_navigation/hook/cmake_prefix_path.sh'
[4.147s] Level 1:colcon.colcon_core.environment:checking '/home/aralab/ASBIR-ROS2/install/asbir_navigation/lib'
[4.147s] Level 1:colcon.colcon_core.environment:checking '/home/aralab/ASBIR-ROS2/install/asbir_navigation/bin'
[4.147s] Level 1:colcon.colcon_core.environment:checking '/home/aralab/ASBIR-ROS2/install/asbir_navigation/lib/pkgconfig/asbir_navigation.pc'
[4.148s] Level 1:colcon.colcon_core.environment:checking '/home/aralab/ASBIR-ROS2/install/asbir_navigation/lib/python3.8/site-packages'
[4.148s] Level 1:colcon.colcon_core.shell:create_environment_hook('asbir_navigation', 'pythonpath')
[4.151s] INFO:colcon.colcon_core.shell:Creating environment hook '/home/aralab/ASBIR-ROS2/install/asbir_navigation/share/asbir_navigation/hook/pythonpath.ps1'
[4.151s] INFO:colcon.colcon_core.shell:Creating environment descriptor '/home/aralab/ASBIR-ROS2/install/asbir_navigation/share/asbir_navigation/hook/pythonpath.dsv'
[4.151s] INFO:colcon.colcon_core.shell:Creating environment hook '/home/aralab/ASBIR-ROS2/install/asbir_navigation/share/asbir_navigation/hook/pythonpath.sh'
[4.152s] Level 1:colcon.colcon_core.environment:checking '/home/aralab/ASBIR-ROS2/install/asbir_navigation/bin'
[4.155s] INFO:colcon.colcon_core.shell:Creating package script '/home/aralab/ASBIR-ROS2/install/asbir_navigation/share/asbir_navigation/package.ps1'
[4.156s] INFO:colcon.colcon_core.shell:Creating package descriptor '/home/aralab/ASBIR-ROS2/install/asbir_navigation/share/asbir_navigation/package.dsv'
[4.156s] INFO:colcon.colcon_core.shell:Creating package script '/home/aralab/ASBIR-ROS2/install/asbir_navigation/share/asbir_navigation/package.sh'
[4.156s] INFO:colcon.colcon_core.shell:Creating package script '/home/aralab/ASBIR-ROS2/install/asbir_navigation/share/asbir_navigation/package.bash'
[4.157s] INFO:colcon.colcon_core.shell:Creating package script '/home/aralab/ASBIR-ROS2/install/asbir_navigation/share/asbir_navigation/package.zsh'
[4.157s] Level 1:colcon.colcon_core.environment:create_file_with_runtime_dependencies(/home/aralab/ASBIR-ROS2/install/asbir_navigation/share/colcon-core/packages/asbir_navigation)
[4.168s] DEBUG:colcon.colcon_parallel_executor.executor.parallel:closing loop
[4.168s] DEBUG:colcon.colcon_parallel_executor.executor.parallel:loop closed
[4.168s] DEBUG:colcon.colcon_parallel_executor.executor.parallel:run_until_complete finished with '2'
[4.168s] DEBUG:colcon.colcon_core.event_reactor:joining thread
[4.176s] INFO:colcon.colcon_core.plugin_system:Skipping extension 'colcon_notification.desktop_notification.terminal_notifier': Not used on non-Darwin systems
[4.176s] INFO:colcon.colcon_core.plugin_system:Skipping extension 'colcon_notification.desktop_notification.win32': Not used on non-Windows systems
[4.176s] INFO:colcon.colcon_notification.desktop_notification:Sending desktop notification using 'notify2'
[4.187s] DEBUG:colcon.colcon_core.event_reactor:joined thread
[4.191s] INFO:colcon.colcon_core.shell:Creating prefix script '/home/aralab/ASBIR-ROS2/install/local_setup.ps1'
[4.191s] INFO:colcon.colcon_core.shell:Creating prefix util module '/home/aralab/ASBIR-ROS2/install/_local_setup_util_ps1.py'
[4.192s] INFO:colcon.colcon_core.shell:Creating prefix chain script '/home/aralab/ASBIR-ROS2/install/setup.ps1'
[4.204s] INFO:colcon.colcon_core.shell:Creating prefix script '/home/aralab/ASBIR-ROS2/install/local_setup.sh'
[4.205s] INFO:colcon.colcon_core.shell:Creating prefix util module '/home/aralab/ASBIR-ROS2/install/_local_setup_util_sh.py'
[4.205s] INFO:colcon.colcon_core.shell:Creating prefix chain script '/home/aralab/ASBIR-ROS2/install/setup.sh'
[4.217s] INFO:colcon.colcon_core.shell:Creating prefix script '/home/aralab/ASBIR-ROS2/install/local_setup.bash'
[4.217s] INFO:colcon.colcon_core.shell:Creating prefix chain script '/home/aralab/ASBIR-ROS2/install/setup.bash'
[4.229s] INFO:colcon.colcon_core.shell:Creating prefix script '/home/aralab/ASBIR-ROS2/install/local_setup.zsh'
[4.230s] INFO:colcon.colcon_core.shell:Creating prefix chain script '/home/aralab/ASBIR-ROS2/install/setup.zsh'
