[6.378s] Invoking command in '/home/asbir/ASBIR-ROS2/src/asbir_xavier_gpio': PYTHONPATH=/home/asbir/ASBIR-ROS2/build/asbir_xavier_gpio/prefix_override:/home/asbir/ASBIR-ROS2/install/asbir_xavier_gpio/lib/python3.8/site-packages:${PYTHONPATH} /usr/bin/python3 setup.py egg_info --egg-base ../../build/asbir_xavier_gpio build --build-base /home/asbir/ASBIR-ROS2/build/asbir_xavier_gpio/build install --record /home/asbir/ASBIR-ROS2/build/asbir_xavier_gpio/install.log --install-scripts $base/lib/asbir_xavier_gpio --single-version-externally-managed
[8.453s] running egg_info
[8.456s] writing ../../build/asbir_xavier_gpio/asbir_xavier_gpio.egg-info/PKG-INFO
[8.458s] writing dependency_links to ../../build/asbir_xavier_gpio/asbir_xavier_gpio.egg-info/dependency_links.txt
[8.460s] writing entry points to ../../build/asbir_xavier_gpio/asbir_xavier_gpio.egg-info/entry_points.txt
[8.466s] writing requirements to ../../build/asbir_xavier_gpio/asbir_xavier_gpio.egg-info/requires.txt
[8.466s] writing top-level names to ../../build/asbir_xavier_gpio/asbir_xavier_gpio.egg-info/top_level.txt
[8.691s] reading manifest file '../../build/asbir_xavier_gpio/asbir_xavier_gpio.egg-info/SOURCES.txt'
[8.695s] writing manifest file '../../build/asbir_xavier_gpio/asbir_xavier_gpio.egg-info/SOURCES.txt'
[8.696s] running build
[8.696s] running build_py
[8.698s] copying asbir_xavier_gpio/gpioListener.py -> /home/asbir/ASBIR-ROS2/build/asbir_xavier_gpio/build/lib/asbir_xavier_gpio
[8.701s] running install
[8.714s] running install_lib
[8.719s] copying /home/asbir/ASBIR-ROS2/build/asbir_xavier_gpio/build/lib/asbir_xavier_gpio/gpioListener.py -> /home/asbir/ASBIR-ROS2/install/asbir_xavier_gpio/lib/python3.8/site-packages/asbir_xavier_gpio
[8.729s] byte-compiling /home/asbir/ASBIR-ROS2/install/asbir_xavier_gpio/lib/python3.8/site-packages/asbir_xavier_gpio/gpioListener.py to gpioListener.cpython-38.pyc
[8.738s] running install_data
[8.741s] running install_egg_info
[8.756s] removing '/home/asbir/ASBIR-ROS2/install/asbir_xavier_gpio/lib/python3.8/site-packages/asbir_xavier_gpio-0.0.0-py3.8.egg-info' (and everything under it)
[8.758s] Copying ../../build/asbir_xavier_gpio/asbir_xavier_gpio.egg-info to /home/asbir/ASBIR-ROS2/install/asbir_xavier_gpio/lib/python3.8/site-packages/asbir_xavier_gpio-0.0.0-py3.8.egg-info
[8.767s] running install_scripts
[8.908s] Installing xavierGPIO script to /home/asbir/ASBIR-ROS2/install/asbir_xavier_gpio/lib/asbir_xavier_gpio
[8.909s] writing list of installed files to '/home/asbir/ASBIR-ROS2/build/asbir_xavier_gpio/install.log'
[9.028s] Invoked command in '/home/asbir/ASBIR-ROS2/src/asbir_xavier_gpio' returned '0': PYTHONPATH=/home/asbir/ASBIR-ROS2/build/asbir_xavier_gpio/prefix_override:/home/asbir/ASBIR-ROS2/install/asbir_xavier_gpio/lib/python3.8/site-packages:${PYTHONPATH} /usr/bin/python3 setup.py egg_info --egg-base ../../build/asbir_xavier_gpio build --build-base /home/asbir/ASBIR-ROS2/build/asbir_xavier_gpio/build install --record /home/asbir/ASBIR-ROS2/build/asbir_xavier_gpio/install.log --install-scripts $base/lib/asbir_xavier_gpio --single-version-externally-managed
