[2.548s] Invoking command in '/home/aralab/ASBIR-ROS2/src/asbir_status': PYTHONPATH=/home/aralab/ASBIR-ROS2/build/asbir_status/prefix_override:/home/aralab/ASBIR-ROS2/install/asbir_status/lib/python3.8/site-packages:${PYTHONPATH} /usr/bin/python3 setup.py egg_info --egg-base ../../build/asbir_status build --build-base /home/aralab/ASBIR-ROS2/build/asbir_status/build install --record /home/aralab/ASBIR-ROS2/build/asbir_status/install.log --install-scripts $base/lib/asbir_status --single-version-externally-managed
[2.887s] running egg_info
[2.888s] writing ../../build/asbir_status/asbir_status.egg-info/PKG-INFO
[2.888s] writing dependency_links to ../../build/asbir_status/asbir_status.egg-info/dependency_links.txt
[2.888s] writing entry points to ../../build/asbir_status/asbir_status.egg-info/entry_points.txt
[2.888s] writing requirements to ../../build/asbir_status/asbir_status.egg-info/requires.txt
[2.889s] writing top-level names to ../../build/asbir_status/asbir_status.egg-info/top_level.txt
[2.939s] reading manifest file '../../build/asbir_status/asbir_status.egg-info/SOURCES.txt'
[2.940s] writing manifest file '../../build/asbir_status/asbir_status.egg-info/SOURCES.txt'
[2.941s] running build
[2.941s] running build_py
[2.941s] running install
[2.943s] running install_lib
[2.945s] running install_data
[2.945s] running install_egg_info
[2.948s] removing '/home/aralab/ASBIR-ROS2/install/asbir_status/lib/python3.8/site-packages/asbir_status-0.0.0-py3.8.egg-info' (and everything under it)
[2.949s] Copying ../../build/asbir_status/asbir_status.egg-info to /home/aralab/ASBIR-ROS2/install/asbir_status/lib/python3.8/site-packages/asbir_status-0.0.0-py3.8.egg-info
[2.950s] running install_scripts
[2.969s] Installing nodeController script to /home/aralab/ASBIR-ROS2/install/asbir_status/lib/asbir_status
[2.969s] Installing statusListener script to /home/aralab/ASBIR-ROS2/install/asbir_status/lib/asbir_status
[2.969s] writing list of installed files to '/home/aralab/ASBIR-ROS2/build/asbir_status/install.log'
[3.003s] Invoked command in '/home/aralab/ASBIR-ROS2/src/asbir_status' returned '0': PYTHONPATH=/home/aralab/ASBIR-ROS2/build/asbir_status/prefix_override:/home/aralab/ASBIR-ROS2/install/asbir_status/lib/python3.8/site-packages:${PYTHONPATH} /usr/bin/python3 setup.py egg_info --egg-base ../../build/asbir_status build --build-base /home/aralab/ASBIR-ROS2/build/asbir_status/build install --record /home/aralab/ASBIR-ROS2/build/asbir_status/install.log --install-scripts $base/lib/asbir_status --single-version-externally-managed
