[0.160s] Invoking command in '/home/aralab/ASBIR-ROS2/build/image_transport': CMAKE_PREFIX_PATH=${CMAKE_PREFIX_PATH}:/home/aralab/ASBIR-ROS2/install/realsense2_description:/home/aralab/ASBIR-ROS2/install/rclpy_message_converter:/home/aralab/ros2_foxy/install/ros2bag:/home/aralab/ros2_foxy/install/tracetools_launch:/home/aralab/ros2_foxy/install/topic_monitor:/home/aralab/ros2_foxy/install/examples_tf2_py:/home/aralab/ros2_foxy/install/sros2:/home/aralab/ros2_foxy/install/rqt_topic:/home/aralab/ros2_foxy/install/rqt_top:/home/aralab/ros2_foxy/install/rqt_srv:/home/aralab/ros2_foxy/install/rqt_shell:/home/aralab/ros2_foxy/install/rqt_service_caller:/home/aralab/ros2_foxy/install/rqt_reconfigure:/home/aralab/ros2_foxy/install/rqt_py_console:/home/aralab/ros2_foxy/install/rqt_publisher:/home/aralab/ros2_foxy/install/rqt_plot:/home/aralab/ros2_foxy/install/rqt_action:/home/aralab/ros2_foxy/install/rqt_msg:/home/aralab/ros2_foxy/install/rqt_console:/home/aralab/ros2_foxy/install/rqt:/home/aralab/ros2_foxy/install/rqt_graph:/home/aralab/ros2_foxy/install/rqt_gui_py:/home/aralab/ros2_foxy/install/rqt_gui:/home/aralab/ros2_foxy/install/ros2trace:/home/aralab/ros2_foxy/install/ros2topic:/home/aralab/ros2_foxy/install/ros2test:/home/aralab/ros2_foxy/install/ros2component:/home/aralab/ros2_foxy/install/ros2param:/home/aralab/ros2_foxy/install/ros2lifecycle:/home/aralab/ros2_foxy/install/ros2service:/home/aralab/ros2_foxy/install/ros2run:/home/aralab/ros2_foxy/install/ros2launch:/home/aralab/ros2_foxy/install/ros2pkg:/home/aralab/ros2_foxy/install/ros2node:/home/aralab/ros2_foxy/install/ros2multicast:/home/aralab/ros2_foxy/install/ros2interface:/home/aralab/ros2_foxy/install/ros2doctor:/home/aralab/ros2_foxy/install/ros2action:/home/aralab/ros2_foxy/install/ros2cli:/home/aralab/ros2_foxy/install/quality_of_service_demo_py:/home/aralab/ros2_foxy/install/launch_testing_ros:/home/aralab/ros2_foxy/install/launch_ros:/home/aralab/ros2_foxy/install/examples_rclpy_minimal_subscriber:/home/aralab/ros2_foxy/install/examples_rclpy_minimal_service:/home/aralab/ros2_foxy/install/examples_rclpy_minimal_publisher:/home/aralab/ros2_foxy/install/examples_rclpy_minimal_client:/home/aralab/ros2_foxy/install/examples_rclpy_minimal_action_server:/home/aralab/ros2_foxy/install/examples_rclpy_minimal_action_client:/home/aralab/ros2_foxy/install/examples_rclpy_executors:/home/aralab/ros2_foxy/install/demo_nodes_py:/home/aralab/ros2_foxy/install/action_tutorials_py:/home/aralab/ros2_foxy/install/ament_uncrustify:/home/aralab/ros2_foxy/install/tracetools_trace:/home/aralab/ros2_foxy/install/tracetools_read:/home/aralab/ros2_foxy/install/test_launch_ros:/home/aralab/ros2_foxy/install/sensor_msgs_py:/home/aralab/ros2_foxy/install/rpyutils:/home/aralab/ros2_foxy/install/rosidl_runtime_py:/home/aralab/ros2_foxy/install/launch_yaml:/home/aralab/ros2_foxy/install/launch_xml:/home/aralab/ros2_foxy/install/launch_testing:/home/aralab/ros2_foxy/install/launch:/home/aralab/ros2_foxy/install/osrf_pycommon:/home/aralab/ros2_foxy/install/domain_coordinator:/home/aralab/ros2_foxy/install/ament_xmllint:/home/aralab/ros2_foxy/install/ament_pyflakes:/home/aralab/ros2_foxy/install/ament_pycodestyle:/home/aralab/ros2_foxy/install/ament_pep257:/home/aralab/ros2_foxy/install/ament_pclint:/home/aralab/ros2_foxy/install/ament_package:/home/aralab/ros2_foxy/install/ament_mypy:/home/aralab/ros2_foxy/install/ament_lint_cmake:/home/aralab/ros2_foxy/install/ament_flake8:/home/aralab/ros2_foxy/install/ament_copyright:/home/aralab/ros2_foxy/install/ament_lint:/home/aralab/ros2_foxy/install/ament_index_python:/home/aralab/ros2_foxy/install/ament_cpplint:/home/aralab/ros2_foxy/install/ament_cppcheck:/home/aralab/ros2_foxy/install/ament_clang_tidy:/home/aralab/ros2_foxy/install/ament_clang_format /usr/bin/cmake /home/aralab/ASBIR-ROS2/src/image_common/image_transport -DCMAKE_INSTALL_PREFIX=/home/aralab/ASBIR-ROS2/install/image_transport
[0.204s] -- Found ament_cmake_ros: 0.9.2 (/home/aralab/ros2_foxy/install/ament_cmake_ros/share/ament_cmake_ros/cmake)
[0.651s] -- Found PythonInterp: /usr/bin/python3 (found suitable version "3.8.10", minimum required is "3") 
[0.651s] -- Using PYTHON_EXECUTABLE: /usr/bin/python3
[1.392s] -- Found message_filters: 3.2.5 (/home/aralab/ros2_foxy/install/message_filters/share/message_filters/cmake)
[1.402s] -- Found pluginlib: 2.5.4 (/home/aralab/ros2_foxy/install/pluginlib/share/pluginlib/cmake)
[1.557s] -- Found rclcpp: 2.4.2 (/home/aralab/ros2_foxy/install/rclcpp/share/rclcpp/cmake)
[1.755s] -- Using all available rosidl_typesupport_c: rosidl_typesupport_introspection_c;rosidl_typesupport_fastrtps_c
[1.770s] -- Found rosidl_adapter: 1.3.0 (/home/aralab/ros2_foxy/install/rosidl_adapter/share/rosidl_adapter/cmake)
[2.107s] -- Found OpenSSL: /usr/lib/x86_64-linux-gnu/libcrypto.so (found version "1.1.1f")  
[2.187s] -- Found FastRTPS: /home/aralab/ros2_foxy/install/fastrtps/include  
[2.384s] -- Using all available rosidl_typesupport_cpp: rosidl_typesupport_introspection_cpp;rosidl_typesupport_fastrtps_cpp
[2.548s] -- Found rmw_implementation_cmake: 1.0.3 (/home/aralab/ros2_foxy/install/rmw_implementation_cmake/share/rmw_implementation_cmake/cmake)
[2.580s] -- Using RMW implementation 'rmw_fastrtps_cpp' as default
[2.580s] -- Looking for pthread.h
[2.709s] -- Looking for pthread.h - found
[2.710s] -- Performing Test CMAKE_HAVE_LIBC_PTHREAD
[2.837s] -- Performing Test CMAKE_HAVE_LIBC_PTHREAD - Failed
[2.838s] -- Looking for pthread_create in pthreads
[2.949s] -- Looking for pthread_create in pthreads - not found
[2.949s] -- Looking for pthread_create in pthread
[3.064s] -- Looking for pthread_create in pthread - found
[3.065s] -- Found Threads: TRUE  
[3.295s] -- Found sensor_msgs: 2.0.5 (/home/aralab/ros2_foxy/install/sensor_msgs/share/sensor_msgs/cmake)
[3.484s] -- Found gtest sources under '/home/aralab/ros2_foxy/install/gtest_vendor/src/gtest_vendor': C++ tests using 'Google Test' will be built
[3.487s] -- Check if compiler accepts -pthread
[3.609s] -- Check if compiler accepts -pthread - yes
[3.867s] -- Configuring done
[3.971s] -- Generating done
[3.974s] -- Build files have been written to: /home/aralab/ASBIR-ROS2/build/image_transport
[3.983s] Invoked command in '/home/aralab/ASBIR-ROS2/build/image_transport' returned '0': CMAKE_PREFIX_PATH=${CMAKE_PREFIX_PATH}:/home/aralab/ASBIR-ROS2/install/realsense2_description:/home/aralab/ASBIR-ROS2/install/rclpy_message_converter:/home/aralab/ros2_foxy/install/ros2bag:/home/aralab/ros2_foxy/install/tracetools_launch:/home/aralab/ros2_foxy/install/topic_monitor:/home/aralab/ros2_foxy/install/examples_tf2_py:/home/aralab/ros2_foxy/install/sros2:/home/aralab/ros2_foxy/install/rqt_topic:/home/aralab/ros2_foxy/install/rqt_top:/home/aralab/ros2_foxy/install/rqt_srv:/home/aralab/ros2_foxy/install/rqt_shell:/home/aralab/ros2_foxy/install/rqt_service_caller:/home/aralab/ros2_foxy/install/rqt_reconfigure:/home/aralab/ros2_foxy/install/rqt_py_console:/home/aralab/ros2_foxy/install/rqt_publisher:/home/aralab/ros2_foxy/install/rqt_plot:/home/aralab/ros2_foxy/install/rqt_action:/home/aralab/ros2_foxy/install/rqt_msg:/home/aralab/ros2_foxy/install/rqt_console:/home/aralab/ros2_foxy/install/rqt:/home/aralab/ros2_foxy/install/rqt_graph:/home/aralab/ros2_foxy/install/rqt_gui_py:/home/aralab/ros2_foxy/install/rqt_gui:/home/aralab/ros2_foxy/install/ros2trace:/home/aralab/ros2_foxy/install/ros2topic:/home/aralab/ros2_foxy/install/ros2test:/home/aralab/ros2_foxy/install/ros2component:/home/aralab/ros2_foxy/install/ros2param:/home/aralab/ros2_foxy/install/ros2lifecycle:/home/aralab/ros2_foxy/install/ros2service:/home/aralab/ros2_foxy/install/ros2run:/home/aralab/ros2_foxy/install/ros2launch:/home/aralab/ros2_foxy/install/ros2pkg:/home/aralab/ros2_foxy/install/ros2node:/home/aralab/ros2_foxy/install/ros2multicast:/home/aralab/ros2_foxy/install/ros2interface:/home/aralab/ros2_foxy/install/ros2doctor:/home/aralab/ros2_foxy/install/ros2action:/home/aralab/ros2_foxy/install/ros2cli:/home/aralab/ros2_foxy/install/quality_of_service_demo_py:/home/aralab/ros2_foxy/install/launch_testing_ros:/home/aralab/ros2_foxy/install/launch_ros:/home/aralab/ros2_foxy/install/examples_rclpy_minimal_subscriber:/home/aralab/ros2_foxy/install/examples_rclpy_minimal_service:/home/aralab/ros2_foxy/install/examples_rclpy_minimal_publisher:/home/aralab/ros2_foxy/install/examples_rclpy_minimal_client:/home/aralab/ros2_foxy/install/examples_rclpy_minimal_action_server:/home/aralab/ros2_foxy/install/examples_rclpy_minimal_action_client:/home/aralab/ros2_foxy/install/examples_rclpy_executors:/home/aralab/ros2_foxy/install/demo_nodes_py:/home/aralab/ros2_foxy/install/action_tutorials_py:/home/aralab/ros2_foxy/install/ament_uncrustify:/home/aralab/ros2_foxy/install/tracetools_trace:/home/aralab/ros2_foxy/install/tracetools_read:/home/aralab/ros2_foxy/install/test_launch_ros:/home/aralab/ros2_foxy/install/sensor_msgs_py:/home/aralab/ros2_foxy/install/rpyutils:/home/aralab/ros2_foxy/install/rosidl_runtime_py:/home/aralab/ros2_foxy/install/launch_yaml:/home/aralab/ros2_foxy/install/launch_xml:/home/aralab/ros2_foxy/install/launch_testing:/home/aralab/ros2_foxy/install/launch:/home/aralab/ros2_foxy/install/osrf_pycommon:/home/aralab/ros2_foxy/install/domain_coordinator:/home/aralab/ros2_foxy/install/ament_xmllint:/home/aralab/ros2_foxy/install/ament_pyflakes:/home/aralab/ros2_foxy/install/ament_pycodestyle:/home/aralab/ros2_foxy/install/ament_pep257:/home/aralab/ros2_foxy/install/ament_pclint:/home/aralab/ros2_foxy/install/ament_package:/home/aralab/ros2_foxy/install/ament_mypy:/home/aralab/ros2_foxy/install/ament_lint_cmake:/home/aralab/ros2_foxy/install/ament_flake8:/home/aralab/ros2_foxy/install/ament_copyright:/home/aralab/ros2_foxy/install/ament_lint:/home/aralab/ros2_foxy/install/ament_index_python:/home/aralab/ros2_foxy/install/ament_cpplint:/home/aralab/ros2_foxy/install/ament_cppcheck:/home/aralab/ros2_foxy/install/ament_clang_tidy:/home/aralab/ros2_foxy/install/ament_clang_format /usr/bin/cmake /home/aralab/ASBIR-ROS2/src/image_common/image_transport -DCMAKE_INSTALL_PREFIX=/home/aralab/ASBIR-ROS2/install/image_transport
[3.987s] Invoking command in '/home/aralab/ASBIR-ROS2/build/image_transport': CMAKE_PREFIX_PATH=${CMAKE_PREFIX_PATH}:/home/aralab/ASBIR-ROS2/install/realsense2_description:/home/aralab/ASBIR-ROS2/install/rclpy_message_converter:/home/aralab/ros2_foxy/install/ros2bag:/home/aralab/ros2_foxy/install/tracetools_launch:/home/aralab/ros2_foxy/install/topic_monitor:/home/aralab/ros2_foxy/install/examples_tf2_py:/home/aralab/ros2_foxy/install/sros2:/home/aralab/ros2_foxy/install/rqt_topic:/home/aralab/ros2_foxy/install/rqt_top:/home/aralab/ros2_foxy/install/rqt_srv:/home/aralab/ros2_foxy/install/rqt_shell:/home/aralab/ros2_foxy/install/rqt_service_caller:/home/aralab/ros2_foxy/install/rqt_reconfigure:/home/aralab/ros2_foxy/install/rqt_py_console:/home/aralab/ros2_foxy/install/rqt_publisher:/home/aralab/ros2_foxy/install/rqt_plot:/home/aralab/ros2_foxy/install/rqt_action:/home/aralab/ros2_foxy/install/rqt_msg:/home/aralab/ros2_foxy/install/rqt_console:/home/aralab/ros2_foxy/install/rqt:/home/aralab/ros2_foxy/install/rqt_graph:/home/aralab/ros2_foxy/install/rqt_gui_py:/home/aralab/ros2_foxy/install/rqt_gui:/home/aralab/ros2_foxy/install/ros2trace:/home/aralab/ros2_foxy/install/ros2topic:/home/aralab/ros2_foxy/install/ros2test:/home/aralab/ros2_foxy/install/ros2component:/home/aralab/ros2_foxy/install/ros2param:/home/aralab/ros2_foxy/install/ros2lifecycle:/home/aralab/ros2_foxy/install/ros2service:/home/aralab/ros2_foxy/install/ros2run:/home/aralab/ros2_foxy/install/ros2launch:/home/aralab/ros2_foxy/install/ros2pkg:/home/aralab/ros2_foxy/install/ros2node:/home/aralab/ros2_foxy/install/ros2multicast:/home/aralab/ros2_foxy/install/ros2interface:/home/aralab/ros2_foxy/install/ros2doctor:/home/aralab/ros2_foxy/install/ros2action:/home/aralab/ros2_foxy/install/ros2cli:/home/aralab/ros2_foxy/install/quality_of_service_demo_py:/home/aralab/ros2_foxy/install/launch_testing_ros:/home/aralab/ros2_foxy/install/launch_ros:/home/aralab/ros2_foxy/install/examples_rclpy_minimal_subscriber:/home/aralab/ros2_foxy/install/examples_rclpy_minimal_service:/home/aralab/ros2_foxy/install/examples_rclpy_minimal_publisher:/home/aralab/ros2_foxy/install/examples_rclpy_minimal_client:/home/aralab/ros2_foxy/install/examples_rclpy_minimal_action_server:/home/aralab/ros2_foxy/install/examples_rclpy_minimal_action_client:/home/aralab/ros2_foxy/install/examples_rclpy_executors:/home/aralab/ros2_foxy/install/demo_nodes_py:/home/aralab/ros2_foxy/install/action_tutorials_py:/home/aralab/ros2_foxy/install/ament_uncrustify:/home/aralab/ros2_foxy/install/tracetools_trace:/home/aralab/ros2_foxy/install/tracetools_read:/home/aralab/ros2_foxy/install/test_launch_ros:/home/aralab/ros2_foxy/install/sensor_msgs_py:/home/aralab/ros2_foxy/install/rpyutils:/home/aralab/ros2_foxy/install/rosidl_runtime_py:/home/aralab/ros2_foxy/install/launch_yaml:/home/aralab/ros2_foxy/install/launch_xml:/home/aralab/ros2_foxy/install/launch_testing:/home/aralab/ros2_foxy/install/launch:/home/aralab/ros2_foxy/install/osrf_pycommon:/home/aralab/ros2_foxy/install/domain_coordinator:/home/aralab/ros2_foxy/install/ament_xmllint:/home/aralab/ros2_foxy/install/ament_pyflakes:/home/aralab/ros2_foxy/install/ament_pycodestyle:/home/aralab/ros2_foxy/install/ament_pep257:/home/aralab/ros2_foxy/install/ament_pclint:/home/aralab/ros2_foxy/install/ament_package:/home/aralab/ros2_foxy/install/ament_mypy:/home/aralab/ros2_foxy/install/ament_lint_cmake:/home/aralab/ros2_foxy/install/ament_flake8:/home/aralab/ros2_foxy/install/ament_copyright:/home/aralab/ros2_foxy/install/ament_lint:/home/aralab/ros2_foxy/install/ament_index_python:/home/aralab/ros2_foxy/install/ament_cpplint:/home/aralab/ros2_foxy/install/ament_cppcheck:/home/aralab/ros2_foxy/install/ament_clang_tidy:/home/aralab/ros2_foxy/install/ament_clang_format /usr/bin/cmake --build /home/aralab/ASBIR-ROS2/build/image_transport -- -j12 -l12
[4.074s] [35m[1mScanning dependencies of target gtest[0m
[4.074s] [35m[1mScanning dependencies of target gtest_main[0m
[4.074s] [35m[1mScanning dependencies of target image_transport[0m
[4.107s] [  3%] [32mBuilding CXX object gtest/CMakeFiles/gtest_main.dir/src/gtest_main.cc.o[0m
[4.115s] [  6%] [32mBuilding CXX object gtest/CMakeFiles/gtest.dir/src/gtest-all.cc.o[0m
[4.252s] [ 10%] [32mBuilding CXX object CMakeFiles/image_transport.dir/src/camera_common.cpp.o[0m
[4.257s] [ 13%] [32mBuilding CXX object CMakeFiles/image_transport.dir/src/publisher.cpp.o[0m
[4.267s] [ 16%] [32mBuilding CXX object CMakeFiles/image_transport.dir/src/subscriber.cpp.o[0m
[4.275s] [ 20%] [32mBuilding CXX object CMakeFiles/image_transport.dir/src/single_subscriber_publisher.cpp.o[0m
[4.293s] [ 23%] [32mBuilding CXX object CMakeFiles/image_transport.dir/src/camera_publisher.cpp.o[0m
[4.299s] [ 26%] [32mBuilding CXX object CMakeFiles/image_transport.dir/src/camera_subscriber.cpp.o[0m
[4.314s] [ 30%] [32mBuilding CXX object CMakeFiles/image_transport.dir/src/image_transport.cpp.o[0m
[5.322s] [ 33%] [32m[1mLinking CXX static library libgtest_main.a[0m
[5.545s] [ 33%] Built target gtest_main
[8.463s] [ 36%] [32m[1mLinking CXX static library libgtest.a[0m
[8.571s] [ 36%] Built target gtest
[11.387s] [ 40%] [32m[1mLinking CXX shared library libimage_transport.so[0m
[11.965s] [ 40%] Built target image_transport
[11.993s] [35m[1mScanning dependencies of target image_transport-single_subscriber_publisher[0m
[11.993s] [35m[1mScanning dependencies of target image_transport-message_passing[0m
[11.998s] [35m[1mScanning dependencies of target image_transport-subscriber[0m
[11.999s] [35m[1mScanning dependencies of target list_transports[0m
[11.999s] [35m[1mScanning dependencies of target image_transport-remapping[0m
[11.999s] [35m[1mScanning dependencies of target image_transport-camera_common[0m
[12.000s] [35m[1mScanning dependencies of target image_transport_plugins[0m
[12.000s] [35m[1mScanning dependencies of target republish[0m
[12.001s] [35m[1mScanning dependencies of target image_transport-publisher[0m
[12.052s] [ 43%] [32mBuilding CXX object CMakeFiles/image_transport-camera_common.dir/test/test_camera_common.cpp.o[0m
[12.078s] [ 46%] [32mBuilding CXX object CMakeFiles/image_transport-single_subscriber_publisher.dir/test/test_single_subscriber_publisher.cpp.o[0m
[12.087s] [ 50%] [32mBuilding CXX object CMakeFiles/image_transport-message_passing.dir/test/test_message_passing.cpp.o[0m
[12.088s] [ 53%] [32mBuilding CXX object CMakeFiles/list_transports.dir/src/list_transports.cpp.o[0m
[12.089s] [ 56%] [32mBuilding CXX object CMakeFiles/image_transport_plugins.dir/src/manifest.cpp.o[0m
[12.110s] [ 60%] [32mBuilding CXX object CMakeFiles/image_transport-remapping.dir/test/test_remapping.cpp.o[0m
[12.115s] [ 66%] [32mBuilding CXX object CMakeFiles/republish.dir/src/republish.cpp.o[0m
[12.115s] [ 66%] [32mBuilding CXX object CMakeFiles/image_transport-publisher.dir/test/test_publisher.cpp.o[0m
[12.119s] [ 70%] [32mBuilding CXX object CMakeFiles/image_transport-subscriber.dir/test/test_subscriber.cpp.o[0m
[13.274s] [ 73%] [32m[1mLinking CXX executable image_transport-camera_common[0m
[13.826s] [ 73%] Built target image_transport-camera_common
[14.800s] [ 76%] [32m[1mLinking CXX executable image_transport-remapping[0m
[14.866s] [ 80%] [32m[1mLinking CXX executable image_transport-message_passing[0m
[15.074s] [ 83%] [32m[1mLinking CXX executable image_transport-subscriber[0m
[15.290s] [ 86%] [32m[1mLinking CXX executable image_transport-single_subscriber_publisher[0m
[15.681s] [ 86%] Built target image_transport-remapping
[15.718s] [ 90%] [32m[1mLinking CXX executable image_transport-publisher[0m
[15.806s] [ 90%] Built target image_transport-message_passing
[16.028s] [ 90%] Built target image_transport-subscriber
[16.234s] [ 90%] Built target image_transport-single_subscriber_publisher
[16.422s] [ 90%] Built target image_transport-publisher
[17.469s] [ 93%] [32m[1mLinking CXX executable list_transports[0m
[17.784s] [ 93%] Built target list_transports
[17.806s] [ 96%] [32m[1mLinking CXX executable republish[0m
[17.829s] [100%] [32m[1mLinking CXX shared library libimage_transport_plugins.so[0m
[18.465s] [100%] Built target republish
[18.466s] [100%] Built target image_transport_plugins
[18.486s] Invoked command in '/home/aralab/ASBIR-ROS2/build/image_transport' returned '0': CMAKE_PREFIX_PATH=${CMAKE_PREFIX_PATH}:/home/aralab/ASBIR-ROS2/install/realsense2_description:/home/aralab/ASBIR-ROS2/install/rclpy_message_converter:/home/aralab/ros2_foxy/install/ros2bag:/home/aralab/ros2_foxy/install/tracetools_launch:/home/aralab/ros2_foxy/install/topic_monitor:/home/aralab/ros2_foxy/install/examples_tf2_py:/home/aralab/ros2_foxy/install/sros2:/home/aralab/ros2_foxy/install/rqt_topic:/home/aralab/ros2_foxy/install/rqt_top:/home/aralab/ros2_foxy/install/rqt_srv:/home/aralab/ros2_foxy/install/rqt_shell:/home/aralab/ros2_foxy/install/rqt_service_caller:/home/aralab/ros2_foxy/install/rqt_reconfigure:/home/aralab/ros2_foxy/install/rqt_py_console:/home/aralab/ros2_foxy/install/rqt_publisher:/home/aralab/ros2_foxy/install/rqt_plot:/home/aralab/ros2_foxy/install/rqt_action:/home/aralab/ros2_foxy/install/rqt_msg:/home/aralab/ros2_foxy/install/rqt_console:/home/aralab/ros2_foxy/install/rqt:/home/aralab/ros2_foxy/install/rqt_graph:/home/aralab/ros2_foxy/install/rqt_gui_py:/home/aralab/ros2_foxy/install/rqt_gui:/home/aralab/ros2_foxy/install/ros2trace:/home/aralab/ros2_foxy/install/ros2topic:/home/aralab/ros2_foxy/install/ros2test:/home/aralab/ros2_foxy/install/ros2component:/home/aralab/ros2_foxy/install/ros2param:/home/aralab/ros2_foxy/install/ros2lifecycle:/home/aralab/ros2_foxy/install/ros2service:/home/aralab/ros2_foxy/install/ros2run:/home/aralab/ros2_foxy/install/ros2launch:/home/aralab/ros2_foxy/install/ros2pkg:/home/aralab/ros2_foxy/install/ros2node:/home/aralab/ros2_foxy/install/ros2multicast:/home/aralab/ros2_foxy/install/ros2interface:/home/aralab/ros2_foxy/install/ros2doctor:/home/aralab/ros2_foxy/install/ros2action:/home/aralab/ros2_foxy/install/ros2cli:/home/aralab/ros2_foxy/install/quality_of_service_demo_py:/home/aralab/ros2_foxy/install/launch_testing_ros:/home/aralab/ros2_foxy/install/launch_ros:/home/aralab/ros2_foxy/install/examples_rclpy_minimal_subscriber:/home/aralab/ros2_foxy/install/examples_rclpy_minimal_service:/home/aralab/ros2_foxy/install/examples_rclpy_minimal_publisher:/home/aralab/ros2_foxy/install/examples_rclpy_minimal_client:/home/aralab/ros2_foxy/install/examples_rclpy_minimal_action_server:/home/aralab/ros2_foxy/install/examples_rclpy_minimal_action_client:/home/aralab/ros2_foxy/install/examples_rclpy_executors:/home/aralab/ros2_foxy/install/demo_nodes_py:/home/aralab/ros2_foxy/install/action_tutorials_py:/home/aralab/ros2_foxy/install/ament_uncrustify:/home/aralab/ros2_foxy/install/tracetools_trace:/home/aralab/ros2_foxy/install/tracetools_read:/home/aralab/ros2_foxy/install/test_launch_ros:/home/aralab/ros2_foxy/install/sensor_msgs_py:/home/aralab/ros2_foxy/install/rpyutils:/home/aralab/ros2_foxy/install/rosidl_runtime_py:/home/aralab/ros2_foxy/install/launch_yaml:/home/aralab/ros2_foxy/install/launch_xml:/home/aralab/ros2_foxy/install/launch_testing:/home/aralab/ros2_foxy/install/launch:/home/aralab/ros2_foxy/install/osrf_pycommon:/home/aralab/ros2_foxy/install/domain_coordinator:/home/aralab/ros2_foxy/install/ament_xmllint:/home/aralab/ros2_foxy/install/ament_pyflakes:/home/aralab/ros2_foxy/install/ament_pycodestyle:/home/aralab/ros2_foxy/install/ament_pep257:/home/aralab/ros2_foxy/install/ament_pclint:/home/aralab/ros2_foxy/install/ament_package:/home/aralab/ros2_foxy/install/ament_mypy:/home/aralab/ros2_foxy/install/ament_lint_cmake:/home/aralab/ros2_foxy/install/ament_flake8:/home/aralab/ros2_foxy/install/ament_copyright:/home/aralab/ros2_foxy/install/ament_lint:/home/aralab/ros2_foxy/install/ament_index_python:/home/aralab/ros2_foxy/install/ament_cpplint:/home/aralab/ros2_foxy/install/ament_cppcheck:/home/aralab/ros2_foxy/install/ament_clang_tidy:/home/aralab/ros2_foxy/install/ament_clang_format /usr/bin/cmake --build /home/aralab/ASBIR-ROS2/build/image_transport -- -j12 -l12
[18.697s] Invoking command in '/home/aralab/ASBIR-ROS2/build/image_transport': CMAKE_PREFIX_PATH=${CMAKE_PREFIX_PATH}:/home/aralab/ASBIR-ROS2/install/realsense2_description:/home/aralab/ASBIR-ROS2/install/rclpy_message_converter:/home/aralab/ros2_foxy/install/ros2bag:/home/aralab/ros2_foxy/install/tracetools_launch:/home/aralab/ros2_foxy/install/topic_monitor:/home/aralab/ros2_foxy/install/examples_tf2_py:/home/aralab/ros2_foxy/install/sros2:/home/aralab/ros2_foxy/install/rqt_topic:/home/aralab/ros2_foxy/install/rqt_top:/home/aralab/ros2_foxy/install/rqt_srv:/home/aralab/ros2_foxy/install/rqt_shell:/home/aralab/ros2_foxy/install/rqt_service_caller:/home/aralab/ros2_foxy/install/rqt_reconfigure:/home/aralab/ros2_foxy/install/rqt_py_console:/home/aralab/ros2_foxy/install/rqt_publisher:/home/aralab/ros2_foxy/install/rqt_plot:/home/aralab/ros2_foxy/install/rqt_action:/home/aralab/ros2_foxy/install/rqt_msg:/home/aralab/ros2_foxy/install/rqt_console:/home/aralab/ros2_foxy/install/rqt:/home/aralab/ros2_foxy/install/rqt_graph:/home/aralab/ros2_foxy/install/rqt_gui_py:/home/aralab/ros2_foxy/install/rqt_gui:/home/aralab/ros2_foxy/install/ros2trace:/home/aralab/ros2_foxy/install/ros2topic:/home/aralab/ros2_foxy/install/ros2test:/home/aralab/ros2_foxy/install/ros2component:/home/aralab/ros2_foxy/install/ros2param:/home/aralab/ros2_foxy/install/ros2lifecycle:/home/aralab/ros2_foxy/install/ros2service:/home/aralab/ros2_foxy/install/ros2run:/home/aralab/ros2_foxy/install/ros2launch:/home/aralab/ros2_foxy/install/ros2pkg:/home/aralab/ros2_foxy/install/ros2node:/home/aralab/ros2_foxy/install/ros2multicast:/home/aralab/ros2_foxy/install/ros2interface:/home/aralab/ros2_foxy/install/ros2doctor:/home/aralab/ros2_foxy/install/ros2action:/home/aralab/ros2_foxy/install/ros2cli:/home/aralab/ros2_foxy/install/quality_of_service_demo_py:/home/aralab/ros2_foxy/install/launch_testing_ros:/home/aralab/ros2_foxy/install/launch_ros:/home/aralab/ros2_foxy/install/examples_rclpy_minimal_subscriber:/home/aralab/ros2_foxy/install/examples_rclpy_minimal_service:/home/aralab/ros2_foxy/install/examples_rclpy_minimal_publisher:/home/aralab/ros2_foxy/install/examples_rclpy_minimal_client:/home/aralab/ros2_foxy/install/examples_rclpy_minimal_action_server:/home/aralab/ros2_foxy/install/examples_rclpy_minimal_action_client:/home/aralab/ros2_foxy/install/examples_rclpy_executors:/home/aralab/ros2_foxy/install/demo_nodes_py:/home/aralab/ros2_foxy/install/action_tutorials_py:/home/aralab/ros2_foxy/install/ament_uncrustify:/home/aralab/ros2_foxy/install/tracetools_trace:/home/aralab/ros2_foxy/install/tracetools_read:/home/aralab/ros2_foxy/install/test_launch_ros:/home/aralab/ros2_foxy/install/sensor_msgs_py:/home/aralab/ros2_foxy/install/rpyutils:/home/aralab/ros2_foxy/install/rosidl_runtime_py:/home/aralab/ros2_foxy/install/launch_yaml:/home/aralab/ros2_foxy/install/launch_xml:/home/aralab/ros2_foxy/install/launch_testing:/home/aralab/ros2_foxy/install/launch:/home/aralab/ros2_foxy/install/osrf_pycommon:/home/aralab/ros2_foxy/install/domain_coordinator:/home/aralab/ros2_foxy/install/ament_xmllint:/home/aralab/ros2_foxy/install/ament_pyflakes:/home/aralab/ros2_foxy/install/ament_pycodestyle:/home/aralab/ros2_foxy/install/ament_pep257:/home/aralab/ros2_foxy/install/ament_pclint:/home/aralab/ros2_foxy/install/ament_package:/home/aralab/ros2_foxy/install/ament_mypy:/home/aralab/ros2_foxy/install/ament_lint_cmake:/home/aralab/ros2_foxy/install/ament_flake8:/home/aralab/ros2_foxy/install/ament_copyright:/home/aralab/ros2_foxy/install/ament_lint:/home/aralab/ros2_foxy/install/ament_index_python:/home/aralab/ros2_foxy/install/ament_cpplint:/home/aralab/ros2_foxy/install/ament_cppcheck:/home/aralab/ros2_foxy/install/ament_clang_tidy:/home/aralab/ros2_foxy/install/ament_clang_format /usr/bin/cmake --install /home/aralab/ASBIR-ROS2/build/image_transport
[18.713s] -- Install configuration: ""
[18.714s] -- Installing: /home/aralab/ASBIR-ROS2/install/image_transport/share/image_transport/default_plugins.xml
[18.714s] -- Installing: /home/aralab/ASBIR-ROS2/install/image_transport/lib/libimage_transport.so
[18.720s] -- Set runtime path of "/home/aralab/ASBIR-ROS2/install/image_transport/lib/libimage_transport.so" to ""
[18.720s] -- Installing: /home/aralab/ASBIR-ROS2/install/image_transport/lib/libimage_transport_plugins.so
[18.724s] -- Set runtime path of "/home/aralab/ASBIR-ROS2/install/image_transport/lib/libimage_transport_plugins.so" to ""
[18.724s] -- Installing: /home/aralab/ASBIR-ROS2/install/image_transport/lib/image_transport/list_transports
[18.726s] -- Set runtime path of "/home/aralab/ASBIR-ROS2/install/image_transport/lib/image_transport/list_transports" to ""
[18.726s] -- Installing: /home/aralab/ASBIR-ROS2/install/image_transport/lib/image_transport/republish
[18.727s] -- Set runtime path of "/home/aralab/ASBIR-ROS2/install/image_transport/lib/image_transport/republish" to ""
[18.728s] -- Installing: /home/aralab/ASBIR-ROS2/install/image_transport/include
[18.728s] -- Installing: /home/aralab/ASBIR-ROS2/install/image_transport/include/image_transport
[18.728s] -- Installing: /home/aralab/ASBIR-ROS2/install/image_transport/include/image_transport/publisher_plugin.hpp
[18.728s] -- Installing: /home/aralab/ASBIR-ROS2/install/image_transport/include/image_transport/subscriber_filter.h
[18.728s] -- Installing: /home/aralab/ASBIR-ROS2/install/image_transport/include/image_transport/image_transport.h
[18.728s] -- Installing: /home/aralab/ASBIR-ROS2/install/image_transport/include/image_transport/single_subscriber_publisher.hpp
[18.728s] -- Installing: /home/aralab/ASBIR-ROS2/install/image_transport/include/image_transport/single_subscriber_publisher.h
[18.729s] -- Installing: /home/aralab/ASBIR-ROS2/install/image_transport/include/image_transport/subscriber_plugin.h
[18.729s] -- Installing: /home/aralab/ASBIR-ROS2/install/image_transport/include/image_transport/subscriber.hpp
[18.729s] -- Installing: /home/aralab/ASBIR-ROS2/install/image_transport/include/image_transport/raw_subscriber.hpp
[18.729s] -- Installing: /home/aralab/ASBIR-ROS2/install/image_transport/include/image_transport/camera_publisher.h
[18.729s] -- Installing: /home/aralab/ASBIR-ROS2/install/image_transport/include/image_transport/raw_publisher.h
[18.729s] -- Installing: /home/aralab/ASBIR-ROS2/install/image_transport/include/image_transport/exception.h
[18.729s] -- Installing: /home/aralab/ASBIR-ROS2/install/image_transport/include/image_transport/camera_subscriber.h
[18.729s] -- Installing: /home/aralab/ASBIR-ROS2/install/image_transport/include/image_transport/publisher.hpp
[18.730s] -- Installing: /home/aralab/ASBIR-ROS2/install/image_transport/include/image_transport/camera_common.hpp
[18.730s] -- Installing: /home/aralab/ASBIR-ROS2/install/image_transport/include/image_transport/loader_fwds.h
[18.730s] -- Installing: /home/aralab/ASBIR-ROS2/install/image_transport/include/image_transport/publisher_plugin.h
[18.730s] -- Installing: /home/aralab/ASBIR-ROS2/install/image_transport/include/image_transport/subscriber_filter.hpp
[18.730s] -- Installing: /home/aralab/ASBIR-ROS2/install/image_transport/include/image_transport/camera_common.h
[18.730s] -- Installing: /home/aralab/ASBIR-ROS2/install/image_transport/include/image_transport/simple_publisher_plugin.hpp
[18.730s] -- Installing: /home/aralab/ASBIR-ROS2/install/image_transport/include/image_transport/visibility_control.hpp
[18.731s] -- Installing: /home/aralab/ASBIR-ROS2/install/image_transport/include/image_transport/publisher.h
[18.731s] -- Installing: /home/aralab/ASBIR-ROS2/install/image_transport/include/image_transport/camera_publisher.hpp
[18.731s] -- Installing: /home/aralab/ASBIR-ROS2/install/image_transport/include/image_transport/exception.hpp
[18.731s] -- Installing: /home/aralab/ASBIR-ROS2/install/image_transport/include/image_transport/raw_publisher.hpp
[18.731s] -- Installing: /home/aralab/ASBIR-ROS2/install/image_transport/include/image_transport/loader_fwds.hpp
[18.731s] -- Installing: /home/aralab/ASBIR-ROS2/install/image_transport/include/image_transport/simple_subscriber_plugin.h
[18.731s] -- Installing: /home/aralab/ASBIR-ROS2/install/image_transport/include/image_transport/transport_hints.h
[18.731s] -- Installing: /home/aralab/ASBIR-ROS2/install/image_transport/include/image_transport/simple_subscriber_plugin.hpp
[18.731s] -- Installing: /home/aralab/ASBIR-ROS2/install/image_transport/include/image_transport/transport_hints.hpp
[18.732s] -- Installing: /home/aralab/ASBIR-ROS2/install/image_transport/include/image_transport/simple_publisher_plugin.h
[18.732s] -- Installing: /home/aralab/ASBIR-ROS2/install/image_transport/include/image_transport/subscriber_plugin.hpp
[18.732s] -- Installing: /home/aralab/ASBIR-ROS2/install/image_transport/include/image_transport/subscriber.h
[18.732s] -- Installing: /home/aralab/ASBIR-ROS2/install/image_transport/include/image_transport/image_transport.hpp
[18.732s] -- Installing: /home/aralab/ASBIR-ROS2/install/image_transport/include/image_transport/raw_subscriber.h
[18.732s] -- Installing: /home/aralab/ASBIR-ROS2/install/image_transport/include/image_transport/camera_subscriber.hpp
[18.732s] -- Installing: /home/aralab/ASBIR-ROS2/install/image_transport/share/image_transport/environment/library_path.sh
[18.732s] -- Installing: /home/aralab/ASBIR-ROS2/install/image_transport/share/image_transport/environment/library_path.dsv
[18.733s] -- Installing: /home/aralab/ASBIR-ROS2/install/image_transport/share/ament_index/resource_index/package_run_dependencies/image_transport
[18.733s] -- Installing: /home/aralab/ASBIR-ROS2/install/image_transport/share/ament_index/resource_index/parent_prefix_path/image_transport
[18.733s] -- Installing: /home/aralab/ASBIR-ROS2/install/image_transport/share/image_transport/environment/ament_prefix_path.sh
[18.733s] -- Installing: /home/aralab/ASBIR-ROS2/install/image_transport/share/image_transport/environment/ament_prefix_path.dsv
[18.733s] -- Installing: /home/aralab/ASBIR-ROS2/install/image_transport/share/image_transport/environment/path.sh
[18.733s] -- Installing: /home/aralab/ASBIR-ROS2/install/image_transport/share/image_transport/environment/path.dsv
[18.733s] -- Installing: /home/aralab/ASBIR-ROS2/install/image_transport/share/image_transport/local_setup.bash
[18.733s] -- Installing: /home/aralab/ASBIR-ROS2/install/image_transport/share/image_transport/local_setup.sh
[18.733s] -- Installing: /home/aralab/ASBIR-ROS2/install/image_transport/share/image_transport/local_setup.zsh
[18.734s] -- Installing: /home/aralab/ASBIR-ROS2/install/image_transport/share/image_transport/local_setup.dsv
[18.734s] -- Installing: /home/aralab/ASBIR-ROS2/install/image_transport/share/image_transport/package.dsv
[18.734s] -- Installing: /home/aralab/ASBIR-ROS2/install/image_transport/share/ament_index/resource_index/packages/image_transport
[18.734s] -- Installing: /home/aralab/ASBIR-ROS2/install/image_transport/share/ament_index/resource_index/image_transport__pluginlib__plugin/image_transport
[18.734s] -- Installing: /home/aralab/ASBIR-ROS2/install/image_transport/share/image_transport/cmake/ament_cmake_export_include_directories-extras.cmake
[18.734s] -- Installing: /home/aralab/ASBIR-ROS2/install/image_transport/share/image_transport/cmake/ament_cmake_export_libraries-extras.cmake
[18.740s] -- Installing: /home/aralab/ASBIR-ROS2/install/image_transport/share/image_transport/cmake/ament_cmake_export_dependencies-extras.cmake
[18.741s] -- Installing: /home/aralab/ASBIR-ROS2/install/image_transport/share/image_transport/cmake/image_transportConfig.cmake
[18.741s] -- Installing: /home/aralab/ASBIR-ROS2/install/image_transport/share/image_transport/cmake/image_transportConfig-version.cmake
[18.741s] -- Installing: /home/aralab/ASBIR-ROS2/install/image_transport/share/image_transport/package.xml
[18.741s] Invoked command in '/home/aralab/ASBIR-ROS2/build/image_transport' returned '0': CMAKE_PREFIX_PATH=${CMAKE_PREFIX_PATH}:/home/aralab/ASBIR-ROS2/install/realsense2_description:/home/aralab/ASBIR-ROS2/install/rclpy_message_converter:/home/aralab/ros2_foxy/install/ros2bag:/home/aralab/ros2_foxy/install/tracetools_launch:/home/aralab/ros2_foxy/install/topic_monitor:/home/aralab/ros2_foxy/install/examples_tf2_py:/home/aralab/ros2_foxy/install/sros2:/home/aralab/ros2_foxy/install/rqt_topic:/home/aralab/ros2_foxy/install/rqt_top:/home/aralab/ros2_foxy/install/rqt_srv:/home/aralab/ros2_foxy/install/rqt_shell:/home/aralab/ros2_foxy/install/rqt_service_caller:/home/aralab/ros2_foxy/install/rqt_reconfigure:/home/aralab/ros2_foxy/install/rqt_py_console:/home/aralab/ros2_foxy/install/rqt_publisher:/home/aralab/ros2_foxy/install/rqt_plot:/home/aralab/ros2_foxy/install/rqt_action:/home/aralab/ros2_foxy/install/rqt_msg:/home/aralab/ros2_foxy/install/rqt_console:/home/aralab/ros2_foxy/install/rqt:/home/aralab/ros2_foxy/install/rqt_graph:/home/aralab/ros2_foxy/install/rqt_gui_py:/home/aralab/ros2_foxy/install/rqt_gui:/home/aralab/ros2_foxy/install/ros2trace:/home/aralab/ros2_foxy/install/ros2topic:/home/aralab/ros2_foxy/install/ros2test:/home/aralab/ros2_foxy/install/ros2component:/home/aralab/ros2_foxy/install/ros2param:/home/aralab/ros2_foxy/install/ros2lifecycle:/home/aralab/ros2_foxy/install/ros2service:/home/aralab/ros2_foxy/install/ros2run:/home/aralab/ros2_foxy/install/ros2launch:/home/aralab/ros2_foxy/install/ros2pkg:/home/aralab/ros2_foxy/install/ros2node:/home/aralab/ros2_foxy/install/ros2multicast:/home/aralab/ros2_foxy/install/ros2interface:/home/aralab/ros2_foxy/install/ros2doctor:/home/aralab/ros2_foxy/install/ros2action:/home/aralab/ros2_foxy/install/ros2cli:/home/aralab/ros2_foxy/install/quality_of_service_demo_py:/home/aralab/ros2_foxy/install/launch_testing_ros:/home/aralab/ros2_foxy/install/launch_ros:/home/aralab/ros2_foxy/install/examples_rclpy_minimal_subscriber:/home/aralab/ros2_foxy/install/examples_rclpy_minimal_service:/home/aralab/ros2_foxy/install/examples_rclpy_minimal_publisher:/home/aralab/ros2_foxy/install/examples_rclpy_minimal_client:/home/aralab/ros2_foxy/install/examples_rclpy_minimal_action_server:/home/aralab/ros2_foxy/install/examples_rclpy_minimal_action_client:/home/aralab/ros2_foxy/install/examples_rclpy_executors:/home/aralab/ros2_foxy/install/demo_nodes_py:/home/aralab/ros2_foxy/install/action_tutorials_py:/home/aralab/ros2_foxy/install/ament_uncrustify:/home/aralab/ros2_foxy/install/tracetools_trace:/home/aralab/ros2_foxy/install/tracetools_read:/home/aralab/ros2_foxy/install/test_launch_ros:/home/aralab/ros2_foxy/install/sensor_msgs_py:/home/aralab/ros2_foxy/install/rpyutils:/home/aralab/ros2_foxy/install/rosidl_runtime_py:/home/aralab/ros2_foxy/install/launch_yaml:/home/aralab/ros2_foxy/install/launch_xml:/home/aralab/ros2_foxy/install/launch_testing:/home/aralab/ros2_foxy/install/launch:/home/aralab/ros2_foxy/install/osrf_pycommon:/home/aralab/ros2_foxy/install/domain_coordinator:/home/aralab/ros2_foxy/install/ament_xmllint:/home/aralab/ros2_foxy/install/ament_pyflakes:/home/aralab/ros2_foxy/install/ament_pycodestyle:/home/aralab/ros2_foxy/install/ament_pep257:/home/aralab/ros2_foxy/install/ament_pclint:/home/aralab/ros2_foxy/install/ament_package:/home/aralab/ros2_foxy/install/ament_mypy:/home/aralab/ros2_foxy/install/ament_lint_cmake:/home/aralab/ros2_foxy/install/ament_flake8:/home/aralab/ros2_foxy/install/ament_copyright:/home/aralab/ros2_foxy/install/ament_lint:/home/aralab/ros2_foxy/install/ament_index_python:/home/aralab/ros2_foxy/install/ament_cpplint:/home/aralab/ros2_foxy/install/ament_cppcheck:/home/aralab/ros2_foxy/install/ament_clang_tidy:/home/aralab/ros2_foxy/install/ament_clang_format /usr/bin/cmake --install /home/aralab/ASBIR-ROS2/build/image_transport
