[2.799s] Invoking command in '/home/aralab/ASBIR-ROS2/src/asbir_image': PYTHONPATH=/home/aralab/ASBIR-ROS2/build/asbir_image/prefix_override:/home/aralab/ASBIR-ROS2/install/asbir_image/lib/python3.8/site-packages:${PYTHONPATH} /usr/bin/python3 setup.py egg_info --egg-base ../../build/asbir_image build --build-base /home/aralab/ASBIR-ROS2/build/asbir_image/build install --record /home/aralab/ASBIR-ROS2/build/asbir_image/install.log --install-scripts $base/lib/asbir_image --single-version-externally-managed
[3.123s] running egg_info
[3.123s] writing ../../build/asbir_image/asbir_image.egg-info/PKG-INFO
[3.123s] writing dependency_links to ../../build/asbir_image/asbir_image.egg-info/dependency_links.txt
[3.123s] writing entry points to ../../build/asbir_image/asbir_image.egg-info/entry_points.txt
[3.123s] writing requirements to ../../build/asbir_image/asbir_image.egg-info/requires.txt
[3.124s] writing top-level names to ../../build/asbir_image/asbir_image.egg-info/top_level.txt
[3.170s] reading manifest file '../../build/asbir_image/asbir_image.egg-info/SOURCES.txt'
[3.172s] writing manifest file '../../build/asbir_image/asbir_image.egg-info/SOURCES.txt'
[3.172s] running build
[3.172s] running build_py
[3.172s] copying asbir_image/asbirCam_pub.py -> /home/aralab/ASBIR-ROS2/build/asbir_image/build/lib/asbir_image
[3.172s] running install
[3.176s] running install_lib
[3.176s] copying /home/aralab/ASBIR-ROS2/build/asbir_image/build/lib/asbir_image/asbirCam_pub.py -> /home/aralab/ASBIR-ROS2/install/asbir_image/lib/python3.8/site-packages/asbir_image
[3.182s] byte-compiling /home/aralab/ASBIR-ROS2/install/asbir_image/lib/python3.8/site-packages/asbir_image/asbirCam_pub.py to asbirCam_pub.cpython-38.pyc
[3.182s] running install_data
[3.182s] running install_egg_info
[3.185s] removing '/home/aralab/ASBIR-ROS2/install/asbir_image/lib/python3.8/site-packages/asbir_image-0.0.0-py3.8.egg-info' (and everything under it)
[3.185s] Copying ../../build/asbir_image/asbir_image.egg-info to /home/aralab/ASBIR-ROS2/install/asbir_image/lib/python3.8/site-packages/asbir_image-0.0.0-py3.8.egg-info
[3.186s] running install_scripts
[3.216s] Installing CamPub script to /home/aralab/ASBIR-ROS2/install/asbir_image/lib/asbir_image
[3.216s] writing list of installed files to '/home/aralab/ASBIR-ROS2/build/asbir_image/install.log'
[3.254s] Invoked command in '/home/aralab/ASBIR-ROS2/src/asbir_image' returned '0': PYTHONPATH=/home/aralab/ASBIR-ROS2/build/asbir_image/prefix_override:/home/aralab/ASBIR-ROS2/install/asbir_image/lib/python3.8/site-packages:${PYTHONPATH} /usr/bin/python3 setup.py egg_info --egg-base ../../build/asbir_image build --build-base /home/aralab/ASBIR-ROS2/build/asbir_image/build install --record /home/aralab/ASBIR-ROS2/build/asbir_image/install.log --install-scripts $base/lib/asbir_image --single-version-externally-managed
