[1.246s] Invoking command in '/home/aralab/ASBIR/ASBIR-ROS2/src/asbir_rc': PYTHONPATH=/home/aralab/ASBIR/ASBIR-ROS2/build/asbir_rc/prefix_override:/home/aralab/ASBIR/ASBIR-ROS2/install/asbir_rc/lib/python3.8/site-packages: /usr/bin/python3 setup.py egg_info --egg-base ../../build/asbir_rc build --build-base /home/aralab/ASBIR/ASBIR-ROS2/build/asbir_rc/build install --record /home/aralab/ASBIR/ASBIR-ROS2/build/asbir_rc/install.log --install-scripts $base/lib/asbir_rc --single-version-externally-managed
[1.403s] running egg_info
[1.404s] writing ../../build/asbir_rc/asbir_rc.egg-info/PKG-INFO
[1.404s] writing dependency_links to ../../build/asbir_rc/asbir_rc.egg-info/dependency_links.txt
[1.404s] writing entry points to ../../build/asbir_rc/asbir_rc.egg-info/entry_points.txt
[1.404s] writing requirements to ../../build/asbir_rc/asbir_rc.egg-info/requires.txt
[1.404s] writing top-level names to ../../build/asbir_rc/asbir_rc.egg-info/top_level.txt
[1.454s] reading manifest file '../../build/asbir_rc/asbir_rc.egg-info/SOURCES.txt'
[1.455s] writing manifest file '../../build/asbir_rc/asbir_rc.egg-info/SOURCES.txt'
[1.455s] running build
[1.455s] running build_py
[1.455s] running install
[1.458s] running install_lib
[1.458s] running install_data
[1.459s] running install_egg_info
[1.461s] removing '/home/aralab/ASBIR/ASBIR-ROS2/install/asbir_rc/lib/python3.8/site-packages/asbir_rc-0.0.0-py3.8.egg-info' (and everything under it)
[1.461s] Copying ../../build/asbir_rc/asbir_rc.egg-info to /home/aralab/ASBIR/ASBIR-ROS2/install/asbir_rc/lib/python3.8/site-packages/asbir_rc-0.0.0-py3.8.egg-info
[1.464s] running install_scripts
[1.484s] Installing teleopGamepad script to /home/aralab/ASBIR/ASBIR-ROS2/install/asbir_rc/lib/asbir_rc
[1.484s] Installing teleopKeyboard script to /home/aralab/ASBIR/ASBIR-ROS2/install/asbir_rc/lib/asbir_rc
[1.485s] writing list of installed files to '/home/aralab/ASBIR/ASBIR-ROS2/build/asbir_rc/install.log'
[1.508s] Invoked command in '/home/aralab/ASBIR/ASBIR-ROS2/src/asbir_rc' returned '0': PYTHONPATH=/home/aralab/ASBIR/ASBIR-ROS2/build/asbir_rc/prefix_override:/home/aralab/ASBIR/ASBIR-ROS2/install/asbir_rc/lib/python3.8/site-packages: /usr/bin/python3 setup.py egg_info --egg-base ../../build/asbir_rc build --build-base /home/aralab/ASBIR/ASBIR-ROS2/build/asbir_rc/build install --record /home/aralab/ASBIR/ASBIR-ROS2/build/asbir_rc/install.log --install-scripts $base/lib/asbir_rc --single-version-externally-managed
