[10.875s] Invoking command in '/home/asbir/ASBIR-ROS2/src/asbir_rc': PYTHONPATH=/home/asbir/ASBIR-ROS2/build/asbir_rc/prefix_override:/home/asbir/ASBIR-ROS2/install/asbir_rc/lib/python3.8/site-packages:${PYTHONPATH} /usr/bin/python3 setup.py egg_info --egg-base ../../build/asbir_rc build --build-base /home/asbir/ASBIR-ROS2/build/asbir_rc/build install --record /home/asbir/ASBIR-ROS2/build/asbir_rc/install.log --install-scripts $base/lib/asbir_rc --single-version-externally-managed
[13.357s] running egg_info
[13.363s] writing ../../build/asbir_rc/asbir_rc.egg-info/PKG-INFO
[13.366s] writing dependency_links to ../../build/asbir_rc/asbir_rc.egg-info/dependency_links.txt
[13.368s] writing entry points to ../../build/asbir_rc/asbir_rc.egg-info/entry_points.txt
[13.370s] writing requirements to ../../build/asbir_rc/asbir_rc.egg-info/requires.txt
[13.371s] writing top-level names to ../../build/asbir_rc/asbir_rc.egg-info/top_level.txt
[13.599s] reading manifest file '../../build/asbir_rc/asbir_rc.egg-info/SOURCES.txt'
[13.604s] writing manifest file '../../build/asbir_rc/asbir_rc.egg-info/SOURCES.txt'
[13.605s] running build
[13.605s] running build_py
[13.606s] copying asbir_rc/teleopKeyboardXavier.py -> /home/asbir/ASBIR-ROS2/build/asbir_rc/build/lib/asbir_rc
[13.607s] running install
[13.620s] running install_lib
[13.626s] copying /home/asbir/ASBIR-ROS2/build/asbir_rc/build/lib/asbir_rc/teleopKeyboardXavier.py -> /home/asbir/ASBIR-ROS2/install/asbir_rc/lib/python3.8/site-packages/asbir_rc
[13.639s] byte-compiling /home/asbir/ASBIR-ROS2/install/asbir_rc/lib/python3.8/site-packages/asbir_rc/teleopKeyboardXavier.py to teleopKeyboardXavier.cpython-38.pyc
[13.649s] running install_data
[13.676s] running install_egg_info
[13.712s] removing '/home/asbir/ASBIR-ROS2/install/asbir_rc/lib/python3.8/site-packages/asbir_rc-0.0.0-py3.8.egg-info' (and everything under it)
[13.713s] Copying ../../build/asbir_rc/asbir_rc.egg-info to /home/asbir/ASBIR-ROS2/install/asbir_rc/lib/python3.8/site-packages/asbir_rc-0.0.0-py3.8.egg-info
[13.714s] running install_scripts
[13.893s] Installing teleopGamepad script to /home/asbir/ASBIR-ROS2/install/asbir_rc/lib/asbir_rc
[13.896s] Installing teleopKeyboard script to /home/asbir/ASBIR-ROS2/install/asbir_rc/lib/asbir_rc
[13.897s] writing list of installed files to '/home/asbir/ASBIR-ROS2/build/asbir_rc/install.log'
[14.058s] Invoked command in '/home/asbir/ASBIR-ROS2/src/asbir_rc' returned '0': PYTHONPATH=/home/asbir/ASBIR-ROS2/build/asbir_rc/prefix_override:/home/asbir/ASBIR-ROS2/install/asbir_rc/lib/python3.8/site-packages:${PYTHONPATH} /usr/bin/python3 setup.py egg_info --egg-base ../../build/asbir_rc build --build-base /home/asbir/ASBIR-ROS2/build/asbir_rc/build install --record /home/asbir/ASBIR-ROS2/build/asbir_rc/install.log --install-scripts $base/lib/asbir_rc --single-version-externally-managed
