[2.204s] Invoking command in '/home/aralab/ASBIR-ROS2/src/asbir_rc': PYTHONPATH=/home/aralab/ASBIR-ROS2/build/asbir_rc/prefix_override:/home/aralab/ASBIR-ROS2/install/asbir_rc/lib/python3.8/site-packages:${PYTHONPATH} /usr/bin/python3 setup.py egg_info --egg-base ../../build/asbir_rc build --build-base /home/aralab/ASBIR-ROS2/build/asbir_rc/build install --record /home/aralab/ASBIR-ROS2/build/asbir_rc/install.log --install-scripts $base/lib/asbir_rc --single-version-externally-managed
[2.468s] running egg_info
[2.469s] writing ../../build/asbir_rc/asbir_rc.egg-info/PKG-INFO
[2.469s] writing dependency_links to ../../build/asbir_rc/asbir_rc.egg-info/dependency_links.txt
[2.469s] writing entry points to ../../build/asbir_rc/asbir_rc.egg-info/entry_points.txt
[2.469s] writing requirements to ../../build/asbir_rc/asbir_rc.egg-info/requires.txt
[2.469s] writing top-level names to ../../build/asbir_rc/asbir_rc.egg-info/top_level.txt
[2.504s] reading manifest file '../../build/asbir_rc/asbir_rc.egg-info/SOURCES.txt'
[2.505s] writing manifest file '../../build/asbir_rc/asbir_rc.egg-info/SOURCES.txt'
[2.505s] running build
[2.506s] running build_py
[2.506s] running install
[2.507s] running install_lib
[2.508s] running install_data
[2.509s] running install_egg_info
[2.511s] removing '/home/aralab/ASBIR-ROS2/install/asbir_rc/lib/python3.8/site-packages/asbir_rc-0.0.0-py3.8.egg-info' (and everything under it)
[2.511s] Copying ../../build/asbir_rc/asbir_rc.egg-info to /home/aralab/ASBIR-ROS2/install/asbir_rc/lib/python3.8/site-packages/asbir_rc-0.0.0-py3.8.egg-info
[2.512s] running install_scripts
[2.532s] Installing teleopGamepad script to /home/aralab/ASBIR-ROS2/install/asbir_rc/lib/asbir_rc
[2.533s] Installing teleopKeyboard script to /home/aralab/ASBIR-ROS2/install/asbir_rc/lib/asbir_rc
[2.533s] writing list of installed files to '/home/aralab/ASBIR-ROS2/build/asbir_rc/install.log'
[2.604s] Invoked command in '/home/aralab/ASBIR-ROS2/src/asbir_rc' returned '0': PYTHONPATH=/home/aralab/ASBIR-ROS2/build/asbir_rc/prefix_override:/home/aralab/ASBIR-ROS2/install/asbir_rc/lib/python3.8/site-packages:${PYTHONPATH} /usr/bin/python3 setup.py egg_info --egg-base ../../build/asbir_rc build --build-base /home/aralab/ASBIR-ROS2/build/asbir_rc/build install --record /home/aralab/ASBIR-ROS2/build/asbir_rc/install.log --install-scripts $base/lib/asbir_rc --single-version-externally-managed
