[35m[1mScanning dependencies of target transform_point[0m
[ 50%] Built target listener
[ 75%] [32mBuilding CXX object CMakeFiles/transform_point.dir/src/transform_point.cpp.o[0m
[01m[K/home/aralab/ASBIR-ROS2/src/asbir_navigation/src/transform_point.cpp:35:30:[m[K [01;31m[Kerror: [m[K‘[01m[KTransformListener[m[K’ is not a member of ‘[01m[Ktf2[m[K’; did you mean ‘[01m[Ktf2_ros::TransformListener[m[K’?
   35 |         std::shared_ptr<tf2::[01;31m[KTransformListener[m[K> tf_listener{nullptr};
      |                              [01;31m[K^~~~~~~~~~~~~~~~~[m[K
In file included from [01m[K/home/aralab/ASBIR-ROS2/src/asbir_navigation/src/transform_point.cpp:8[m[K:
[01m[K/home/aralab/ros2_foxy/install/tf2_ros/include/tf2_ros/transform_listener.h:50:7:[m[K [01;36m[Knote: [m[K‘[01m[Ktf2_ros::TransformListener[m[K’ declared here
   50 | class [01;36m[KTransformListener[m[K
      |       [01;36m[K^~~~~~~~~~~~~~~~~[m[K
[01m[K/home/aralab/ASBIR-ROS2/src/asbir_navigation/src/transform_point.cpp:35:30:[m[K [01;31m[Kerror: [m[K‘[01m[KTransformListener[m[K’ is not a member of ‘[01m[Ktf2[m[K’; did you mean ‘[01m[Ktf2_ros::TransformListener[m[K’?
   35 |         std::shared_ptr<tf2::[01;31m[KTransformListener[m[K> tf_listener{nullptr};
      |                              [01;31m[K^~~~~~~~~~~~~~~~~[m[K
In file included from [01m[K/home/aralab/ASBIR-ROS2/src/asbir_navigation/src/transform_point.cpp:8[m[K:
[01m[K/home/aralab/ros2_foxy/install/tf2_ros/include/tf2_ros/transform_listener.h:50:7:[m[K [01;36m[Knote: [m[K‘[01m[Ktf2_ros::TransformListener[m[K’ declared here
   50 | class [01;36m[KTransformListener[m[K
      |       [01;36m[K^~~~~~~~~~~~~~~~~[m[K
[01m[K/home/aralab/ASBIR-ROS2/src/asbir_navigation/src/transform_point.cpp:35:47:[m[K [01;31m[Kerror: [m[Ktemplate argument 1 is invalid
   35 |         std::shared_ptr<tf2::TransformListener[01;31m[K>[m[K tf_listener{nullptr};
      |                                               [01;31m[K^[m[K
[01m[K/home/aralab/ASBIR-ROS2/src/asbir_navigation/src/transform_point.cpp:35:68:[m[K [01;31m[Kerror: [m[Kcannot convert ‘[01m[K<brace-enclosed initializer list>[m[K’ to ‘[01m[Kint[m[K’ in initialization
   35 |         std::shared_ptr<tf2::TransformListener> tf_listener{nullptr[01;31m[K}[m[K;
      |                                                                    [01;31m[K^[m[K
[01m[K/home/aralab/ASBIR-ROS2/src/asbir_navigation/src/transform_point.cpp:[m[K In constructor ‘[01m[KTransformPoint::TransformPoint()[m[K’:
[01m[K/home/aralab/ASBIR-ROS2/src/asbir_navigation/src/transform_point.cpp:20:163:[m[K [01;31m[Kerror: [m[Kno match for ‘[01m[Koperator=[m[K’ (operand types are ‘[01m[Krclcpp::Subscription<geometry_msgs::msg::PointStamped_<std::allocator<void> > >::SharedPtr[m[K’ {aka ‘[01m[Kstd::shared_ptr<rclcpp::Subscription<geometry_msgs::msg::PointStamped_<std::allocator<void> > > >[m[K’} and ‘[01m[Kstd::shared_ptr<rclcpp::Subscription<std_msgs::msg::String_<std::allocator<void> >, std::allocator<void>, rclcpp::message_memory_strategy::MessageMemoryStrategy<std_msgs::msg::String_<std::allocator<void> >, std::allocator<void> > > >[m[K’)
   20 |             point_sub = this->create_subscription<geometry_msgs::msg::PointStamped>("point_to_transform", 10, std::bind(&TransformPoint::topic_callback, this, _1)[01;31m[K)[m[K;
      |                                                                                                                                                                   [01;31m[K^[m[K
In file included from [01m[K/usr/include/c++/9/memory:81[m[K,
                 from [01m[K/home/aralab/ASBIR-ROS2/src/asbir_navigation/src/transform_point.cpp:3[m[K:
[01m[K/usr/include/c++/9/bits/shared_ptr.h:309:19:[m[K [01;36m[Knote: [m[Kcandidate: ‘[01m[Kstd::shared_ptr<_Tp>& std::shared_ptr<_Tp>::operator=(const std::shared_ptr<_Tp>&) [with _Tp = rclcpp::Subscription<geometry_msgs::msg::PointStamped_<std::allocator<void> > >][m[K’
  309 |       shared_ptr& [01;36m[Koperator[m[K=(const shared_ptr&) noexcept = default;
      |                   [01;36m[K^~~~~~~~[m[K
[01m[K/usr/include/c++/9/bits/shared_ptr.h:309:29:[m[K [01;36m[Knote: [m[K  no known conversion for argument 1 from ‘[01m[Kstd::shared_ptr<rclcpp::Subscription<std_msgs::msg::String_<std::allocator<void> >, std::allocator<void>, rclcpp::message_memory_strategy::MessageMemoryStrategy<std_msgs::msg::String_<std::allocator<void> >, std::allocator<void> > > >[m[K’ to ‘[01m[Kconst std::shared_ptr<rclcpp::Subscription<geometry_msgs::msg::PointStamped_<std::allocator<void> > > >&[m[K’
  309 |       shared_ptr& operator=([01;36m[Kconst shared_ptr&[m[K) noexcept = default;
      |                             [01;36m[K^~~~~~~~~~~~~~~~~[m[K
[01m[K/usr/include/c++/9/bits/shared_ptr.h:313:2:[m[K [01;36m[Knote: [m[Kcandidate: ‘[01m[Ktemplate<class _Yp> std::shared_ptr<_Tp>::_Assignable<const std::shared_ptr<_Yp>&> std::shared_ptr<_Tp>::operator=(const std::shared_ptr<_Yp>&) [with _Yp = _Yp; _Tp = rclcpp::Subscription<geometry_msgs::msg::PointStamped_<std::allocator<void> > >][m[K’
  313 |  [01;36m[Koperator[m[K=(const shared_ptr<_Yp>& __r) noexcept
      |  [01;36m[K^~~~~~~~[m[K
[01m[K/usr/include/c++/9/bits/shared_ptr.h:313:2:[m[K [01;36m[Knote: [m[K  template argument deduction/substitution failed:
/usr/include/c++/9/bits/shared_ptr.h: In substitution of ‘[01m[Ktemplate<class _Tp> template<class _Arg> using _Assignable = typename std::enable_if<std::is_assignable<std::__shared_ptr<_Tp>&, _Arg>::value, std::shared_ptr<_Tp>&>::type [with _Arg = const std::shared_ptr<rclcpp::Subscription<std_msgs::msg::String_<std::allocator<void> >, std::allocator<void>, rclcpp::message_memory_strategy::MessageMemoryStrategy<std_msgs::msg::String_<std::allocator<void> >, std::allocator<void> > > >&; _Tp = rclcpp::Subscription<geometry_msgs::msg::PointStamped_<std::allocator<void> > >][m[K’:
[01m[K/usr/include/c++/9/bits/shared_ptr.h:313:2:[m[K   required by substitution of ‘[01m[Ktemplate<class _Yp> std::shared_ptr<rclcpp::Subscription<geometry_msgs::msg::PointStamped_<std::allocator<void> > > >::_Assignable<const std::shared_ptr<_Tp>&> std::shared_ptr<rclcpp::Subscription<geometry_msgs::msg::PointStamped_<std::allocator<void> > > >::operator=<_Yp>(const std::shared_ptr<_Tp>&) [with _Yp = rclcpp::Subscription<std_msgs::msg::String_<std::allocator<void> >, std::allocator<void>, rclcpp::message_memory_strategy::MessageMemoryStrategy<std_msgs::msg::String_<std::allocator<void> >, std::allocator<void> > >][m[K’
[01m[K/home/aralab/ASBIR-ROS2/src/asbir_navigation/src/transform_point.cpp:20:163:[m[K   required from here
[01m[K/usr/include/c++/9/bits/shared_ptr.h:111:8:[m[K [01;31m[Kerror: [m[Kno type named ‘[01m[Ktype[m[K’ in ‘[01m[Kstruct std::enable_if<false, std::shared_ptr<rclcpp::Subscription<geometry_msgs::msg::PointStamped_<std::allocator<void> > > >&>[m[K’
  111 |  using [01;31m[K_Assignable[m[K = typename enable_if<
      |        [01;31m[K^~~~~~~~~~~[m[K
[01m[K/usr/include/c++/9/bits/shared_ptr.h:324:2:[m[K [01;36m[Knote: [m[Kcandidate: ‘[01m[Ktemplate<class _Yp> std::shared_ptr<_Tp>::_Assignable<std::auto_ptr<_Up> > std::shared_ptr<_Tp>::operator=(std::auto_ptr<_Up>&&) [with _Yp = _Yp; _Tp = rclcpp::Subscription<geometry_msgs::msg::PointStamped_<std::allocator<void> > >][m[K’
  324 |  [01;36m[Koperator[m[K=(auto_ptr<_Yp>&& __r)
      |  [01;36m[K^~~~~~~~[m[K
[01m[K/usr/include/c++/9/bits/shared_ptr.h:324:2:[m[K [01;36m[Knote: [m[K  template argument deduction/substitution failed:
[01m[K/home/aralab/ASBIR-ROS2/src/asbir_navigation/src/transform_point.cpp:20:163:[m[K [01;36m[Knote: [m[K  ‘[01m[Kstd::shared_ptr<rclcpp::Subscription<std_msgs::msg::String_<std::allocator<void> >, std::allocator<void>, rclcpp::message_memory_strategy::MessageMemoryStrategy<std_msgs::msg::String_<std::allocator<void> >, std::allocator<void> > > >[m[K’ is not derived from ‘[01m[Kstd::auto_ptr<_Up>[m[K’
   20 |             point_sub = this->create_subscription<geometry_msgs::msg::PointStamped>("point_to_transform", 10, std::bind(&TransformPoint::topic_callback, this, _1)[01;36m[K)[m[K;
      |                                                                                                                                                                   [01;36m[K^[m[K
In file included from [01m[K/usr/include/c++/9/memory:81[m[K,
                 from [01m[K/home/aralab/ASBIR-ROS2/src/asbir_navigation/src/transform_point.cpp:3[m[K:
[01m[K/usr/include/c++/9/bits/shared_ptr.h:333:7:[m[K [01;36m[Knote: [m[Kcandidate: ‘[01m[Kstd::shared_ptr<_Tp>& std::shared_ptr<_Tp>::operator=(std::shared_ptr<_Tp>&&) [with _Tp = rclcpp::Subscription<geometry_msgs::msg::PointStamped_<std::allocator<void> > >][m[K’
  333 |       [01;36m[Koperator[m[K=(shared_ptr&& __r) noexcept
      |       [01;36m[K^~~~~~~~[m[K
[01m[K/usr/include/c++/9/bits/shared_ptr.h:333:30:[m[K [01;36m[Knote: [m[K  no known conversion for argument 1 from ‘[01m[Kstd::shared_ptr<rclcpp::Subscription<std_msgs::msg::String_<std::allocator<void> >, std::allocator<void>, rclcpp::message_memory_strategy::MessageMemoryStrategy<std_msgs::msg::String_<std::allocator<void> >, std::allocator<void> > > >[m[K’ to ‘[01m[Kstd::shared_ptr<rclcpp::Subscription<geometry_msgs::msg::PointStamped_<std::allocator<void> > > >&&[m[K’
  333 |       operator=([01;36m[Kshared_ptr&& __r[m[K) noexcept
      |                 [01;36m[K~~~~~~~~~~~~~^~~[m[K
[01m[K/usr/include/c++/9/bits/shared_ptr.h:341:2:[m[K [01;36m[Knote: [m[Kcandidate: ‘[01m[Ktemplate<class _Yp> std::shared_ptr<_Tp>::_Assignable<std::shared_ptr<_Yp> > std::shared_ptr<_Tp>::operator=(std::shared_ptr<_Yp>&&) [with _Yp = _Yp; _Tp = rclcpp::Subscription<geometry_msgs::msg::PointStamped_<std::allocator<void> > >][m[K’
  341 |  [01;36m[Koperator[m[K=(shared_ptr<_Yp>&& __r) noexcept
      |  [01;36m[K^~~~~~~~[m[K
[01m[K/usr/include/c++/9/bits/shared_ptr.h:341:2:[m[K [01;36m[Knote: [m[K  template argument deduction/substitution failed:
/usr/include/c++/9/bits/shared_ptr.h: In substitution of ‘[01m[Ktemplate<class _Tp> template<class _Arg> using _Assignable = typename std::enable_if<std::is_assignable<std::__shared_ptr<_Tp>&, _Arg>::value, std::shared_ptr<_Tp>&>::type [with _Arg = std::shared_ptr<rclcpp::Subscription<std_msgs::msg::String_<std::allocator<void> >, std::allocator<void>, rclcpp::message_memory_strategy::MessageMemoryStrategy<std_msgs::msg::String_<std::allocator<void> >, std::allocator<void> > > >; _Tp = rclcpp::Subscription<geometry_msgs::msg::PointStamped_<std::allocator<void> > >][m[K’:
[01m[K/usr/include/c++/9/bits/shared_ptr.h:341:2:[m[K   required by substitution of ‘[01m[Ktemplate<class _Yp> std::shared_ptr<rclcpp::Subscription<geometry_msgs::msg::PointStamped_<std::allocator<void> > > >::_Assignable<std::shared_ptr<_Tp> > std::shared_ptr<rclcpp::Subscription<geometry_msgs::msg::PointStamped_<std::allocator<void> > > >::operator=<_Yp>(std::shared_ptr<_Tp>&&) [with _Yp = rclcpp::Subscription<std_msgs::msg::String_<std::allocator<void> >, std::allocator<void>, rclcpp::message_memory_strategy::MessageMemoryStrategy<std_msgs::msg::String_<std::allocator<void> >, std::allocator<void> > >][m[K’
[01m[K/home/aralab/ASBIR-ROS2/src/asbir_navigation/src/transform_point.cpp:20:163:[m[K   required from here
[01m[K/usr/include/c++/9/bits/shared_ptr.h:111:8:[m[K [01;31m[Kerror: [m[Kno type named ‘[01m[Ktype[m[K’ in ‘[01m[Kstruct std::enable_if<false, std::shared_ptr<rclcpp::Subscription<geometry_msgs::msg::PointStamped_<std::allocator<void> > > >&>[m[K’
  111 |  using [01;31m[K_Assignable[m[K = typename enable_if<
      |        [01;31m[K^~~~~~~~~~~[m[K
[01m[K/usr/include/c++/9/bits/shared_ptr.h:349:2:[m[K [01;36m[Knote: [m[Kcandidate: ‘[01m[Ktemplate<class _Yp, class _Del> std::shared_ptr<_Tp>::_Assignable<std::unique_ptr<_Up, _Ep> > std::shared_ptr<_Tp>::operator=(std::unique_ptr<_Up, _Ep>&&) [with _Yp = _Yp; _Del = _Del; _Tp = rclcpp::Subscription<geometry_msgs::msg::PointStamped_<std::allocator<void> > >][m[K’
  349 |  [01;36m[Koperator[m[K=(unique_ptr<_Yp, _Del>&& __r)
      |  [01;36m[K^~~~~~~~[m[K
[01m[K/usr/include/c++/9/bits/shared_ptr.h:349:2:[m[K [01;36m[Knote: [m[K  template argument deduction/substitution failed:
[01m[K/home/aralab/ASBIR-ROS2/src/asbir_navigation/src/transform_point.cpp:20:163:[m[K [01;36m[Knote: [m[K  ‘[01m[Kstd::shared_ptr<rclcpp::Subscription<std_msgs::msg::String_<std::allocator<void> >, std::allocator<void>, rclcpp::message_memory_strategy::MessageMemoryStrategy<std_msgs::msg::String_<std::allocator<void> >, std::allocator<void> > > >[m[K’ is not derived from ‘[01m[Kstd::unique_ptr<_Tp, _Dp>[m[K’
   20 |             point_sub = this->create_subscription<geometry_msgs::msg::PointStamped>("point_to_transform", 10, std::bind(&TransformPoint::topic_callback, this, _1)[01;36m[K)[m[K;
      |                                                                                                                                                                   [01;36m[K^[m[K
[01m[K/home/aralab/ASBIR-ROS2/src/asbir_navigation/src/transform_point.cpp:23:71:[m[K [01;31m[Kerror: [m[Kcannot convert ‘[01m[Kstd::shared_ptr<tf2_ros::TransformListener>[m[K’ to ‘[01m[Kint[m[K’ in assignment
   23 |             tf_listener = [01;31m[Kstd::make_shared<tf2_ros::TransformListener>(*tf_buffer)[m[K;
      |                           [01;31m[K~~~~~~~~~~~~~~~~~~~~~~~~~~~~~~~~~~~~~~~~~~~~^~~~~~~~~~~~[m[K
      |                                                                       [01;31m[K|[m[K
      |                                                                       [01;31m[Kstd::shared_ptr<tf2_ros::TransformListener>[m[K
[01m[K/home/aralab/ASBIR-ROS2/src/asbir_navigation/src/transform_point.cpp:[m[K In member function ‘[01m[Kvoid TransformPoint::topic_callback(std_msgs::msg::String_<std::allocator<void> >::SharedPtr) const[m[K’:
[01m[K/home/aralab/ASBIR-ROS2/src/asbir_navigation/src/transform_point.cpp:30:75:[m[K [01;31m[Kerror: [m[K‘[01m[Ktransform[m[K’ is not a member of ‘[01m[Ktf2_ros[m[K’; did you mean ‘[01m[Kstd::transform[m[K’?
   30 |             geometry_msgs::msg::PointStamped transformed_point = tf2_ros::[01;31m[Ktransform[m[K(msg, base_frame);
      |                                                                           [01;31m[K^~~~~~~~~[m[K
In file included from [01m[K/usr/include/c++/9/algorithm:62[m[K,
                 from [01m[K/home/aralab/ros2_foxy/install/rclcpp/include/rclcpp/executor.hpp:18[m[K,
                 from [01m[K/home/aralab/ros2_foxy/install/rclcpp/include/rclcpp/executors/multi_threaded_executor.hpp:26[m[K,
                 from [01m[K/home/aralab/ros2_foxy/install/rclcpp/include/rclcpp/executors.hpp:21[m[K,
                 from [01m[K/home/aralab/ros2_foxy/install/rclcpp/include/rclcpp/rclcpp.hpp:146[m[K,
                 from [01m[K/home/aralab/ASBIR-ROS2/src/asbir_navigation/src/transform_point.cpp:6[m[K:
[01m[K/usr/include/c++/9/bits/stl_algo.h:4369:5:[m[K [01;36m[Knote: [m[K‘[01m[Kstd::transform[m[K’ declared here
 4369 |     [01;36m[Ktransform[m[K(_InputIterator1 __first1, _InputIterator1 __last1,
      |     [01;36m[K^~~~~~~~~[m[K
make[2]: *** [CMakeFiles/transform_point.dir/build.make:63: CMakeFiles/transform_point.dir/src/transform_point.cpp.o] Error 1
make[1]: *** [CMakeFiles/Makefile2:80: CMakeFiles/transform_point.dir/all] Error 2
make: *** [Makefile:141: all] Error 2
