[2.636s] Invoking command in '/home/aralab/ASBIR-ROS2/src/asbir_status': PYTHONPATH=/home/aralab/ASBIR-ROS2/build/asbir_status/prefix_override:/home/aralab/ASBIR-ROS2/install/asbir_status/lib/python3.8/site-packages:${PYTHONPATH} /usr/bin/python3 setup.py egg_info --egg-base ../../build/asbir_status build --build-base /home/aralab/ASBIR-ROS2/build/asbir_status/build install --record /home/aralab/ASBIR-ROS2/build/asbir_status/install.log --install-scripts $base/lib/asbir_status --single-version-externally-managed
[2.990s] running egg_info
[2.991s] writing ../../build/asbir_status/asbir_status.egg-info/PKG-INFO
[2.991s] writing dependency_links to ../../build/asbir_status/asbir_status.egg-info/dependency_links.txt
[2.991s] writing entry points to ../../build/asbir_status/asbir_status.egg-info/entry_points.txt
[2.992s] writing requirements to ../../build/asbir_status/asbir_status.egg-info/requires.txt
[2.992s] writing top-level names to ../../build/asbir_status/asbir_status.egg-info/top_level.txt
[3.048s] reading manifest file '../../build/asbir_status/asbir_status.egg-info/SOURCES.txt'
[3.049s] writing manifest file '../../build/asbir_status/asbir_status.egg-info/SOURCES.txt'
[3.049s] running build
[3.049s] running build_py
[3.049s] running install
[3.051s] running install_lib
[3.055s] running install_data
[3.058s] running install_egg_info
[3.059s] removing '/home/aralab/ASBIR-ROS2/install/asbir_status/lib/python3.8/site-packages/asbir_status-0.0.0-py3.8.egg-info' (and everything under it)
[3.059s] Copying ../../build/asbir_status/asbir_status.egg-info to /home/aralab/ASBIR-ROS2/install/asbir_status/lib/python3.8/site-packages/asbir_status-0.0.0-py3.8.egg-info
[3.059s] running install_scripts
[3.088s] Installing nodeController script to /home/aralab/ASBIR-ROS2/install/asbir_status/lib/asbir_status
[3.088s] Installing statusListener script to /home/aralab/ASBIR-ROS2/install/asbir_status/lib/asbir_status
[3.089s] writing list of installed files to '/home/aralab/ASBIR-ROS2/build/asbir_status/install.log'
[3.128s] Invoked command in '/home/aralab/ASBIR-ROS2/src/asbir_status' returned '0': PYTHONPATH=/home/aralab/ASBIR-ROS2/build/asbir_status/prefix_override:/home/aralab/ASBIR-ROS2/install/asbir_status/lib/python3.8/site-packages:${PYTHONPATH} /usr/bin/python3 setup.py egg_info --egg-base ../../build/asbir_status build --build-base /home/aralab/ASBIR-ROS2/build/asbir_status/build install --record /home/aralab/ASBIR-ROS2/build/asbir_status/install.log --install-scripts $base/lib/asbir_status --single-version-externally-managed
