[1.941s] Invoking command in '/home/aralab/ASBIR-ROS2/src/asbir_image_compression': PYTHONPATH=/home/aralab/ASBIR-ROS2/build/asbir_image_compression/prefix_override:/home/aralab/ASBIR-ROS2/install/asbir_image_compression/lib/python3.8/site-packages:${PYTHONPATH} /usr/bin/python3 setup.py egg_info --egg-base ../../build/asbir_image_compression build --build-base /home/aralab/ASBIR-ROS2/build/asbir_image_compression/build install --record /home/aralab/ASBIR-ROS2/build/asbir_image_compression/install.log --install-scripts $base/lib/asbir_image_compression --single-version-externally-managed
[2.190s] running egg_info
[2.190s] creating ../../build/asbir_image_compression/asbir_image_compression.egg-info
[2.190s] writing ../../build/asbir_image_compression/asbir_image_compression.egg-info/PKG-INFO
[2.190s] writing dependency_links to ../../build/asbir_image_compression/asbir_image_compression.egg-info/dependency_links.txt
[2.190s] writing entry points to ../../build/asbir_image_compression/asbir_image_compression.egg-info/entry_points.txt
[2.191s] writing requirements to ../../build/asbir_image_compression/asbir_image_compression.egg-info/requires.txt
[2.191s] writing top-level names to ../../build/asbir_image_compression/asbir_image_compression.egg-info/top_level.txt
[2.192s] writing manifest file '../../build/asbir_image_compression/asbir_image_compression.egg-info/SOURCES.txt'
[2.220s] reading manifest file '../../build/asbir_image_compression/asbir_image_compression.egg-info/SOURCES.txt'
[2.221s] writing manifest file '../../build/asbir_image_compression/asbir_image_compression.egg-info/SOURCES.txt'
[2.221s] running build
[2.221s] running build_py
[2.221s] creating /home/aralab/ASBIR-ROS2/build/asbir_image_compression/build
[2.221s] creating /home/aralab/ASBIR-ROS2/build/asbir_image_compression/build/lib
[2.221s] creating /home/aralab/ASBIR-ROS2/build/asbir_image_compression/build/lib/asbir_image_compression
[2.222s] copying asbir_image_compression/PointCloudRepublisher.py -> /home/aralab/ASBIR-ROS2/build/asbir_image_compression/build/lib/asbir_image_compression
[2.222s] copying asbir_image_compression/imageCompression.py -> /home/aralab/ASBIR-ROS2/build/asbir_image_compression/build/lib/asbir_image_compression
[2.222s] copying asbir_image_compression/__init__.py -> /home/aralab/ASBIR-ROS2/build/asbir_image_compression/build/lib/asbir_image_compression
[2.222s] running install
[2.223s] running install_lib
[2.224s] creating /home/aralab/ASBIR-ROS2/install/asbir_image_compression/lib/python3.8/site-packages/asbir_image_compression
[2.224s] copying /home/aralab/ASBIR-ROS2/build/asbir_image_compression/build/lib/asbir_image_compression/PointCloudRepublisher.py -> /home/aralab/ASBIR-ROS2/install/asbir_image_compression/lib/python3.8/site-packages/asbir_image_compression
[2.224s] copying /home/aralab/ASBIR-ROS2/build/asbir_image_compression/build/lib/asbir_image_compression/imageCompression.py -> /home/aralab/ASBIR-ROS2/install/asbir_image_compression/lib/python3.8/site-packages/asbir_image_compression
[2.224s] copying /home/aralab/ASBIR-ROS2/build/asbir_image_compression/build/lib/asbir_image_compression/__init__.py -> /home/aralab/ASBIR-ROS2/install/asbir_image_compression/lib/python3.8/site-packages/asbir_image_compression
[2.224s] byte-compiling /home/aralab/ASBIR-ROS2/install/asbir_image_compression/lib/python3.8/site-packages/asbir_image_compression/PointCloudRepublisher.py to PointCloudRepublisher.cpython-38.pyc
[2.225s] byte-compiling /home/aralab/ASBIR-ROS2/install/asbir_image_compression/lib/python3.8/site-packages/asbir_image_compression/imageCompression.py to imageCompression.cpython-38.pyc
[2.226s] byte-compiling /home/aralab/ASBIR-ROS2/install/asbir_image_compression/lib/python3.8/site-packages/asbir_image_compression/__init__.py to __init__.cpython-38.pyc
[2.226s] running install_data
[2.226s] creating /home/aralab/ASBIR-ROS2/install/asbir_image_compression/share/ament_index
[2.226s] creating /home/aralab/ASBIR-ROS2/install/asbir_image_compression/share/ament_index/resource_index
[2.227s] creating /home/aralab/ASBIR-ROS2/install/asbir_image_compression/share/ament_index/resource_index/packages
[2.227s] copying resource/asbir_image_compression -> /home/aralab/ASBIR-ROS2/install/asbir_image_compression/share/ament_index/resource_index/packages
[2.227s] copying package.xml -> /home/aralab/ASBIR-ROS2/install/asbir_image_compression/share/asbir_image_compression
[2.227s] running install_egg_info
[2.228s] Copying ../../build/asbir_image_compression/asbir_image_compression.egg-info to /home/aralab/ASBIR-ROS2/install/asbir_image_compression/lib/python3.8/site-packages/asbir_image_compression-0.0.0-py3.8.egg-info
[2.229s] running install_scripts
[2.249s] Installing compressImage script to /home/aralab/ASBIR-ROS2/install/asbir_image_compression/lib/asbir_image_compression
[2.249s] Installing pointcloudRepublisher script to /home/aralab/ASBIR-ROS2/install/asbir_image_compression/lib/asbir_image_compression
[2.249s] writing list of installed files to '/home/aralab/ASBIR-ROS2/build/asbir_image_compression/install.log'
[2.275s] Invoked command in '/home/aralab/ASBIR-ROS2/src/asbir_image_compression' returned '0': PYTHONPATH=/home/aralab/ASBIR-ROS2/build/asbir_image_compression/prefix_override:/home/aralab/ASBIR-ROS2/install/asbir_image_compression/lib/python3.8/site-packages:${PYTHONPATH} /usr/bin/python3 setup.py egg_info --egg-base ../../build/asbir_image_compression build --build-base /home/aralab/ASBIR-ROS2/build/asbir_image_compression/build install --record /home/aralab/ASBIR-ROS2/build/asbir_image_compression/install.log --install-scripts $base/lib/asbir_image_compression --single-version-externally-managed
