[0.095s] Invoking command in '/home/aralab/ASBIR-ROS2/build/rclpy_message_converter_msgs': CMAKE_PREFIX_PATH=${CMAKE_PREFIX_PATH}:/home/aralab/ASBIR-ROS2/install/realsense2_description:/home/aralab/ASBIR-ROS2/install/rclpy_message_converter:/home/aralab/ros2_foxy/install/ros2bag:/home/aralab/ros2_foxy/install/tracetools_launch:/home/aralab/ros2_foxy/install/topic_monitor:/home/aralab/ros2_foxy/install/examples_tf2_py:/home/aralab/ros2_foxy/install/sros2:/home/aralab/ros2_foxy/install/rqt_topic:/home/aralab/ros2_foxy/install/rqt_top:/home/aralab/ros2_foxy/install/rqt_srv:/home/aralab/ros2_foxy/install/rqt_shell:/home/aralab/ros2_foxy/install/rqt_service_caller:/home/aralab/ros2_foxy/install/rqt_reconfigure:/home/aralab/ros2_foxy/install/rqt_py_console:/home/aralab/ros2_foxy/install/rqt_publisher:/home/aralab/ros2_foxy/install/rqt_plot:/home/aralab/ros2_foxy/install/rqt_action:/home/aralab/ros2_foxy/install/rqt_msg:/home/aralab/ros2_foxy/install/rqt_console:/home/aralab/ros2_foxy/install/rqt:/home/aralab/ros2_foxy/install/rqt_graph:/home/aralab/ros2_foxy/install/rqt_gui_py:/home/aralab/ros2_foxy/install/rqt_gui:/home/aralab/ros2_foxy/install/ros2trace:/home/aralab/ros2_foxy/install/ros2topic:/home/aralab/ros2_foxy/install/ros2test:/home/aralab/ros2_foxy/install/ros2component:/home/aralab/ros2_foxy/install/ros2param:/home/aralab/ros2_foxy/install/ros2lifecycle:/home/aralab/ros2_foxy/install/ros2service:/home/aralab/ros2_foxy/install/ros2run:/home/aralab/ros2_foxy/install/ros2launch:/home/aralab/ros2_foxy/install/ros2pkg:/home/aralab/ros2_foxy/install/ros2node:/home/aralab/ros2_foxy/install/ros2multicast:/home/aralab/ros2_foxy/install/ros2interface:/home/aralab/ros2_foxy/install/ros2doctor:/home/aralab/ros2_foxy/install/ros2action:/home/aralab/ros2_foxy/install/ros2cli:/home/aralab/ros2_foxy/install/quality_of_service_demo_py:/home/aralab/ros2_foxy/install/launch_testing_ros:/home/aralab/ros2_foxy/install/launch_ros:/home/aralab/ros2_foxy/install/examples_rclpy_minimal_subscriber:/home/aralab/ros2_foxy/install/examples_rclpy_minimal_service:/home/aralab/ros2_foxy/install/examples_rclpy_minimal_publisher:/home/aralab/ros2_foxy/install/examples_rclpy_minimal_client:/home/aralab/ros2_foxy/install/examples_rclpy_minimal_action_server:/home/aralab/ros2_foxy/install/examples_rclpy_minimal_action_client:/home/aralab/ros2_foxy/install/examples_rclpy_executors:/home/aralab/ros2_foxy/install/demo_nodes_py:/home/aralab/ros2_foxy/install/action_tutorials_py:/home/aralab/ros2_foxy/install/ament_uncrustify:/home/aralab/ros2_foxy/install/tracetools_trace:/home/aralab/ros2_foxy/install/tracetools_read:/home/aralab/ros2_foxy/install/test_launch_ros:/home/aralab/ros2_foxy/install/sensor_msgs_py:/home/aralab/ros2_foxy/install/rpyutils:/home/aralab/ros2_foxy/install/rosidl_runtime_py:/home/aralab/ros2_foxy/install/launch_yaml:/home/aralab/ros2_foxy/install/launch_xml:/home/aralab/ros2_foxy/install/launch_testing:/home/aralab/ros2_foxy/install/launch:/home/aralab/ros2_foxy/install/osrf_pycommon:/home/aralab/ros2_foxy/install/domain_coordinator:/home/aralab/ros2_foxy/install/ament_xmllint:/home/aralab/ros2_foxy/install/ament_pyflakes:/home/aralab/ros2_foxy/install/ament_pycodestyle:/home/aralab/ros2_foxy/install/ament_pep257:/home/aralab/ros2_foxy/install/ament_pclint:/home/aralab/ros2_foxy/install/ament_package:/home/aralab/ros2_foxy/install/ament_mypy:/home/aralab/ros2_foxy/install/ament_lint_cmake:/home/aralab/ros2_foxy/install/ament_flake8:/home/aralab/ros2_foxy/install/ament_copyright:/home/aralab/ros2_foxy/install/ament_lint:/home/aralab/ros2_foxy/install/ament_index_python:/home/aralab/ros2_foxy/install/ament_cpplint:/home/aralab/ros2_foxy/install/ament_cppcheck:/home/aralab/ros2_foxy/install/ament_clang_tidy:/home/aralab/ros2_foxy/install/ament_clang_format /usr/bin/cmake --build /home/aralab/ASBIR-ROS2/build/rclpy_message_converter_msgs -- -j12 -l12
[0.226s] [  1%] Built target rclpy_message_converter_msgs__cpp
[0.231s] [ 12%] Built target rclpy_message_converter_msgs__rosidl_generator_c
[0.329s] [ 23%] Built target rclpy_message_converter_msgs__rosidl_typesupport_fastrtps_cpp
[0.337s] [ 46%] Built target rclpy_message_converter_msgs__rosidl_typesupport_c
[0.337s] [ 57%] Built target rclpy_message_converter_msgs__rosidl_typesupport_cpp
[0.338s] [ 34%] Built target rclpy_message_converter_msgs__rosidl_typesupport_introspection_cpp
[0.345s] [ 68%] Built target rclpy_message_converter_msgs__rosidl_typesupport_introspection_c
[0.394s] [ 79%] Built target rclpy_message_converter_msgs__rosidl_typesupport_fastrtps_c
[0.445s] [ 79%] Built target rclpy_message_converter_msgs
[0.501s] [ 80%] Built target rclpy_message_converter_msgs__py
[0.559s] [ 90%] Built target rclpy_message_converter_msgs__python
[0.623s] [ 93%] Built target rclpy_message_converter_msgs__rosidl_typesupport_introspection_c__pyext
[0.629s] [ 96%] Built target rclpy_message_converter_msgs__rosidl_typesupport_fastrtps_c__pyext
[0.630s] [100%] Built target rclpy_message_converter_msgs__rosidl_typesupport_c__pyext
[0.659s] Invoked command in '/home/aralab/ASBIR-ROS2/build/rclpy_message_converter_msgs' returned '0': CMAKE_PREFIX_PATH=${CMAKE_PREFIX_PATH}:/home/aralab/ASBIR-ROS2/install/realsense2_description:/home/aralab/ASBIR-ROS2/install/rclpy_message_converter:/home/aralab/ros2_foxy/install/ros2bag:/home/aralab/ros2_foxy/install/tracetools_launch:/home/aralab/ros2_foxy/install/topic_monitor:/home/aralab/ros2_foxy/install/examples_tf2_py:/home/aralab/ros2_foxy/install/sros2:/home/aralab/ros2_foxy/install/rqt_topic:/home/aralab/ros2_foxy/install/rqt_top:/home/aralab/ros2_foxy/install/rqt_srv:/home/aralab/ros2_foxy/install/rqt_shell:/home/aralab/ros2_foxy/install/rqt_service_caller:/home/aralab/ros2_foxy/install/rqt_reconfigure:/home/aralab/ros2_foxy/install/rqt_py_console:/home/aralab/ros2_foxy/install/rqt_publisher:/home/aralab/ros2_foxy/install/rqt_plot:/home/aralab/ros2_foxy/install/rqt_action:/home/aralab/ros2_foxy/install/rqt_msg:/home/aralab/ros2_foxy/install/rqt_console:/home/aralab/ros2_foxy/install/rqt:/home/aralab/ros2_foxy/install/rqt_graph:/home/aralab/ros2_foxy/install/rqt_gui_py:/home/aralab/ros2_foxy/install/rqt_gui:/home/aralab/ros2_foxy/install/ros2trace:/home/aralab/ros2_foxy/install/ros2topic:/home/aralab/ros2_foxy/install/ros2test:/home/aralab/ros2_foxy/install/ros2component:/home/aralab/ros2_foxy/install/ros2param:/home/aralab/ros2_foxy/install/ros2lifecycle:/home/aralab/ros2_foxy/install/ros2service:/home/aralab/ros2_foxy/install/ros2run:/home/aralab/ros2_foxy/install/ros2launch:/home/aralab/ros2_foxy/install/ros2pkg:/home/aralab/ros2_foxy/install/ros2node:/home/aralab/ros2_foxy/install/ros2multicast:/home/aralab/ros2_foxy/install/ros2interface:/home/aralab/ros2_foxy/install/ros2doctor:/home/aralab/ros2_foxy/install/ros2action:/home/aralab/ros2_foxy/install/ros2cli:/home/aralab/ros2_foxy/install/quality_of_service_demo_py:/home/aralab/ros2_foxy/install/launch_testing_ros:/home/aralab/ros2_foxy/install/launch_ros:/home/aralab/ros2_foxy/install/examples_rclpy_minimal_subscriber:/home/aralab/ros2_foxy/install/examples_rclpy_minimal_service:/home/aralab/ros2_foxy/install/examples_rclpy_minimal_publisher:/home/aralab/ros2_foxy/install/examples_rclpy_minimal_client:/home/aralab/ros2_foxy/install/examples_rclpy_minimal_action_server:/home/aralab/ros2_foxy/install/examples_rclpy_minimal_action_client:/home/aralab/ros2_foxy/install/examples_rclpy_executors:/home/aralab/ros2_foxy/install/demo_nodes_py:/home/aralab/ros2_foxy/install/action_tutorials_py:/home/aralab/ros2_foxy/install/ament_uncrustify:/home/aralab/ros2_foxy/install/tracetools_trace:/home/aralab/ros2_foxy/install/tracetools_read:/home/aralab/ros2_foxy/install/test_launch_ros:/home/aralab/ros2_foxy/install/sensor_msgs_py:/home/aralab/ros2_foxy/install/rpyutils:/home/aralab/ros2_foxy/install/rosidl_runtime_py:/home/aralab/ros2_foxy/install/launch_yaml:/home/aralab/ros2_foxy/install/launch_xml:/home/aralab/ros2_foxy/install/launch_testing:/home/aralab/ros2_foxy/install/launch:/home/aralab/ros2_foxy/install/osrf_pycommon:/home/aralab/ros2_foxy/install/domain_coordinator:/home/aralab/ros2_foxy/install/ament_xmllint:/home/aralab/ros2_foxy/install/ament_pyflakes:/home/aralab/ros2_foxy/install/ament_pycodestyle:/home/aralab/ros2_foxy/install/ament_pep257:/home/aralab/ros2_foxy/install/ament_pclint:/home/aralab/ros2_foxy/install/ament_package:/home/aralab/ros2_foxy/install/ament_mypy:/home/aralab/ros2_foxy/install/ament_lint_cmake:/home/aralab/ros2_foxy/install/ament_flake8:/home/aralab/ros2_foxy/install/ament_copyright:/home/aralab/ros2_foxy/install/ament_lint:/home/aralab/ros2_foxy/install/ament_index_python:/home/aralab/ros2_foxy/install/ament_cpplint:/home/aralab/ros2_foxy/install/ament_cppcheck:/home/aralab/ros2_foxy/install/ament_clang_tidy:/home/aralab/ros2_foxy/install/ament_clang_format /usr/bin/cmake --build /home/aralab/ASBIR-ROS2/build/rclpy_message_converter_msgs -- -j12 -l12
[1.478s] Invoking command in '/home/aralab/ASBIR-ROS2/build/rclpy_message_converter_msgs': CMAKE_PREFIX_PATH=${CMAKE_PREFIX_PATH}:/home/aralab/ASBIR-ROS2/install/realsense2_description:/home/aralab/ASBIR-ROS2/install/rclpy_message_converter:/home/aralab/ros2_foxy/install/ros2bag:/home/aralab/ros2_foxy/install/tracetools_launch:/home/aralab/ros2_foxy/install/topic_monitor:/home/aralab/ros2_foxy/install/examples_tf2_py:/home/aralab/ros2_foxy/install/sros2:/home/aralab/ros2_foxy/install/rqt_topic:/home/aralab/ros2_foxy/install/rqt_top:/home/aralab/ros2_foxy/install/rqt_srv:/home/aralab/ros2_foxy/install/rqt_shell:/home/aralab/ros2_foxy/install/rqt_service_caller:/home/aralab/ros2_foxy/install/rqt_reconfigure:/home/aralab/ros2_foxy/install/rqt_py_console:/home/aralab/ros2_foxy/install/rqt_publisher:/home/aralab/ros2_foxy/install/rqt_plot:/home/aralab/ros2_foxy/install/rqt_action:/home/aralab/ros2_foxy/install/rqt_msg:/home/aralab/ros2_foxy/install/rqt_console:/home/aralab/ros2_foxy/install/rqt:/home/aralab/ros2_foxy/install/rqt_graph:/home/aralab/ros2_foxy/install/rqt_gui_py:/home/aralab/ros2_foxy/install/rqt_gui:/home/aralab/ros2_foxy/install/ros2trace:/home/aralab/ros2_foxy/install/ros2topic:/home/aralab/ros2_foxy/install/ros2test:/home/aralab/ros2_foxy/install/ros2component:/home/aralab/ros2_foxy/install/ros2param:/home/aralab/ros2_foxy/install/ros2lifecycle:/home/aralab/ros2_foxy/install/ros2service:/home/aralab/ros2_foxy/install/ros2run:/home/aralab/ros2_foxy/install/ros2launch:/home/aralab/ros2_foxy/install/ros2pkg:/home/aralab/ros2_foxy/install/ros2node:/home/aralab/ros2_foxy/install/ros2multicast:/home/aralab/ros2_foxy/install/ros2interface:/home/aralab/ros2_foxy/install/ros2doctor:/home/aralab/ros2_foxy/install/ros2action:/home/aralab/ros2_foxy/install/ros2cli:/home/aralab/ros2_foxy/install/quality_of_service_demo_py:/home/aralab/ros2_foxy/install/launch_testing_ros:/home/aralab/ros2_foxy/install/launch_ros:/home/aralab/ros2_foxy/install/examples_rclpy_minimal_subscriber:/home/aralab/ros2_foxy/install/examples_rclpy_minimal_service:/home/aralab/ros2_foxy/install/examples_rclpy_minimal_publisher:/home/aralab/ros2_foxy/install/examples_rclpy_minimal_client:/home/aralab/ros2_foxy/install/examples_rclpy_minimal_action_server:/home/aralab/ros2_foxy/install/examples_rclpy_minimal_action_client:/home/aralab/ros2_foxy/install/examples_rclpy_executors:/home/aralab/ros2_foxy/install/demo_nodes_py:/home/aralab/ros2_foxy/install/action_tutorials_py:/home/aralab/ros2_foxy/install/ament_uncrustify:/home/aralab/ros2_foxy/install/tracetools_trace:/home/aralab/ros2_foxy/install/tracetools_read:/home/aralab/ros2_foxy/install/test_launch_ros:/home/aralab/ros2_foxy/install/sensor_msgs_py:/home/aralab/ros2_foxy/install/rpyutils:/home/aralab/ros2_foxy/install/rosidl_runtime_py:/home/aralab/ros2_foxy/install/launch_yaml:/home/aralab/ros2_foxy/install/launch_xml:/home/aralab/ros2_foxy/install/launch_testing:/home/aralab/ros2_foxy/install/launch:/home/aralab/ros2_foxy/install/osrf_pycommon:/home/aralab/ros2_foxy/install/domain_coordinator:/home/aralab/ros2_foxy/install/ament_xmllint:/home/aralab/ros2_foxy/install/ament_pyflakes:/home/aralab/ros2_foxy/install/ament_pycodestyle:/home/aralab/ros2_foxy/install/ament_pep257:/home/aralab/ros2_foxy/install/ament_pclint:/home/aralab/ros2_foxy/install/ament_package:/home/aralab/ros2_foxy/install/ament_mypy:/home/aralab/ros2_foxy/install/ament_lint_cmake:/home/aralab/ros2_foxy/install/ament_flake8:/home/aralab/ros2_foxy/install/ament_copyright:/home/aralab/ros2_foxy/install/ament_lint:/home/aralab/ros2_foxy/install/ament_index_python:/home/aralab/ros2_foxy/install/ament_cpplint:/home/aralab/ros2_foxy/install/ament_cppcheck:/home/aralab/ros2_foxy/install/ament_clang_tidy:/home/aralab/ros2_foxy/install/ament_clang_format /usr/bin/cmake --install /home/aralab/ASBIR-ROS2/build/rclpy_message_converter_msgs
[1.514s] -- Install configuration: ""
[1.515s] -- Up-to-date: /home/aralab/ASBIR-ROS2/install/rclpy_message_converter_msgs/share/ament_index/resource_index/rosidl_interfaces/rclpy_message_converter_msgs
[1.515s] -- Up-to-date: /home/aralab/ASBIR-ROS2/install/rclpy_message_converter_msgs/include/rclpy_message_converter_msgs
[1.515s] -- Up-to-date: /home/aralab/ASBIR-ROS2/install/rclpy_message_converter_msgs/include/rclpy_message_converter_msgs/srv
[1.515s] -- Up-to-date: /home/aralab/ASBIR-ROS2/install/rclpy_message_converter_msgs/include/rclpy_message_converter_msgs/srv/detail
[1.516s] -- Up-to-date: /home/aralab/ASBIR-ROS2/install/rclpy_message_converter_msgs/include/rclpy_message_converter_msgs/srv/detail/nested_uint8_array_test_service__struct.h
[1.516s] -- Up-to-date: /home/aralab/ASBIR-ROS2/install/rclpy_message_converter_msgs/include/rclpy_message_converter_msgs/srv/detail/nested_uint8_array_test_service__functions.h
[1.516s] -- Up-to-date: /home/aralab/ASBIR-ROS2/install/rclpy_message_converter_msgs/include/rclpy_message_converter_msgs/srv/detail/nested_uint8_array_test_service__functions.c
[1.519s] -- Up-to-date: /home/aralab/ASBIR-ROS2/install/rclpy_message_converter_msgs/include/rclpy_message_converter_msgs/srv/detail/nested_uint8_array_test_service__type_support.h
[1.519s] -- Up-to-date: /home/aralab/ASBIR-ROS2/install/rclpy_message_converter_msgs/include/rclpy_message_converter_msgs/srv/nested_uint8_array_test_service.h
[1.519s] -- Up-to-date: /home/aralab/ASBIR-ROS2/install/rclpy_message_converter_msgs/include/rclpy_message_converter_msgs/msg
[1.519s] -- Up-to-date: /home/aralab/ASBIR-ROS2/install/rclpy_message_converter_msgs/include/rclpy_message_converter_msgs/msg/uint8_array3_test_message.h
[1.519s] -- Up-to-date: /home/aralab/ASBIR-ROS2/install/rclpy_message_converter_msgs/include/rclpy_message_converter_msgs/msg/detail
[1.520s] -- Up-to-date: /home/aralab/ASBIR-ROS2/install/rclpy_message_converter_msgs/include/rclpy_message_converter_msgs/msg/detail/uint8_array_test_message__functions.h
[1.520s] -- Up-to-date: /home/aralab/ASBIR-ROS2/install/rclpy_message_converter_msgs/include/rclpy_message_converter_msgs/msg/detail/uint8_array3_test_message__functions.h
[1.522s] -- Up-to-date: /home/aralab/ASBIR-ROS2/install/rclpy_message_converter_msgs/include/rclpy_message_converter_msgs/msg/detail/test_array__type_support.h
[1.522s] -- Up-to-date: /home/aralab/ASBIR-ROS2/install/rclpy_message_converter_msgs/include/rclpy_message_converter_msgs/msg/detail/test_array__functions.c
[1.522s] -- Up-to-date: /home/aralab/ASBIR-ROS2/install/rclpy_message_converter_msgs/include/rclpy_message_converter_msgs/msg/detail/uint8_array3_test_message__functions.c
[1.523s] -- Up-to-date: /home/aralab/ASBIR-ROS2/install/rclpy_message_converter_msgs/include/rclpy_message_converter_msgs/msg/detail/uint8_array3_test_message__struct.h
[1.523s] -- Up-to-date: /home/aralab/ASBIR-ROS2/install/rclpy_message_converter_msgs/include/rclpy_message_converter_msgs/msg/detail/nested_uint8_array_test_message__type_support.h
[1.523s] -- Up-to-date: /home/aralab/ASBIR-ROS2/install/rclpy_message_converter_msgs/include/rclpy_message_converter_msgs/msg/detail/nested_uint8_array_test_message__functions.h
[1.524s] -- Up-to-date: /home/aralab/ASBIR-ROS2/install/rclpy_message_converter_msgs/include/rclpy_message_converter_msgs/msg/detail/test_array__struct.h
[1.524s] -- Up-to-date: /home/aralab/ASBIR-ROS2/install/rclpy_message_converter_msgs/include/rclpy_message_converter_msgs/msg/detail/test_array__functions.h
[1.524s] -- Up-to-date: /home/aralab/ASBIR-ROS2/install/rclpy_message_converter_msgs/include/rclpy_message_converter_msgs/msg/detail/uint8_array_test_message__functions.c
[1.524s] -- Up-to-date: /home/aralab/ASBIR-ROS2/install/rclpy_message_converter_msgs/include/rclpy_message_converter_msgs/msg/detail/uint8_array_test_message__struct.h
[1.524s] -- Up-to-date: /home/aralab/ASBIR-ROS2/install/rclpy_message_converter_msgs/include/rclpy_message_converter_msgs/msg/detail/uint8_array3_test_message__type_support.h
[1.524s] -- Up-to-date: /home/aralab/ASBIR-ROS2/install/rclpy_message_converter_msgs/include/rclpy_message_converter_msgs/msg/detail/nested_uint8_array_test_message__struct.h
[1.524s] -- Up-to-date: /home/aralab/ASBIR-ROS2/install/rclpy_message_converter_msgs/include/rclpy_message_converter_msgs/msg/detail/nested_uint8_array_test_message__functions.c
[1.524s] -- Up-to-date: /home/aralab/ASBIR-ROS2/install/rclpy_message_converter_msgs/include/rclpy_message_converter_msgs/msg/detail/uint8_array_test_message__type_support.h
[1.525s] -- Up-to-date: /home/aralab/ASBIR-ROS2/install/rclpy_message_converter_msgs/include/rclpy_message_converter_msgs/msg/uint8_array_test_message.h
[1.525s] -- Up-to-date: /home/aralab/ASBIR-ROS2/install/rclpy_message_converter_msgs/include/rclpy_message_converter_msgs/msg/nested_uint8_array_test_message.h
[1.525s] -- Up-to-date: /home/aralab/ASBIR-ROS2/install/rclpy_message_converter_msgs/include/rclpy_message_converter_msgs/msg/rosidl_generator_c__visibility_control.h
[1.525s] -- Up-to-date: /home/aralab/ASBIR-ROS2/install/rclpy_message_converter_msgs/include/rclpy_message_converter_msgs/msg/test_array.h
[1.525s] -- Up-to-date: /home/aralab/ASBIR-ROS2/install/rclpy_message_converter_msgs/share/rclpy_message_converter_msgs/environment/library_path.sh
[1.525s] -- Up-to-date: /home/aralab/ASBIR-ROS2/install/rclpy_message_converter_msgs/share/rclpy_message_converter_msgs/environment/library_path.dsv
[1.525s] -- Up-to-date: /home/aralab/ASBIR-ROS2/install/rclpy_message_converter_msgs/lib/librclpy_message_converter_msgs__rosidl_generator_c.so
[1.525s] -- Up-to-date: /home/aralab/ASBIR-ROS2/install/rclpy_message_converter_msgs/include/rclpy_message_converter_msgs
[1.525s] -- Up-to-date: /home/aralab/ASBIR-ROS2/install/rclpy_message_converter_msgs/include/rclpy_message_converter_msgs/srv
[1.526s] -- Up-to-date: /home/aralab/ASBIR-ROS2/install/rclpy_message_converter_msgs/include/rclpy_message_converter_msgs/srv/detail
[1.526s] -- Up-to-date: /home/aralab/ASBIR-ROS2/install/rclpy_message_converter_msgs/include/rclpy_message_converter_msgs/srv/detail/nested_uint8_array_test_service__rosidl_typesupport_introspection_c.h
[1.526s] -- Up-to-date: /home/aralab/ASBIR-ROS2/install/rclpy_message_converter_msgs/include/rclpy_message_converter_msgs/srv/detail/nested_uint8_array_test_service__type_support.c
[1.526s] -- Up-to-date: /home/aralab/ASBIR-ROS2/install/rclpy_message_converter_msgs/include/rclpy_message_converter_msgs/msg
[1.526s] -- Up-to-date: /home/aralab/ASBIR-ROS2/install/rclpy_message_converter_msgs/include/rclpy_message_converter_msgs/msg/rosidl_typesupport_introspection_c__visibility_control.h
[1.526s] -- Up-to-date: /home/aralab/ASBIR-ROS2/install/rclpy_message_converter_msgs/include/rclpy_message_converter_msgs/msg/detail
[1.526s] -- Up-to-date: /home/aralab/ASBIR-ROS2/install/rclpy_message_converter_msgs/include/rclpy_message_converter_msgs/msg/detail/uint8_array_test_message__type_support.c
[1.526s] -- Up-to-date: /home/aralab/ASBIR-ROS2/install/rclpy_message_converter_msgs/include/rclpy_message_converter_msgs/msg/detail/uint8_array_test_message__rosidl_typesupport_introspection_c.h
[1.527s] -- Up-to-date: /home/aralab/ASBIR-ROS2/install/rclpy_message_converter_msgs/include/rclpy_message_converter_msgs/msg/detail/test_array__type_support.c
[1.527s] -- Up-to-date: /home/aralab/ASBIR-ROS2/install/rclpy_message_converter_msgs/include/rclpy_message_converter_msgs/msg/detail/test_array__rosidl_typesupport_introspection_c.h
[1.527s] -- Up-to-date: /home/aralab/ASBIR-ROS2/install/rclpy_message_converter_msgs/include/rclpy_message_converter_msgs/msg/detail/uint8_array3_test_message__rosidl_typesupport_introspection_c.h
[1.527s] -- Up-to-date: /home/aralab/ASBIR-ROS2/install/rclpy_message_converter_msgs/include/rclpy_message_converter_msgs/msg/detail/nested_uint8_array_test_message__rosidl_typesupport_introspection_c.h
[1.527s] -- Up-to-date: /home/aralab/ASBIR-ROS2/install/rclpy_message_converter_msgs/include/rclpy_message_converter_msgs/msg/detail/nested_uint8_array_test_message__type_support.c
[1.527s] -- Up-to-date: /home/aralab/ASBIR-ROS2/install/rclpy_message_converter_msgs/include/rclpy_message_converter_msgs/msg/detail/uint8_array3_test_message__type_support.c
[1.527s] -- Up-to-date: /home/aralab/ASBIR-ROS2/install/rclpy_message_converter_msgs/lib/librclpy_message_converter_msgs__rosidl_typesupport_introspection_c.so
[1.527s] -- Up-to-date: /home/aralab/ASBIR-ROS2/install/rclpy_message_converter_msgs/include/rclpy_message_converter_msgs
[1.527s] -- Up-to-date: /home/aralab/ASBIR-ROS2/install/rclpy_message_converter_msgs/include/rclpy_message_converter_msgs/srv
[1.528s] -- Up-to-date: /home/aralab/ASBIR-ROS2/install/rclpy_message_converter_msgs/include/rclpy_message_converter_msgs/srv/detail
[1.528s] -- Up-to-date: /home/aralab/ASBIR-ROS2/install/rclpy_message_converter_msgs/include/rclpy_message_converter_msgs/srv/detail/nested_uint8_array_test_service__rosidl_typesupport_fastrtps_c.h
[1.528s] -- Up-to-date: /home/aralab/ASBIR-ROS2/install/rclpy_message_converter_msgs/include/rclpy_message_converter_msgs/msg
[1.528s] -- Up-to-date: /home/aralab/ASBIR-ROS2/install/rclpy_message_converter_msgs/include/rclpy_message_converter_msgs/msg/detail
[1.528s] -- Up-to-date: /home/aralab/ASBIR-ROS2/install/rclpy_message_converter_msgs/include/rclpy_message_converter_msgs/msg/detail/nested_uint8_array_test_message__rosidl_typesupport_fastrtps_c.h
[1.528s] -- Up-to-date: /home/aralab/ASBIR-ROS2/install/rclpy_message_converter_msgs/include/rclpy_message_converter_msgs/msg/detail/test_array__rosidl_typesupport_fastrtps_c.h
[1.528s] -- Up-to-date: /home/aralab/ASBIR-ROS2/install/rclpy_message_converter_msgs/include/rclpy_message_converter_msgs/msg/detail/uint8_array3_test_message__rosidl_typesupport_fastrtps_c.h
[1.528s] -- Up-to-date: /home/aralab/ASBIR-ROS2/install/rclpy_message_converter_msgs/include/rclpy_message_converter_msgs/msg/detail/uint8_array_test_message__rosidl_typesupport_fastrtps_c.h
[1.528s] -- Up-to-date: /home/aralab/ASBIR-ROS2/install/rclpy_message_converter_msgs/include/rclpy_message_converter_msgs/msg/rosidl_typesupport_fastrtps_c__visibility_control.h
[1.529s] -- Up-to-date: /home/aralab/ASBIR-ROS2/install/rclpy_message_converter_msgs/lib/librclpy_message_converter_msgs__rosidl_typesupport_fastrtps_c.so
[1.529s] -- Up-to-date: /home/aralab/ASBIR-ROS2/install/rclpy_message_converter_msgs/include/rclpy_message_converter_msgs
[1.529s] -- Up-to-date: /home/aralab/ASBIR-ROS2/install/rclpy_message_converter_msgs/include/rclpy_message_converter_msgs/srv
[1.529s] -- Up-to-date: /home/aralab/ASBIR-ROS2/install/rclpy_message_converter_msgs/include/rclpy_message_converter_msgs/srv/detail
[1.529s] -- Up-to-date: /home/aralab/ASBIR-ROS2/install/rclpy_message_converter_msgs/include/rclpy_message_converter_msgs/srv/detail/dds_fastrtps
[1.529s] -- Up-to-date: /home/aralab/ASBIR-ROS2/install/rclpy_message_converter_msgs/include/rclpy_message_converter_msgs/srv/detail/nested_uint8_array_test_service__rosidl_typesupport_fastrtps_cpp.hpp
[1.529s] -- Up-to-date: /home/aralab/ASBIR-ROS2/install/rclpy_message_converter_msgs/include/rclpy_message_converter_msgs/msg
[1.529s] -- Up-to-date: /home/aralab/ASBIR-ROS2/install/rclpy_message_converter_msgs/include/rclpy_message_converter_msgs/msg/detail
[1.529s] -- Up-to-date: /home/aralab/ASBIR-ROS2/install/rclpy_message_converter_msgs/include/rclpy_message_converter_msgs/msg/detail/test_array__rosidl_typesupport_fastrtps_cpp.hpp
[1.530s] -- Up-to-date: /home/aralab/ASBIR-ROS2/install/rclpy_message_converter_msgs/include/rclpy_message_converter_msgs/msg/detail/nested_uint8_array_test_message__rosidl_typesupport_fastrtps_cpp.hpp
[1.530s] -- Up-to-date: /home/aralab/ASBIR-ROS2/install/rclpy_message_converter_msgs/include/rclpy_message_converter_msgs/msg/detail/dds_fastrtps
[1.530s] -- Up-to-date: /home/aralab/ASBIR-ROS2/install/rclpy_message_converter_msgs/include/rclpy_message_converter_msgs/msg/detail/uint8_array_test_message__rosidl_typesupport_fastrtps_cpp.hpp
[1.530s] -- Up-to-date: /home/aralab/ASBIR-ROS2/install/rclpy_message_converter_msgs/include/rclpy_message_converter_msgs/msg/detail/uint8_array3_test_message__rosidl_typesupport_fastrtps_cpp.hpp
[1.530s] -- Up-to-date: /home/aralab/ASBIR-ROS2/install/rclpy_message_converter_msgs/include/rclpy_message_converter_msgs/msg/rosidl_typesupport_fastrtps_cpp__visibility_control.h
[1.530s] -- Up-to-date: /home/aralab/ASBIR-ROS2/install/rclpy_message_converter_msgs/lib/librclpy_message_converter_msgs__rosidl_typesupport_fastrtps_cpp.so
[1.530s] -- Up-to-date: /home/aralab/ASBIR-ROS2/install/rclpy_message_converter_msgs/lib/librclpy_message_converter_msgs__rosidl_typesupport_c.so
[1.530s] -- Up-to-date: /home/aralab/ASBIR-ROS2/install/rclpy_message_converter_msgs/include/rclpy_message_converter_msgs
[1.531s] -- Up-to-date: /home/aralab/ASBIR-ROS2/install/rclpy_message_converter_msgs/include/rclpy_message_converter_msgs/srv
[1.531s] -- Up-to-date: /home/aralab/ASBIR-ROS2/install/rclpy_message_converter_msgs/include/rclpy_message_converter_msgs/srv/nested_uint8_array_test_service.hpp
[1.531s] -- Up-to-date: /home/aralab/ASBIR-ROS2/install/rclpy_message_converter_msgs/include/rclpy_message_converter_msgs/srv/detail
[1.531s] -- Up-to-date: /home/aralab/ASBIR-ROS2/install/rclpy_message_converter_msgs/include/rclpy_message_converter_msgs/srv/detail/nested_uint8_array_test_service__struct.hpp
[1.531s] -- Up-to-date: /home/aralab/ASBIR-ROS2/install/rclpy_message_converter_msgs/include/rclpy_message_converter_msgs/srv/detail/nested_uint8_array_test_service__traits.hpp
[1.531s] -- Up-to-date: /home/aralab/ASBIR-ROS2/install/rclpy_message_converter_msgs/include/rclpy_message_converter_msgs/srv/detail/nested_uint8_array_test_service__builder.hpp
[1.531s] -- Up-to-date: /home/aralab/ASBIR-ROS2/install/rclpy_message_converter_msgs/include/rclpy_message_converter_msgs/msg
[1.531s] -- Up-to-date: /home/aralab/ASBIR-ROS2/install/rclpy_message_converter_msgs/include/rclpy_message_converter_msgs/msg/uint8_array_test_message.hpp
[1.531s] -- Up-to-date: /home/aralab/ASBIR-ROS2/install/rclpy_message_converter_msgs/include/rclpy_message_converter_msgs/msg/nested_uint8_array_test_message.hpp
[1.532s] -- Up-to-date: /home/aralab/ASBIR-ROS2/install/rclpy_message_converter_msgs/include/rclpy_message_converter_msgs/msg/uint8_array3_test_message.hpp
[1.532s] -- Up-to-date: /home/aralab/ASBIR-ROS2/install/rclpy_message_converter_msgs/include/rclpy_message_converter_msgs/msg/detail
[1.532s] -- Up-to-date: /home/aralab/ASBIR-ROS2/install/rclpy_message_converter_msgs/include/rclpy_message_converter_msgs/msg/detail/uint8_array_test_message__struct.hpp
[1.532s] -- Up-to-date: /home/aralab/ASBIR-ROS2/install/rclpy_message_converter_msgs/include/rclpy_message_converter_msgs/msg/detail/nested_uint8_array_test_message__struct.hpp
[1.532s] -- Up-to-date: /home/aralab/ASBIR-ROS2/install/rclpy_message_converter_msgs/include/rclpy_message_converter_msgs/msg/detail/test_array__struct.hpp
[1.533s] -- Up-to-date: /home/aralab/ASBIR-ROS2/install/rclpy_message_converter_msgs/include/rclpy_message_converter_msgs/msg/detail/test_array__traits.hpp
[1.533s] -- Up-to-date: /home/aralab/ASBIR-ROS2/install/rclpy_message_converter_msgs/include/rclpy_message_converter_msgs/msg/detail/uint8_array_test_message__traits.hpp
[1.533s] -- Up-to-date: /home/aralab/ASBIR-ROS2/install/rclpy_message_converter_msgs/include/rclpy_message_converter_msgs/msg/detail/uint8_array3_test_message__struct.hpp
[1.533s] -- Up-to-date: /home/aralab/ASBIR-ROS2/install/rclpy_message_converter_msgs/include/rclpy_message_converter_msgs/msg/detail/nested_uint8_array_test_message__builder.hpp
[1.534s] -- Up-to-date: /home/aralab/ASBIR-ROS2/install/rclpy_message_converter_msgs/include/rclpy_message_converter_msgs/msg/detail/uint8_array3_test_message__builder.hpp
[1.534s] -- Up-to-date: /home/aralab/ASBIR-ROS2/install/rclpy_message_converter_msgs/include/rclpy_message_converter_msgs/msg/detail/uint8_array3_test_message__traits.hpp
[1.534s] -- Up-to-date: /home/aralab/ASBIR-ROS2/install/rclpy_message_converter_msgs/include/rclpy_message_converter_msgs/msg/detail/nested_uint8_array_test_message__traits.hpp
[1.534s] -- Up-to-date: /home/aralab/ASBIR-ROS2/install/rclpy_message_converter_msgs/include/rclpy_message_converter_msgs/msg/detail/uint8_array_test_message__builder.hpp
[1.534s] -- Up-to-date: /home/aralab/ASBIR-ROS2/install/rclpy_message_converter_msgs/include/rclpy_message_converter_msgs/msg/detail/test_array__builder.hpp
[1.534s] -- Up-to-date: /home/aralab/ASBIR-ROS2/install/rclpy_message_converter_msgs/include/rclpy_message_converter_msgs/msg/test_array.hpp
[1.534s] -- Up-to-date: /home/aralab/ASBIR-ROS2/install/rclpy_message_converter_msgs/include/rclpy_message_converter_msgs
[1.534s] -- Up-to-date: /home/aralab/ASBIR-ROS2/install/rclpy_message_converter_msgs/include/rclpy_message_converter_msgs/srv
[1.534s] -- Up-to-date: /home/aralab/ASBIR-ROS2/install/rclpy_message_converter_msgs/include/rclpy_message_converter_msgs/srv/detail
[1.535s] -- Up-to-date: /home/aralab/ASBIR-ROS2/install/rclpy_message_converter_msgs/include/rclpy_message_converter_msgs/srv/detail/nested_uint8_array_test_service__type_support.cpp
[1.535s] -- Up-to-date: /home/aralab/ASBIR-ROS2/install/rclpy_message_converter_msgs/include/rclpy_message_converter_msgs/srv/detail/nested_uint8_array_test_service__rosidl_typesupport_introspection_cpp.hpp
[1.535s] -- Up-to-date: /home/aralab/ASBIR-ROS2/install/rclpy_message_converter_msgs/include/rclpy_message_converter_msgs/msg
[1.535s] -- Up-to-date: /home/aralab/ASBIR-ROS2/install/rclpy_message_converter_msgs/include/rclpy_message_converter_msgs/msg/detail
[1.535s] -- Up-to-date: /home/aralab/ASBIR-ROS2/install/rclpy_message_converter_msgs/include/rclpy_message_converter_msgs/msg/detail/uint8_array_test_message__type_support.cpp
[1.535s] -- Up-to-date: /home/aralab/ASBIR-ROS2/install/rclpy_message_converter_msgs/include/rclpy_message_converter_msgs/msg/detail/uint8_array3_test_message__rosidl_typesupport_introspection_cpp.hpp
[1.535s] -- Up-to-date: /home/aralab/ASBIR-ROS2/install/rclpy_message_converter_msgs/include/rclpy_message_converter_msgs/msg/detail/nested_uint8_array_test_message__type_support.cpp
[1.536s] -- Up-to-date: /home/aralab/ASBIR-ROS2/install/rclpy_message_converter_msgs/include/rclpy_message_converter_msgs/msg/detail/uint8_array_test_message__rosidl_typesupport_introspection_cpp.hpp
[1.536s] -- Up-to-date: /home/aralab/ASBIR-ROS2/install/rclpy_message_converter_msgs/include/rclpy_message_converter_msgs/msg/detail/test_array__type_support.cpp
[1.536s] -- Up-to-date: /home/aralab/ASBIR-ROS2/install/rclpy_message_converter_msgs/include/rclpy_message_converter_msgs/msg/detail/nested_uint8_array_test_message__rosidl_typesupport_introspection_cpp.hpp
[1.536s] -- Up-to-date: /home/aralab/ASBIR-ROS2/install/rclpy_message_converter_msgs/include/rclpy_message_converter_msgs/msg/detail/test_array__rosidl_typesupport_introspection_cpp.hpp
[1.536s] -- Up-to-date: /home/aralab/ASBIR-ROS2/install/rclpy_message_converter_msgs/include/rclpy_message_converter_msgs/msg/detail/uint8_array3_test_message__type_support.cpp
[1.536s] -- Up-to-date: /home/aralab/ASBIR-ROS2/install/rclpy_message_converter_msgs/lib/librclpy_message_converter_msgs__rosidl_typesupport_introspection_cpp.so
[1.536s] -- Up-to-date: /home/aralab/ASBIR-ROS2/install/rclpy_message_converter_msgs/lib/librclpy_message_converter_msgs__rosidl_typesupport_cpp.so
[1.537s] -- Up-to-date: /home/aralab/ASBIR-ROS2/install/rclpy_message_converter_msgs/share/rclpy_message_converter_msgs/environment/pythonpath.sh
[1.537s] -- Up-to-date: /home/aralab/ASBIR-ROS2/install/rclpy_message_converter_msgs/share/rclpy_message_converter_msgs/environment/pythonpath.dsv
[1.537s] -- Up-to-date: /home/aralab/ASBIR-ROS2/install/rclpy_message_converter_msgs/lib/python3.8/site-packages/rclpy_message_converter_msgs/__init__.py
[1.741s] -- Up-to-date: /home/aralab/ASBIR-ROS2/install/rclpy_message_converter_msgs/lib/python3.8/site-packages/rclpy_message_converter_msgs/msg
[1.741s] -- Up-to-date: /home/aralab/ASBIR-ROS2/install/rclpy_message_converter_msgs/lib/python3.8/site-packages/rclpy_message_converter_msgs/msg/__init__.py
[1.742s] -- Up-to-date: /home/aralab/ASBIR-ROS2/install/rclpy_message_converter_msgs/lib/python3.8/site-packages/rclpy_message_converter_msgs/msg/_uint8_array_test_message_s.c
[1.742s] -- Up-to-date: /home/aralab/ASBIR-ROS2/install/rclpy_message_converter_msgs/lib/python3.8/site-packages/rclpy_message_converter_msgs/msg/_test_array.py
[1.742s] -- Up-to-date: /home/aralab/ASBIR-ROS2/install/rclpy_message_converter_msgs/lib/python3.8/site-packages/rclpy_message_converter_msgs/msg/_test_array_s.c
[1.742s] -- Up-to-date: /home/aralab/ASBIR-ROS2/install/rclpy_message_converter_msgs/lib/python3.8/site-packages/rclpy_message_converter_msgs/msg/_uint8_array3_test_message.py
[1.742s] -- Up-to-date: /home/aralab/ASBIR-ROS2/install/rclpy_message_converter_msgs/lib/python3.8/site-packages/rclpy_message_converter_msgs/msg/_uint8_array3_test_message_s.c
[1.742s] -- Up-to-date: /home/aralab/ASBIR-ROS2/install/rclpy_message_converter_msgs/lib/python3.8/site-packages/rclpy_message_converter_msgs/msg/_nested_uint8_array_test_message_s.c
[1.742s] -- Up-to-date: /home/aralab/ASBIR-ROS2/install/rclpy_message_converter_msgs/lib/python3.8/site-packages/rclpy_message_converter_msgs/msg/_nested_uint8_array_test_message.py
[1.742s] -- Up-to-date: /home/aralab/ASBIR-ROS2/install/rclpy_message_converter_msgs/lib/python3.8/site-packages/rclpy_message_converter_msgs/msg/_uint8_array_test_message.py
[1.742s] -- Up-to-date: /home/aralab/ASBIR-ROS2/install/rclpy_message_converter_msgs/lib/python3.8/site-packages/rclpy_message_converter_msgs/srv
[1.743s] -- Up-to-date: /home/aralab/ASBIR-ROS2/install/rclpy_message_converter_msgs/lib/python3.8/site-packages/rclpy_message_converter_msgs/srv/_nested_uint8_array_test_service.py
[1.743s] -- Up-to-date: /home/aralab/ASBIR-ROS2/install/rclpy_message_converter_msgs/lib/python3.8/site-packages/rclpy_message_converter_msgs/srv/__init__.py
[1.743s] -- Up-to-date: /home/aralab/ASBIR-ROS2/install/rclpy_message_converter_msgs/lib/python3.8/site-packages/rclpy_message_converter_msgs/srv/_nested_uint8_array_test_service_s.c
[1.743s] -- Up-to-date: /home/aralab/ASBIR-ROS2/install/rclpy_message_converter_msgs/lib/python3.8/site-packages/rclpy_message_converter_msgs/rclpy_message_converter_msgs_s__rosidl_typesupport_introspection_c.cpython-38-x86_64-linux-gnu.so
[1.743s] -- Up-to-date: /home/aralab/ASBIR-ROS2/install/rclpy_message_converter_msgs/lib/python3.8/site-packages/rclpy_message_converter_msgs/rclpy_message_converter_msgs_s__rosidl_typesupport_fastrtps_c.cpython-38-x86_64-linux-gnu.so
[1.744s] -- Up-to-date: /home/aralab/ASBIR-ROS2/install/rclpy_message_converter_msgs/lib/python3.8/site-packages/rclpy_message_converter_msgs/rclpy_message_converter_msgs_s__rosidl_typesupport_c.cpython-38-x86_64-linux-gnu.so
[1.745s] -- Up-to-date: /home/aralab/ASBIR-ROS2/install/rclpy_message_converter_msgs/lib/librclpy_message_converter_msgs__python.so
[1.745s] -- Up-to-date: /home/aralab/ASBIR-ROS2/install/rclpy_message_converter_msgs/share/rclpy_message_converter_msgs/msg/NestedUint8ArrayTestMessage.idl
[1.745s] -- Up-to-date: /home/aralab/ASBIR-ROS2/install/rclpy_message_converter_msgs/share/rclpy_message_converter_msgs/msg/TestArray.idl
[1.746s] -- Up-to-date: /home/aralab/ASBIR-ROS2/install/rclpy_message_converter_msgs/share/rclpy_message_converter_msgs/msg/Uint8Array3TestMessage.idl
[1.746s] -- Up-to-date: /home/aralab/ASBIR-ROS2/install/rclpy_message_converter_msgs/share/rclpy_message_converter_msgs/msg/Uint8ArrayTestMessage.idl
[1.746s] -- Up-to-date: /home/aralab/ASBIR-ROS2/install/rclpy_message_converter_msgs/share/rclpy_message_converter_msgs/srv/NestedUint8ArrayTestService.idl
[1.746s] -- Up-to-date: /home/aralab/ASBIR-ROS2/install/rclpy_message_converter_msgs/share/rclpy_message_converter_msgs/msg/NestedUint8ArrayTestMessage.msg
[1.746s] -- Up-to-date: /home/aralab/ASBIR-ROS2/install/rclpy_message_converter_msgs/share/rclpy_message_converter_msgs/msg/TestArray.msg
[1.746s] -- Up-to-date: /home/aralab/ASBIR-ROS2/install/rclpy_message_converter_msgs/share/rclpy_message_converter_msgs/msg/Uint8Array3TestMessage.msg
[1.747s] -- Up-to-date: /home/aralab/ASBIR-ROS2/install/rclpy_message_converter_msgs/share/rclpy_message_converter_msgs/msg/Uint8ArrayTestMessage.msg
[1.747s] -- Up-to-date: /home/aralab/ASBIR-ROS2/install/rclpy_message_converter_msgs/share/rclpy_message_converter_msgs/srv/NestedUint8ArrayTestService.srv
[1.747s] -- Up-to-date: /home/aralab/ASBIR-ROS2/install/rclpy_message_converter_msgs/share/rclpy_message_converter_msgs/srv/NestedUint8ArrayTestService_Request.msg
[1.747s] -- Up-to-date: /home/aralab/ASBIR-ROS2/install/rclpy_message_converter_msgs/share/rclpy_message_converter_msgs/srv/NestedUint8ArrayTestService_Response.msg
[1.747s] -- Up-to-date: /home/aralab/ASBIR-ROS2/install/rclpy_message_converter_msgs/share/ament_index/resource_index/package_run_dependencies/rclpy_message_converter_msgs
[1.747s] -- Up-to-date: /home/aralab/ASBIR-ROS2/install/rclpy_message_converter_msgs/share/ament_index/resource_index/parent_prefix_path/rclpy_message_converter_msgs
[1.747s] -- Up-to-date: /home/aralab/ASBIR-ROS2/install/rclpy_message_converter_msgs/share/rclpy_message_converter_msgs/environment/ament_prefix_path.dsv
[1.747s] -- Up-to-date: /home/aralab/ASBIR-ROS2/install/rclpy_message_converter_msgs/share/rclpy_message_converter_msgs/environment/path.dsv
[1.748s] -- Up-to-date: /home/aralab/ASBIR-ROS2/install/rclpy_message_converter_msgs/share/rclpy_message_converter_msgs/local_setup.bash
[1.748s] -- Up-to-date: /home/aralab/ASBIR-ROS2/install/rclpy_message_converter_msgs/share/rclpy_message_converter_msgs/local_setup.sh
[1.748s] -- Up-to-date: /home/aralab/ASBIR-ROS2/install/rclpy_message_converter_msgs/share/rclpy_message_converter_msgs/local_setup.zsh
[1.748s] -- Up-to-date: /home/aralab/ASBIR-ROS2/install/rclpy_message_converter_msgs/share/rclpy_message_converter_msgs/local_setup.dsv
[1.748s] -- Installing: /home/aralab/ASBIR-ROS2/install/rclpy_message_converter_msgs/share/rclpy_message_converter_msgs/package.dsv
[1.748s] -- Up-to-date: /home/aralab/ASBIR-ROS2/install/rclpy_message_converter_msgs/share/ament_index/resource_index/packages/rclpy_message_converter_msgs
[1.748s] -- Up-to-date: /home/aralab/ASBIR-ROS2/install/rclpy_message_converter_msgs/share/rclpy_message_converter_msgs/cmake/rclpy_message_converter_msgs__rosidl_generator_cExport.cmake
[1.748s] -- Up-to-date: /home/aralab/ASBIR-ROS2/install/rclpy_message_converter_msgs/share/rclpy_message_converter_msgs/cmake/rclpy_message_converter_msgs__rosidl_generator_cExport-noconfig.cmake
[1.749s] -- Up-to-date: /home/aralab/ASBIR-ROS2/install/rclpy_message_converter_msgs/share/rclpy_message_converter_msgs/cmake/rclpy_message_converter_msgs__rosidl_typesupport_introspection_cExport.cmake
[1.749s] -- Up-to-date: /home/aralab/ASBIR-ROS2/install/rclpy_message_converter_msgs/share/rclpy_message_converter_msgs/cmake/rclpy_message_converter_msgs__rosidl_typesupport_introspection_cExport-noconfig.cmake
[1.749s] -- Up-to-date: /home/aralab/ASBIR-ROS2/install/rclpy_message_converter_msgs/share/rclpy_message_converter_msgs/cmake/rclpy_message_converter_msgs__rosidl_typesupport_cExport.cmake
[1.749s] -- Up-to-date: /home/aralab/ASBIR-ROS2/install/rclpy_message_converter_msgs/share/rclpy_message_converter_msgs/cmake/rclpy_message_converter_msgs__rosidl_typesupport_cExport-noconfig.cmake
[1.749s] -- Up-to-date: /home/aralab/ASBIR-ROS2/install/rclpy_message_converter_msgs/share/rclpy_message_converter_msgs/cmake/rclpy_message_converter_msgs__rosidl_generator_cppExport.cmake
[1.749s] -- Up-to-date: /home/aralab/ASBIR-ROS2/install/rclpy_message_converter_msgs/share/rclpy_message_converter_msgs/cmake/rclpy_message_converter_msgs__rosidl_typesupport_introspection_cppExport.cmake
[1.749s] -- Up-to-date: /home/aralab/ASBIR-ROS2/install/rclpy_message_converter_msgs/share/rclpy_message_converter_msgs/cmake/rclpy_message_converter_msgs__rosidl_typesupport_introspection_cppExport-noconfig.cmake
[1.749s] -- Up-to-date: /home/aralab/ASBIR-ROS2/install/rclpy_message_converter_msgs/share/rclpy_message_converter_msgs/cmake/rclpy_message_converter_msgs__rosidl_typesupport_cppExport.cmake
[1.749s] -- Up-to-date: /home/aralab/ASBIR-ROS2/install/rclpy_message_converter_msgs/share/rclpy_message_converter_msgs/cmake/rclpy_message_converter_msgs__rosidl_typesupport_cppExport-noconfig.cmake
[1.750s] -- Up-to-date: /home/aralab/ASBIR-ROS2/install/rclpy_message_converter_msgs/share/rclpy_message_converter_msgs/cmake/rosidl_cmake-extras.cmake
[1.750s] -- Up-to-date: /home/aralab/ASBIR-ROS2/install/rclpy_message_converter_msgs/share/rclpy_message_converter_msgs/cmake/ament_cmake_export_dependencies-extras.cmake
[1.755s] -- Up-to-date: /home/aralab/ASBIR-ROS2/install/rclpy_message_converter_msgs/share/rclpy_message_converter_msgs/cmake/ament_cmake_export_libraries-extras.cmake
[1.762s] -- Up-to-date: /home/aralab/ASBIR-ROS2/install/rclpy_message_converter_msgs/share/rclpy_message_converter_msgs/cmake/ament_cmake_export_targets-extras.cmake
[1.762s] -- Up-to-date: /home/aralab/ASBIR-ROS2/install/rclpy_message_converter_msgs/share/rclpy_message_converter_msgs/cmake/ament_cmake_export_include_directories-extras.cmake
[1.763s] -- Up-to-date: /home/aralab/ASBIR-ROS2/install/rclpy_message_converter_msgs/share/rclpy_message_converter_msgs/cmake/rosidl_cmake_export_typesupport_targets-extras.cmake
[1.763s] -- Up-to-date: /home/aralab/ASBIR-ROS2/install/rclpy_message_converter_msgs/share/rclpy_message_converter_msgs/cmake/rosidl_cmake_export_typesupport_libraries-extras.cmake
[1.763s] -- Up-to-date: /home/aralab/ASBIR-ROS2/install/rclpy_message_converter_msgs/share/rclpy_message_converter_msgs/cmake/rclpy_message_converter_msgsConfig.cmake
[1.763s] -- Up-to-date: /home/aralab/ASBIR-ROS2/install/rclpy_message_converter_msgs/share/rclpy_message_converter_msgs/cmake/rclpy_message_converter_msgsConfig-version.cmake
[1.763s] -- Up-to-date: /home/aralab/ASBIR-ROS2/install/rclpy_message_converter_msgs/share/rclpy_message_converter_msgs/package.xml
[1.856s] Invoked command in '/home/aralab/ASBIR-ROS2/build/rclpy_message_converter_msgs' returned '0': CMAKE_PREFIX_PATH=${CMAKE_PREFIX_PATH}:/home/aralab/ASBIR-ROS2/install/realsense2_description:/home/aralab/ASBIR-ROS2/install/rclpy_message_converter:/home/aralab/ros2_foxy/install/ros2bag:/home/aralab/ros2_foxy/install/tracetools_launch:/home/aralab/ros2_foxy/install/topic_monitor:/home/aralab/ros2_foxy/install/examples_tf2_py:/home/aralab/ros2_foxy/install/sros2:/home/aralab/ros2_foxy/install/rqt_topic:/home/aralab/ros2_foxy/install/rqt_top:/home/aralab/ros2_foxy/install/rqt_srv:/home/aralab/ros2_foxy/install/rqt_shell:/home/aralab/ros2_foxy/install/rqt_service_caller:/home/aralab/ros2_foxy/install/rqt_reconfigure:/home/aralab/ros2_foxy/install/rqt_py_console:/home/aralab/ros2_foxy/install/rqt_publisher:/home/aralab/ros2_foxy/install/rqt_plot:/home/aralab/ros2_foxy/install/rqt_action:/home/aralab/ros2_foxy/install/rqt_msg:/home/aralab/ros2_foxy/install/rqt_console:/home/aralab/ros2_foxy/install/rqt:/home/aralab/ros2_foxy/install/rqt_graph:/home/aralab/ros2_foxy/install/rqt_gui_py:/home/aralab/ros2_foxy/install/rqt_gui:/home/aralab/ros2_foxy/install/ros2trace:/home/aralab/ros2_foxy/install/ros2topic:/home/aralab/ros2_foxy/install/ros2test:/home/aralab/ros2_foxy/install/ros2component:/home/aralab/ros2_foxy/install/ros2param:/home/aralab/ros2_foxy/install/ros2lifecycle:/home/aralab/ros2_foxy/install/ros2service:/home/aralab/ros2_foxy/install/ros2run:/home/aralab/ros2_foxy/install/ros2launch:/home/aralab/ros2_foxy/install/ros2pkg:/home/aralab/ros2_foxy/install/ros2node:/home/aralab/ros2_foxy/install/ros2multicast:/home/aralab/ros2_foxy/install/ros2interface:/home/aralab/ros2_foxy/install/ros2doctor:/home/aralab/ros2_foxy/install/ros2action:/home/aralab/ros2_foxy/install/ros2cli:/home/aralab/ros2_foxy/install/quality_of_service_demo_py:/home/aralab/ros2_foxy/install/launch_testing_ros:/home/aralab/ros2_foxy/install/launch_ros:/home/aralab/ros2_foxy/install/examples_rclpy_minimal_subscriber:/home/aralab/ros2_foxy/install/examples_rclpy_minimal_service:/home/aralab/ros2_foxy/install/examples_rclpy_minimal_publisher:/home/aralab/ros2_foxy/install/examples_rclpy_minimal_client:/home/aralab/ros2_foxy/install/examples_rclpy_minimal_action_server:/home/aralab/ros2_foxy/install/examples_rclpy_minimal_action_client:/home/aralab/ros2_foxy/install/examples_rclpy_executors:/home/aralab/ros2_foxy/install/demo_nodes_py:/home/aralab/ros2_foxy/install/action_tutorials_py:/home/aralab/ros2_foxy/install/ament_uncrustify:/home/aralab/ros2_foxy/install/tracetools_trace:/home/aralab/ros2_foxy/install/tracetools_read:/home/aralab/ros2_foxy/install/test_launch_ros:/home/aralab/ros2_foxy/install/sensor_msgs_py:/home/aralab/ros2_foxy/install/rpyutils:/home/aralab/ros2_foxy/install/rosidl_runtime_py:/home/aralab/ros2_foxy/install/launch_yaml:/home/aralab/ros2_foxy/install/launch_xml:/home/aralab/ros2_foxy/install/launch_testing:/home/aralab/ros2_foxy/install/launch:/home/aralab/ros2_foxy/install/osrf_pycommon:/home/aralab/ros2_foxy/install/domain_coordinator:/home/aralab/ros2_foxy/install/ament_xmllint:/home/aralab/ros2_foxy/install/ament_pyflakes:/home/aralab/ros2_foxy/install/ament_pycodestyle:/home/aralab/ros2_foxy/install/ament_pep257:/home/aralab/ros2_foxy/install/ament_pclint:/home/aralab/ros2_foxy/install/ament_package:/home/aralab/ros2_foxy/install/ament_mypy:/home/aralab/ros2_foxy/install/ament_lint_cmake:/home/aralab/ros2_foxy/install/ament_flake8:/home/aralab/ros2_foxy/install/ament_copyright:/home/aralab/ros2_foxy/install/ament_lint:/home/aralab/ros2_foxy/install/ament_index_python:/home/aralab/ros2_foxy/install/ament_cpplint:/home/aralab/ros2_foxy/install/ament_cppcheck:/home/aralab/ros2_foxy/install/ament_clang_tidy:/home/aralab/ros2_foxy/install/ament_clang_format /usr/bin/cmake --install /home/aralab/ASBIR-ROS2/build/rclpy_message_converter_msgs
