[2.492s] Invoking command in '/home/aralab/ASBIR-ROS2/src/asbir_serial': PYTHONPATH=/home/aralab/ASBIR-ROS2/build/asbir_serial/prefix_override:/home/aralab/ASBIR-ROS2/install/asbir_serial/lib/python3.8/site-packages:${PYTHONPATH} /usr/bin/python3 setup.py egg_info --egg-base ../../build/asbir_serial build --build-base /home/aralab/ASBIR-ROS2/build/asbir_serial/build install --record /home/aralab/ASBIR-ROS2/build/asbir_serial/install.log --install-scripts $base/lib/asbir_serial --single-version-externally-managed
[2.794s] running egg_info
[2.795s] creating ../../build/asbir_serial/asbir_serial.egg-info
[2.795s] writing ../../build/asbir_serial/asbir_serial.egg-info/PKG-INFO
[2.795s] writing dependency_links to ../../build/asbir_serial/asbir_serial.egg-info/dependency_links.txt
[2.795s] writing entry points to ../../build/asbir_serial/asbir_serial.egg-info/entry_points.txt
[2.795s] writing requirements to ../../build/asbir_serial/asbir_serial.egg-info/requires.txt
[2.796s] writing top-level names to ../../build/asbir_serial/asbir_serial.egg-info/top_level.txt
[2.797s] writing manifest file '../../build/asbir_serial/asbir_serial.egg-info/SOURCES.txt'
[2.837s] reading manifest file '../../build/asbir_serial/asbir_serial.egg-info/SOURCES.txt'
[2.838s] writing manifest file '../../build/asbir_serial/asbir_serial.egg-info/SOURCES.txt'
[2.838s] running build
[2.838s] running build_py
[2.838s] creating /home/aralab/ASBIR-ROS2/build/asbir_serial/build
[2.838s] creating /home/aralab/ASBIR-ROS2/build/asbir_serial/build/lib
[2.838s] creating /home/aralab/ASBIR-ROS2/build/asbir_serial/build/lib/asbir_serial
[2.838s] copying asbir_serial/serialComm.py -> /home/aralab/ASBIR-ROS2/build/asbir_serial/build/lib/asbir_serial
[2.838s] copying asbir_serial/__init__.py -> /home/aralab/ASBIR-ROS2/build/asbir_serial/build/lib/asbir_serial
[2.839s] running install
[2.840s] running install_lib
[2.841s] creating /home/aralab/ASBIR-ROS2/install/asbir_serial/lib/python3.8/site-packages/asbir_serial
[2.842s] copying /home/aralab/ASBIR-ROS2/build/asbir_serial/build/lib/asbir_serial/serialComm.py -> /home/aralab/ASBIR-ROS2/install/asbir_serial/lib/python3.8/site-packages/asbir_serial
[2.842s] copying /home/aralab/ASBIR-ROS2/build/asbir_serial/build/lib/asbir_serial/__init__.py -> /home/aralab/ASBIR-ROS2/install/asbir_serial/lib/python3.8/site-packages/asbir_serial
[2.843s] byte-compiling /home/aralab/ASBIR-ROS2/install/asbir_serial/lib/python3.8/site-packages/asbir_serial/serialComm.py to serialComm.cpython-38.pyc
[2.845s] byte-compiling /home/aralab/ASBIR-ROS2/install/asbir_serial/lib/python3.8/site-packages/asbir_serial/__init__.py to __init__.cpython-38.pyc
[2.845s] running install_data
[2.846s] creating /home/aralab/ASBIR-ROS2/install/asbir_serial/share/ament_index
[2.846s] creating /home/aralab/ASBIR-ROS2/install/asbir_serial/share/ament_index/resource_index
[2.846s] creating /home/aralab/ASBIR-ROS2/install/asbir_serial/share/ament_index/resource_index/packages
[2.846s] copying resource/asbir_serial -> /home/aralab/ASBIR-ROS2/install/asbir_serial/share/ament_index/resource_index/packages
[2.846s] copying package.xml -> /home/aralab/ASBIR-ROS2/install/asbir_serial/share/asbir_serial
[2.846s] running install_egg_info
[2.849s] Copying ../../build/asbir_serial/asbir_serial.egg-info to /home/aralab/ASBIR-ROS2/install/asbir_serial/lib/python3.8/site-packages/asbir_serial-0.0.0-py3.8.egg-info
[2.850s] running install_scripts
[2.872s] Installing serialComm script to /home/aralab/ASBIR-ROS2/install/asbir_serial/lib/asbir_serial
[2.873s] writing list of installed files to '/home/aralab/ASBIR-ROS2/build/asbir_serial/install.log'
[2.909s] Invoked command in '/home/aralab/ASBIR-ROS2/src/asbir_serial' returned '0': PYTHONPATH=/home/aralab/ASBIR-ROS2/build/asbir_serial/prefix_override:/home/aralab/ASBIR-ROS2/install/asbir_serial/lib/python3.8/site-packages:${PYTHONPATH} /usr/bin/python3 setup.py egg_info --egg-base ../../build/asbir_serial build --build-base /home/aralab/ASBIR-ROS2/build/asbir_serial/build install --record /home/aralab/ASBIR-ROS2/build/asbir_serial/install.log --install-scripts $base/lib/asbir_serial --single-version-externally-managed
