[1.985s] Invoking command in '/home/aralab/ASBIR-ROS2/src/asbir_xavier_gpio': PYTHONPATH=/home/aralab/ASBIR-ROS2/build/asbir_xavier_gpio/prefix_override:/home/aralab/ASBIR-ROS2/install/asbir_xavier_gpio/lib/python3.8/site-packages:${PYTHONPATH} /usr/bin/python3 setup.py egg_info --egg-base ../../build/asbir_xavier_gpio build --build-base /home/aralab/ASBIR-ROS2/build/asbir_xavier_gpio/build install --record /home/aralab/ASBIR-ROS2/build/asbir_xavier_gpio/install.log --install-scripts $base/lib/asbir_xavier_gpio --single-version-externally-managed
[2.261s] running egg_info
[2.262s] creating ../../build/asbir_xavier_gpio/asbir_xavier_gpio.egg-info
[2.262s] writing ../../build/asbir_xavier_gpio/asbir_xavier_gpio.egg-info/PKG-INFO
[2.262s] writing dependency_links to ../../build/asbir_xavier_gpio/asbir_xavier_gpio.egg-info/dependency_links.txt
[2.263s] writing entry points to ../../build/asbir_xavier_gpio/asbir_xavier_gpio.egg-info/entry_points.txt
[2.263s] writing requirements to ../../build/asbir_xavier_gpio/asbir_xavier_gpio.egg-info/requires.txt
[2.263s] writing top-level names to ../../build/asbir_xavier_gpio/asbir_xavier_gpio.egg-info/top_level.txt
[2.264s] writing manifest file '../../build/asbir_xavier_gpio/asbir_xavier_gpio.egg-info/SOURCES.txt'
[2.303s] reading manifest file '../../build/asbir_xavier_gpio/asbir_xavier_gpio.egg-info/SOURCES.txt'
[2.305s] writing manifest file '../../build/asbir_xavier_gpio/asbir_xavier_gpio.egg-info/SOURCES.txt'
[2.306s] running build
[2.306s] running build_py
[2.306s] creating /home/aralab/ASBIR-ROS2/build/asbir_xavier_gpio/build
[2.306s] creating /home/aralab/ASBIR-ROS2/build/asbir_xavier_gpio/build/lib
[2.306s] creating /home/aralab/ASBIR-ROS2/build/asbir_xavier_gpio/build/lib/asbir_xavier_gpio
[2.306s] copying asbir_xavier_gpio/servoControl.py -> /home/aralab/ASBIR-ROS2/build/asbir_xavier_gpio/build/lib/asbir_xavier_gpio
[2.306s] copying asbir_xavier_gpio/__init__.py -> /home/aralab/ASBIR-ROS2/build/asbir_xavier_gpio/build/lib/asbir_xavier_gpio
[2.307s] running install
[2.307s] running install_lib
[2.308s] creating /home/aralab/ASBIR-ROS2/install/asbir_xavier_gpio/lib/python3.8/site-packages/asbir_xavier_gpio
[2.308s] copying /home/aralab/ASBIR-ROS2/build/asbir_xavier_gpio/build/lib/asbir_xavier_gpio/servoControl.py -> /home/aralab/ASBIR-ROS2/install/asbir_xavier_gpio/lib/python3.8/site-packages/asbir_xavier_gpio
[2.309s] copying /home/aralab/ASBIR-ROS2/build/asbir_xavier_gpio/build/lib/asbir_xavier_gpio/__init__.py -> /home/aralab/ASBIR-ROS2/install/asbir_xavier_gpio/lib/python3.8/site-packages/asbir_xavier_gpio
[2.310s] byte-compiling /home/aralab/ASBIR-ROS2/install/asbir_xavier_gpio/lib/python3.8/site-packages/asbir_xavier_gpio/servoControl.py to servoControl.cpython-38.pyc
[2.312s] byte-compiling /home/aralab/ASBIR-ROS2/install/asbir_xavier_gpio/lib/python3.8/site-packages/asbir_xavier_gpio/__init__.py to __init__.cpython-38.pyc
[2.312s] running install_data
[2.313s] creating /home/aralab/ASBIR-ROS2/install/asbir_xavier_gpio/share/ament_index
[2.313s] creating /home/aralab/ASBIR-ROS2/install/asbir_xavier_gpio/share/ament_index/resource_index
[2.313s] creating /home/aralab/ASBIR-ROS2/install/asbir_xavier_gpio/share/ament_index/resource_index/packages
[2.314s] copying resource/asbir_xavier_gpio -> /home/aralab/ASBIR-ROS2/install/asbir_xavier_gpio/share/ament_index/resource_index/packages
[2.314s] copying package.xml -> /home/aralab/ASBIR-ROS2/install/asbir_xavier_gpio/share/asbir_xavier_gpio
[2.314s] running install_egg_info
[2.315s] Copying ../../build/asbir_xavier_gpio/asbir_xavier_gpio.egg-info to /home/aralab/ASBIR-ROS2/install/asbir_xavier_gpio/lib/python3.8/site-packages/asbir_xavier_gpio-0.0.0-py3.8.egg-info
[2.316s] running install_scripts
[2.334s] Installing xavierGPIO script to /home/aralab/ASBIR-ROS2/install/asbir_xavier_gpio/lib/asbir_xavier_gpio
[2.334s] writing list of installed files to '/home/aralab/ASBIR-ROS2/build/asbir_xavier_gpio/install.log'
[2.414s] Invoked command in '/home/aralab/ASBIR-ROS2/src/asbir_xavier_gpio' returned '0': PYTHONPATH=/home/aralab/ASBIR-ROS2/build/asbir_xavier_gpio/prefix_override:/home/aralab/ASBIR-ROS2/install/asbir_xavier_gpio/lib/python3.8/site-packages:${PYTHONPATH} /usr/bin/python3 setup.py egg_info --egg-base ../../build/asbir_xavier_gpio build --build-base /home/aralab/ASBIR-ROS2/build/asbir_xavier_gpio/build install --record /home/aralab/ASBIR-ROS2/build/asbir_xavier_gpio/install.log --install-scripts $base/lib/asbir_xavier_gpio --single-version-externally-managed
