[0.058s] Invoking command in '/home/aralab/ASBIR-ROS2/build/rclpy_message_converter_msgs': CMAKE_PREFIX_PATH=${CMAKE_PREFIX_PATH}:/home/aralab/ros2_foxy/install/ros2bag:/home/aralab/ros2_foxy/install/tracetools_launch:/home/aralab/ros2_foxy/install/topic_monitor:/home/aralab/ros2_foxy/install/examples_tf2_py:/home/aralab/ros2_foxy/install/sros2:/home/aralab/ros2_foxy/install/rqt_topic:/home/aralab/ros2_foxy/install/rqt_top:/home/aralab/ros2_foxy/install/rqt_srv:/home/aralab/ros2_foxy/install/rqt_shell:/home/aralab/ros2_foxy/install/rqt_service_caller:/home/aralab/ros2_foxy/install/rqt_reconfigure:/home/aralab/ros2_foxy/install/rqt_py_console:/home/aralab/ros2_foxy/install/rqt_publisher:/home/aralab/ros2_foxy/install/rqt_plot:/home/aralab/ros2_foxy/install/rqt_action:/home/aralab/ros2_foxy/install/rqt_msg:/home/aralab/ros2_foxy/install/rqt_console:/home/aralab/ros2_foxy/install/rqt:/home/aralab/ros2_foxy/install/rqt_graph:/home/aralab/ros2_foxy/install/rqt_gui_py:/home/aralab/ros2_foxy/install/rqt_gui:/home/aralab/ros2_foxy/install/ros2trace:/home/aralab/ros2_foxy/install/ros2topic:/home/aralab/ros2_foxy/install/ros2test:/home/aralab/ros2_foxy/install/ros2component:/home/aralab/ros2_foxy/install/ros2param:/home/aralab/ros2_foxy/install/ros2lifecycle:/home/aralab/ros2_foxy/install/ros2service:/home/aralab/ros2_foxy/install/ros2run:/home/aralab/ros2_foxy/install/ros2launch:/home/aralab/ros2_foxy/install/ros2pkg:/home/aralab/ros2_foxy/install/ros2node:/home/aralab/ros2_foxy/install/ros2multicast:/home/aralab/ros2_foxy/install/ros2interface:/home/aralab/ros2_foxy/install/ros2doctor:/home/aralab/ros2_foxy/install/ros2action:/home/aralab/ros2_foxy/install/ros2cli:/home/aralab/ros2_foxy/install/quality_of_service_demo_py:/home/aralab/ros2_foxy/install/launch_testing_ros:/home/aralab/ros2_foxy/install/launch_ros:/home/aralab/ros2_foxy/install/examples_rclpy_minimal_subscriber:/home/aralab/ros2_foxy/install/examples_rclpy_minimal_service:/home/aralab/ros2_foxy/install/examples_rclpy_minimal_publisher:/home/aralab/ros2_foxy/install/examples_rclpy_minimal_client:/home/aralab/ros2_foxy/install/examples_rclpy_minimal_action_server:/home/aralab/ros2_foxy/install/examples_rclpy_minimal_action_client:/home/aralab/ros2_foxy/install/examples_rclpy_executors:/home/aralab/ros2_foxy/install/demo_nodes_py:/home/aralab/ros2_foxy/install/action_tutorials_py:/home/aralab/ros2_foxy/install/ament_uncrustify:/home/aralab/ros2_foxy/install/tracetools_trace:/home/aralab/ros2_foxy/install/tracetools_read:/home/aralab/ros2_foxy/install/test_launch_ros:/home/aralab/ros2_foxy/install/sensor_msgs_py:/home/aralab/ros2_foxy/install/rpyutils:/home/aralab/ros2_foxy/install/rosidl_runtime_py:/home/aralab/ros2_foxy/install/launch_yaml:/home/aralab/ros2_foxy/install/launch_xml:/home/aralab/ros2_foxy/install/launch_testing:/home/aralab/ros2_foxy/install/launch:/home/aralab/ros2_foxy/install/osrf_pycommon:/home/aralab/ros2_foxy/install/domain_coordinator:/home/aralab/ros2_foxy/install/ament_xmllint:/home/aralab/ros2_foxy/install/ament_pyflakes:/home/aralab/ros2_foxy/install/ament_pycodestyle:/home/aralab/ros2_foxy/install/ament_pep257:/home/aralab/ros2_foxy/install/ament_pclint:/home/aralab/ros2_foxy/install/ament_package:/home/aralab/ros2_foxy/install/ament_mypy:/home/aralab/ros2_foxy/install/ament_lint_cmake:/home/aralab/ros2_foxy/install/ament_flake8:/home/aralab/ros2_foxy/install/ament_copyright:/home/aralab/ros2_foxy/install/ament_lint:/home/aralab/ros2_foxy/install/ament_index_python:/home/aralab/ros2_foxy/install/ament_cpplint:/home/aralab/ros2_foxy/install/ament_cppcheck:/home/aralab/ros2_foxy/install/ament_clang_tidy:/home/aralab/ros2_foxy/install/ament_clang_format /usr/bin/cmake /home/aralab/ASBIR-ROS2/src/rospy_message_converter/rclpy_message_converter_msgs -DCMAKE_INSTALL_PREFIX=/home/aralab/ASBIR-ROS2/install/rclpy_message_converter_msgs
[0.153s] -- The C compiler identification is GNU 9.4.0
[0.254s] -- The CXX compiler identification is GNU 9.4.0
[0.271s] -- Check for working C compiler: /usr/bin/cc
[0.383s] -- Check for working C compiler: /usr/bin/cc -- works
[0.384s] -- Detecting C compiler ABI info
[0.507s] -- Detecting C compiler ABI info - done
[0.517s] -- Detecting C compile features
[0.517s] -- Detecting C compile features - done
[0.518s] -- Check for working CXX compiler: /usr/bin/c++
[0.643s] -- Check for working CXX compiler: /usr/bin/c++ -- works
[0.643s] -- Detecting CXX compiler ABI info
[0.764s] -- Detecting CXX compiler ABI info - done
[0.773s] -- Detecting CXX compile features
[0.774s] -- Detecting CXX compile features - done
[0.790s] -- Found ament_cmake: 0.9.11 (/home/aralab/ros2_foxy/install/ament_cmake/share/ament_cmake/cmake)
[0.985s] -- Found PythonInterp: /usr/bin/python3 (found suitable version "3.8.10", minimum required is "3") 
[0.985s] -- Using PYTHON_EXECUTABLE: /usr/bin/python3
[1.559s] -- Found builtin_interfaces: 1.0.0 (/home/aralab/ros2_foxy/install/builtin_interfaces/share/builtin_interfaces/cmake)
[1.701s] -- Using all available rosidl_typesupport_c: rosidl_typesupport_introspection_c;rosidl_typesupport_fastrtps_c
[1.738s] -- Found rosidl_adapter: 1.3.0 (/home/aralab/ros2_foxy/install/rosidl_adapter/share/rosidl_adapter/cmake)
[1.993s] -- Found OpenSSL: /usr/lib/x86_64-linux-gnu/libcrypto.so (found version "1.1.1f")  
[2.056s] -- Found FastRTPS: /home/aralab/ros2_foxy/install/fastrtps/include  
[2.233s] -- Using all available rosidl_typesupport_cpp: rosidl_typesupport_introspection_cpp;rosidl_typesupport_fastrtps_cpp
[2.288s] -- Found rosidl_default_generators: 1.0.1 (/home/aralab/ros2_foxy/install/rosidl_default_generators/share/rosidl_default_generators/cmake)
[2.526s] -- Found PythonInterp: /usr/bin/python3 (found version "3.8.10") 
[3.051s] -- Found ament_cmake_ros: 0.9.2 (/home/aralab/ros2_foxy/install/ament_cmake_ros/share/ament_cmake_ros/cmake)
[3.492s] -- Using all available rosidl_typesupport_c: rosidl_typesupport_introspection_c;rosidl_typesupport_fastrtps_c
[3.640s] -- Using all available rosidl_typesupport_cpp: rosidl_typesupport_introspection_cpp;rosidl_typesupport_fastrtps_cpp
[3.858s] -- Found PythonInterp: /usr/bin/python3 (found suitable version "3.8.10", minimum required is "3.5") 
[3.871s] -- Found python_cmake_module: 0.8.1 (/home/aralab/ros2_foxy/install/python_cmake_module/share/python_cmake_module/cmake)
[4.046s] -- Found PythonLibs: /usr/lib/x86_64-linux-gnu/libpython3.8.so (found suitable version "3.8.10", minimum required is "3.5") 
[4.047s] -- Using PYTHON_EXECUTABLE: /usr/bin/python3
[4.047s] -- Using PYTHON_INCLUDE_DIRS: /usr/include/python3.8
[4.047s] -- Using PYTHON_LIBRARIES: /usr/lib/x86_64-linux-gnu/libpython3.8.so
[4.202s] -- Found PythonExtra: .so  
[4.727s] -- Configuring done
[4.784s] -- Generating done
[4.787s] -- Build files have been written to: /home/aralab/ASBIR-ROS2/build/rclpy_message_converter_msgs
[4.794s] Invoked command in '/home/aralab/ASBIR-ROS2/build/rclpy_message_converter_msgs' returned '0': CMAKE_PREFIX_PATH=${CMAKE_PREFIX_PATH}:/home/aralab/ros2_foxy/install/ros2bag:/home/aralab/ros2_foxy/install/tracetools_launch:/home/aralab/ros2_foxy/install/topic_monitor:/home/aralab/ros2_foxy/install/examples_tf2_py:/home/aralab/ros2_foxy/install/sros2:/home/aralab/ros2_foxy/install/rqt_topic:/home/aralab/ros2_foxy/install/rqt_top:/home/aralab/ros2_foxy/install/rqt_srv:/home/aralab/ros2_foxy/install/rqt_shell:/home/aralab/ros2_foxy/install/rqt_service_caller:/home/aralab/ros2_foxy/install/rqt_reconfigure:/home/aralab/ros2_foxy/install/rqt_py_console:/home/aralab/ros2_foxy/install/rqt_publisher:/home/aralab/ros2_foxy/install/rqt_plot:/home/aralab/ros2_foxy/install/rqt_action:/home/aralab/ros2_foxy/install/rqt_msg:/home/aralab/ros2_foxy/install/rqt_console:/home/aralab/ros2_foxy/install/rqt:/home/aralab/ros2_foxy/install/rqt_graph:/home/aralab/ros2_foxy/install/rqt_gui_py:/home/aralab/ros2_foxy/install/rqt_gui:/home/aralab/ros2_foxy/install/ros2trace:/home/aralab/ros2_foxy/install/ros2topic:/home/aralab/ros2_foxy/install/ros2test:/home/aralab/ros2_foxy/install/ros2component:/home/aralab/ros2_foxy/install/ros2param:/home/aralab/ros2_foxy/install/ros2lifecycle:/home/aralab/ros2_foxy/install/ros2service:/home/aralab/ros2_foxy/install/ros2run:/home/aralab/ros2_foxy/install/ros2launch:/home/aralab/ros2_foxy/install/ros2pkg:/home/aralab/ros2_foxy/install/ros2node:/home/aralab/ros2_foxy/install/ros2multicast:/home/aralab/ros2_foxy/install/ros2interface:/home/aralab/ros2_foxy/install/ros2doctor:/home/aralab/ros2_foxy/install/ros2action:/home/aralab/ros2_foxy/install/ros2cli:/home/aralab/ros2_foxy/install/quality_of_service_demo_py:/home/aralab/ros2_foxy/install/launch_testing_ros:/home/aralab/ros2_foxy/install/launch_ros:/home/aralab/ros2_foxy/install/examples_rclpy_minimal_subscriber:/home/aralab/ros2_foxy/install/examples_rclpy_minimal_service:/home/aralab/ros2_foxy/install/examples_rclpy_minimal_publisher:/home/aralab/ros2_foxy/install/examples_rclpy_minimal_client:/home/aralab/ros2_foxy/install/examples_rclpy_minimal_action_server:/home/aralab/ros2_foxy/install/examples_rclpy_minimal_action_client:/home/aralab/ros2_foxy/install/examples_rclpy_executors:/home/aralab/ros2_foxy/install/demo_nodes_py:/home/aralab/ros2_foxy/install/action_tutorials_py:/home/aralab/ros2_foxy/install/ament_uncrustify:/home/aralab/ros2_foxy/install/tracetools_trace:/home/aralab/ros2_foxy/install/tracetools_read:/home/aralab/ros2_foxy/install/test_launch_ros:/home/aralab/ros2_foxy/install/sensor_msgs_py:/home/aralab/ros2_foxy/install/rpyutils:/home/aralab/ros2_foxy/install/rosidl_runtime_py:/home/aralab/ros2_foxy/install/launch_yaml:/home/aralab/ros2_foxy/install/launch_xml:/home/aralab/ros2_foxy/install/launch_testing:/home/aralab/ros2_foxy/install/launch:/home/aralab/ros2_foxy/install/osrf_pycommon:/home/aralab/ros2_foxy/install/domain_coordinator:/home/aralab/ros2_foxy/install/ament_xmllint:/home/aralab/ros2_foxy/install/ament_pyflakes:/home/aralab/ros2_foxy/install/ament_pycodestyle:/home/aralab/ros2_foxy/install/ament_pep257:/home/aralab/ros2_foxy/install/ament_pclint:/home/aralab/ros2_foxy/install/ament_package:/home/aralab/ros2_foxy/install/ament_mypy:/home/aralab/ros2_foxy/install/ament_lint_cmake:/home/aralab/ros2_foxy/install/ament_flake8:/home/aralab/ros2_foxy/install/ament_copyright:/home/aralab/ros2_foxy/install/ament_lint:/home/aralab/ros2_foxy/install/ament_index_python:/home/aralab/ros2_foxy/install/ament_cpplint:/home/aralab/ros2_foxy/install/ament_cppcheck:/home/aralab/ros2_foxy/install/ament_clang_tidy:/home/aralab/ros2_foxy/install/ament_clang_format /usr/bin/cmake /home/aralab/ASBIR-ROS2/src/rospy_message_converter/rclpy_message_converter_msgs -DCMAKE_INSTALL_PREFIX=/home/aralab/ASBIR-ROS2/install/rclpy_message_converter_msgs
[4.796s] Invoking command in '/home/aralab/ASBIR-ROS2/build/rclpy_message_converter_msgs': CMAKE_PREFIX_PATH=${CMAKE_PREFIX_PATH}:/home/aralab/ros2_foxy/install/ros2bag:/home/aralab/ros2_foxy/install/tracetools_launch:/home/aralab/ros2_foxy/install/topic_monitor:/home/aralab/ros2_foxy/install/examples_tf2_py:/home/aralab/ros2_foxy/install/sros2:/home/aralab/ros2_foxy/install/rqt_topic:/home/aralab/ros2_foxy/install/rqt_top:/home/aralab/ros2_foxy/install/rqt_srv:/home/aralab/ros2_foxy/install/rqt_shell:/home/aralab/ros2_foxy/install/rqt_service_caller:/home/aralab/ros2_foxy/install/rqt_reconfigure:/home/aralab/ros2_foxy/install/rqt_py_console:/home/aralab/ros2_foxy/install/rqt_publisher:/home/aralab/ros2_foxy/install/rqt_plot:/home/aralab/ros2_foxy/install/rqt_action:/home/aralab/ros2_foxy/install/rqt_msg:/home/aralab/ros2_foxy/install/rqt_console:/home/aralab/ros2_foxy/install/rqt:/home/aralab/ros2_foxy/install/rqt_graph:/home/aralab/ros2_foxy/install/rqt_gui_py:/home/aralab/ros2_foxy/install/rqt_gui:/home/aralab/ros2_foxy/install/ros2trace:/home/aralab/ros2_foxy/install/ros2topic:/home/aralab/ros2_foxy/install/ros2test:/home/aralab/ros2_foxy/install/ros2component:/home/aralab/ros2_foxy/install/ros2param:/home/aralab/ros2_foxy/install/ros2lifecycle:/home/aralab/ros2_foxy/install/ros2service:/home/aralab/ros2_foxy/install/ros2run:/home/aralab/ros2_foxy/install/ros2launch:/home/aralab/ros2_foxy/install/ros2pkg:/home/aralab/ros2_foxy/install/ros2node:/home/aralab/ros2_foxy/install/ros2multicast:/home/aralab/ros2_foxy/install/ros2interface:/home/aralab/ros2_foxy/install/ros2doctor:/home/aralab/ros2_foxy/install/ros2action:/home/aralab/ros2_foxy/install/ros2cli:/home/aralab/ros2_foxy/install/quality_of_service_demo_py:/home/aralab/ros2_foxy/install/launch_testing_ros:/home/aralab/ros2_foxy/install/launch_ros:/home/aralab/ros2_foxy/install/examples_rclpy_minimal_subscriber:/home/aralab/ros2_foxy/install/examples_rclpy_minimal_service:/home/aralab/ros2_foxy/install/examples_rclpy_minimal_publisher:/home/aralab/ros2_foxy/install/examples_rclpy_minimal_client:/home/aralab/ros2_foxy/install/examples_rclpy_minimal_action_server:/home/aralab/ros2_foxy/install/examples_rclpy_minimal_action_client:/home/aralab/ros2_foxy/install/examples_rclpy_executors:/home/aralab/ros2_foxy/install/demo_nodes_py:/home/aralab/ros2_foxy/install/action_tutorials_py:/home/aralab/ros2_foxy/install/ament_uncrustify:/home/aralab/ros2_foxy/install/tracetools_trace:/home/aralab/ros2_foxy/install/tracetools_read:/home/aralab/ros2_foxy/install/test_launch_ros:/home/aralab/ros2_foxy/install/sensor_msgs_py:/home/aralab/ros2_foxy/install/rpyutils:/home/aralab/ros2_foxy/install/rosidl_runtime_py:/home/aralab/ros2_foxy/install/launch_yaml:/home/aralab/ros2_foxy/install/launch_xml:/home/aralab/ros2_foxy/install/launch_testing:/home/aralab/ros2_foxy/install/launch:/home/aralab/ros2_foxy/install/osrf_pycommon:/home/aralab/ros2_foxy/install/domain_coordinator:/home/aralab/ros2_foxy/install/ament_xmllint:/home/aralab/ros2_foxy/install/ament_pyflakes:/home/aralab/ros2_foxy/install/ament_pycodestyle:/home/aralab/ros2_foxy/install/ament_pep257:/home/aralab/ros2_foxy/install/ament_pclint:/home/aralab/ros2_foxy/install/ament_package:/home/aralab/ros2_foxy/install/ament_mypy:/home/aralab/ros2_foxy/install/ament_lint_cmake:/home/aralab/ros2_foxy/install/ament_flake8:/home/aralab/ros2_foxy/install/ament_copyright:/home/aralab/ros2_foxy/install/ament_lint:/home/aralab/ros2_foxy/install/ament_index_python:/home/aralab/ros2_foxy/install/ament_cpplint:/home/aralab/ros2_foxy/install/ament_cppcheck:/home/aralab/ros2_foxy/install/ament_clang_tidy:/home/aralab/ros2_foxy/install/ament_clang_format /usr/bin/cmake --build /home/aralab/ASBIR-ROS2/build/rclpy_message_converter_msgs -- -j12 -l12
[4.886s] [  1%] [34m[1mGenerating C code for ROS interfaces[0m
[4.886s] [35m[1mScanning dependencies of target rclpy_message_converter_msgs__cpp[0m
[4.911s] [  3%] [34m[1mGenerating C++ code for ROS interfaces[0m
[5.455s] [  3%] Built target rclpy_message_converter_msgs__cpp
[5.491s] [  4%] [34m[1mGenerating C++ type support for eProsima Fast-RTPS[0m
[5.491s] [  6%] [34m[1mGenerating C++ type support dispatch for ROS interfaces[0m
[5.496s] [  7%] [34m[1mGenerating C++ introspection for ROS interfaces[0m
[5.520s] [35m[1mScanning dependencies of target rclpy_message_converter_msgs__rosidl_generator_c[0m
[5.553s] [  9%] [32mBuilding C object CMakeFiles/rclpy_message_converter_msgs__rosidl_generator_c.dir/rosidl_generator_c/rclpy_message_converter_msgs/msg/detail/test_array__functions.c.o[0m
[5.558s] [ 12%] [32mBuilding C object CMakeFiles/rclpy_message_converter_msgs__rosidl_generator_c.dir/rosidl_generator_c/rclpy_message_converter_msgs/srv/detail/nested_uint8_array_test_service__functions.c.o[0m
[5.558s] [ 12%] [32mBuilding C object CMakeFiles/rclpy_message_converter_msgs__rosidl_generator_c.dir/rosidl_generator_c/rclpy_message_converter_msgs/msg/detail/nested_uint8_array_test_message__functions.c.o[0m
[5.558s] [ 14%] [32mBuilding C object CMakeFiles/rclpy_message_converter_msgs__rosidl_generator_c.dir/rosidl_generator_c/rclpy_message_converter_msgs/msg/detail/uint8_array3_test_message__functions.c.o[0m
[5.560s] [ 15%] [32mBuilding C object CMakeFiles/rclpy_message_converter_msgs__rosidl_generator_c.dir/rosidl_generator_c/rclpy_message_converter_msgs/msg/detail/uint8_array_test_message__functions.c.o[0m
[5.661s] [ 17%] [32m[1mLinking C shared library librclpy_message_converter_msgs__rosidl_generator_c.so[0m
[5.731s] [ 17%] Built target rclpy_message_converter_msgs__rosidl_generator_c
[5.757s] [ 19%] [34m[1mGenerating C type support dispatch for ROS interfaces[0m
[5.760s] [ 20%] [34m[1mGenerating C introspection for ROS interfaces[0m
[6.140s] [35m[1mScanning dependencies of target rclpy_message_converter_msgs__rosidl_typesupport_cpp[0m
[6.182s] [ 22%] [32mBuilding CXX object CMakeFiles/rclpy_message_converter_msgs__rosidl_typesupport_cpp.dir/rosidl_typesupport_cpp/rclpy_message_converter_msgs/msg/test_array__type_support.cpp.o[0m
[6.183s] [ 23%] [32mBuilding CXX object CMakeFiles/rclpy_message_converter_msgs__rosidl_typesupport_cpp.dir/rosidl_typesupport_cpp/rclpy_message_converter_msgs/msg/nested_uint8_array_test_message__type_support.cpp.o[0m
[6.183s] [ 25%] [32mBuilding CXX object CMakeFiles/rclpy_message_converter_msgs__rosidl_typesupport_cpp.dir/rosidl_typesupport_cpp/rclpy_message_converter_msgs/msg/uint8_array_test_message__type_support.cpp.o[0m
[6.186s] [ 26%] [32mBuilding CXX object CMakeFiles/rclpy_message_converter_msgs__rosidl_typesupport_cpp.dir/rosidl_typesupport_cpp/rclpy_message_converter_msgs/srv/nested_uint8_array_test_service__type_support.cpp.o[0m
[6.196s] [ 28%] [32mBuilding CXX object CMakeFiles/rclpy_message_converter_msgs__rosidl_typesupport_cpp.dir/rosidl_typesupport_cpp/rclpy_message_converter_msgs/msg/uint8_array3_test_message__type_support.cpp.o[0m
[6.450s] [35m[1mScanning dependencies of target rclpy_message_converter_msgs__rosidl_typesupport_fastrtps_cpp[0m
[6.533s] [ 30%] [32mBuilding CXX object CMakeFiles/rclpy_message_converter_msgs__rosidl_typesupport_fastrtps_cpp.dir/rosidl_typesupport_fastrtps_cpp/rclpy_message_converter_msgs/msg/detail/dds_fastrtps/nested_uint8_array_test_message__type_support.cpp.o[0m
[6.559s] [ 31%] [32mBuilding CXX object CMakeFiles/rclpy_message_converter_msgs__rosidl_typesupport_fastrtps_cpp.dir/rosidl_typesupport_fastrtps_cpp/rclpy_message_converter_msgs/msg/detail/dds_fastrtps/test_array__type_support.cpp.o[0m
[6.574s] [35m[1mScanning dependencies of target rclpy_message_converter_msgs__rosidl_typesupport_introspection_cpp[0m
[6.603s] [ 33%] [32mBuilding CXX object CMakeFiles/rclpy_message_converter_msgs__rosidl_typesupport_fastrtps_cpp.dir/rosidl_typesupport_fastrtps_cpp/rclpy_message_converter_msgs/msg/detail/dds_fastrtps/uint8_array3_test_message__type_support.cpp.o[0m
[6.642s] [ 34%] [32mBuilding CXX object CMakeFiles/rclpy_message_converter_msgs__rosidl_typesupport_introspection_cpp.dir/rosidl_typesupport_introspection_cpp/rclpy_message_converter_msgs/msg/detail/nested_uint8_array_test_message__type_support.cpp.o[0m
[6.656s] [ 36%] [32mBuilding CXX object CMakeFiles/rclpy_message_converter_msgs__rosidl_typesupport_introspection_cpp.dir/rosidl_typesupport_introspection_cpp/rclpy_message_converter_msgs/msg/detail/test_array__type_support.cpp.o[0m
[6.661s] [ 38%] [32mBuilding CXX object CMakeFiles/rclpy_message_converter_msgs__rosidl_typesupport_fastrtps_cpp.dir/rosidl_typesupport_fastrtps_cpp/rclpy_message_converter_msgs/srv/detail/dds_fastrtps/nested_uint8_array_test_service__type_support.cpp.o[0m
[6.661s] [ 39%] [32mBuilding CXX object CMakeFiles/rclpy_message_converter_msgs__rosidl_typesupport_fastrtps_cpp.dir/rosidl_typesupport_fastrtps_cpp/rclpy_message_converter_msgs/msg/detail/dds_fastrtps/uint8_array_test_message__type_support.cpp.o[0m
[6.677s] [ 41%] [32mBuilding CXX object CMakeFiles/rclpy_message_converter_msgs__rosidl_typesupport_introspection_cpp.dir/rosidl_typesupport_introspection_cpp/rclpy_message_converter_msgs/msg/detail/uint8_array3_test_message__type_support.cpp.o[0m
[6.706s] [35m[1mScanning dependencies of target rclpy_message_converter_msgs__rosidl_typesupport_c[0m
[6.707s] [ 42%] [32mBuilding CXX object CMakeFiles/rclpy_message_converter_msgs__rosidl_typesupport_introspection_cpp.dir/rosidl_typesupport_introspection_cpp/rclpy_message_converter_msgs/msg/detail/uint8_array_test_message__type_support.cpp.o[0m
[6.758s] [ 44%] [32mBuilding CXX object CMakeFiles/rclpy_message_converter_msgs__rosidl_typesupport_c.dir/rosidl_typesupport_c/rclpy_message_converter_msgs/msg/nested_uint8_array_test_message__type_support.cpp.o[0m
[6.804s] [ 46%] [32m[1mLinking CXX shared library librclpy_message_converter_msgs__rosidl_typesupport_cpp.so[0m
[6.974s] [ 47%] [32mBuilding CXX object CMakeFiles/rclpy_message_converter_msgs__rosidl_typesupport_c.dir/rosidl_typesupport_c/rclpy_message_converter_msgs/msg/test_array__type_support.cpp.o[0m
[7.076s] [ 47%] Built target rclpy_message_converter_msgs__rosidl_typesupport_cpp
[7.143s] [ 49%] [32mBuilding CXX object CMakeFiles/rclpy_message_converter_msgs__rosidl_typesupport_c.dir/rosidl_typesupport_c/rclpy_message_converter_msgs/msg/uint8_array3_test_message__type_support.cpp.o[0m
[7.157s] [ 50%] [32mBuilding CXX object CMakeFiles/rclpy_message_converter_msgs__rosidl_typesupport_c.dir/rosidl_typesupport_c/rclpy_message_converter_msgs/msg/uint8_array_test_message__type_support.cpp.o[0m
[7.216s] [35m[1mScanning dependencies of target rclpy_message_converter_msgs__rosidl_typesupport_introspection_c[0m
[7.252s] [ 52%] [32mBuilding CXX object CMakeFiles/rclpy_message_converter_msgs__rosidl_typesupport_c.dir/rosidl_typesupport_c/rclpy_message_converter_msgs/srv/nested_uint8_array_test_service__type_support.cpp.o[0m
[7.257s] [ 53%] [32mBuilding CXX object CMakeFiles/rclpy_message_converter_msgs__rosidl_typesupport_introspection_cpp.dir/rosidl_typesupport_introspection_cpp/rclpy_message_converter_msgs/srv/detail/nested_uint8_array_test_service__type_support.cpp.o[0m
[7.289s] [ 55%] [32mBuilding C object CMakeFiles/rclpy_message_converter_msgs__rosidl_typesupport_introspection_c.dir/rosidl_typesupport_introspection_c/rclpy_message_converter_msgs/msg/detail/nested_uint8_array_test_message__type_support.c.o[0m
[7.307s] [ 57%] [32mBuilding C object CMakeFiles/rclpy_message_converter_msgs__rosidl_typesupport_introspection_c.dir/rosidl_typesupport_introspection_c/rclpy_message_converter_msgs/msg/detail/test_array__type_support.c.o[0m
[7.339s] [ 58%] [32mBuilding C object CMakeFiles/rclpy_message_converter_msgs__rosidl_typesupport_introspection_c.dir/rosidl_typesupport_introspection_c/rclpy_message_converter_msgs/msg/detail/uint8_array3_test_message__type_support.c.o[0m
[7.346s] [ 60%] [32mBuilding C object CMakeFiles/rclpy_message_converter_msgs__rosidl_typesupport_introspection_c.dir/rosidl_typesupport_introspection_c/rclpy_message_converter_msgs/msg/detail/uint8_array_test_message__type_support.c.o[0m
[7.372s] [ 61%] [32m[1mLinking CXX shared library librclpy_message_converter_msgs__rosidl_typesupport_c.so[0m
[7.418s] [ 63%] [32mBuilding C object CMakeFiles/rclpy_message_converter_msgs__rosidl_typesupport_introspection_c.dir/rosidl_typesupport_introspection_c/rclpy_message_converter_msgs/srv/detail/nested_uint8_array_test_service__type_support.c.o[0m
[7.492s] [ 63%] Built target rclpy_message_converter_msgs__rosidl_typesupport_c
[7.510s] [ 65%] [32m[1mLinking C shared library librclpy_message_converter_msgs__rosidl_typesupport_introspection_c.so[0m
[7.569s] [ 66%] [32m[1mLinking CXX shared library librclpy_message_converter_msgs__rosidl_typesupport_fastrtps_cpp.so[0m
[7.575s] [ 66%] Built target rclpy_message_converter_msgs__rosidl_typesupport_introspection_c
[7.718s] [ 66%] Built target rclpy_message_converter_msgs__rosidl_typesupport_fastrtps_cpp
[7.744s] [ 68%] [34m[1mGenerating C type support for eProsima Fast-RTPS[0m
[7.747s] [ 69%] [32m[1mLinking CXX shared library librclpy_message_converter_msgs__rosidl_typesupport_introspection_cpp.so[0m
[7.857s] [ 69%] Built target rclpy_message_converter_msgs__rosidl_typesupport_introspection_cpp
[8.292s] [35m[1mScanning dependencies of target rclpy_message_converter_msgs__rosidl_typesupport_fastrtps_c[0m
[8.330s] [ 73%] [32mBuilding CXX object CMakeFiles/rclpy_message_converter_msgs__rosidl_typesupport_fastrtps_c.dir/rosidl_typesupport_fastrtps_c/rclpy_message_converter_msgs/msg/detail/test_array__type_support_c.cpp.o[0m
[8.330s] [ 73%] [32mBuilding CXX object CMakeFiles/rclpy_message_converter_msgs__rosidl_typesupport_fastrtps_c.dir/rosidl_typesupport_fastrtps_c/rclpy_message_converter_msgs/msg/detail/nested_uint8_array_test_message__type_support_c.cpp.o[0m
[8.331s] [ 74%] [32mBuilding CXX object CMakeFiles/rclpy_message_converter_msgs__rosidl_typesupport_fastrtps_c.dir/rosidl_typesupport_fastrtps_c/rclpy_message_converter_msgs/srv/detail/nested_uint8_array_test_service__type_support_c.cpp.o[0m
[8.334s] [ 76%] [32mBuilding CXX object CMakeFiles/rclpy_message_converter_msgs__rosidl_typesupport_fastrtps_c.dir/rosidl_typesupport_fastrtps_c/rclpy_message_converter_msgs/msg/detail/uint8_array_test_message__type_support_c.cpp.o[0m
[8.336s] [ 77%] [32mBuilding CXX object CMakeFiles/rclpy_message_converter_msgs__rosidl_typesupport_fastrtps_c.dir/rosidl_typesupport_fastrtps_c/rclpy_message_converter_msgs/msg/detail/uint8_array3_test_message__type_support_c.cpp.o[0m
[8.704s] [ 79%] [32m[1mLinking CXX shared library librclpy_message_converter_msgs__rosidl_typesupport_fastrtps_c.so[0m
[8.804s] [ 79%] Built target rclpy_message_converter_msgs__rosidl_typesupport_fastrtps_c
[8.827s] [35m[1mScanning dependencies of target rclpy_message_converter_msgs[0m
[8.851s] [ 79%] Built target rclpy_message_converter_msgs
[8.874s] [35m[1mScanning dependencies of target rclpy_message_converter_msgs__py[0m
[8.898s] [ 80%] [34m[1mGenerating Python code for ROS interfaces[0m
[9.725s] [ 80%] Built target rclpy_message_converter_msgs__py
[9.750s] [35m[1mScanning dependencies of target rclpy_message_converter_msgs__python[0m
[9.795s] [ 85%] [32mBuilding C object CMakeFiles/rclpy_message_converter_msgs__python.dir/rosidl_generator_py/rclpy_message_converter_msgs/msg/_nested_uint8_array_test_message_s.c.o[0m
[9.795s] [ 85%] [32mBuilding C object CMakeFiles/rclpy_message_converter_msgs__python.dir/rosidl_generator_py/rclpy_message_converter_msgs/msg/_uint8_array3_test_message_s.c.o[0m
[9.796s] [ 85%] [32mBuilding C object CMakeFiles/rclpy_message_converter_msgs__python.dir/rosidl_generator_py/rclpy_message_converter_msgs/msg/_test_array_s.c.o[0m
[9.796s] [ 87%] [32mBuilding C object CMakeFiles/rclpy_message_converter_msgs__python.dir/rosidl_generator_py/rclpy_message_converter_msgs/srv/_nested_uint8_array_test_service_s.c.o[0m
[9.803s] [ 88%] [32mBuilding C object CMakeFiles/rclpy_message_converter_msgs__python.dir/rosidl_generator_py/rclpy_message_converter_msgs/msg/_uint8_array_test_message_s.c.o[0m
[9.953s] [ 90%] [32m[1mLinking C shared library rosidl_generator_py/rclpy_message_converter_msgs/librclpy_message_converter_msgs__python.so[0m
[10.018s] [ 90%] Built target rclpy_message_converter_msgs__python
[10.041s] [35m[1mScanning dependencies of target rclpy_message_converter_msgs__rosidl_typesupport_introspection_c__pyext[0m
[10.041s] [35m[1mScanning dependencies of target rclpy_message_converter_msgs__rosidl_typesupport_c__pyext[0m
[10.042s] [35m[1mScanning dependencies of target rclpy_message_converter_msgs__rosidl_typesupport_fastrtps_c__pyext[0m
[10.075s] [ 95%] [32mBuilding C object CMakeFiles/rclpy_message_converter_msgs__rosidl_typesupport_introspection_c__pyext.dir/rosidl_generator_py/rclpy_message_converter_msgs/_rclpy_message_converter_msgs_s.ep.rosidl_typesupport_introspection_c.c.o[0m
[10.075s] [ 95%] [32mBuilding C object CMakeFiles/rclpy_message_converter_msgs__rosidl_typesupport_c__pyext.dir/rosidl_generator_py/rclpy_message_converter_msgs/_rclpy_message_converter_msgs_s.ep.rosidl_typesupport_c.c.o[0m
[10.075s] [ 95%] [32mBuilding C object CMakeFiles/rclpy_message_converter_msgs__rosidl_typesupport_fastrtps_c__pyext.dir/rosidl_generator_py/rclpy_message_converter_msgs/_rclpy_message_converter_msgs_s.ep.rosidl_typesupport_fastrtps_c.c.o[0m
[10.189s] [ 96%] [32m[1mLinking C shared library rosidl_generator_py/rclpy_message_converter_msgs/rclpy_message_converter_msgs_s__rosidl_typesupport_introspection_c.cpython-38-x86_64-linux-gnu.so[0m
[10.192s] [ 98%] [32m[1mLinking C shared library rosidl_generator_py/rclpy_message_converter_msgs/rclpy_message_converter_msgs_s__rosidl_typesupport_c.cpython-38-x86_64-linux-gnu.so[0m
[10.199s] [100%] [32m[1mLinking CXX shared library rosidl_generator_py/rclpy_message_converter_msgs/rclpy_message_converter_msgs_s__rosidl_typesupport_fastrtps_c.cpython-38-x86_64-linux-gnu.so[0m
[10.273s] [100%] Built target rclpy_message_converter_msgs__rosidl_typesupport_introspection_c__pyext
[10.280s] [100%] Built target rclpy_message_converter_msgs__rosidl_typesupport_c__pyext
[10.303s] [100%] Built target rclpy_message_converter_msgs__rosidl_typesupport_fastrtps_c__pyext
[10.324s] Invoked command in '/home/aralab/ASBIR-ROS2/build/rclpy_message_converter_msgs' returned '0': CMAKE_PREFIX_PATH=${CMAKE_PREFIX_PATH}:/home/aralab/ros2_foxy/install/ros2bag:/home/aralab/ros2_foxy/install/tracetools_launch:/home/aralab/ros2_foxy/install/topic_monitor:/home/aralab/ros2_foxy/install/examples_tf2_py:/home/aralab/ros2_foxy/install/sros2:/home/aralab/ros2_foxy/install/rqt_topic:/home/aralab/ros2_foxy/install/rqt_top:/home/aralab/ros2_foxy/install/rqt_srv:/home/aralab/ros2_foxy/install/rqt_shell:/home/aralab/ros2_foxy/install/rqt_service_caller:/home/aralab/ros2_foxy/install/rqt_reconfigure:/home/aralab/ros2_foxy/install/rqt_py_console:/home/aralab/ros2_foxy/install/rqt_publisher:/home/aralab/ros2_foxy/install/rqt_plot:/home/aralab/ros2_foxy/install/rqt_action:/home/aralab/ros2_foxy/install/rqt_msg:/home/aralab/ros2_foxy/install/rqt_console:/home/aralab/ros2_foxy/install/rqt:/home/aralab/ros2_foxy/install/rqt_graph:/home/aralab/ros2_foxy/install/rqt_gui_py:/home/aralab/ros2_foxy/install/rqt_gui:/home/aralab/ros2_foxy/install/ros2trace:/home/aralab/ros2_foxy/install/ros2topic:/home/aralab/ros2_foxy/install/ros2test:/home/aralab/ros2_foxy/install/ros2component:/home/aralab/ros2_foxy/install/ros2param:/home/aralab/ros2_foxy/install/ros2lifecycle:/home/aralab/ros2_foxy/install/ros2service:/home/aralab/ros2_foxy/install/ros2run:/home/aralab/ros2_foxy/install/ros2launch:/home/aralab/ros2_foxy/install/ros2pkg:/home/aralab/ros2_foxy/install/ros2node:/home/aralab/ros2_foxy/install/ros2multicast:/home/aralab/ros2_foxy/install/ros2interface:/home/aralab/ros2_foxy/install/ros2doctor:/home/aralab/ros2_foxy/install/ros2action:/home/aralab/ros2_foxy/install/ros2cli:/home/aralab/ros2_foxy/install/quality_of_service_demo_py:/home/aralab/ros2_foxy/install/launch_testing_ros:/home/aralab/ros2_foxy/install/launch_ros:/home/aralab/ros2_foxy/install/examples_rclpy_minimal_subscriber:/home/aralab/ros2_foxy/install/examples_rclpy_minimal_service:/home/aralab/ros2_foxy/install/examples_rclpy_minimal_publisher:/home/aralab/ros2_foxy/install/examples_rclpy_minimal_client:/home/aralab/ros2_foxy/install/examples_rclpy_minimal_action_server:/home/aralab/ros2_foxy/install/examples_rclpy_minimal_action_client:/home/aralab/ros2_foxy/install/examples_rclpy_executors:/home/aralab/ros2_foxy/install/demo_nodes_py:/home/aralab/ros2_foxy/install/action_tutorials_py:/home/aralab/ros2_foxy/install/ament_uncrustify:/home/aralab/ros2_foxy/install/tracetools_trace:/home/aralab/ros2_foxy/install/tracetools_read:/home/aralab/ros2_foxy/install/test_launch_ros:/home/aralab/ros2_foxy/install/sensor_msgs_py:/home/aralab/ros2_foxy/install/rpyutils:/home/aralab/ros2_foxy/install/rosidl_runtime_py:/home/aralab/ros2_foxy/install/launch_yaml:/home/aralab/ros2_foxy/install/launch_xml:/home/aralab/ros2_foxy/install/launch_testing:/home/aralab/ros2_foxy/install/launch:/home/aralab/ros2_foxy/install/osrf_pycommon:/home/aralab/ros2_foxy/install/domain_coordinator:/home/aralab/ros2_foxy/install/ament_xmllint:/home/aralab/ros2_foxy/install/ament_pyflakes:/home/aralab/ros2_foxy/install/ament_pycodestyle:/home/aralab/ros2_foxy/install/ament_pep257:/home/aralab/ros2_foxy/install/ament_pclint:/home/aralab/ros2_foxy/install/ament_package:/home/aralab/ros2_foxy/install/ament_mypy:/home/aralab/ros2_foxy/install/ament_lint_cmake:/home/aralab/ros2_foxy/install/ament_flake8:/home/aralab/ros2_foxy/install/ament_copyright:/home/aralab/ros2_foxy/install/ament_lint:/home/aralab/ros2_foxy/install/ament_index_python:/home/aralab/ros2_foxy/install/ament_cpplint:/home/aralab/ros2_foxy/install/ament_cppcheck:/home/aralab/ros2_foxy/install/ament_clang_tidy:/home/aralab/ros2_foxy/install/ament_clang_format /usr/bin/cmake --build /home/aralab/ASBIR-ROS2/build/rclpy_message_converter_msgs -- -j12 -l12
[10.764s] Invoking command in '/home/aralab/ASBIR-ROS2/build/rclpy_message_converter_msgs': CMAKE_PREFIX_PATH=${CMAKE_PREFIX_PATH}:/home/aralab/ros2_foxy/install/ros2bag:/home/aralab/ros2_foxy/install/tracetools_launch:/home/aralab/ros2_foxy/install/topic_monitor:/home/aralab/ros2_foxy/install/examples_tf2_py:/home/aralab/ros2_foxy/install/sros2:/home/aralab/ros2_foxy/install/rqt_topic:/home/aralab/ros2_foxy/install/rqt_top:/home/aralab/ros2_foxy/install/rqt_srv:/home/aralab/ros2_foxy/install/rqt_shell:/home/aralab/ros2_foxy/install/rqt_service_caller:/home/aralab/ros2_foxy/install/rqt_reconfigure:/home/aralab/ros2_foxy/install/rqt_py_console:/home/aralab/ros2_foxy/install/rqt_publisher:/home/aralab/ros2_foxy/install/rqt_plot:/home/aralab/ros2_foxy/install/rqt_action:/home/aralab/ros2_foxy/install/rqt_msg:/home/aralab/ros2_foxy/install/rqt_console:/home/aralab/ros2_foxy/install/rqt:/home/aralab/ros2_foxy/install/rqt_graph:/home/aralab/ros2_foxy/install/rqt_gui_py:/home/aralab/ros2_foxy/install/rqt_gui:/home/aralab/ros2_foxy/install/ros2trace:/home/aralab/ros2_foxy/install/ros2topic:/home/aralab/ros2_foxy/install/ros2test:/home/aralab/ros2_foxy/install/ros2component:/home/aralab/ros2_foxy/install/ros2param:/home/aralab/ros2_foxy/install/ros2lifecycle:/home/aralab/ros2_foxy/install/ros2service:/home/aralab/ros2_foxy/install/ros2run:/home/aralab/ros2_foxy/install/ros2launch:/home/aralab/ros2_foxy/install/ros2pkg:/home/aralab/ros2_foxy/install/ros2node:/home/aralab/ros2_foxy/install/ros2multicast:/home/aralab/ros2_foxy/install/ros2interface:/home/aralab/ros2_foxy/install/ros2doctor:/home/aralab/ros2_foxy/install/ros2action:/home/aralab/ros2_foxy/install/ros2cli:/home/aralab/ros2_foxy/install/quality_of_service_demo_py:/home/aralab/ros2_foxy/install/launch_testing_ros:/home/aralab/ros2_foxy/install/launch_ros:/home/aralab/ros2_foxy/install/examples_rclpy_minimal_subscriber:/home/aralab/ros2_foxy/install/examples_rclpy_minimal_service:/home/aralab/ros2_foxy/install/examples_rclpy_minimal_publisher:/home/aralab/ros2_foxy/install/examples_rclpy_minimal_client:/home/aralab/ros2_foxy/install/examples_rclpy_minimal_action_server:/home/aralab/ros2_foxy/install/examples_rclpy_minimal_action_client:/home/aralab/ros2_foxy/install/examples_rclpy_executors:/home/aralab/ros2_foxy/install/demo_nodes_py:/home/aralab/ros2_foxy/install/action_tutorials_py:/home/aralab/ros2_foxy/install/ament_uncrustify:/home/aralab/ros2_foxy/install/tracetools_trace:/home/aralab/ros2_foxy/install/tracetools_read:/home/aralab/ros2_foxy/install/test_launch_ros:/home/aralab/ros2_foxy/install/sensor_msgs_py:/home/aralab/ros2_foxy/install/rpyutils:/home/aralab/ros2_foxy/install/rosidl_runtime_py:/home/aralab/ros2_foxy/install/launch_yaml:/home/aralab/ros2_foxy/install/launch_xml:/home/aralab/ros2_foxy/install/launch_testing:/home/aralab/ros2_foxy/install/launch:/home/aralab/ros2_foxy/install/osrf_pycommon:/home/aralab/ros2_foxy/install/domain_coordinator:/home/aralab/ros2_foxy/install/ament_xmllint:/home/aralab/ros2_foxy/install/ament_pyflakes:/home/aralab/ros2_foxy/install/ament_pycodestyle:/home/aralab/ros2_foxy/install/ament_pep257:/home/aralab/ros2_foxy/install/ament_pclint:/home/aralab/ros2_foxy/install/ament_package:/home/aralab/ros2_foxy/install/ament_mypy:/home/aralab/ros2_foxy/install/ament_lint_cmake:/home/aralab/ros2_foxy/install/ament_flake8:/home/aralab/ros2_foxy/install/ament_copyright:/home/aralab/ros2_foxy/install/ament_lint:/home/aralab/ros2_foxy/install/ament_index_python:/home/aralab/ros2_foxy/install/ament_cpplint:/home/aralab/ros2_foxy/install/ament_cppcheck:/home/aralab/ros2_foxy/install/ament_clang_tidy:/home/aralab/ros2_foxy/install/ament_clang_format /usr/bin/cmake --install /home/aralab/ASBIR-ROS2/build/rclpy_message_converter_msgs
[10.782s] -- Install configuration: ""
[10.782s] -- Installing: /home/aralab/ASBIR-ROS2/install/rclpy_message_converter_msgs/share/ament_index/resource_index/rosidl_interfaces/rclpy_message_converter_msgs
[10.782s] -- Installing: /home/aralab/ASBIR-ROS2/install/rclpy_message_converter_msgs/include/rclpy_message_converter_msgs
[10.782s] -- Installing: /home/aralab/ASBIR-ROS2/install/rclpy_message_converter_msgs/include/rclpy_message_converter_msgs/srv
[10.783s] -- Installing: /home/aralab/ASBIR-ROS2/install/rclpy_message_converter_msgs/include/rclpy_message_converter_msgs/srv/detail
[10.783s] -- Installing: /home/aralab/ASBIR-ROS2/install/rclpy_message_converter_msgs/include/rclpy_message_converter_msgs/srv/detail/nested_uint8_array_test_service__struct.h
[10.783s] -- Installing: /home/aralab/ASBIR-ROS2/install/rclpy_message_converter_msgs/include/rclpy_message_converter_msgs/srv/detail/nested_uint8_array_test_service__functions.h
[10.783s] -- Installing: /home/aralab/ASBIR-ROS2/install/rclpy_message_converter_msgs/include/rclpy_message_converter_msgs/srv/detail/nested_uint8_array_test_service__functions.c
[10.783s] -- Installing: /home/aralab/ASBIR-ROS2/install/rclpy_message_converter_msgs/include/rclpy_message_converter_msgs/srv/detail/nested_uint8_array_test_service__type_support.h
[10.783s] -- Installing: /home/aralab/ASBIR-ROS2/install/rclpy_message_converter_msgs/include/rclpy_message_converter_msgs/srv/nested_uint8_array_test_service.h
[10.783s] -- Installing: /home/aralab/ASBIR-ROS2/install/rclpy_message_converter_msgs/include/rclpy_message_converter_msgs/msg
[10.784s] -- Installing: /home/aralab/ASBIR-ROS2/install/rclpy_message_converter_msgs/include/rclpy_message_converter_msgs/msg/uint8_array3_test_message.h
[10.784s] -- Installing: /home/aralab/ASBIR-ROS2/install/rclpy_message_converter_msgs/include/rclpy_message_converter_msgs/msg/detail
[10.784s] -- Installing: /home/aralab/ASBIR-ROS2/install/rclpy_message_converter_msgs/include/rclpy_message_converter_msgs/msg/detail/uint8_array_test_message__functions.h
[10.784s] -- Installing: /home/aralab/ASBIR-ROS2/install/rclpy_message_converter_msgs/include/rclpy_message_converter_msgs/msg/detail/uint8_array3_test_message__functions.h
[10.784s] -- Installing: /home/aralab/ASBIR-ROS2/install/rclpy_message_converter_msgs/include/rclpy_message_converter_msgs/msg/detail/test_array__type_support.h
[10.784s] -- Installing: /home/aralab/ASBIR-ROS2/install/rclpy_message_converter_msgs/include/rclpy_message_converter_msgs/msg/detail/test_array__functions.c
[10.784s] -- Installing: /home/aralab/ASBIR-ROS2/install/rclpy_message_converter_msgs/include/rclpy_message_converter_msgs/msg/detail/uint8_array3_test_message__functions.c
[10.785s] -- Installing: /home/aralab/ASBIR-ROS2/install/rclpy_message_converter_msgs/include/rclpy_message_converter_msgs/msg/detail/uint8_array3_test_message__struct.h
[10.785s] -- Installing: /home/aralab/ASBIR-ROS2/install/rclpy_message_converter_msgs/include/rclpy_message_converter_msgs/msg/detail/nested_uint8_array_test_message__type_support.h
[10.785s] -- Installing: /home/aralab/ASBIR-ROS2/install/rclpy_message_converter_msgs/include/rclpy_message_converter_msgs/msg/detail/nested_uint8_array_test_message__functions.h
[10.785s] -- Installing: /home/aralab/ASBIR-ROS2/install/rclpy_message_converter_msgs/include/rclpy_message_converter_msgs/msg/detail/test_array__struct.h
[10.785s] -- Installing: /home/aralab/ASBIR-ROS2/install/rclpy_message_converter_msgs/include/rclpy_message_converter_msgs/msg/detail/test_array__functions.h
[10.785s] -- Installing: /home/aralab/ASBIR-ROS2/install/rclpy_message_converter_msgs/include/rclpy_message_converter_msgs/msg/detail/uint8_array_test_message__functions.c
[10.785s] -- Installing: /home/aralab/ASBIR-ROS2/install/rclpy_message_converter_msgs/include/rclpy_message_converter_msgs/msg/detail/uint8_array_test_message__struct.h
[10.786s] -- Installing: /home/aralab/ASBIR-ROS2/install/rclpy_message_converter_msgs/include/rclpy_message_converter_msgs/msg/detail/uint8_array3_test_message__type_support.h
[10.786s] -- Installing: /home/aralab/ASBIR-ROS2/install/rclpy_message_converter_msgs/include/rclpy_message_converter_msgs/msg/detail/nested_uint8_array_test_message__struct.h
[10.786s] -- Installing: /home/aralab/ASBIR-ROS2/install/rclpy_message_converter_msgs/include/rclpy_message_converter_msgs/msg/detail/nested_uint8_array_test_message__functions.c
[10.786s] -- Installing: /home/aralab/ASBIR-ROS2/install/rclpy_message_converter_msgs/include/rclpy_message_converter_msgs/msg/detail/uint8_array_test_message__type_support.h
[10.786s] -- Installing: /home/aralab/ASBIR-ROS2/install/rclpy_message_converter_msgs/include/rclpy_message_converter_msgs/msg/uint8_array_test_message.h
[10.786s] -- Installing: /home/aralab/ASBIR-ROS2/install/rclpy_message_converter_msgs/include/rclpy_message_converter_msgs/msg/nested_uint8_array_test_message.h
[10.786s] -- Installing: /home/aralab/ASBIR-ROS2/install/rclpy_message_converter_msgs/include/rclpy_message_converter_msgs/msg/rosidl_generator_c__visibility_control.h
[10.786s] -- Installing: /home/aralab/ASBIR-ROS2/install/rclpy_message_converter_msgs/include/rclpy_message_converter_msgs/msg/test_array.h
[10.787s] -- Installing: /home/aralab/ASBIR-ROS2/install/rclpy_message_converter_msgs/share/rclpy_message_converter_msgs/environment/library_path.sh
[10.787s] -- Installing: /home/aralab/ASBIR-ROS2/install/rclpy_message_converter_msgs/share/rclpy_message_converter_msgs/environment/library_path.dsv
[10.787s] -- Installing: /home/aralab/ASBIR-ROS2/install/rclpy_message_converter_msgs/lib/librclpy_message_converter_msgs__rosidl_generator_c.so
[10.787s] -- Set runtime path of "/home/aralab/ASBIR-ROS2/install/rclpy_message_converter_msgs/lib/librclpy_message_converter_msgs__rosidl_generator_c.so" to ""
[10.787s] -- Up-to-date: /home/aralab/ASBIR-ROS2/install/rclpy_message_converter_msgs/include/rclpy_message_converter_msgs
[10.787s] -- Up-to-date: /home/aralab/ASBIR-ROS2/install/rclpy_message_converter_msgs/include/rclpy_message_converter_msgs/srv
[10.788s] -- Up-to-date: /home/aralab/ASBIR-ROS2/install/rclpy_message_converter_msgs/include/rclpy_message_converter_msgs/srv/detail
[10.788s] -- Installing: /home/aralab/ASBIR-ROS2/install/rclpy_message_converter_msgs/include/rclpy_message_converter_msgs/srv/detail/nested_uint8_array_test_service__rosidl_typesupport_introspection_c.h
[10.788s] -- Installing: /home/aralab/ASBIR-ROS2/install/rclpy_message_converter_msgs/include/rclpy_message_converter_msgs/srv/detail/nested_uint8_array_test_service__type_support.c
[10.788s] -- Up-to-date: /home/aralab/ASBIR-ROS2/install/rclpy_message_converter_msgs/include/rclpy_message_converter_msgs/msg
[10.788s] -- Installing: /home/aralab/ASBIR-ROS2/install/rclpy_message_converter_msgs/include/rclpy_message_converter_msgs/msg/rosidl_typesupport_introspection_c__visibility_control.h
[10.788s] -- Up-to-date: /home/aralab/ASBIR-ROS2/install/rclpy_message_converter_msgs/include/rclpy_message_converter_msgs/msg/detail
[10.788s] -- Installing: /home/aralab/ASBIR-ROS2/install/rclpy_message_converter_msgs/include/rclpy_message_converter_msgs/msg/detail/uint8_array_test_message__type_support.c
[10.789s] -- Installing: /home/aralab/ASBIR-ROS2/install/rclpy_message_converter_msgs/include/rclpy_message_converter_msgs/msg/detail/uint8_array_test_message__rosidl_typesupport_introspection_c.h
[10.789s] -- Installing: /home/aralab/ASBIR-ROS2/install/rclpy_message_converter_msgs/include/rclpy_message_converter_msgs/msg/detail/test_array__type_support.c
[10.789s] -- Installing: /home/aralab/ASBIR-ROS2/install/rclpy_message_converter_msgs/include/rclpy_message_converter_msgs/msg/detail/test_array__rosidl_typesupport_introspection_c.h
[10.789s] -- Installing: /home/aralab/ASBIR-ROS2/install/rclpy_message_converter_msgs/include/rclpy_message_converter_msgs/msg/detail/uint8_array3_test_message__rosidl_typesupport_introspection_c.h
[10.789s] -- Installing: /home/aralab/ASBIR-ROS2/install/rclpy_message_converter_msgs/include/rclpy_message_converter_msgs/msg/detail/nested_uint8_array_test_message__rosidl_typesupport_introspection_c.h
[10.789s] -- Installing: /home/aralab/ASBIR-ROS2/install/rclpy_message_converter_msgs/include/rclpy_message_converter_msgs/msg/detail/nested_uint8_array_test_message__type_support.c
[10.790s] -- Installing: /home/aralab/ASBIR-ROS2/install/rclpy_message_converter_msgs/include/rclpy_message_converter_msgs/msg/detail/uint8_array3_test_message__type_support.c
[10.790s] -- Installing: /home/aralab/ASBIR-ROS2/install/rclpy_message_converter_msgs/lib/librclpy_message_converter_msgs__rosidl_typesupport_introspection_c.so
[10.790s] -- Set runtime path of "/home/aralab/ASBIR-ROS2/install/rclpy_message_converter_msgs/lib/librclpy_message_converter_msgs__rosidl_typesupport_introspection_c.so" to ""
[10.790s] -- Up-to-date: /home/aralab/ASBIR-ROS2/install/rclpy_message_converter_msgs/include/rclpy_message_converter_msgs
[10.790s] -- Up-to-date: /home/aralab/ASBIR-ROS2/install/rclpy_message_converter_msgs/include/rclpy_message_converter_msgs/srv
[10.790s] -- Up-to-date: /home/aralab/ASBIR-ROS2/install/rclpy_message_converter_msgs/include/rclpy_message_converter_msgs/srv/detail
[10.790s] -- Installing: /home/aralab/ASBIR-ROS2/install/rclpy_message_converter_msgs/include/rclpy_message_converter_msgs/srv/detail/nested_uint8_array_test_service__rosidl_typesupport_fastrtps_c.h
[10.791s] -- Up-to-date: /home/aralab/ASBIR-ROS2/install/rclpy_message_converter_msgs/include/rclpy_message_converter_msgs/msg
[10.791s] -- Up-to-date: /home/aralab/ASBIR-ROS2/install/rclpy_message_converter_msgs/include/rclpy_message_converter_msgs/msg/detail
[10.791s] -- Installing: /home/aralab/ASBIR-ROS2/install/rclpy_message_converter_msgs/include/rclpy_message_converter_msgs/msg/detail/nested_uint8_array_test_message__rosidl_typesupport_fastrtps_c.h
[10.791s] -- Installing: /home/aralab/ASBIR-ROS2/install/rclpy_message_converter_msgs/include/rclpy_message_converter_msgs/msg/detail/test_array__rosidl_typesupport_fastrtps_c.h
[10.791s] -- Installing: /home/aralab/ASBIR-ROS2/install/rclpy_message_converter_msgs/include/rclpy_message_converter_msgs/msg/detail/uint8_array3_test_message__rosidl_typesupport_fastrtps_c.h
[10.791s] -- Installing: /home/aralab/ASBIR-ROS2/install/rclpy_message_converter_msgs/include/rclpy_message_converter_msgs/msg/detail/uint8_array_test_message__rosidl_typesupport_fastrtps_c.h
[10.791s] -- Installing: /home/aralab/ASBIR-ROS2/install/rclpy_message_converter_msgs/include/rclpy_message_converter_msgs/msg/rosidl_typesupport_fastrtps_c__visibility_control.h
[10.791s] -- Installing: /home/aralab/ASBIR-ROS2/install/rclpy_message_converter_msgs/lib/librclpy_message_converter_msgs__rosidl_typesupport_fastrtps_c.so
[10.792s] -- Set runtime path of "/home/aralab/ASBIR-ROS2/install/rclpy_message_converter_msgs/lib/librclpy_message_converter_msgs__rosidl_typesupport_fastrtps_c.so" to ""
[10.792s] -- Up-to-date: /home/aralab/ASBIR-ROS2/install/rclpy_message_converter_msgs/include/rclpy_message_converter_msgs
[10.792s] -- Up-to-date: /home/aralab/ASBIR-ROS2/install/rclpy_message_converter_msgs/include/rclpy_message_converter_msgs/srv
[10.792s] -- Up-to-date: /home/aralab/ASBIR-ROS2/install/rclpy_message_converter_msgs/include/rclpy_message_converter_msgs/srv/detail
[10.792s] -- Installing: /home/aralab/ASBIR-ROS2/install/rclpy_message_converter_msgs/include/rclpy_message_converter_msgs/srv/detail/dds_fastrtps
[10.792s] -- Installing: /home/aralab/ASBIR-ROS2/install/rclpy_message_converter_msgs/include/rclpy_message_converter_msgs/srv/detail/nested_uint8_array_test_service__rosidl_typesupport_fastrtps_cpp.hpp
[10.793s] -- Up-to-date: /home/aralab/ASBIR-ROS2/install/rclpy_message_converter_msgs/include/rclpy_message_converter_msgs/msg
[10.793s] -- Up-to-date: /home/aralab/ASBIR-ROS2/install/rclpy_message_converter_msgs/include/rclpy_message_converter_msgs/msg/detail
[10.793s] -- Installing: /home/aralab/ASBIR-ROS2/install/rclpy_message_converter_msgs/include/rclpy_message_converter_msgs/msg/detail/test_array__rosidl_typesupport_fastrtps_cpp.hpp
[10.793s] -- Installing: /home/aralab/ASBIR-ROS2/install/rclpy_message_converter_msgs/include/rclpy_message_converter_msgs/msg/detail/nested_uint8_array_test_message__rosidl_typesupport_fastrtps_cpp.hpp
[10.793s] -- Installing: /home/aralab/ASBIR-ROS2/install/rclpy_message_converter_msgs/include/rclpy_message_converter_msgs/msg/detail/dds_fastrtps
[10.793s] -- Installing: /home/aralab/ASBIR-ROS2/install/rclpy_message_converter_msgs/include/rclpy_message_converter_msgs/msg/detail/uint8_array_test_message__rosidl_typesupport_fastrtps_cpp.hpp
[10.793s] -- Installing: /home/aralab/ASBIR-ROS2/install/rclpy_message_converter_msgs/include/rclpy_message_converter_msgs/msg/detail/uint8_array3_test_message__rosidl_typesupport_fastrtps_cpp.hpp
[10.793s] -- Installing: /home/aralab/ASBIR-ROS2/install/rclpy_message_converter_msgs/include/rclpy_message_converter_msgs/msg/rosidl_typesupport_fastrtps_cpp__visibility_control.h
[10.794s] -- Installing: /home/aralab/ASBIR-ROS2/install/rclpy_message_converter_msgs/lib/librclpy_message_converter_msgs__rosidl_typesupport_fastrtps_cpp.so
[10.794s] -- Set runtime path of "/home/aralab/ASBIR-ROS2/install/rclpy_message_converter_msgs/lib/librclpy_message_converter_msgs__rosidl_typesupport_fastrtps_cpp.so" to ""
[10.794s] -- Installing: /home/aralab/ASBIR-ROS2/install/rclpy_message_converter_msgs/lib/librclpy_message_converter_msgs__rosidl_typesupport_c.so
[10.795s] -- Set runtime path of "/home/aralab/ASBIR-ROS2/install/rclpy_message_converter_msgs/lib/librclpy_message_converter_msgs__rosidl_typesupport_c.so" to ""
[10.795s] -- Up-to-date: /home/aralab/ASBIR-ROS2/install/rclpy_message_converter_msgs/include/rclpy_message_converter_msgs
[10.795s] -- Up-to-date: /home/aralab/ASBIR-ROS2/install/rclpy_message_converter_msgs/include/rclpy_message_converter_msgs/srv
[10.795s] -- Installing: /home/aralab/ASBIR-ROS2/install/rclpy_message_converter_msgs/include/rclpy_message_converter_msgs/srv/nested_uint8_array_test_service.hpp
[10.796s] -- Up-to-date: /home/aralab/ASBIR-ROS2/install/rclpy_message_converter_msgs/include/rclpy_message_converter_msgs/srv/detail
[10.796s] -- Installing: /home/aralab/ASBIR-ROS2/install/rclpy_message_converter_msgs/include/rclpy_message_converter_msgs/srv/detail/nested_uint8_array_test_service__struct.hpp
[10.796s] -- Installing: /home/aralab/ASBIR-ROS2/install/rclpy_message_converter_msgs/include/rclpy_message_converter_msgs/srv/detail/nested_uint8_array_test_service__traits.hpp
[10.796s] -- Installing: /home/aralab/ASBIR-ROS2/install/rclpy_message_converter_msgs/include/rclpy_message_converter_msgs/srv/detail/nested_uint8_array_test_service__builder.hpp
[10.796s] -- Up-to-date: /home/aralab/ASBIR-ROS2/install/rclpy_message_converter_msgs/include/rclpy_message_converter_msgs/msg
[10.796s] -- Installing: /home/aralab/ASBIR-ROS2/install/rclpy_message_converter_msgs/include/rclpy_message_converter_msgs/msg/uint8_array_test_message.hpp
[10.796s] -- Installing: /home/aralab/ASBIR-ROS2/install/rclpy_message_converter_msgs/include/rclpy_message_converter_msgs/msg/nested_uint8_array_test_message.hpp
[10.796s] -- Installing: /home/aralab/ASBIR-ROS2/install/rclpy_message_converter_msgs/include/rclpy_message_converter_msgs/msg/uint8_array3_test_message.hpp
[10.797s] -- Up-to-date: /home/aralab/ASBIR-ROS2/install/rclpy_message_converter_msgs/include/rclpy_message_converter_msgs/msg/detail
[10.797s] -- Installing: /home/aralab/ASBIR-ROS2/install/rclpy_message_converter_msgs/include/rclpy_message_converter_msgs/msg/detail/uint8_array_test_message__struct.hpp
[10.797s] -- Installing: /home/aralab/ASBIR-ROS2/install/rclpy_message_converter_msgs/include/rclpy_message_converter_msgs/msg/detail/nested_uint8_array_test_message__struct.hpp
[10.797s] -- Installing: /home/aralab/ASBIR-ROS2/install/rclpy_message_converter_msgs/include/rclpy_message_converter_msgs/msg/detail/test_array__struct.hpp
[10.797s] -- Installing: /home/aralab/ASBIR-ROS2/install/rclpy_message_converter_msgs/include/rclpy_message_converter_msgs/msg/detail/test_array__traits.hpp
[10.797s] -- Installing: /home/aralab/ASBIR-ROS2/install/rclpy_message_converter_msgs/include/rclpy_message_converter_msgs/msg/detail/uint8_array_test_message__traits.hpp
[10.797s] -- Installing: /home/aralab/ASBIR-ROS2/install/rclpy_message_converter_msgs/include/rclpy_message_converter_msgs/msg/detail/uint8_array3_test_message__struct.hpp
[10.797s] -- Installing: /home/aralab/ASBIR-ROS2/install/rclpy_message_converter_msgs/include/rclpy_message_converter_msgs/msg/detail/nested_uint8_array_test_message__builder.hpp
[10.797s] -- Installing: /home/aralab/ASBIR-ROS2/install/rclpy_message_converter_msgs/include/rclpy_message_converter_msgs/msg/detail/uint8_array3_test_message__builder.hpp
[10.798s] -- Installing: /home/aralab/ASBIR-ROS2/install/rclpy_message_converter_msgs/include/rclpy_message_converter_msgs/msg/detail/uint8_array3_test_message__traits.hpp
[10.798s] -- Installing: /home/aralab/ASBIR-ROS2/install/rclpy_message_converter_msgs/include/rclpy_message_converter_msgs/msg/detail/nested_uint8_array_test_message__traits.hpp
[10.798s] -- Installing: /home/aralab/ASBIR-ROS2/install/rclpy_message_converter_msgs/include/rclpy_message_converter_msgs/msg/detail/uint8_array_test_message__builder.hpp
[10.798s] -- Installing: /home/aralab/ASBIR-ROS2/install/rclpy_message_converter_msgs/include/rclpy_message_converter_msgs/msg/detail/test_array__builder.hpp
[10.798s] -- Installing: /home/aralab/ASBIR-ROS2/install/rclpy_message_converter_msgs/include/rclpy_message_converter_msgs/msg/test_array.hpp
[10.798s] -- Up-to-date: /home/aralab/ASBIR-ROS2/install/rclpy_message_converter_msgs/include/rclpy_message_converter_msgs
[10.798s] -- Up-to-date: /home/aralab/ASBIR-ROS2/install/rclpy_message_converter_msgs/include/rclpy_message_converter_msgs/srv
[10.798s] -- Up-to-date: /home/aralab/ASBIR-ROS2/install/rclpy_message_converter_msgs/include/rclpy_message_converter_msgs/srv/detail
[10.799s] -- Installing: /home/aralab/ASBIR-ROS2/install/rclpy_message_converter_msgs/include/rclpy_message_converter_msgs/srv/detail/nested_uint8_array_test_service__type_support.cpp
[10.799s] -- Installing: /home/aralab/ASBIR-ROS2/install/rclpy_message_converter_msgs/include/rclpy_message_converter_msgs/srv/detail/nested_uint8_array_test_service__rosidl_typesupport_introspection_cpp.hpp
[10.799s] -- Up-to-date: /home/aralab/ASBIR-ROS2/install/rclpy_message_converter_msgs/include/rclpy_message_converter_msgs/msg
[10.799s] -- Up-to-date: /home/aralab/ASBIR-ROS2/install/rclpy_message_converter_msgs/include/rclpy_message_converter_msgs/msg/detail
[10.799s] -- Installing: /home/aralab/ASBIR-ROS2/install/rclpy_message_converter_msgs/include/rclpy_message_converter_msgs/msg/detail/uint8_array_test_message__type_support.cpp
[10.799s] -- Installing: /home/aralab/ASBIR-ROS2/install/rclpy_message_converter_msgs/include/rclpy_message_converter_msgs/msg/detail/uint8_array3_test_message__rosidl_typesupport_introspection_cpp.hpp
[10.799s] -- Installing: /home/aralab/ASBIR-ROS2/install/rclpy_message_converter_msgs/include/rclpy_message_converter_msgs/msg/detail/nested_uint8_array_test_message__type_support.cpp
[10.799s] -- Installing: /home/aralab/ASBIR-ROS2/install/rclpy_message_converter_msgs/include/rclpy_message_converter_msgs/msg/detail/uint8_array_test_message__rosidl_typesupport_introspection_cpp.hpp
[10.800s] -- Installing: /home/aralab/ASBIR-ROS2/install/rclpy_message_converter_msgs/include/rclpy_message_converter_msgs/msg/detail/test_array__type_support.cpp
[10.800s] -- Installing: /home/aralab/ASBIR-ROS2/install/rclpy_message_converter_msgs/include/rclpy_message_converter_msgs/msg/detail/nested_uint8_array_test_message__rosidl_typesupport_introspection_cpp.hpp
[10.800s] -- Installing: /home/aralab/ASBIR-ROS2/install/rclpy_message_converter_msgs/include/rclpy_message_converter_msgs/msg/detail/test_array__rosidl_typesupport_introspection_cpp.hpp
[10.800s] -- Installing: /home/aralab/ASBIR-ROS2/install/rclpy_message_converter_msgs/include/rclpy_message_converter_msgs/msg/detail/uint8_array3_test_message__type_support.cpp
[10.800s] -- Installing: /home/aralab/ASBIR-ROS2/install/rclpy_message_converter_msgs/lib/librclpy_message_converter_msgs__rosidl_typesupport_introspection_cpp.so
[10.801s] -- Set runtime path of "/home/aralab/ASBIR-ROS2/install/rclpy_message_converter_msgs/lib/librclpy_message_converter_msgs__rosidl_typesupport_introspection_cpp.so" to ""
[10.801s] -- Installing: /home/aralab/ASBIR-ROS2/install/rclpy_message_converter_msgs/lib/librclpy_message_converter_msgs__rosidl_typesupport_cpp.so
[10.802s] -- Set runtime path of "/home/aralab/ASBIR-ROS2/install/rclpy_message_converter_msgs/lib/librclpy_message_converter_msgs__rosidl_typesupport_cpp.so" to ""
[10.802s] -- Installing: /home/aralab/ASBIR-ROS2/install/rclpy_message_converter_msgs/share/rclpy_message_converter_msgs/environment/pythonpath.sh
[10.802s] -- Installing: /home/aralab/ASBIR-ROS2/install/rclpy_message_converter_msgs/share/rclpy_message_converter_msgs/environment/pythonpath.dsv
[10.802s] -- Installing: /home/aralab/ASBIR-ROS2/install/rclpy_message_converter_msgs/lib/python3.8/site-packages/rclpy_message_converter_msgs/__init__.py
[11.077s] Compiling '/home/aralab/ASBIR-ROS2/install/rclpy_message_converter_msgs/lib/python3.8/site-packages/rclpy_message_converter_msgs/__init__.py'...
[11.081s] -- Installing: /home/aralab/ASBIR-ROS2/install/rclpy_message_converter_msgs/lib/python3.8/site-packages/rclpy_message_converter_msgs/msg
[11.081s] -- Installing: /home/aralab/ASBIR-ROS2/install/rclpy_message_converter_msgs/lib/python3.8/site-packages/rclpy_message_converter_msgs/msg/__init__.py
[11.081s] -- Installing: /home/aralab/ASBIR-ROS2/install/rclpy_message_converter_msgs/lib/python3.8/site-packages/rclpy_message_converter_msgs/msg/_uint8_array_test_message_s.c
[11.082s] -- Installing: /home/aralab/ASBIR-ROS2/install/rclpy_message_converter_msgs/lib/python3.8/site-packages/rclpy_message_converter_msgs/msg/_test_array.py
[11.082s] -- Installing: /home/aralab/ASBIR-ROS2/install/rclpy_message_converter_msgs/lib/python3.8/site-packages/rclpy_message_converter_msgs/msg/_test_array_s.c
[11.082s] -- Installing: /home/aralab/ASBIR-ROS2/install/rclpy_message_converter_msgs/lib/python3.8/site-packages/rclpy_message_converter_msgs/msg/_uint8_array3_test_message.py
[11.082s] -- Installing: /home/aralab/ASBIR-ROS2/install/rclpy_message_converter_msgs/lib/python3.8/site-packages/rclpy_message_converter_msgs/msg/_uint8_array3_test_message_s.c
[11.082s] -- Installing: /home/aralab/ASBIR-ROS2/install/rclpy_message_converter_msgs/lib/python3.8/site-packages/rclpy_message_converter_msgs/msg/_nested_uint8_array_test_message_s.c
[11.082s] -- Installing: /home/aralab/ASBIR-ROS2/install/rclpy_message_converter_msgs/lib/python3.8/site-packages/rclpy_message_converter_msgs/msg/_nested_uint8_array_test_message.py
[11.083s] -- Installing: /home/aralab/ASBIR-ROS2/install/rclpy_message_converter_msgs/lib/python3.8/site-packages/rclpy_message_converter_msgs/msg/_uint8_array_test_message.py
[11.083s] -- Installing: /home/aralab/ASBIR-ROS2/install/rclpy_message_converter_msgs/lib/python3.8/site-packages/rclpy_message_converter_msgs/srv
[11.083s] -- Installing: /home/aralab/ASBIR-ROS2/install/rclpy_message_converter_msgs/lib/python3.8/site-packages/rclpy_message_converter_msgs/srv/_nested_uint8_array_test_service.py
[11.083s] -- Installing: /home/aralab/ASBIR-ROS2/install/rclpy_message_converter_msgs/lib/python3.8/site-packages/rclpy_message_converter_msgs/srv/__init__.py
[11.083s] -- Installing: /home/aralab/ASBIR-ROS2/install/rclpy_message_converter_msgs/lib/python3.8/site-packages/rclpy_message_converter_msgs/srv/_nested_uint8_array_test_service_s.c
[11.083s] -- Installing: /home/aralab/ASBIR-ROS2/install/rclpy_message_converter_msgs/lib/python3.8/site-packages/rclpy_message_converter_msgs/rclpy_message_converter_msgs_s__rosidl_typesupport_introspection_c.cpython-38-x86_64-linux-gnu.so
[11.084s] -- Set runtime path of "/home/aralab/ASBIR-ROS2/install/rclpy_message_converter_msgs/lib/python3.8/site-packages/rclpy_message_converter_msgs/rclpy_message_converter_msgs_s__rosidl_typesupport_introspection_c.cpython-38-x86_64-linux-gnu.so" to ""
[11.084s] -- Installing: /home/aralab/ASBIR-ROS2/install/rclpy_message_converter_msgs/lib/python3.8/site-packages/rclpy_message_converter_msgs/rclpy_message_converter_msgs_s__rosidl_typesupport_fastrtps_c.cpython-38-x86_64-linux-gnu.so
[11.085s] -- Set runtime path of "/home/aralab/ASBIR-ROS2/install/rclpy_message_converter_msgs/lib/python3.8/site-packages/rclpy_message_converter_msgs/rclpy_message_converter_msgs_s__rosidl_typesupport_fastrtps_c.cpython-38-x86_64-linux-gnu.so" to ""
[11.085s] -- Installing: /home/aralab/ASBIR-ROS2/install/rclpy_message_converter_msgs/lib/python3.8/site-packages/rclpy_message_converter_msgs/rclpy_message_converter_msgs_s__rosidl_typesupport_c.cpython-38-x86_64-linux-gnu.so
[11.085s] -- Set runtime path of "/home/aralab/ASBIR-ROS2/install/rclpy_message_converter_msgs/lib/python3.8/site-packages/rclpy_message_converter_msgs/rclpy_message_converter_msgs_s__rosidl_typesupport_c.cpython-38-x86_64-linux-gnu.so" to ""
[11.086s] -- Installing: /home/aralab/ASBIR-ROS2/install/rclpy_message_converter_msgs/lib/librclpy_message_converter_msgs__python.so
[11.086s] -- Set runtime path of "/home/aralab/ASBIR-ROS2/install/rclpy_message_converter_msgs/lib/librclpy_message_converter_msgs__python.so" to ""
[11.086s] -- Installing: /home/aralab/ASBIR-ROS2/install/rclpy_message_converter_msgs/share/rclpy_message_converter_msgs/msg/NestedUint8ArrayTestMessage.idl
[11.086s] -- Installing: /home/aralab/ASBIR-ROS2/install/rclpy_message_converter_msgs/share/rclpy_message_converter_msgs/msg/TestArray.idl
[11.087s] -- Installing: /home/aralab/ASBIR-ROS2/install/rclpy_message_converter_msgs/share/rclpy_message_converter_msgs/msg/Uint8Array3TestMessage.idl
[11.087s] -- Installing: /home/aralab/ASBIR-ROS2/install/rclpy_message_converter_msgs/share/rclpy_message_converter_msgs/msg/Uint8ArrayTestMessage.idl
[11.087s] -- Installing: /home/aralab/ASBIR-ROS2/install/rclpy_message_converter_msgs/share/rclpy_message_converter_msgs/srv/NestedUint8ArrayTestService.idl
[11.087s] -- Installing: /home/aralab/ASBIR-ROS2/install/rclpy_message_converter_msgs/share/rclpy_message_converter_msgs/msg/NestedUint8ArrayTestMessage.msg
[11.087s] -- Installing: /home/aralab/ASBIR-ROS2/install/rclpy_message_converter_msgs/share/rclpy_message_converter_msgs/msg/TestArray.msg
[11.087s] -- Installing: /home/aralab/ASBIR-ROS2/install/rclpy_message_converter_msgs/share/rclpy_message_converter_msgs/msg/Uint8Array3TestMessage.msg
[11.087s] -- Installing: /home/aralab/ASBIR-ROS2/install/rclpy_message_converter_msgs/share/rclpy_message_converter_msgs/msg/Uint8ArrayTestMessage.msg
[11.088s] -- Installing: /home/aralab/ASBIR-ROS2/install/rclpy_message_converter_msgs/share/rclpy_message_converter_msgs/srv/NestedUint8ArrayTestService.srv
[11.088s] -- Installing: /home/aralab/ASBIR-ROS2/install/rclpy_message_converter_msgs/share/rclpy_message_converter_msgs/srv/NestedUint8ArrayTestService_Request.msg
[11.088s] -- Installing: /home/aralab/ASBIR-ROS2/install/rclpy_message_converter_msgs/share/rclpy_message_converter_msgs/srv/NestedUint8ArrayTestService_Response.msg
[11.088s] -- Installing: /home/aralab/ASBIR-ROS2/install/rclpy_message_converter_msgs/share/ament_index/resource_index/package_run_dependencies/rclpy_message_converter_msgs
[11.088s] -- Installing: /home/aralab/ASBIR-ROS2/install/rclpy_message_converter_msgs/share/ament_index/resource_index/parent_prefix_path/rclpy_message_converter_msgs
[11.088s] -- Installing: /home/aralab/ASBIR-ROS2/install/rclpy_message_converter_msgs/share/rclpy_message_converter_msgs/environment/ament_prefix_path.sh
[11.089s] -- Installing: /home/aralab/ASBIR-ROS2/install/rclpy_message_converter_msgs/share/rclpy_message_converter_msgs/environment/ament_prefix_path.dsv
[11.089s] -- Installing: /home/aralab/ASBIR-ROS2/install/rclpy_message_converter_msgs/share/rclpy_message_converter_msgs/environment/path.sh
[11.089s] -- Installing: /home/aralab/ASBIR-ROS2/install/rclpy_message_converter_msgs/share/rclpy_message_converter_msgs/environment/path.dsv
[11.089s] -- Installing: /home/aralab/ASBIR-ROS2/install/rclpy_message_converter_msgs/share/rclpy_message_converter_msgs/local_setup.bash
[11.089s] -- Installing: /home/aralab/ASBIR-ROS2/install/rclpy_message_converter_msgs/share/rclpy_message_converter_msgs/local_setup.sh
[11.089s] -- Installing: /home/aralab/ASBIR-ROS2/install/rclpy_message_converter_msgs/share/rclpy_message_converter_msgs/local_setup.zsh
[11.090s] -- Installing: /home/aralab/ASBIR-ROS2/install/rclpy_message_converter_msgs/share/rclpy_message_converter_msgs/local_setup.dsv
[11.090s] -- Installing: /home/aralab/ASBIR-ROS2/install/rclpy_message_converter_msgs/share/rclpy_message_converter_msgs/package.dsv
[11.090s] -- Installing: /home/aralab/ASBIR-ROS2/install/rclpy_message_converter_msgs/share/ament_index/resource_index/packages/rclpy_message_converter_msgs
[11.090s] -- Installing: /home/aralab/ASBIR-ROS2/install/rclpy_message_converter_msgs/share/rclpy_message_converter_msgs/cmake/rclpy_message_converter_msgs__rosidl_generator_cExport.cmake
[11.090s] -- Installing: /home/aralab/ASBIR-ROS2/install/rclpy_message_converter_msgs/share/rclpy_message_converter_msgs/cmake/rclpy_message_converter_msgs__rosidl_generator_cExport-noconfig.cmake
[11.090s] -- Installing: /home/aralab/ASBIR-ROS2/install/rclpy_message_converter_msgs/share/rclpy_message_converter_msgs/cmake/rclpy_message_converter_msgs__rosidl_typesupport_introspection_cExport.cmake
[11.091s] -- Installing: /home/aralab/ASBIR-ROS2/install/rclpy_message_converter_msgs/share/rclpy_message_converter_msgs/cmake/rclpy_message_converter_msgs__rosidl_typesupport_introspection_cExport-noconfig.cmake
[11.091s] -- Installing: /home/aralab/ASBIR-ROS2/install/rclpy_message_converter_msgs/share/rclpy_message_converter_msgs/cmake/rclpy_message_converter_msgs__rosidl_typesupport_cExport.cmake
[11.091s] -- Installing: /home/aralab/ASBIR-ROS2/install/rclpy_message_converter_msgs/share/rclpy_message_converter_msgs/cmake/rclpy_message_converter_msgs__rosidl_typesupport_cExport-noconfig.cmake
[11.091s] -- Installing: /home/aralab/ASBIR-ROS2/install/rclpy_message_converter_msgs/share/rclpy_message_converter_msgs/cmake/rclpy_message_converter_msgs__rosidl_generator_cppExport.cmake
[11.091s] -- Installing: /home/aralab/ASBIR-ROS2/install/rclpy_message_converter_msgs/share/rclpy_message_converter_msgs/cmake/rclpy_message_converter_msgs__rosidl_typesupport_introspection_cppExport.cmake
[11.092s] -- Installing: /home/aralab/ASBIR-ROS2/install/rclpy_message_converter_msgs/share/rclpy_message_converter_msgs/cmake/rclpy_message_converter_msgs__rosidl_typesupport_introspection_cppExport-noconfig.cmake
[11.092s] -- Installing: /home/aralab/ASBIR-ROS2/install/rclpy_message_converter_msgs/share/rclpy_message_converter_msgs/cmake/rclpy_message_converter_msgs__rosidl_typesupport_cppExport.cmake
[11.092s] -- Installing: /home/aralab/ASBIR-ROS2/install/rclpy_message_converter_msgs/share/rclpy_message_converter_msgs/cmake/rclpy_message_converter_msgs__rosidl_typesupport_cppExport-noconfig.cmake
[11.092s] -- Installing: /home/aralab/ASBIR-ROS2/install/rclpy_message_converter_msgs/share/rclpy_message_converter_msgs/cmake/rosidl_cmake-extras.cmake
[11.092s] -- Installing: /home/aralab/ASBIR-ROS2/install/rclpy_message_converter_msgs/share/rclpy_message_converter_msgs/cmake/ament_cmake_export_dependencies-extras.cmake
[11.092s] -- Installing: /home/aralab/ASBIR-ROS2/install/rclpy_message_converter_msgs/share/rclpy_message_converter_msgs/cmake/ament_cmake_export_libraries-extras.cmake
[11.093s] -- Installing: /home/aralab/ASBIR-ROS2/install/rclpy_message_converter_msgs/share/rclpy_message_converter_msgs/cmake/ament_cmake_export_targets-extras.cmake
[11.093s] -- Installing: /home/aralab/ASBIR-ROS2/install/rclpy_message_converter_msgs/share/rclpy_message_converter_msgs/cmake/ament_cmake_export_include_directories-extras.cmake
[11.093s] -- Installing: /home/aralab/ASBIR-ROS2/install/rclpy_message_converter_msgs/share/rclpy_message_converter_msgs/cmake/rosidl_cmake_export_typesupport_targets-extras.cmake
[11.093s] -- Installing: /home/aralab/ASBIR-ROS2/install/rclpy_message_converter_msgs/share/rclpy_message_converter_msgs/cmake/rosidl_cmake_export_typesupport_libraries-extras.cmake
[11.093s] -- Installing: /home/aralab/ASBIR-ROS2/install/rclpy_message_converter_msgs/share/rclpy_message_converter_msgs/cmake/rclpy_message_converter_msgsConfig.cmake
[11.093s] -- Installing: /home/aralab/ASBIR-ROS2/install/rclpy_message_converter_msgs/share/rclpy_message_converter_msgs/cmake/rclpy_message_converter_msgsConfig-version.cmake
[11.093s] -- Installing: /home/aralab/ASBIR-ROS2/install/rclpy_message_converter_msgs/share/rclpy_message_converter_msgs/package.xml
[11.105s] Invoked command in '/home/aralab/ASBIR-ROS2/build/rclpy_message_converter_msgs' returned '0': CMAKE_PREFIX_PATH=${CMAKE_PREFIX_PATH}:/home/aralab/ros2_foxy/install/ros2bag:/home/aralab/ros2_foxy/install/tracetools_launch:/home/aralab/ros2_foxy/install/topic_monitor:/home/aralab/ros2_foxy/install/examples_tf2_py:/home/aralab/ros2_foxy/install/sros2:/home/aralab/ros2_foxy/install/rqt_topic:/home/aralab/ros2_foxy/install/rqt_top:/home/aralab/ros2_foxy/install/rqt_srv:/home/aralab/ros2_foxy/install/rqt_shell:/home/aralab/ros2_foxy/install/rqt_service_caller:/home/aralab/ros2_foxy/install/rqt_reconfigure:/home/aralab/ros2_foxy/install/rqt_py_console:/home/aralab/ros2_foxy/install/rqt_publisher:/home/aralab/ros2_foxy/install/rqt_plot:/home/aralab/ros2_foxy/install/rqt_action:/home/aralab/ros2_foxy/install/rqt_msg:/home/aralab/ros2_foxy/install/rqt_console:/home/aralab/ros2_foxy/install/rqt:/home/aralab/ros2_foxy/install/rqt_graph:/home/aralab/ros2_foxy/install/rqt_gui_py:/home/aralab/ros2_foxy/install/rqt_gui:/home/aralab/ros2_foxy/install/ros2trace:/home/aralab/ros2_foxy/install/ros2topic:/home/aralab/ros2_foxy/install/ros2test:/home/aralab/ros2_foxy/install/ros2component:/home/aralab/ros2_foxy/install/ros2param:/home/aralab/ros2_foxy/install/ros2lifecycle:/home/aralab/ros2_foxy/install/ros2service:/home/aralab/ros2_foxy/install/ros2run:/home/aralab/ros2_foxy/install/ros2launch:/home/aralab/ros2_foxy/install/ros2pkg:/home/aralab/ros2_foxy/install/ros2node:/home/aralab/ros2_foxy/install/ros2multicast:/home/aralab/ros2_foxy/install/ros2interface:/home/aralab/ros2_foxy/install/ros2doctor:/home/aralab/ros2_foxy/install/ros2action:/home/aralab/ros2_foxy/install/ros2cli:/home/aralab/ros2_foxy/install/quality_of_service_demo_py:/home/aralab/ros2_foxy/install/launch_testing_ros:/home/aralab/ros2_foxy/install/launch_ros:/home/aralab/ros2_foxy/install/examples_rclpy_minimal_subscriber:/home/aralab/ros2_foxy/install/examples_rclpy_minimal_service:/home/aralab/ros2_foxy/install/examples_rclpy_minimal_publisher:/home/aralab/ros2_foxy/install/examples_rclpy_minimal_client:/home/aralab/ros2_foxy/install/examples_rclpy_minimal_action_server:/home/aralab/ros2_foxy/install/examples_rclpy_minimal_action_client:/home/aralab/ros2_foxy/install/examples_rclpy_executors:/home/aralab/ros2_foxy/install/demo_nodes_py:/home/aralab/ros2_foxy/install/action_tutorials_py:/home/aralab/ros2_foxy/install/ament_uncrustify:/home/aralab/ros2_foxy/install/tracetools_trace:/home/aralab/ros2_foxy/install/tracetools_read:/home/aralab/ros2_foxy/install/test_launch_ros:/home/aralab/ros2_foxy/install/sensor_msgs_py:/home/aralab/ros2_foxy/install/rpyutils:/home/aralab/ros2_foxy/install/rosidl_runtime_py:/home/aralab/ros2_foxy/install/launch_yaml:/home/aralab/ros2_foxy/install/launch_xml:/home/aralab/ros2_foxy/install/launch_testing:/home/aralab/ros2_foxy/install/launch:/home/aralab/ros2_foxy/install/osrf_pycommon:/home/aralab/ros2_foxy/install/domain_coordinator:/home/aralab/ros2_foxy/install/ament_xmllint:/home/aralab/ros2_foxy/install/ament_pyflakes:/home/aralab/ros2_foxy/install/ament_pycodestyle:/home/aralab/ros2_foxy/install/ament_pep257:/home/aralab/ros2_foxy/install/ament_pclint:/home/aralab/ros2_foxy/install/ament_package:/home/aralab/ros2_foxy/install/ament_mypy:/home/aralab/ros2_foxy/install/ament_lint_cmake:/home/aralab/ros2_foxy/install/ament_flake8:/home/aralab/ros2_foxy/install/ament_copyright:/home/aralab/ros2_foxy/install/ament_lint:/home/aralab/ros2_foxy/install/ament_index_python:/home/aralab/ros2_foxy/install/ament_cpplint:/home/aralab/ros2_foxy/install/ament_cppcheck:/home/aralab/ros2_foxy/install/ament_clang_tidy:/home/aralab/ros2_foxy/install/ament_clang_format /usr/bin/cmake --install /home/aralab/ASBIR-ROS2/build/rclpy_message_converter_msgs
