[2.680s] Invoking command in '/home/aralab/ASBIR-ROS2/src/asbir_rc': PYTHONPATH=/home/aralab/ASBIR-ROS2/build/asbir_rc/prefix_override:/home/aralab/ASBIR-ROS2/install/asbir_rc/lib/python3.8/site-packages:${PYTHONPATH} /usr/bin/python3 setup.py egg_info --egg-base ../../build/asbir_rc build --build-base /home/aralab/ASBIR-ROS2/build/asbir_rc/build install --record /home/aralab/ASBIR-ROS2/build/asbir_rc/install.log --install-scripts $base/lib/asbir_rc --single-version-externally-managed
[3.046s] running egg_info
[3.046s] writing ../../build/asbir_rc/asbir_rc.egg-info/PKG-INFO
[3.047s] writing dependency_links to ../../build/asbir_rc/asbir_rc.egg-info/dependency_links.txt
[3.047s] writing entry points to ../../build/asbir_rc/asbir_rc.egg-info/entry_points.txt
[3.047s] writing requirements to ../../build/asbir_rc/asbir_rc.egg-info/requires.txt
[3.047s] writing top-level names to ../../build/asbir_rc/asbir_rc.egg-info/top_level.txt
[3.093s] reading manifest file '../../build/asbir_rc/asbir_rc.egg-info/SOURCES.txt'
[3.094s] writing manifest file '../../build/asbir_rc/asbir_rc.egg-info/SOURCES.txt'
[3.094s] running build
[3.094s] running build_py
[3.095s] running install
[3.096s] running install_lib
[3.099s] running install_data
[3.099s] running install_egg_info
[3.102s] removing '/home/aralab/ASBIR-ROS2/install/asbir_rc/lib/python3.8/site-packages/asbir_rc-0.0.0-py3.8.egg-info' (and everything under it)
[3.108s] Copying ../../build/asbir_rc/asbir_rc.egg-info to /home/aralab/ASBIR-ROS2/install/asbir_rc/lib/python3.8/site-packages/asbir_rc-0.0.0-py3.8.egg-info
[3.108s] running install_scripts
[3.133s] Installing teleopGamepad script to /home/aralab/ASBIR-ROS2/install/asbir_rc/lib/asbir_rc
[3.133s] Installing teleopKeyboard script to /home/aralab/ASBIR-ROS2/install/asbir_rc/lib/asbir_rc
[3.133s] writing list of installed files to '/home/aralab/ASBIR-ROS2/build/asbir_rc/install.log'
[3.187s] Invoked command in '/home/aralab/ASBIR-ROS2/src/asbir_rc' returned '0': PYTHONPATH=/home/aralab/ASBIR-ROS2/build/asbir_rc/prefix_override:/home/aralab/ASBIR-ROS2/install/asbir_rc/lib/python3.8/site-packages:${PYTHONPATH} /usr/bin/python3 setup.py egg_info --egg-base ../../build/asbir_rc build --build-base /home/aralab/ASBIR-ROS2/build/asbir_rc/build install --record /home/aralab/ASBIR-ROS2/build/asbir_rc/install.log --install-scripts $base/lib/asbir_rc --single-version-externally-managed
