[3.595s] Invoking command in '/home/aralab/ASBIR-ROS2/src/asbir_rc': PYTHONPATH=/home/aralab/ASBIR-ROS2/build/asbir_rc/prefix_override:/home/aralab/ASBIR-ROS2/install/asbir_rc/lib/python3.8/site-packages:${PYTHONPATH} /usr/bin/python3 setup.py egg_info --egg-base ../../build/asbir_rc build --build-base /home/aralab/ASBIR-ROS2/build/asbir_rc/build install --record /home/aralab/ASBIR-ROS2/build/asbir_rc/install.log --install-scripts $base/lib/asbir_rc --single-version-externally-managed
[4.254s] running egg_info
[4.255s] writing ../../build/asbir_rc/asbir_rc.egg-info/PKG-INFO
[4.255s] writing dependency_links to ../../build/asbir_rc/asbir_rc.egg-info/dependency_links.txt
[4.255s] writing entry points to ../../build/asbir_rc/asbir_rc.egg-info/entry_points.txt
[4.255s] writing requirements to ../../build/asbir_rc/asbir_rc.egg-info/requires.txt
[4.255s] writing top-level names to ../../build/asbir_rc/asbir_rc.egg-info/top_level.txt
[4.292s] reading manifest file '../../build/asbir_rc/asbir_rc.egg-info/SOURCES.txt'
[4.293s] writing manifest file '../../build/asbir_rc/asbir_rc.egg-info/SOURCES.txt'
[4.293s] running build
[4.293s] running build_py
[4.293s] copying asbir_rc/teleopKeyboard.py -> /home/aralab/ASBIR-ROS2/build/asbir_rc/build/lib/asbir_rc
[4.293s] copying asbir_rc/teleopGamepad.py -> /home/aralab/ASBIR-ROS2/build/asbir_rc/build/lib/asbir_rc
[4.294s] running install
[4.296s] running install_lib
[4.297s] copying /home/aralab/ASBIR-ROS2/build/asbir_rc/build/lib/asbir_rc/teleopKeyboard.py -> /home/aralab/ASBIR-ROS2/install/asbir_rc/lib/python3.8/site-packages/asbir_rc
[4.297s] copying /home/aralab/ASBIR-ROS2/build/asbir_rc/build/lib/asbir_rc/teleopGamepad.py -> /home/aralab/ASBIR-ROS2/install/asbir_rc/lib/python3.8/site-packages/asbir_rc
[4.299s] byte-compiling /home/aralab/ASBIR-ROS2/install/asbir_rc/lib/python3.8/site-packages/asbir_rc/teleopKeyboard.py to teleopKeyboard.cpython-38.pyc
[4.300s] byte-compiling /home/aralab/ASBIR-ROS2/install/asbir_rc/lib/python3.8/site-packages/asbir_rc/teleopGamepad.py to teleopGamepad.cpython-38.pyc
[4.301s] running install_data
[4.301s] running install_egg_info
[4.304s] removing '/home/aralab/ASBIR-ROS2/install/asbir_rc/lib/python3.8/site-packages/asbir_rc-0.0.0-py3.8.egg-info' (and everything under it)
[4.305s] Copying ../../build/asbir_rc/asbir_rc.egg-info to /home/aralab/ASBIR-ROS2/install/asbir_rc/lib/python3.8/site-packages/asbir_rc-0.0.0-py3.8.egg-info
[4.305s] running install_scripts
[4.330s] Installing teleopGamepad script to /home/aralab/ASBIR-ROS2/install/asbir_rc/lib/asbir_rc
[4.330s] Installing teleopKeyboard script to /home/aralab/ASBIR-ROS2/install/asbir_rc/lib/asbir_rc
[4.330s] writing list of installed files to '/home/aralab/ASBIR-ROS2/build/asbir_rc/install.log'
[4.421s] Invoked command in '/home/aralab/ASBIR-ROS2/src/asbir_rc' returned '0': PYTHONPATH=/home/aralab/ASBIR-ROS2/build/asbir_rc/prefix_override:/home/aralab/ASBIR-ROS2/install/asbir_rc/lib/python3.8/site-packages:${PYTHONPATH} /usr/bin/python3 setup.py egg_info --egg-base ../../build/asbir_rc build --build-base /home/aralab/ASBIR-ROS2/build/asbir_rc/build install --record /home/aralab/ASBIR-ROS2/build/asbir_rc/install.log --install-scripts $base/lib/asbir_rc --single-version-externally-managed
