[5.820s] Invoking command in '/home/asbir/ASBIR-ROS2/src/asbir_xavier_gpio': PYTHONPATH=/home/asbir/ASBIR-ROS2/build/asbir_xavier_gpio/prefix_override:/home/asbir/ASBIR-ROS2/install/asbir_xavier_gpio/lib/python3.8/site-packages:${PYTHONPATH} /usr/bin/python3 setup.py egg_info --egg-base ../../build/asbir_xavier_gpio build --build-base /home/asbir/ASBIR-ROS2/build/asbir_xavier_gpio/build install --record /home/asbir/ASBIR-ROS2/build/asbir_xavier_gpio/install.log --install-scripts $base/lib/asbir_xavier_gpio --single-version-externally-managed
[7.913s] running egg_info
[7.915s] writing ../../build/asbir_xavier_gpio/asbir_xavier_gpio.egg-info/PKG-INFO
[7.917s] writing dependency_links to ../../build/asbir_xavier_gpio/asbir_xavier_gpio.egg-info/dependency_links.txt
[7.918s] writing entry points to ../../build/asbir_xavier_gpio/asbir_xavier_gpio.egg-info/entry_points.txt
[7.921s] writing requirements to ../../build/asbir_xavier_gpio/asbir_xavier_gpio.egg-info/requires.txt
[7.923s] writing top-level names to ../../build/asbir_xavier_gpio/asbir_xavier_gpio.egg-info/top_level.txt
[8.138s] reading manifest file '../../build/asbir_xavier_gpio/asbir_xavier_gpio.egg-info/SOURCES.txt'
[8.143s] writing manifest file '../../build/asbir_xavier_gpio/asbir_xavier_gpio.egg-info/SOURCES.txt'
[8.143s] running build
[8.144s] running build_py
[8.145s] copying asbir_xavier_gpio/servoControl.py -> /home/asbir/ASBIR-ROS2/build/asbir_xavier_gpio/build/lib/asbir_xavier_gpio
[8.156s] running install
[8.167s] running install_lib
[8.172s] copying /home/asbir/ASBIR-ROS2/build/asbir_xavier_gpio/build/lib/asbir_xavier_gpio/servoControl.py -> /home/asbir/ASBIR-ROS2/install/asbir_xavier_gpio/lib/python3.8/site-packages/asbir_xavier_gpio
[8.182s] byte-compiling /home/asbir/ASBIR-ROS2/install/asbir_xavier_gpio/lib/python3.8/site-packages/asbir_xavier_gpio/servoControl.py to servoControl.cpython-38.pyc
[8.195s] running install_data
[8.199s] running install_egg_info
[8.214s] removing '/home/asbir/ASBIR-ROS2/install/asbir_xavier_gpio/lib/python3.8/site-packages/asbir_xavier_gpio-0.0.0-py3.8.egg-info' (and everything under it)
[8.216s] Copying ../../build/asbir_xavier_gpio/asbir_xavier_gpio.egg-info to /home/asbir/ASBIR-ROS2/install/asbir_xavier_gpio/lib/python3.8/site-packages/asbir_xavier_gpio-0.0.0-py3.8.egg-info
[8.223s] running install_scripts
[8.355s] Installing xavierGPIO script to /home/asbir/ASBIR-ROS2/install/asbir_xavier_gpio/lib/asbir_xavier_gpio
[8.357s] writing list of installed files to '/home/asbir/ASBIR-ROS2/build/asbir_xavier_gpio/install.log'
[8.464s] Invoked command in '/home/asbir/ASBIR-ROS2/src/asbir_xavier_gpio' returned '0': PYTHONPATH=/home/asbir/ASBIR-ROS2/build/asbir_xavier_gpio/prefix_override:/home/asbir/ASBIR-ROS2/install/asbir_xavier_gpio/lib/python3.8/site-packages:${PYTHONPATH} /usr/bin/python3 setup.py egg_info --egg-base ../../build/asbir_xavier_gpio build --build-base /home/asbir/ASBIR-ROS2/build/asbir_xavier_gpio/build install --record /home/asbir/ASBIR-ROS2/build/asbir_xavier_gpio/install.log --install-scripts $base/lib/asbir_xavier_gpio --single-version-externally-managed
