[2.202s] Invoking command in '/home/aralab/ASBIR-ROS2/src/asbir_status': PYTHONPATH=/home/aralab/ASBIR-ROS2/build/asbir_status/prefix_override:/home/aralab/ASBIR-ROS2/install/asbir_status/lib/python3.8/site-packages:${PYTHONPATH} /usr/bin/python3 setup.py egg_info --egg-base ../../build/asbir_status build --build-base /home/aralab/ASBIR-ROS2/build/asbir_status/build install --record /home/aralab/ASBIR-ROS2/build/asbir_status/install.log --install-scripts $base/lib/asbir_status --single-version-externally-managed
[2.469s] running egg_info
[2.469s] writing ../../build/asbir_status/asbir_status.egg-info/PKG-INFO
[2.469s] writing dependency_links to ../../build/asbir_status/asbir_status.egg-info/dependency_links.txt
[2.470s] writing entry points to ../../build/asbir_status/asbir_status.egg-info/entry_points.txt
[2.470s] writing requirements to ../../build/asbir_status/asbir_status.egg-info/requires.txt
[2.470s] writing top-level names to ../../build/asbir_status/asbir_status.egg-info/top_level.txt
[2.509s] reading manifest file '../../build/asbir_status/asbir_status.egg-info/SOURCES.txt'
[2.510s] writing manifest file '../../build/asbir_status/asbir_status.egg-info/SOURCES.txt'
[2.510s] running build
[2.510s] running build_py
[2.510s] copying asbir_status/statusListener.py -> /home/aralab/ASBIR-ROS2/build/asbir_status/build/lib/asbir_status
[2.511s] running install
[2.511s] running install_lib
[2.512s] copying /home/aralab/ASBIR-ROS2/build/asbir_status/build/lib/asbir_status/statusListener.py -> /home/aralab/ASBIR-ROS2/install/asbir_status/lib/python3.8/site-packages/asbir_status
[2.513s] byte-compiling /home/aralab/ASBIR-ROS2/install/asbir_status/lib/python3.8/site-packages/asbir_status/statusListener.py to statusListener.cpython-38.pyc
[2.515s] running install_data
[2.515s] running install_egg_info
[2.518s] removing '/home/aralab/ASBIR-ROS2/install/asbir_status/lib/python3.8/site-packages/asbir_status-0.0.0-py3.8.egg-info' (and everything under it)
[2.518s] Copying ../../build/asbir_status/asbir_status.egg-info to /home/aralab/ASBIR-ROS2/install/asbir_status/lib/python3.8/site-packages/asbir_status-0.0.0-py3.8.egg-info
[2.519s] running install_scripts
[2.539s] Installing statusListener script to /home/aralab/ASBIR-ROS2/install/asbir_status/lib/asbir_status
[2.539s] writing list of installed files to '/home/aralab/ASBIR-ROS2/build/asbir_status/install.log'
[2.623s] Invoked command in '/home/aralab/ASBIR-ROS2/src/asbir_status' returned '0': PYTHONPATH=/home/aralab/ASBIR-ROS2/build/asbir_status/prefix_override:/home/aralab/ASBIR-ROS2/install/asbir_status/lib/python3.8/site-packages:${PYTHONPATH} /usr/bin/python3 setup.py egg_info --egg-base ../../build/asbir_status build --build-base /home/aralab/ASBIR-ROS2/build/asbir_status/build install --record /home/aralab/ASBIR-ROS2/build/asbir_status/install.log --install-scripts $base/lib/asbir_status --single-version-externally-managed
