[0.533s] Invoking command in '/home/aralab/ASBIR/ASBIR-ROS2/src/asbir_image': PYTHONPATH=/home/aralab/ASBIR/ASBIR-ROS2/build/asbir_image/prefix_override:/home/aralab/ASBIR/ASBIR-ROS2/install/asbir_image/lib/python3.8/site-packages:${PYTHONPATH} /usr/bin/python3 setup.py egg_info --egg-base ../../build/asbir_image build --build-base /home/aralab/ASBIR/ASBIR-ROS2/build/asbir_image/build install --record /home/aralab/ASBIR/ASBIR-ROS2/build/asbir_image/install.log --install-scripts $base/lib/asbir_image --single-version-externally-managed
[0.717s] running egg_info
[0.717s] writing ../../build/asbir_image/asbir_image.egg-info/PKG-INFO
[0.718s] writing dependency_links to ../../build/asbir_image/asbir_image.egg-info/dependency_links.txt
[0.718s] writing entry points to ../../build/asbir_image/asbir_image.egg-info/entry_points.txt
[0.718s] writing requirements to ../../build/asbir_image/asbir_image.egg-info/requires.txt
[0.718s] writing top-level names to ../../build/asbir_image/asbir_image.egg-info/top_level.txt
[0.749s] reading manifest file '../../build/asbir_image/asbir_image.egg-info/SOURCES.txt'
[0.750s] writing manifest file '../../build/asbir_image/asbir_image.egg-info/SOURCES.txt'
[0.750s] running build
[0.750s] running build_py
[0.750s] running install
[0.751s] running install_lib
[0.752s] running install_data
[0.752s] running install_egg_info
[0.753s] removing '/home/aralab/ASBIR/ASBIR-ROS2/install/asbir_image/lib/python3.8/site-packages/asbir_image-0.0.0-py3.8.egg-info' (and everything under it)
[0.753s] Copying ../../build/asbir_image/asbir_image.egg-info to /home/aralab/ASBIR/ASBIR-ROS2/install/asbir_image/lib/python3.8/site-packages/asbir_image-0.0.0-py3.8.egg-info
[0.754s] running install_scripts
[0.767s] Installing CamPub script to /home/aralab/ASBIR/ASBIR-ROS2/install/asbir_image/lib/asbir_image
[0.767s] Installing CompressVideo script to /home/aralab/ASBIR/ASBIR-ROS2/install/asbir_image/lib/asbir_image
[0.768s] writing list of installed files to '/home/aralab/ASBIR/ASBIR-ROS2/build/asbir_image/install.log'
[0.783s] Invoked command in '/home/aralab/ASBIR/ASBIR-ROS2/src/asbir_image' returned '0': PYTHONPATH=/home/aralab/ASBIR/ASBIR-ROS2/build/asbir_image/prefix_override:/home/aralab/ASBIR/ASBIR-ROS2/install/asbir_image/lib/python3.8/site-packages:${PYTHONPATH} /usr/bin/python3 setup.py egg_info --egg-base ../../build/asbir_image build --build-base /home/aralab/ASBIR/ASBIR-ROS2/build/asbir_image/build install --record /home/aralab/ASBIR/ASBIR-ROS2/build/asbir_image/install.log --install-scripts $base/lib/asbir_image --single-version-externally-managed
