[2.704s] Invoking command in '/home/aralab/ASBIR-ROS2/src/asbir_status': PYTHONPATH=/home/aralab/ASBIR-ROS2/build/asbir_status/prefix_override:/home/aralab/ASBIR-ROS2/install/asbir_status/lib/python3.8/site-packages:${PYTHONPATH} /usr/bin/python3 setup.py egg_info --egg-base ../../build/asbir_status build --build-base /home/aralab/ASBIR-ROS2/build/asbir_status/build install --record /home/aralab/ASBIR-ROS2/build/asbir_status/install.log --install-scripts $base/lib/asbir_status --single-version-externally-managed
[3.119s] running egg_info
[3.120s] writing ../../build/asbir_status/asbir_status.egg-info/PKG-INFO
[3.120s] writing dependency_links to ../../build/asbir_status/asbir_status.egg-info/dependency_links.txt
[3.120s] writing entry points to ../../build/asbir_status/asbir_status.egg-info/entry_points.txt
[3.120s] writing requirements to ../../build/asbir_status/asbir_status.egg-info/requires.txt
[3.120s] writing top-level names to ../../build/asbir_status/asbir_status.egg-info/top_level.txt
[3.163s] reading manifest file '../../build/asbir_status/asbir_status.egg-info/SOURCES.txt'
[3.165s] writing manifest file '../../build/asbir_status/asbir_status.egg-info/SOURCES.txt'
[3.165s] running build
[3.165s] running build_py
[3.166s] running install
[3.170s] running install_lib
[3.170s] running install_data
[3.187s] running install_egg_info
[3.190s] removing '/home/aralab/ASBIR-ROS2/install/asbir_status/lib/python3.8/site-packages/asbir_status-0.0.0-py3.8.egg-info' (and everything under it)
[3.197s] Copying ../../build/asbir_status/asbir_status.egg-info to /home/aralab/ASBIR-ROS2/install/asbir_status/lib/python3.8/site-packages/asbir_status-0.0.0-py3.8.egg-info
[3.197s] running install_scripts
[3.202s] Installing nodeController script to /home/aralab/ASBIR-ROS2/install/asbir_status/lib/asbir_status
[3.202s] Installing statusListener script to /home/aralab/ASBIR-ROS2/install/asbir_status/lib/asbir_status
[3.202s] writing list of installed files to '/home/aralab/ASBIR-ROS2/build/asbir_status/install.log'
[3.241s] Invoked command in '/home/aralab/ASBIR-ROS2/src/asbir_status' returned '0': PYTHONPATH=/home/aralab/ASBIR-ROS2/build/asbir_status/prefix_override:/home/aralab/ASBIR-ROS2/install/asbir_status/lib/python3.8/site-packages:${PYTHONPATH} /usr/bin/python3 setup.py egg_info --egg-base ../../build/asbir_status build --build-base /home/aralab/ASBIR-ROS2/build/asbir_status/build install --record /home/aralab/ASBIR-ROS2/build/asbir_status/install.log --install-scripts $base/lib/asbir_status --single-version-externally-managed
