[1.880s] Invoking command in '/home/aralab/ASBIR-ROS2/src/asbir_serial': PYTHONPATH=/home/aralab/ASBIR-ROS2/build/asbir_serial/prefix_override:/home/aralab/ASBIR-ROS2/install/asbir_serial/lib/python3.8/site-packages:${PYTHONPATH} /usr/bin/python3 setup.py egg_info --egg-base ../../build/asbir_serial build --build-base /home/aralab/ASBIR-ROS2/build/asbir_serial/build install --record /home/aralab/ASBIR-ROS2/build/asbir_serial/install.log --install-scripts $base/lib/asbir_serial --single-version-externally-managed
[2.122s] running egg_info
[2.122s] creating ../../build/asbir_serial/asbir_serial.egg-info
[2.123s] writing ../../build/asbir_serial/asbir_serial.egg-info/PKG-INFO
[2.123s] writing dependency_links to ../../build/asbir_serial/asbir_serial.egg-info/dependency_links.txt
[2.123s] writing entry points to ../../build/asbir_serial/asbir_serial.egg-info/entry_points.txt
[2.123s] writing requirements to ../../build/asbir_serial/asbir_serial.egg-info/requires.txt
[2.123s] writing top-level names to ../../build/asbir_serial/asbir_serial.egg-info/top_level.txt
[2.124s] writing manifest file '../../build/asbir_serial/asbir_serial.egg-info/SOURCES.txt'
[2.156s] reading manifest file '../../build/asbir_serial/asbir_serial.egg-info/SOURCES.txt'
[2.157s] writing manifest file '../../build/asbir_serial/asbir_serial.egg-info/SOURCES.txt'
[2.157s] running build
[2.157s] running build_py
[2.157s] creating /home/aralab/ASBIR-ROS2/build/asbir_serial/build
[2.157s] creating /home/aralab/ASBIR-ROS2/build/asbir_serial/build/lib
[2.157s] creating /home/aralab/ASBIR-ROS2/build/asbir_serial/build/lib/asbir_serial
[2.157s] copying asbir_serial/serialComm.py -> /home/aralab/ASBIR-ROS2/build/asbir_serial/build/lib/asbir_serial
[2.157s] copying asbir_serial/__init__.py -> /home/aralab/ASBIR-ROS2/build/asbir_serial/build/lib/asbir_serial
[2.157s] running install
[2.159s] running install_lib
[2.160s] creating /home/aralab/ASBIR-ROS2/install/asbir_serial/lib/python3.8/site-packages/asbir_serial
[2.160s] copying /home/aralab/ASBIR-ROS2/build/asbir_serial/build/lib/asbir_serial/serialComm.py -> /home/aralab/ASBIR-ROS2/install/asbir_serial/lib/python3.8/site-packages/asbir_serial
[2.160s] copying /home/aralab/ASBIR-ROS2/build/asbir_serial/build/lib/asbir_serial/__init__.py -> /home/aralab/ASBIR-ROS2/install/asbir_serial/lib/python3.8/site-packages/asbir_serial
[2.161s] byte-compiling /home/aralab/ASBIR-ROS2/install/asbir_serial/lib/python3.8/site-packages/asbir_serial/serialComm.py to serialComm.cpython-38.pyc
[2.162s] byte-compiling /home/aralab/ASBIR-ROS2/install/asbir_serial/lib/python3.8/site-packages/asbir_serial/__init__.py to __init__.cpython-38.pyc
[2.162s] running install_data
[2.163s] creating /home/aralab/ASBIR-ROS2/install/asbir_serial/share/ament_index
[2.163s] creating /home/aralab/ASBIR-ROS2/install/asbir_serial/share/ament_index/resource_index
[2.163s] creating /home/aralab/ASBIR-ROS2/install/asbir_serial/share/ament_index/resource_index/packages
[2.163s] copying resource/asbir_serial -> /home/aralab/ASBIR-ROS2/install/asbir_serial/share/ament_index/resource_index/packages
[2.163s] copying package.xml -> /home/aralab/ASBIR-ROS2/install/asbir_serial/share/asbir_serial
[2.163s] running install_egg_info
[2.165s] Copying ../../build/asbir_serial/asbir_serial.egg-info to /home/aralab/ASBIR-ROS2/install/asbir_serial/lib/python3.8/site-packages/asbir_serial-0.0.0-py3.8.egg-info
[2.165s] running install_scripts
[2.184s] Installing serialComm script to /home/aralab/ASBIR-ROS2/install/asbir_serial/lib/asbir_serial
[2.185s] writing list of installed files to '/home/aralab/ASBIR-ROS2/build/asbir_serial/install.log'
[2.230s] Invoked command in '/home/aralab/ASBIR-ROS2/src/asbir_serial' returned '0': PYTHONPATH=/home/aralab/ASBIR-ROS2/build/asbir_serial/prefix_override:/home/aralab/ASBIR-ROS2/install/asbir_serial/lib/python3.8/site-packages:${PYTHONPATH} /usr/bin/python3 setup.py egg_info --egg-base ../../build/asbir_serial build --build-base /home/aralab/ASBIR-ROS2/build/asbir_serial/build install --record /home/aralab/ASBIR-ROS2/build/asbir_serial/install.log --install-scripts $base/lib/asbir_serial --single-version-externally-managed
