[2.144s] Invoking command in '/home/aralab/ASBIR-ROS2/src/asbir_status': PYTHONPATH=/home/aralab/ASBIR-ROS2/build/asbir_status/prefix_override:/home/aralab/ASBIR-ROS2/install/asbir_status/lib/python3.8/site-packages:${PYTHONPATH} /usr/bin/python3 setup.py egg_info --egg-base ../../build/asbir_status build --build-base /home/aralab/ASBIR-ROS2/build/asbir_status/build install --record /home/aralab/ASBIR-ROS2/build/asbir_status/install.log --install-scripts $base/lib/asbir_status --single-version-externally-managed
[2.402s] running egg_info
[2.402s] creating ../../build/asbir_status/asbir_status.egg-info
[2.402s] writing ../../build/asbir_status/asbir_status.egg-info/PKG-INFO
[2.403s] writing dependency_links to ../../build/asbir_status/asbir_status.egg-info/dependency_links.txt
[2.403s] writing entry points to ../../build/asbir_status/asbir_status.egg-info/entry_points.txt
[2.403s] writing requirements to ../../build/asbir_status/asbir_status.egg-info/requires.txt
[2.403s] writing top-level names to ../../build/asbir_status/asbir_status.egg-info/top_level.txt
[2.405s] writing manifest file '../../build/asbir_status/asbir_status.egg-info/SOURCES.txt'
[2.437s] reading manifest file '../../build/asbir_status/asbir_status.egg-info/SOURCES.txt'
[2.438s] writing manifest file '../../build/asbir_status/asbir_status.egg-info/SOURCES.txt'
[2.438s] running build
[2.438s] running build_py
[2.438s] creating /home/aralab/ASBIR-ROS2/build/asbir_status/build
[2.438s] creating /home/aralab/ASBIR-ROS2/build/asbir_status/build/lib
[2.438s] creating /home/aralab/ASBIR-ROS2/build/asbir_status/build/lib/asbir_status
[2.438s] copying asbir_status/statusListener.py -> /home/aralab/ASBIR-ROS2/build/asbir_status/build/lib/asbir_status
[2.439s] copying asbir_status/__init__.py -> /home/aralab/ASBIR-ROS2/build/asbir_status/build/lib/asbir_status
[2.439s] running install
[2.439s] running install_lib
[2.440s] creating /home/aralab/ASBIR-ROS2/install/asbir_status/lib/python3.8/site-packages/asbir_status
[2.440s] copying /home/aralab/ASBIR-ROS2/build/asbir_status/build/lib/asbir_status/statusListener.py -> /home/aralab/ASBIR-ROS2/install/asbir_status/lib/python3.8/site-packages/asbir_status
[2.440s] copying /home/aralab/ASBIR-ROS2/build/asbir_status/build/lib/asbir_status/__init__.py -> /home/aralab/ASBIR-ROS2/install/asbir_status/lib/python3.8/site-packages/asbir_status
[2.441s] byte-compiling /home/aralab/ASBIR-ROS2/install/asbir_status/lib/python3.8/site-packages/asbir_status/statusListener.py to statusListener.cpython-38.pyc
[2.442s] byte-compiling /home/aralab/ASBIR-ROS2/install/asbir_status/lib/python3.8/site-packages/asbir_status/__init__.py to __init__.cpython-38.pyc
[2.442s] running install_data
[2.443s] creating /home/aralab/ASBIR-ROS2/install/asbir_status/share/ament_index
[2.443s] creating /home/aralab/ASBIR-ROS2/install/asbir_status/share/ament_index/resource_index
[2.443s] creating /home/aralab/ASBIR-ROS2/install/asbir_status/share/ament_index/resource_index/packages
[2.443s] copying resource/asbir_status -> /home/aralab/ASBIR-ROS2/install/asbir_status/share/ament_index/resource_index/packages
[2.443s] copying package.xml -> /home/aralab/ASBIR-ROS2/install/asbir_status/share/asbir_status
[2.443s] running install_egg_info
[2.445s] Copying ../../build/asbir_status/asbir_status.egg-info to /home/aralab/ASBIR-ROS2/install/asbir_status/lib/python3.8/site-packages/asbir_status-0.0.0-py3.8.egg-info
[2.446s] running install_scripts
[2.464s] Installing satatusListener script to /home/aralab/ASBIR-ROS2/install/asbir_status/lib/asbir_status
[2.465s] writing list of installed files to '/home/aralab/ASBIR-ROS2/build/asbir_status/install.log'
[2.501s] Invoked command in '/home/aralab/ASBIR-ROS2/src/asbir_status' returned '0': PYTHONPATH=/home/aralab/ASBIR-ROS2/build/asbir_status/prefix_override:/home/aralab/ASBIR-ROS2/install/asbir_status/lib/python3.8/site-packages:${PYTHONPATH} /usr/bin/python3 setup.py egg_info --egg-base ../../build/asbir_status build --build-base /home/aralab/ASBIR-ROS2/build/asbir_status/build install --record /home/aralab/ASBIR-ROS2/build/asbir_status/install.log --install-scripts $base/lib/asbir_status --single-version-externally-managed
