[3.558s] Invoking command in '/home/aralab/ASBIR-ROS2/src/asbir_serial': PYTHONPATH=/home/aralab/ASBIR-ROS2/build/asbir_serial/prefix_override:/home/aralab/ASBIR-ROS2/install/asbir_serial/lib/python3.8/site-packages:${PYTHONPATH} /usr/bin/python3 setup.py egg_info --egg-base ../../build/asbir_serial build --build-base /home/aralab/ASBIR-ROS2/build/asbir_serial/build install --record /home/aralab/ASBIR-ROS2/build/asbir_serial/install.log --install-scripts $base/lib/asbir_serial --single-version-externally-managed
[4.193s] running egg_info
[4.193s] writing ../../build/asbir_serial/asbir_serial.egg-info/PKG-INFO
[4.194s] writing dependency_links to ../../build/asbir_serial/asbir_serial.egg-info/dependency_links.txt
[4.194s] writing entry points to ../../build/asbir_serial/asbir_serial.egg-info/entry_points.txt
[4.194s] writing requirements to ../../build/asbir_serial/asbir_serial.egg-info/requires.txt
[4.194s] writing top-level names to ../../build/asbir_serial/asbir_serial.egg-info/top_level.txt
[4.241s] reading manifest file '../../build/asbir_serial/asbir_serial.egg-info/SOURCES.txt'
[4.242s] writing manifest file '../../build/asbir_serial/asbir_serial.egg-info/SOURCES.txt'
[4.242s] running build
[4.242s] running build_py
[4.242s] running install
[4.245s] running install_lib
[4.247s] running install_data
[4.248s] running install_egg_info
[4.251s] removing '/home/aralab/ASBIR-ROS2/install/asbir_serial/lib/python3.8/site-packages/asbir_serial-0.0.0-py3.8.egg-info' (and everything under it)
[4.252s] Copying ../../build/asbir_serial/asbir_serial.egg-info to /home/aralab/ASBIR-ROS2/install/asbir_serial/lib/python3.8/site-packages/asbir_serial-0.0.0-py3.8.egg-info
[4.252s] running install_scripts
[4.281s] Installing serialComm script to /home/aralab/ASBIR-ROS2/install/asbir_serial/lib/asbir_serial
[4.282s] writing list of installed files to '/home/aralab/ASBIR-ROS2/build/asbir_serial/install.log'
[4.306s] Invoked command in '/home/aralab/ASBIR-ROS2/src/asbir_serial' returned '0': PYTHONPATH=/home/aralab/ASBIR-ROS2/build/asbir_serial/prefix_override:/home/aralab/ASBIR-ROS2/install/asbir_serial/lib/python3.8/site-packages:${PYTHONPATH} /usr/bin/python3 setup.py egg_info --egg-base ../../build/asbir_serial build --build-base /home/aralab/ASBIR-ROS2/build/asbir_serial/build install --record /home/aralab/ASBIR-ROS2/build/asbir_serial/install.log --install-scripts $base/lib/asbir_serial --single-version-externally-managed
