[2.795s] Invoking command in '/home/aralab/ASBIR-ROS2/src/asbir_rc': PYTHONPATH=/home/aralab/ASBIR-ROS2/build/asbir_rc/prefix_override:/home/aralab/ASBIR-ROS2/install/asbir_rc/lib/python3.8/site-packages:${PYTHONPATH} /usr/bin/python3 setup.py egg_info --egg-base ../../build/asbir_rc build --build-base /home/aralab/ASBIR-ROS2/build/asbir_rc/build install --record /home/aralab/ASBIR-ROS2/build/asbir_rc/install.log --install-scripts $base/lib/asbir_rc --single-version-externally-managed
[3.170s] running egg_info
[3.171s] writing ../../build/asbir_rc/asbir_rc.egg-info/PKG-INFO
[3.171s] writing dependency_links to ../../build/asbir_rc/asbir_rc.egg-info/dependency_links.txt
[3.171s] writing entry points to ../../build/asbir_rc/asbir_rc.egg-info/entry_points.txt
[3.172s] writing requirements to ../../build/asbir_rc/asbir_rc.egg-info/requires.txt
[3.172s] writing top-level names to ../../build/asbir_rc/asbir_rc.egg-info/top_level.txt
[3.218s] reading manifest file '../../build/asbir_rc/asbir_rc.egg-info/SOURCES.txt'
[3.222s] writing manifest file '../../build/asbir_rc/asbir_rc.egg-info/SOURCES.txt'
[3.223s] running build
[3.223s] running build_py
[3.223s] running install
[3.223s] running install_lib
[3.223s] running install_data
[3.224s] running install_egg_info
[3.227s] removing '/home/aralab/ASBIR-ROS2/install/asbir_rc/lib/python3.8/site-packages/asbir_rc-0.0.0-py3.8.egg-info' (and everything under it)
[3.227s] Copying ../../build/asbir_rc/asbir_rc.egg-info to /home/aralab/ASBIR-ROS2/install/asbir_rc/lib/python3.8/site-packages/asbir_rc-0.0.0-py3.8.egg-info
[3.228s] running install_scripts
[3.251s] Installing teleopGamepad script to /home/aralab/ASBIR-ROS2/install/asbir_rc/lib/asbir_rc
[3.252s] Installing teleopKeyboard script to /home/aralab/ASBIR-ROS2/install/asbir_rc/lib/asbir_rc
[3.252s] writing list of installed files to '/home/aralab/ASBIR-ROS2/build/asbir_rc/install.log'
[3.286s] Invoked command in '/home/aralab/ASBIR-ROS2/src/asbir_rc' returned '0': PYTHONPATH=/home/aralab/ASBIR-ROS2/build/asbir_rc/prefix_override:/home/aralab/ASBIR-ROS2/install/asbir_rc/lib/python3.8/site-packages:${PYTHONPATH} /usr/bin/python3 setup.py egg_info --egg-base ../../build/asbir_rc build --build-base /home/aralab/ASBIR-ROS2/build/asbir_rc/build install --record /home/aralab/ASBIR-ROS2/build/asbir_rc/install.log --install-scripts $base/lib/asbir_rc --single-version-externally-managed
