[2.268s] Invoking command in '/home/aralab/ASBIR-ROS2/src/asbir_serial': PYTHONPATH=/home/aralab/ASBIR-ROS2/build/asbir_serial/prefix_override:/home/aralab/ASBIR-ROS2/install/asbir_serial/lib/python3.8/site-packages:${PYTHONPATH} /usr/bin/python3 setup.py egg_info --egg-base ../../build/asbir_serial build --build-base /home/aralab/ASBIR-ROS2/build/asbir_serial/build install --record /home/aralab/ASBIR-ROS2/build/asbir_serial/install.log --install-scripts $base/lib/asbir_serial --single-version-externally-managed
[2.585s] running egg_info
[2.586s] writing ../../build/asbir_serial/asbir_serial.egg-info/PKG-INFO
[2.586s] writing dependency_links to ../../build/asbir_serial/asbir_serial.egg-info/dependency_links.txt
[2.587s] writing entry points to ../../build/asbir_serial/asbir_serial.egg-info/entry_points.txt
[2.587s] writing requirements to ../../build/asbir_serial/asbir_serial.egg-info/requires.txt
[2.587s] writing top-level names to ../../build/asbir_serial/asbir_serial.egg-info/top_level.txt
[2.643s] reading manifest file '../../build/asbir_serial/asbir_serial.egg-info/SOURCES.txt'
[2.644s] writing manifest file '../../build/asbir_serial/asbir_serial.egg-info/SOURCES.txt'
[2.644s] running build
[2.644s] running build_py
[2.644s] running install
[2.647s] running install_lib
[2.649s] running install_data
[2.650s] running install_egg_info
[2.653s] removing '/home/aralab/ASBIR-ROS2/install/asbir_serial/lib/python3.8/site-packages/asbir_serial-0.0.0-py3.8.egg-info' (and everything under it)
[2.654s] Copying ../../build/asbir_serial/asbir_serial.egg-info to /home/aralab/ASBIR-ROS2/install/asbir_serial/lib/python3.8/site-packages/asbir_serial-0.0.0-py3.8.egg-info
[2.655s] running install_scripts
[2.685s] Installing serialComm script to /home/aralab/ASBIR-ROS2/install/asbir_serial/lib/asbir_serial
[2.686s] writing list of installed files to '/home/aralab/ASBIR-ROS2/build/asbir_serial/install.log'
[2.740s] Invoked command in '/home/aralab/ASBIR-ROS2/src/asbir_serial' returned '0': PYTHONPATH=/home/aralab/ASBIR-ROS2/build/asbir_serial/prefix_override:/home/aralab/ASBIR-ROS2/install/asbir_serial/lib/python3.8/site-packages:${PYTHONPATH} /usr/bin/python3 setup.py egg_info --egg-base ../../build/asbir_serial build --build-base /home/aralab/ASBIR-ROS2/build/asbir_serial/build install --record /home/aralab/ASBIR-ROS2/build/asbir_serial/install.log --install-scripts $base/lib/asbir_serial --single-version-externally-managed
