[1.120s] Invoking command in '/home/aralab/ASBIR-ROS2/src/rospy_message_converter/rclpy_message_converter': PYTHONPATH=/home/aralab/ASBIR-ROS2/build/rclpy_message_converter/prefix_override:/home/aralab/ASBIR-ROS2/install/rclpy_message_converter/lib/python3.8/site-packages:${PYTHONPATH} /usr/bin/python3 setup.py egg_info --egg-base ../../../build/rclpy_message_converter build --build-base /home/aralab/ASBIR-ROS2/build/rclpy_message_converter/build install --record /home/aralab/ASBIR-ROS2/build/rclpy_message_converter/install.log --single-version-externally-managed
[1.536s] running egg_info
[1.536s] writing ../../../build/rclpy_message_converter/rclpy_message_converter.egg-info/PKG-INFO
[1.536s] writing dependency_links to ../../../build/rclpy_message_converter/rclpy_message_converter.egg-info/dependency_links.txt
[1.537s] writing entry points to ../../../build/rclpy_message_converter/rclpy_message_converter.egg-info/entry_points.txt
[1.537s] writing requirements to ../../../build/rclpy_message_converter/rclpy_message_converter.egg-info/requires.txt
[1.537s] writing top-level names to ../../../build/rclpy_message_converter/rclpy_message_converter.egg-info/top_level.txt
[1.572s] reading manifest file '../../../build/rclpy_message_converter/rclpy_message_converter.egg-info/SOURCES.txt'
[1.573s] writing manifest file '../../../build/rclpy_message_converter/rclpy_message_converter.egg-info/SOURCES.txt'
[1.573s] running build
[1.573s] running build_py
[1.574s] running install
[1.576s] running install_lib
[1.578s] running install_data
[1.578s] running install_egg_info
[1.581s] removing '/home/aralab/ASBIR-ROS2/install/rclpy_message_converter/lib/python3.8/site-packages/rclpy_message_converter-2.0.1-py3.8.egg-info' (and everything under it)
[1.581s] Copying ../../../build/rclpy_message_converter/rclpy_message_converter.egg-info to /home/aralab/ASBIR-ROS2/install/rclpy_message_converter/lib/python3.8/site-packages/rclpy_message_converter-2.0.1-py3.8.egg-info
[1.582s] running install_scripts
[1.605s] writing list of installed files to '/home/aralab/ASBIR-ROS2/build/rclpy_message_converter/install.log'
[1.628s] Invoked command in '/home/aralab/ASBIR-ROS2/src/rospy_message_converter/rclpy_message_converter' returned '0': PYTHONPATH=/home/aralab/ASBIR-ROS2/build/rclpy_message_converter/prefix_override:/home/aralab/ASBIR-ROS2/install/rclpy_message_converter/lib/python3.8/site-packages:${PYTHONPATH} /usr/bin/python3 setup.py egg_info --egg-base ../../../build/rclpy_message_converter build --build-base /home/aralab/ASBIR-ROS2/build/rclpy_message_converter/build install --record /home/aralab/ASBIR-ROS2/build/rclpy_message_converter/install.log --single-version-externally-managed
