[2.191s] Invoking command in '/home/aralab/ASBIR-ROS2/src/asbir_status': PYTHONPATH=/home/aralab/ASBIR-ROS2/build/asbir_status/prefix_override:/home/aralab/ASBIR-ROS2/install/asbir_status/lib/python3.8/site-packages:${PYTHONPATH} /usr/bin/python3 setup.py egg_info --egg-base ../../build/asbir_status build --build-base /home/aralab/ASBIR-ROS2/build/asbir_status/build install --record /home/aralab/ASBIR-ROS2/build/asbir_status/install.log --install-scripts $base/lib/asbir_status --single-version-externally-managed
[2.454s] running egg_info
[2.454s] writing ../../build/asbir_status/asbir_status.egg-info/PKG-INFO
[2.455s] writing dependency_links to ../../build/asbir_status/asbir_status.egg-info/dependency_links.txt
[2.455s] writing entry points to ../../build/asbir_status/asbir_status.egg-info/entry_points.txt
[2.455s] writing requirements to ../../build/asbir_status/asbir_status.egg-info/requires.txt
[2.455s] writing top-level names to ../../build/asbir_status/asbir_status.egg-info/top_level.txt
[2.485s] reading manifest file '../../build/asbir_status/asbir_status.egg-info/SOURCES.txt'
[2.486s] writing manifest file '../../build/asbir_status/asbir_status.egg-info/SOURCES.txt'
[2.486s] running build
[2.487s] running build_py
[2.487s] copying asbir_status/nodeController.py -> /home/aralab/ASBIR-ROS2/build/asbir_status/build/lib/asbir_status
[2.487s] running install
[2.489s] running install_lib
[2.490s] copying /home/aralab/ASBIR-ROS2/build/asbir_status/build/lib/asbir_status/nodeController.py -> /home/aralab/ASBIR-ROS2/install/asbir_status/lib/python3.8/site-packages/asbir_status
[2.491s] byte-compiling /home/aralab/ASBIR-ROS2/install/asbir_status/lib/python3.8/site-packages/asbir_status/nodeController.py to nodeController.cpython-38.pyc
[2.492s] running install_data
[2.493s] running install_egg_info
[2.495s] removing '/home/aralab/ASBIR-ROS2/install/asbir_status/lib/python3.8/site-packages/asbir_status-0.0.0-py3.8.egg-info' (and everything under it)
[2.495s] Copying ../../build/asbir_status/asbir_status.egg-info to /home/aralab/ASBIR-ROS2/install/asbir_status/lib/python3.8/site-packages/asbir_status-0.0.0-py3.8.egg-info
[2.496s] running install_scripts
[2.515s] Installing nodeController script to /home/aralab/ASBIR-ROS2/install/asbir_status/lib/asbir_status
[2.515s] Installing statusListener script to /home/aralab/ASBIR-ROS2/install/asbir_status/lib/asbir_status
[2.515s] writing list of installed files to '/home/aralab/ASBIR-ROS2/build/asbir_status/install.log'
[2.558s] Invoked command in '/home/aralab/ASBIR-ROS2/src/asbir_status' returned '0': PYTHONPATH=/home/aralab/ASBIR-ROS2/build/asbir_status/prefix_override:/home/aralab/ASBIR-ROS2/install/asbir_status/lib/python3.8/site-packages:${PYTHONPATH} /usr/bin/python3 setup.py egg_info --egg-base ../../build/asbir_status build --build-base /home/aralab/ASBIR-ROS2/build/asbir_status/build install --record /home/aralab/ASBIR-ROS2/build/asbir_status/install.log --install-scripts $base/lib/asbir_status --single-version-externally-managed
