[2.586s] Invoking command in '/home/aralab/ASBIR-ROS2/src/asbir_rc': PYTHONPATH=/home/aralab/ASBIR-ROS2/build/asbir_rc/prefix_override:/home/aralab/ASBIR-ROS2/install/asbir_rc/lib/python3.8/site-packages:${PYTHONPATH} /usr/bin/python3 setup.py egg_info --egg-base ../../build/asbir_rc build --build-base /home/aralab/ASBIR-ROS2/build/asbir_rc/build install --record /home/aralab/ASBIR-ROS2/build/asbir_rc/install.log --install-scripts $base/lib/asbir_rc --single-version-externally-managed
[2.920s] running egg_info
[2.921s] writing ../../build/asbir_rc/asbir_rc.egg-info/PKG-INFO
[2.922s] writing dependency_links to ../../build/asbir_rc/asbir_rc.egg-info/dependency_links.txt
[2.922s] writing entry points to ../../build/asbir_rc/asbir_rc.egg-info/entry_points.txt
[2.923s] writing requirements to ../../build/asbir_rc/asbir_rc.egg-info/requires.txt
[2.923s] writing top-level names to ../../build/asbir_rc/asbir_rc.egg-info/top_level.txt
[2.961s] reading manifest file '../../build/asbir_rc/asbir_rc.egg-info/SOURCES.txt'
[2.962s] writing manifest file '../../build/asbir_rc/asbir_rc.egg-info/SOURCES.txt'
[2.962s] running build
[2.962s] running build_py
[2.963s] running install
[2.964s] running install_lib
[2.966s] running install_data
[2.966s] running install_egg_info
[2.971s] removing '/home/aralab/ASBIR-ROS2/install/asbir_rc/lib/python3.8/site-packages/asbir_rc-0.0.0-py3.8.egg-info' (and everything under it)
[2.983s] Copying ../../build/asbir_rc/asbir_rc.egg-info to /home/aralab/ASBIR-ROS2/install/asbir_rc/lib/python3.8/site-packages/asbir_rc-0.0.0-py3.8.egg-info
[2.983s] running install_scripts
[3.002s] Installing teleopGamepad script to /home/aralab/ASBIR-ROS2/install/asbir_rc/lib/asbir_rc
[3.002s] Installing teleopKeyboard script to /home/aralab/ASBIR-ROS2/install/asbir_rc/lib/asbir_rc
[3.002s] writing list of installed files to '/home/aralab/ASBIR-ROS2/build/asbir_rc/install.log'
[3.028s] Invoked command in '/home/aralab/ASBIR-ROS2/src/asbir_rc' returned '0': PYTHONPATH=/home/aralab/ASBIR-ROS2/build/asbir_rc/prefix_override:/home/aralab/ASBIR-ROS2/install/asbir_rc/lib/python3.8/site-packages:${PYTHONPATH} /usr/bin/python3 setup.py egg_info --egg-base ../../build/asbir_rc build --build-base /home/aralab/ASBIR-ROS2/build/asbir_rc/build install --record /home/aralab/ASBIR-ROS2/build/asbir_rc/install.log --install-scripts $base/lib/asbir_rc --single-version-externally-managed
