[21.192s] Invoking command in '/home/asbir/ASBIR-ROS2/src/asbir_image_compression': PYTHONPATH=/home/asbir/ASBIR-ROS2/build/asbir_image_compression/prefix_override:/home/asbir/ASBIR-ROS2/install/asbir_image_compression/lib/python3.8/site-packages:${PYTHONPATH} /usr/bin/python3 setup.py egg_info --egg-base ../../build/asbir_image_compression build --build-base /home/asbir/ASBIR-ROS2/build/asbir_image_compression/build install --record /home/asbir/ASBIR-ROS2/build/asbir_image_compression/install.log --install-scripts $base/lib/asbir_image_compression --single-version-externally-managed
[23.537s] running egg_info
[23.539s] writing ../../build/asbir_image_compression/asbir_image_compression.egg-info/PKG-INFO
[23.540s] writing dependency_links to ../../build/asbir_image_compression/asbir_image_compression.egg-info/dependency_links.txt
[23.540s] writing entry points to ../../build/asbir_image_compression/asbir_image_compression.egg-info/entry_points.txt
[23.541s] writing requirements to ../../build/asbir_image_compression/asbir_image_compression.egg-info/requires.txt
[23.541s] writing top-level names to ../../build/asbir_image_compression/asbir_image_compression.egg-info/top_level.txt
[23.886s] reading manifest file '../../build/asbir_image_compression/asbir_image_compression.egg-info/SOURCES.txt'
[23.895s] writing manifest file '../../build/asbir_image_compression/asbir_image_compression.egg-info/SOURCES.txt'
[23.898s] running build
[23.901s] running build_py
[23.913s] running install
[23.930s] running install_lib
[23.951s] running install_data
[23.957s] running install_egg_info
[23.979s] removing '/home/asbir/ASBIR-ROS2/install/asbir_image_compression/lib/python3.8/site-packages/asbir_image_compression-0.0.0-py3.8.egg-info' (and everything under it)
[23.985s] Copying ../../build/asbir_image_compression/asbir_image_compression.egg-info to /home/asbir/ASBIR-ROS2/install/asbir_image_compression/lib/python3.8/site-packages/asbir_image_compression-0.0.0-py3.8.egg-info
[23.994s] running install_scripts
[24.171s] Installing compressImage script to /home/asbir/ASBIR-ROS2/install/asbir_image_compression/lib/asbir_image_compression
[24.175s] Installing pointcloudRepublisher script to /home/asbir/ASBIR-ROS2/install/asbir_image_compression/lib/asbir_image_compression
[24.179s] writing list of installed files to '/home/asbir/ASBIR-ROS2/build/asbir_image_compression/install.log'
[24.369s] Invoked command in '/home/asbir/ASBIR-ROS2/src/asbir_image_compression' returned '0': PYTHONPATH=/home/asbir/ASBIR-ROS2/build/asbir_image_compression/prefix_override:/home/asbir/ASBIR-ROS2/install/asbir_image_compression/lib/python3.8/site-packages:${PYTHONPATH} /usr/bin/python3 setup.py egg_info --egg-base ../../build/asbir_image_compression build --build-base /home/asbir/ASBIR-ROS2/build/asbir_image_compression/build install --record /home/asbir/ASBIR-ROS2/build/asbir_image_compression/install.log --install-scripts $base/lib/asbir_image_compression --single-version-externally-managed
