[3.807s] Invoking command in '/home/aralab/ASBIR-ROS2/src/asbir_rc': PYTHONPATH=/home/aralab/ASBIR-ROS2/build/asbir_rc/prefix_override:/home/aralab/ASBIR-ROS2/install/asbir_rc/lib/python3.8/site-packages:${PYTHONPATH} /usr/bin/python3 setup.py egg_info --egg-base ../../build/asbir_rc build --build-base /home/aralab/ASBIR-ROS2/build/asbir_rc/build install --record /home/aralab/ASBIR-ROS2/build/asbir_rc/install.log --install-scripts $base/lib/asbir_rc --single-version-externally-managed
[4.471s] running egg_info
[4.472s] writing ../../build/asbir_rc/asbir_rc.egg-info/PKG-INFO
[4.472s] writing dependency_links to ../../build/asbir_rc/asbir_rc.egg-info/dependency_links.txt
[4.472s] writing entry points to ../../build/asbir_rc/asbir_rc.egg-info/entry_points.txt
[4.472s] writing requirements to ../../build/asbir_rc/asbir_rc.egg-info/requires.txt
[4.472s] writing top-level names to ../../build/asbir_rc/asbir_rc.egg-info/top_level.txt
[4.511s] reading manifest file '../../build/asbir_rc/asbir_rc.egg-info/SOURCES.txt'
[4.512s] writing manifest file '../../build/asbir_rc/asbir_rc.egg-info/SOURCES.txt'
[4.512s] running build
[4.512s] running build_py
[4.512s] running install
[4.515s] running install_lib
[4.517s] running install_data
[4.518s] running install_egg_info
[4.521s] removing '/home/aralab/ASBIR-ROS2/install/asbir_rc/lib/python3.8/site-packages/asbir_rc-0.0.0-py3.8.egg-info' (and everything under it)
[4.521s] Copying ../../build/asbir_rc/asbir_rc.egg-info to /home/aralab/ASBIR-ROS2/install/asbir_rc/lib/python3.8/site-packages/asbir_rc-0.0.0-py3.8.egg-info
[4.522s] running install_scripts
[4.546s] Installing teleop script to /home/aralab/ASBIR-ROS2/install/asbir_rc/lib/asbir_rc
[4.547s] writing list of installed files to '/home/aralab/ASBIR-ROS2/build/asbir_rc/install.log'
[4.569s] Invoked command in '/home/aralab/ASBIR-ROS2/src/asbir_rc' returned '0': PYTHONPATH=/home/aralab/ASBIR-ROS2/build/asbir_rc/prefix_override:/home/aralab/ASBIR-ROS2/install/asbir_rc/lib/python3.8/site-packages:${PYTHONPATH} /usr/bin/python3 setup.py egg_info --egg-base ../../build/asbir_rc build --build-base /home/aralab/ASBIR-ROS2/build/asbir_rc/build install --record /home/aralab/ASBIR-ROS2/build/asbir_rc/install.log --install-scripts $base/lib/asbir_rc --single-version-externally-managed
