[1.849s] Invoking command in '/home/aralab/ASBIR-ROS2/src/asbir_xavier_gpio': PYTHONPATH=/home/aralab/ASBIR-ROS2/build/asbir_xavier_gpio/prefix_override:/home/aralab/ASBIR-ROS2/install/asbir_xavier_gpio/lib/python3.8/site-packages:${PYTHONPATH} /usr/bin/python3 setup.py egg_info --egg-base ../../build/asbir_xavier_gpio build --build-base /home/aralab/ASBIR-ROS2/build/asbir_xavier_gpio/build install --record /home/aralab/ASBIR-ROS2/build/asbir_xavier_gpio/install.log --install-scripts $base/lib/asbir_xavier_gpio --single-version-externally-managed
[2.113s] running egg_info
[2.114s] creating ../../build/asbir_xavier_gpio/asbir_xavier_gpio.egg-info
[2.114s] writing ../../build/asbir_xavier_gpio/asbir_xavier_gpio.egg-info/PKG-INFO
[2.115s] writing dependency_links to ../../build/asbir_xavier_gpio/asbir_xavier_gpio.egg-info/dependency_links.txt
[2.115s] writing entry points to ../../build/asbir_xavier_gpio/asbir_xavier_gpio.egg-info/entry_points.txt
[2.115s] writing requirements to ../../build/asbir_xavier_gpio/asbir_xavier_gpio.egg-info/requires.txt
[2.115s] writing top-level names to ../../build/asbir_xavier_gpio/asbir_xavier_gpio.egg-info/top_level.txt
[2.117s] writing manifest file '../../build/asbir_xavier_gpio/asbir_xavier_gpio.egg-info/SOURCES.txt'
[2.150s] reading manifest file '../../build/asbir_xavier_gpio/asbir_xavier_gpio.egg-info/SOURCES.txt'
[2.150s] writing manifest file '../../build/asbir_xavier_gpio/asbir_xavier_gpio.egg-info/SOURCES.txt'
[2.151s] running build
[2.151s] running build_py
[2.151s] creating /home/aralab/ASBIR-ROS2/build/asbir_xavier_gpio/build
[2.151s] creating /home/aralab/ASBIR-ROS2/build/asbir_xavier_gpio/build/lib
[2.151s] creating /home/aralab/ASBIR-ROS2/build/asbir_xavier_gpio/build/lib/asbir_xavier_gpio
[2.151s] copying asbir_xavier_gpio/servoControl.py -> /home/aralab/ASBIR-ROS2/build/asbir_xavier_gpio/build/lib/asbir_xavier_gpio
[2.152s] copying asbir_xavier_gpio/__init__.py -> /home/aralab/ASBIR-ROS2/build/asbir_xavier_gpio/build/lib/asbir_xavier_gpio
[2.152s] running install
[2.152s] running install_lib
[2.153s] creating /home/aralab/ASBIR-ROS2/install/asbir_xavier_gpio/lib/python3.8/site-packages/asbir_xavier_gpio
[2.153s] copying /home/aralab/ASBIR-ROS2/build/asbir_xavier_gpio/build/lib/asbir_xavier_gpio/servoControl.py -> /home/aralab/ASBIR-ROS2/install/asbir_xavier_gpio/lib/python3.8/site-packages/asbir_xavier_gpio
[2.153s] copying /home/aralab/ASBIR-ROS2/build/asbir_xavier_gpio/build/lib/asbir_xavier_gpio/__init__.py -> /home/aralab/ASBIR-ROS2/install/asbir_xavier_gpio/lib/python3.8/site-packages/asbir_xavier_gpio
[2.154s] byte-compiling /home/aralab/ASBIR-ROS2/install/asbir_xavier_gpio/lib/python3.8/site-packages/asbir_xavier_gpio/servoControl.py to servoControl.cpython-38.pyc
[2.155s] byte-compiling /home/aralab/ASBIR-ROS2/install/asbir_xavier_gpio/lib/python3.8/site-packages/asbir_xavier_gpio/__init__.py to __init__.cpython-38.pyc
[2.156s] running install_data
[2.158s] creating /home/aralab/ASBIR-ROS2/install/asbir_xavier_gpio/share/ament_index
[2.158s] creating /home/aralab/ASBIR-ROS2/install/asbir_xavier_gpio/share/ament_index/resource_index
[2.158s] creating /home/aralab/ASBIR-ROS2/install/asbir_xavier_gpio/share/ament_index/resource_index/packages
[2.158s] copying resource/asbir_xavier_gpio -> /home/aralab/ASBIR-ROS2/install/asbir_xavier_gpio/share/ament_index/resource_index/packages
[2.158s] copying package.xml -> /home/aralab/ASBIR-ROS2/install/asbir_xavier_gpio/share/asbir_xavier_gpio
[2.158s] running install_egg_info
[2.159s] Copying ../../build/asbir_xavier_gpio/asbir_xavier_gpio.egg-info to /home/aralab/ASBIR-ROS2/install/asbir_xavier_gpio/lib/python3.8/site-packages/asbir_xavier_gpio-0.0.0-py3.8.egg-info
[2.159s] running install_scripts
[2.178s] Installing xavierGPIO script to /home/aralab/ASBIR-ROS2/install/asbir_xavier_gpio/lib/asbir_xavier_gpio
[2.179s] writing list of installed files to '/home/aralab/ASBIR-ROS2/build/asbir_xavier_gpio/install.log'
[2.222s] Invoked command in '/home/aralab/ASBIR-ROS2/src/asbir_xavier_gpio' returned '0': PYTHONPATH=/home/aralab/ASBIR-ROS2/build/asbir_xavier_gpio/prefix_override:/home/aralab/ASBIR-ROS2/install/asbir_xavier_gpio/lib/python3.8/site-packages:${PYTHONPATH} /usr/bin/python3 setup.py egg_info --egg-base ../../build/asbir_xavier_gpio build --build-base /home/aralab/ASBIR-ROS2/build/asbir_xavier_gpio/build install --record /home/aralab/ASBIR-ROS2/build/asbir_xavier_gpio/install.log --install-scripts $base/lib/asbir_xavier_gpio --single-version-externally-managed
