[2.217s] Invoking command in '/home/aralab/ASBIR-ROS2/src/asbir_status': PYTHONPATH=/home/aralab/ASBIR-ROS2/build/asbir_status/prefix_override:/home/aralab/ASBIR-ROS2/install/asbir_status/lib/python3.8/site-packages:${PYTHONPATH} /usr/bin/python3 setup.py egg_info --egg-base ../../build/asbir_status build --build-base /home/aralab/ASBIR-ROS2/build/asbir_status/build install --record /home/aralab/ASBIR-ROS2/build/asbir_status/install.log --install-scripts $base/lib/asbir_status --single-version-externally-managed
[2.478s] running egg_info
[2.479s] writing ../../build/asbir_status/asbir_status.egg-info/PKG-INFO
[2.479s] writing dependency_links to ../../build/asbir_status/asbir_status.egg-info/dependency_links.txt
[2.479s] writing entry points to ../../build/asbir_status/asbir_status.egg-info/entry_points.txt
[2.480s] writing requirements to ../../build/asbir_status/asbir_status.egg-info/requires.txt
[2.480s] writing top-level names to ../../build/asbir_status/asbir_status.egg-info/top_level.txt
[2.515s] reading manifest file '../../build/asbir_status/asbir_status.egg-info/SOURCES.txt'
[2.516s] writing manifest file '../../build/asbir_status/asbir_status.egg-info/SOURCES.txt'
[2.516s] running build
[2.516s] running build_py
[2.516s] copying asbir_status/statusListener.py -> /home/aralab/ASBIR-ROS2/build/asbir_status/build/lib/asbir_status
[2.516s] running install
[2.518s] running install_lib
[2.519s] copying /home/aralab/ASBIR-ROS2/build/asbir_status/build/lib/asbir_status/statusListener.py -> /home/aralab/ASBIR-ROS2/install/asbir_status/lib/python3.8/site-packages/asbir_status
[2.519s] byte-compiling /home/aralab/ASBIR-ROS2/install/asbir_status/lib/python3.8/site-packages/asbir_status/statusListener.py to statusListener.cpython-38.pyc
[2.521s] running install_data
[2.522s] running install_egg_info
[2.524s] removing '/home/aralab/ASBIR-ROS2/install/asbir_status/lib/python3.8/site-packages/asbir_status-0.0.0-py3.8.egg-info' (and everything under it)
[2.524s] Copying ../../build/asbir_status/asbir_status.egg-info to /home/aralab/ASBIR-ROS2/install/asbir_status/lib/python3.8/site-packages/asbir_status-0.0.0-py3.8.egg-info
[2.525s] running install_scripts
[2.544s] Installing statusListener script to /home/aralab/ASBIR-ROS2/install/asbir_status/lib/asbir_status
[2.544s] writing list of installed files to '/home/aralab/ASBIR-ROS2/build/asbir_status/install.log'
[2.601s] Invoked command in '/home/aralab/ASBIR-ROS2/src/asbir_status' returned '0': PYTHONPATH=/home/aralab/ASBIR-ROS2/build/asbir_status/prefix_override:/home/aralab/ASBIR-ROS2/install/asbir_status/lib/python3.8/site-packages:${PYTHONPATH} /usr/bin/python3 setup.py egg_info --egg-base ../../build/asbir_status build --build-base /home/aralab/ASBIR-ROS2/build/asbir_status/build install --record /home/aralab/ASBIR-ROS2/build/asbir_status/install.log --install-scripts $base/lib/asbir_status --single-version-externally-managed
