[ 50%] Built target listener
[100%] Built target modelTest
-- Install configuration: ""
-- Up-to-date: /home/aralab/ASBIR-ROS2/install/asbir_navigation/lib/asbir_navigation/listener
-- Up-to-date: /home/aralab/ASBIR-ROS2/install/asbir_navigation/lib/asbir_navigation/modelTest
-- Up-to-date: /home/aralab/ASBIR-ROS2/install/asbir_navigation/share/asbir_navigation/environment/pythonpath.sh
-- Up-to-date: /home/aralab/ASBIR-ROS2/install/asbir_navigation/share/asbir_navigation/environment/pythonpath.dsv
-- Up-to-date: /home/aralab/ASBIR-ROS2/install/asbir_navigation/lib/python3.8/site-packages/asbir_navigation
-- Up-to-date: /home/aralab/ASBIR-ROS2/install/asbir_navigation/lib/python3.8/site-packages/asbir_navigation/__init__.py
-- Installing: /home/aralab/ASBIR-ROS2/install/asbir_navigation/lib/python3.8/site-packages/asbir_navigation/classes.py
Listing '/home/aralab/ASBIR-ROS2/install/asbir_navigation/lib/python3.8/site-packages/asbir_navigation'...
Compiling '/home/aralab/ASBIR-ROS2/install/asbir_navigation/lib/python3.8/site-packages/asbir_navigation/classes.py'...
-- Up-to-date: /home/aralab/ASBIR-ROS2/install/asbir_navigation/lib/asbir_navigation/publisher_member_function.py
-- Up-to-date: /home/aralab/ASBIR-ROS2/install/asbir_navigation/lib/asbir_navigation/modelTest.py
-- Up-to-date: /home/aralab/ASBIR-ROS2/install/asbir_navigation/share/ament_index/resource_index/package_run_dependencies/asbir_navigation
-- Up-to-date: /home/aralab/ASBIR-ROS2/install/asbir_navigation/share/ament_index/resource_index/parent_prefix_path/asbir_navigation
-- Up-to-date: /home/aralab/ASBIR-ROS2/install/asbir_navigation/share/asbir_navigation/environment/ament_prefix_path.dsv
-- Up-to-date: /home/aralab/ASBIR-ROS2/install/asbir_navigation/share/asbir_navigation/environment/path.dsv
-- Up-to-date: /home/aralab/ASBIR-ROS2/install/asbir_navigation/share/asbir_navigation/local_setup.bash
-- Up-to-date: /home/aralab/ASBIR-ROS2/install/asbir_navigation/share/asbir_navigation/local_setup.sh
-- Up-to-date: /home/aralab/ASBIR-ROS2/install/asbir_navigation/share/asbir_navigation/local_setup.zsh
-- Up-to-date: /home/aralab/ASBIR-ROS2/install/asbir_navigation/share/asbir_navigation/local_setup.dsv
-- Up-to-date: /home/aralab/ASBIR-ROS2/install/asbir_navigation/share/asbir_navigation/package.dsv
-- Up-to-date: /home/aralab/ASBIR-ROS2/install/asbir_navigation/share/ament_index/resource_index/packages/asbir_navigation
-- Up-to-date: /home/aralab/ASBIR-ROS2/install/asbir_navigation/share/asbir_navigation/cmake/asbir_navigationConfig.cmake
-- Up-to-date: /home/aralab/ASBIR-ROS2/install/asbir_navigation/share/asbir_navigation/cmake/asbir_navigationConfig-version.cmake
-- Up-to-date: /home/aralab/ASBIR-ROS2/install/asbir_navigation/share/asbir_navigation/package.xml
