[14.576s] Invoking command in '/home/asbir/ASBIR-ROS2/src/asbir_navigation': PYTHONPATH=/home/asbir/ASBIR-ROS2/build/asbir_navigation/prefix_override:/home/asbir/ASBIR-ROS2/install/asbir_navigation/lib/python3.8/site-packages:${PYTHONPATH} /usr/bin/python3 setup.py egg_info --egg-base ../../build/asbir_navigation build --build-base /home/asbir/ASBIR-ROS2/build/asbir_navigation/build install --record /home/asbir/ASBIR-ROS2/build/asbir_navigation/install.log --install-scripts $base/lib/asbir_navigation --single-version-externally-managed
[16.868s] running egg_info
[16.874s] writing ../../build/asbir_navigation/asbir_navigation.egg-info/PKG-INFO
[16.880s] writing dependency_links to ../../build/asbir_navigation/asbir_navigation.egg-info/dependency_links.txt
[17.019s] writing entry points to ../../build/asbir_navigation/asbir_navigation.egg-info/entry_points.txt
[17.020s] writing requirements to ../../build/asbir_navigation/asbir_navigation.egg-info/requires.txt
[17.022s] writing top-level names to ../../build/asbir_navigation/asbir_navigation.egg-info/top_level.txt
[17.292s] reading manifest file '../../build/asbir_navigation/asbir_navigation.egg-info/SOURCES.txt'
[17.312s] writing manifest file '../../build/asbir_navigation/asbir_navigation.egg-info/SOURCES.txt'
[17.321s] running build
[17.398s] running build_py
[17.421s] running install
[17.422s] running install_lib
[17.444s] running install_data
[17.452s] running install_egg_info
[17.486s] removing '/home/asbir/ASBIR-ROS2/install/asbir_navigation/lib/python3.8/site-packages/asbir_navigation-0.0.0-py3.8.egg-info' (and everything under it)
[17.492s] Copying ../../build/asbir_navigation/asbir_navigation.egg-info to /home/asbir/ASBIR-ROS2/install/asbir_navigation/lib/python3.8/site-packages/asbir_navigation-0.0.0-py3.8.egg-info
[17.500s] running install_scripts
[17.808s] Installing buildBestPath script to /home/asbir/ASBIR-ROS2/install/asbir_navigation/lib/asbir_navigation
[17.810s] Installing cameraLink script to /home/asbir/ASBIR-ROS2/install/asbir_navigation/lib/asbir_navigation
[17.810s] Installing frameTest script to /home/asbir/ASBIR-ROS2/install/asbir_navigation/lib/asbir_navigation
[17.811s] Installing graphTest script to /home/asbir/ASBIR-ROS2/install/asbir_navigation/lib/asbir_navigation
[17.811s] Installing modelTest script to /home/asbir/ASBIR-ROS2/install/asbir_navigation/lib/asbir_navigation
[17.811s] Installing odomFrame script to /home/asbir/ASBIR-ROS2/install/asbir_navigation/lib/asbir_navigation
[17.812s] Installing pathController script to /home/asbir/ASBIR-ROS2/install/asbir_navigation/lib/asbir_navigation
[17.812s] Installing pointPub script to /home/asbir/ASBIR-ROS2/install/asbir_navigation/lib/asbir_navigation
[17.813s] Installing potentialField script to /home/asbir/ASBIR-ROS2/install/asbir_navigation/lib/asbir_navigation
[17.813s] Installing processMesh script to /home/asbir/ASBIR-ROS2/install/asbir_navigation/lib/asbir_navigation
[17.814s] Installing serialComm script to /home/asbir/ASBIR-ROS2/install/asbir_navigation/lib/asbir_navigation
[17.814s] Installing setZero script to /home/asbir/ASBIR-ROS2/install/asbir_navigation/lib/asbir_navigation
[17.815s] Installing teleop script to /home/asbir/ASBIR-ROS2/install/asbir_navigation/lib/asbir_navigation
[17.815s] writing list of installed files to '/home/asbir/ASBIR-ROS2/build/asbir_navigation/install.log'
[18.307s] Invoked command in '/home/asbir/ASBIR-ROS2/src/asbir_navigation' returned '0': PYTHONPATH=/home/asbir/ASBIR-ROS2/build/asbir_navigation/prefix_override:/home/asbir/ASBIR-ROS2/install/asbir_navigation/lib/python3.8/site-packages:${PYTHONPATH} /usr/bin/python3 setup.py egg_info --egg-base ../../build/asbir_navigation build --build-base /home/asbir/ASBIR-ROS2/build/asbir_navigation/build install --record /home/asbir/ASBIR-ROS2/build/asbir_navigation/install.log --install-scripts $base/lib/asbir_navigation --single-version-externally-managed
