[19.293s] Invoking command in '/home/asbir/ASBIR-ROS2/src/asbir_rc': PYTHONPATH=/home/asbir/ASBIR-ROS2/build/asbir_rc/prefix_override:/home/asbir/ASBIR-ROS2/install/asbir_rc/lib/python3.8/site-packages:${PYTHONPATH} /usr/bin/python3 setup.py egg_info --egg-base ../../build/asbir_rc build --build-base /home/asbir/ASBIR-ROS2/build/asbir_rc/build install --record /home/asbir/ASBIR-ROS2/build/asbir_rc/install.log --install-scripts $base/lib/asbir_rc --single-version-externally-managed
[22.303s] running egg_info
[22.306s] writing ../../build/asbir_rc/asbir_rc.egg-info/PKG-INFO
[22.312s] writing dependency_links to ../../build/asbir_rc/asbir_rc.egg-info/dependency_links.txt
[22.347s] writing entry points to ../../build/asbir_rc/asbir_rc.egg-info/entry_points.txt
[22.349s] writing requirements to ../../build/asbir_rc/asbir_rc.egg-info/requires.txt
[22.350s] writing top-level names to ../../build/asbir_rc/asbir_rc.egg-info/top_level.txt
[22.698s] reading manifest file '../../build/asbir_rc/asbir_rc.egg-info/SOURCES.txt'
[22.843s] writing manifest file '../../build/asbir_rc/asbir_rc.egg-info/SOURCES.txt'
[22.843s] running build
[22.844s] running build_py
[22.845s] copying asbir_rc/__init__.py -> /home/asbir/ASBIR-ROS2/build/asbir_rc/build/lib/asbir_rc
[22.846s] copying asbir_rc/teleopKeyboard.py -> /home/asbir/ASBIR-ROS2/build/asbir_rc/build/lib/asbir_rc
[22.846s] copying asbir_rc/teleopGamepad.py -> /home/asbir/ASBIR-ROS2/build/asbir_rc/build/lib/asbir_rc
[22.848s] running install
[22.861s] running install_lib
[22.866s] copying /home/asbir/ASBIR-ROS2/build/asbir_rc/build/lib/asbir_rc/__init__.py -> /home/asbir/ASBIR-ROS2/install/asbir_rc/lib/python3.8/site-packages/asbir_rc
[22.867s] copying /home/asbir/ASBIR-ROS2/build/asbir_rc/build/lib/asbir_rc/teleopKeyboard.py -> /home/asbir/ASBIR-ROS2/install/asbir_rc/lib/python3.8/site-packages/asbir_rc
[22.869s] copying /home/asbir/ASBIR-ROS2/build/asbir_rc/build/lib/asbir_rc/teleopGamepad.py -> /home/asbir/ASBIR-ROS2/install/asbir_rc/lib/python3.8/site-packages/asbir_rc
[22.880s] byte-compiling /home/asbir/ASBIR-ROS2/install/asbir_rc/lib/python3.8/site-packages/asbir_rc/__init__.py to __init__.cpython-38.pyc
[22.887s] byte-compiling /home/asbir/ASBIR-ROS2/install/asbir_rc/lib/python3.8/site-packages/asbir_rc/teleopKeyboard.py to teleopKeyboard.cpython-38.pyc
[22.914s] byte-compiling /home/asbir/ASBIR-ROS2/install/asbir_rc/lib/python3.8/site-packages/asbir_rc/teleopGamepad.py to teleopGamepad.cpython-38.pyc
[22.917s] running install_data
[22.922s] copying resource/asbir_rc -> /home/asbir/ASBIR-ROS2/install/asbir_rc/share/ament_index/resource_index/packages
[22.925s] copying package.xml -> /home/asbir/ASBIR-ROS2/install/asbir_rc/share/asbir_rc
[22.927s] running install_egg_info
[22.951s] removing '/home/asbir/ASBIR-ROS2/install/asbir_rc/lib/python3.8/site-packages/asbir_rc-0.0.0-py3.8.egg-info' (and everything under it)
[22.957s] Copying ../../build/asbir_rc/asbir_rc.egg-info to /home/asbir/ASBIR-ROS2/install/asbir_rc/lib/python3.8/site-packages/asbir_rc-0.0.0-py3.8.egg-info
[23.029s] running install_scripts
[23.540s] Installing teleopGamepad script to /home/asbir/ASBIR-ROS2/install/asbir_rc/lib/asbir_rc
[23.542s] Installing teleopKeyboard script to /home/asbir/ASBIR-ROS2/install/asbir_rc/lib/asbir_rc
[23.547s] writing list of installed files to '/home/asbir/ASBIR-ROS2/build/asbir_rc/install.log'
[23.841s] Invoked command in '/home/asbir/ASBIR-ROS2/src/asbir_rc' returned '0': PYTHONPATH=/home/asbir/ASBIR-ROS2/build/asbir_rc/prefix_override:/home/asbir/ASBIR-ROS2/install/asbir_rc/lib/python3.8/site-packages:${PYTHONPATH} /usr/bin/python3 setup.py egg_info --egg-base ../../build/asbir_rc build --build-base /home/asbir/ASBIR-ROS2/build/asbir_rc/build install --record /home/asbir/ASBIR-ROS2/build/asbir_rc/install.log --install-scripts $base/lib/asbir_rc --single-version-externally-managed
