[2.649s] Invoking command in '/home/aralab/ASBIR-ROS2/src/asbir_rc': PYTHONPATH=/home/aralab/ASBIR-ROS2/build/asbir_rc/prefix_override:/home/aralab/ASBIR-ROS2/install/asbir_rc/lib/python3.8/site-packages:${PYTHONPATH} /usr/bin/python3 setup.py egg_info --egg-base ../../build/asbir_rc build --build-base /home/aralab/ASBIR-ROS2/build/asbir_rc/build install --record /home/aralab/ASBIR-ROS2/build/asbir_rc/install.log --install-scripts $base/lib/asbir_rc --single-version-externally-managed
[2.981s] running egg_info
[2.982s] writing ../../build/asbir_rc/asbir_rc.egg-info/PKG-INFO
[2.982s] writing dependency_links to ../../build/asbir_rc/asbir_rc.egg-info/dependency_links.txt
[2.982s] writing entry points to ../../build/asbir_rc/asbir_rc.egg-info/entry_points.txt
[2.982s] writing requirements to ../../build/asbir_rc/asbir_rc.egg-info/requires.txt
[2.983s] writing top-level names to ../../build/asbir_rc/asbir_rc.egg-info/top_level.txt
[3.016s] reading manifest file '../../build/asbir_rc/asbir_rc.egg-info/SOURCES.txt'
[3.016s] writing manifest file '../../build/asbir_rc/asbir_rc.egg-info/SOURCES.txt'
[3.016s] running build
[3.017s] running build_py
[3.017s] running install
[3.018s] running install_lib
[3.020s] running install_data
[3.021s] running install_egg_info
[3.024s] removing '/home/aralab/ASBIR-ROS2/install/asbir_rc/lib/python3.8/site-packages/asbir_rc-0.0.0-py3.8.egg-info' (and everything under it)
[3.024s] Copying ../../build/asbir_rc/asbir_rc.egg-info to /home/aralab/ASBIR-ROS2/install/asbir_rc/lib/python3.8/site-packages/asbir_rc-0.0.0-py3.8.egg-info
[3.025s] running install_scripts
[3.045s] Installing teleopGamepad script to /home/aralab/ASBIR-ROS2/install/asbir_rc/lib/asbir_rc
[3.045s] Installing teleopKeyboard script to /home/aralab/ASBIR-ROS2/install/asbir_rc/lib/asbir_rc
[3.045s] writing list of installed files to '/home/aralab/ASBIR-ROS2/build/asbir_rc/install.log'
[3.071s] Invoked command in '/home/aralab/ASBIR-ROS2/src/asbir_rc' returned '0': PYTHONPATH=/home/aralab/ASBIR-ROS2/build/asbir_rc/prefix_override:/home/aralab/ASBIR-ROS2/install/asbir_rc/lib/python3.8/site-packages:${PYTHONPATH} /usr/bin/python3 setup.py egg_info --egg-base ../../build/asbir_rc build --build-base /home/aralab/ASBIR-ROS2/build/asbir_rc/build install --record /home/aralab/ASBIR-ROS2/build/asbir_rc/install.log --install-scripts $base/lib/asbir_rc --single-version-externally-managed
