[2.397s] Invoking command in '/home/aralab/ASBIR-ROS2/src/asbir_image_compression': PYTHONPATH=/home/aralab/ASBIR-ROS2/build/asbir_image_compression/prefix_override:/home/aralab/ASBIR-ROS2/install/asbir_image_compression/lib/python3.8/site-packages:${PYTHONPATH} /usr/bin/python3 setup.py egg_info --egg-base ../../build/asbir_image_compression build --build-base /home/aralab/ASBIR-ROS2/build/asbir_image_compression/build install --record /home/aralab/ASBIR-ROS2/build/asbir_image_compression/install.log --install-scripts $base/lib/asbir_image_compression --single-version-externally-managed
[2.729s] running egg_info
[2.730s] writing ../../build/asbir_image_compression/asbir_image_compression.egg-info/PKG-INFO
[2.730s] writing dependency_links to ../../build/asbir_image_compression/asbir_image_compression.egg-info/dependency_links.txt
[2.731s] writing entry points to ../../build/asbir_image_compression/asbir_image_compression.egg-info/entry_points.txt
[2.731s] writing requirements to ../../build/asbir_image_compression/asbir_image_compression.egg-info/requires.txt
[2.731s] writing top-level names to ../../build/asbir_image_compression/asbir_image_compression.egg-info/top_level.txt
[2.785s] reading manifest file '../../build/asbir_image_compression/asbir_image_compression.egg-info/SOURCES.txt'
[2.786s] writing manifest file '../../build/asbir_image_compression/asbir_image_compression.egg-info/SOURCES.txt'
[2.786s] running build
[2.786s] running build_py
[2.787s] running install
[2.789s] running install_lib
[2.791s] running install_data
[2.792s] running install_egg_info
[2.795s] removing '/home/aralab/ASBIR-ROS2/install/asbir_image_compression/lib/python3.8/site-packages/asbir_image_compression-0.0.0-py3.8.egg-info' (and everything under it)
[2.795s] Copying ../../build/asbir_image_compression/asbir_image_compression.egg-info to /home/aralab/ASBIR-ROS2/install/asbir_image_compression/lib/python3.8/site-packages/asbir_image_compression-0.0.0-py3.8.egg-info
[2.796s] running install_scripts
[2.829s] Installing compressImage script to /home/aralab/ASBIR-ROS2/install/asbir_image_compression/lib/asbir_image_compression
[2.830s] Installing pointcloudRepublisher script to /home/aralab/ASBIR-ROS2/install/asbir_image_compression/lib/asbir_image_compression
[2.830s] writing list of installed files to '/home/aralab/ASBIR-ROS2/build/asbir_image_compression/install.log'
[2.860s] Invoked command in '/home/aralab/ASBIR-ROS2/src/asbir_image_compression' returned '0': PYTHONPATH=/home/aralab/ASBIR-ROS2/build/asbir_image_compression/prefix_override:/home/aralab/ASBIR-ROS2/install/asbir_image_compression/lib/python3.8/site-packages:${PYTHONPATH} /usr/bin/python3 setup.py egg_info --egg-base ../../build/asbir_image_compression build --build-base /home/aralab/ASBIR-ROS2/build/asbir_image_compression/build install --record /home/aralab/ASBIR-ROS2/build/asbir_image_compression/install.log --install-scripts $base/lib/asbir_image_compression --single-version-externally-managed
