[2.356s] Invoking command in '/home/aralab/ASBIR-ROS2/src/asbir_image_compression': PYTHONPATH=/home/aralab/ASBIR-ROS2/build/asbir_image_compression/prefix_override:/home/aralab/ASBIR-ROS2/install/asbir_image_compression/lib/python3.8/site-packages:${PYTHONPATH} /usr/bin/python3 setup.py egg_info --egg-base ../../build/asbir_image_compression build --build-base /home/aralab/ASBIR-ROS2/build/asbir_image_compression/build install --record /home/aralab/ASBIR-ROS2/build/asbir_image_compression/install.log --install-scripts $base/lib/asbir_image_compression --single-version-externally-managed
[2.646s] running egg_info
[2.646s] writing ../../build/asbir_image_compression/asbir_image_compression.egg-info/PKG-INFO
[2.647s] writing dependency_links to ../../build/asbir_image_compression/asbir_image_compression.egg-info/dependency_links.txt
[2.647s] writing entry points to ../../build/asbir_image_compression/asbir_image_compression.egg-info/entry_points.txt
[2.647s] writing requirements to ../../build/asbir_image_compression/asbir_image_compression.egg-info/requires.txt
[2.647s] writing top-level names to ../../build/asbir_image_compression/asbir_image_compression.egg-info/top_level.txt
[2.686s] reading manifest file '../../build/asbir_image_compression/asbir_image_compression.egg-info/SOURCES.txt'
[2.686s] writing manifest file '../../build/asbir_image_compression/asbir_image_compression.egg-info/SOURCES.txt'
[2.687s] running build
[2.687s] running build_py
[2.687s] running install
[2.688s] running install_lib
[2.690s] running install_data
[2.691s] running install_egg_info
[2.694s] removing '/home/aralab/ASBIR-ROS2/install/asbir_image_compression/lib/python3.8/site-packages/asbir_image_compression-0.0.0-py3.8.egg-info' (and everything under it)
[2.695s] Copying ../../build/asbir_image_compression/asbir_image_compression.egg-info to /home/aralab/ASBIR-ROS2/install/asbir_image_compression/lib/python3.8/site-packages/asbir_image_compression-0.0.0-py3.8.egg-info
[2.696s] running install_scripts
[2.725s] Installing compressImage script to /home/aralab/ASBIR-ROS2/install/asbir_image_compression/lib/asbir_image_compression
[2.726s] Installing pointcloudRepublisher script to /home/aralab/ASBIR-ROS2/install/asbir_image_compression/lib/asbir_image_compression
[2.726s] writing list of installed files to '/home/aralab/ASBIR-ROS2/build/asbir_image_compression/install.log'
[2.797s] Invoked command in '/home/aralab/ASBIR-ROS2/src/asbir_image_compression' returned '0': PYTHONPATH=/home/aralab/ASBIR-ROS2/build/asbir_image_compression/prefix_override:/home/aralab/ASBIR-ROS2/install/asbir_image_compression/lib/python3.8/site-packages:${PYTHONPATH} /usr/bin/python3 setup.py egg_info --egg-base ../../build/asbir_image_compression build --build-base /home/aralab/ASBIR-ROS2/build/asbir_image_compression/build install --record /home/aralab/ASBIR-ROS2/build/asbir_image_compression/install.log --install-scripts $base/lib/asbir_image_compression --single-version-externally-managed
