[4.452s] Invoking command in '/home/aralab/ASBIR-ROS2/src/asbir_rc': PYTHONPATH=/home/aralab/ASBIR-ROS2/build/asbir_rc/prefix_override:/home/aralab/ASBIR-ROS2/install/asbir_rc/lib/python3.8/site-packages:${PYTHONPATH} /usr/bin/python3 setup.py egg_info --egg-base ../../build/asbir_rc build --build-base /home/aralab/ASBIR-ROS2/build/asbir_rc/build install --record /home/aralab/ASBIR-ROS2/build/asbir_rc/install.log --install-scripts $base/lib/asbir_rc --single-version-externally-managed
[5.383s] running egg_info
[5.384s] writing ../../build/asbir_rc/asbir_rc.egg-info/PKG-INFO
[5.384s] writing dependency_links to ../../build/asbir_rc/asbir_rc.egg-info/dependency_links.txt
[5.384s] writing entry points to ../../build/asbir_rc/asbir_rc.egg-info/entry_points.txt
[5.384s] writing requirements to ../../build/asbir_rc/asbir_rc.egg-info/requires.txt
[5.384s] writing top-level names to ../../build/asbir_rc/asbir_rc.egg-info/top_level.txt
[5.433s] reading manifest file '../../build/asbir_rc/asbir_rc.egg-info/SOURCES.txt'
[5.433s] writing manifest file '../../build/asbir_rc/asbir_rc.egg-info/SOURCES.txt'
[5.433s] running build
[5.434s] running build_py
[5.434s] running install
[5.437s] running install_lib
[5.442s] running install_data
[5.443s] running install_egg_info
[5.447s] removing '/home/aralab/ASBIR-ROS2/install/asbir_rc/lib/python3.8/site-packages/asbir_rc-0.0.0-py3.8.egg-info' (and everything under it)
[5.447s] Copying ../../build/asbir_rc/asbir_rc.egg-info to /home/aralab/ASBIR-ROS2/install/asbir_rc/lib/python3.8/site-packages/asbir_rc-0.0.0-py3.8.egg-info
[5.448s] running install_scripts
[5.486s] Installing teleopGamepad script to /home/aralab/ASBIR-ROS2/install/asbir_rc/lib/asbir_rc
[5.486s] Installing teleopKeyboard script to /home/aralab/ASBIR-ROS2/install/asbir_rc/lib/asbir_rc
[5.487s] writing list of installed files to '/home/aralab/ASBIR-ROS2/build/asbir_rc/install.log'
[5.530s] Invoked command in '/home/aralab/ASBIR-ROS2/src/asbir_rc' returned '0': PYTHONPATH=/home/aralab/ASBIR-ROS2/build/asbir_rc/prefix_override:/home/aralab/ASBIR-ROS2/install/asbir_rc/lib/python3.8/site-packages:${PYTHONPATH} /usr/bin/python3 setup.py egg_info --egg-base ../../build/asbir_rc build --build-base /home/aralab/ASBIR-ROS2/build/asbir_rc/build install --record /home/aralab/ASBIR-ROS2/build/asbir_rc/install.log --install-scripts $base/lib/asbir_rc --single-version-externally-managed
