[14.243s] Invoking command in '/home/asbir/ASBIR-ROS2/src/asbir_rc': PYTHONPATH=/home/asbir/ASBIR-ROS2/build/asbir_rc/prefix_override:/home/asbir/ASBIR-ROS2/install/asbir_rc/lib/python3.8/site-packages:${PYTHONPATH} /usr/bin/python3 setup.py egg_info --egg-base ../../build/asbir_rc build --build-base /home/asbir/ASBIR-ROS2/build/asbir_rc/build install --record /home/asbir/ASBIR-ROS2/build/asbir_rc/install.log --install-scripts $base/lib/asbir_rc --single-version-externally-managed
[16.587s] running egg_info
[16.597s] writing ../../build/asbir_rc/asbir_rc.egg-info/PKG-INFO
[16.620s] writing dependency_links to ../../build/asbir_rc/asbir_rc.egg-info/dependency_links.txt
[16.620s] writing entry points to ../../build/asbir_rc/asbir_rc.egg-info/entry_points.txt
[16.621s] writing requirements to ../../build/asbir_rc/asbir_rc.egg-info/requires.txt
[16.621s] writing top-level names to ../../build/asbir_rc/asbir_rc.egg-info/top_level.txt
[16.908s] reading manifest file '../../build/asbir_rc/asbir_rc.egg-info/SOURCES.txt'
[16.915s] writing manifest file '../../build/asbir_rc/asbir_rc.egg-info/SOURCES.txt'
[16.919s] running build
[16.922s] running build_py
[16.929s] running install
[16.944s] running install_lib
[16.965s] running install_data
[16.970s] running install_egg_info
[16.995s] removing '/home/asbir/ASBIR-ROS2/install/asbir_rc/lib/python3.8/site-packages/asbir_rc-0.0.0-py3.8.egg-info' (and everything under it)
[17.000s] Copying ../../build/asbir_rc/asbir_rc.egg-info to /home/asbir/ASBIR-ROS2/install/asbir_rc/lib/python3.8/site-packages/asbir_rc-0.0.0-py3.8.egg-info
[17.022s] running install_scripts
[17.255s] Installing teleopGamepad script to /home/asbir/ASBIR-ROS2/install/asbir_rc/lib/asbir_rc
[17.256s] Installing teleopKeyboard script to /home/asbir/ASBIR-ROS2/install/asbir_rc/lib/asbir_rc
[17.301s] writing list of installed files to '/home/asbir/ASBIR-ROS2/build/asbir_rc/install.log'
[17.886s] Invoked command in '/home/asbir/ASBIR-ROS2/src/asbir_rc' returned '0': PYTHONPATH=/home/asbir/ASBIR-ROS2/build/asbir_rc/prefix_override:/home/asbir/ASBIR-ROS2/install/asbir_rc/lib/python3.8/site-packages:${PYTHONPATH} /usr/bin/python3 setup.py egg_info --egg-base ../../build/asbir_rc build --build-base /home/asbir/ASBIR-ROS2/build/asbir_rc/build install --record /home/asbir/ASBIR-ROS2/build/asbir_rc/install.log --install-scripts $base/lib/asbir_rc --single-version-externally-managed
