[2.707s] Invoking command in '/home/aralab/ASBIR-ROS2/src/asbir_xavier_gpio': PYTHONPATH=/home/aralab/ASBIR-ROS2/build/asbir_xavier_gpio/prefix_override:/home/aralab/ASBIR-ROS2/install/asbir_xavier_gpio/lib/python3.8/site-packages:${PYTHONPATH} /usr/bin/python3 setup.py egg_info --egg-base ../../build/asbir_xavier_gpio build --build-base /home/aralab/ASBIR-ROS2/build/asbir_xavier_gpio/build install --record /home/aralab/ASBIR-ROS2/build/asbir_xavier_gpio/install.log --install-scripts $base/lib/asbir_xavier_gpio --single-version-externally-managed
[3.037s] running egg_info
[3.038s] creating ../../build/asbir_xavier_gpio/asbir_xavier_gpio.egg-info
[3.038s] writing ../../build/asbir_xavier_gpio/asbir_xavier_gpio.egg-info/PKG-INFO
[3.038s] writing dependency_links to ../../build/asbir_xavier_gpio/asbir_xavier_gpio.egg-info/dependency_links.txt
[3.038s] writing entry points to ../../build/asbir_xavier_gpio/asbir_xavier_gpio.egg-info/entry_points.txt
[3.038s] writing requirements to ../../build/asbir_xavier_gpio/asbir_xavier_gpio.egg-info/requires.txt
[3.038s] writing top-level names to ../../build/asbir_xavier_gpio/asbir_xavier_gpio.egg-info/top_level.txt
[3.040s] writing manifest file '../../build/asbir_xavier_gpio/asbir_xavier_gpio.egg-info/SOURCES.txt'
[3.069s] reading manifest file '../../build/asbir_xavier_gpio/asbir_xavier_gpio.egg-info/SOURCES.txt'
[3.069s] writing manifest file '../../build/asbir_xavier_gpio/asbir_xavier_gpio.egg-info/SOURCES.txt'
[3.069s] running build
[3.070s] running build_py
[3.070s] creating /home/aralab/ASBIR-ROS2/build/asbir_xavier_gpio/build
[3.070s] creating /home/aralab/ASBIR-ROS2/build/asbir_xavier_gpio/build/lib
[3.070s] creating /home/aralab/ASBIR-ROS2/build/asbir_xavier_gpio/build/lib/asbir_xavier_gpio
[3.070s] copying asbir_xavier_gpio/servoControl.py -> /home/aralab/ASBIR-ROS2/build/asbir_xavier_gpio/build/lib/asbir_xavier_gpio
[3.070s] copying asbir_xavier_gpio/__init__.py -> /home/aralab/ASBIR-ROS2/build/asbir_xavier_gpio/build/lib/asbir_xavier_gpio
[3.070s] running install
[3.071s] running install_lib
[3.073s] creating /home/aralab/ASBIR-ROS2/install/asbir_xavier_gpio/lib/python3.8/site-packages/asbir_xavier_gpio
[3.073s] copying /home/aralab/ASBIR-ROS2/build/asbir_xavier_gpio/build/lib/asbir_xavier_gpio/servoControl.py -> /home/aralab/ASBIR-ROS2/install/asbir_xavier_gpio/lib/python3.8/site-packages/asbir_xavier_gpio
[3.073s] copying /home/aralab/ASBIR-ROS2/build/asbir_xavier_gpio/build/lib/asbir_xavier_gpio/__init__.py -> /home/aralab/ASBIR-ROS2/install/asbir_xavier_gpio/lib/python3.8/site-packages/asbir_xavier_gpio
[3.074s] byte-compiling /home/aralab/ASBIR-ROS2/install/asbir_xavier_gpio/lib/python3.8/site-packages/asbir_xavier_gpio/servoControl.py to servoControl.cpython-38.pyc
[3.076s] byte-compiling /home/aralab/ASBIR-ROS2/install/asbir_xavier_gpio/lib/python3.8/site-packages/asbir_xavier_gpio/__init__.py to __init__.cpython-38.pyc
[3.076s] running install_data
[3.076s] creating /home/aralab/ASBIR-ROS2/install/asbir_xavier_gpio/share/ament_index
[3.077s] creating /home/aralab/ASBIR-ROS2/install/asbir_xavier_gpio/share/ament_index/resource_index
[3.077s] creating /home/aralab/ASBIR-ROS2/install/asbir_xavier_gpio/share/ament_index/resource_index/packages
[3.077s] copying resource/asbir_xavier_gpio -> /home/aralab/ASBIR-ROS2/install/asbir_xavier_gpio/share/ament_index/resource_index/packages
[3.077s] copying package.xml -> /home/aralab/ASBIR-ROS2/install/asbir_xavier_gpio/share/asbir_xavier_gpio
[3.077s] running install_egg_info
[3.079s] Copying ../../build/asbir_xavier_gpio/asbir_xavier_gpio.egg-info to /home/aralab/ASBIR-ROS2/install/asbir_xavier_gpio/lib/python3.8/site-packages/asbir_xavier_gpio-0.0.0-py3.8.egg-info
[3.080s] running install_scripts
[3.097s] Installing xavierGPIO script to /home/aralab/ASBIR-ROS2/install/asbir_xavier_gpio/lib/asbir_xavier_gpio
[3.098s] writing list of installed files to '/home/aralab/ASBIR-ROS2/build/asbir_xavier_gpio/install.log'
