[2.531s] DEBUG:colcon:Command line arguments: ['/usr/bin/colcon', 'build', '--packages-select', 'asbir_xavier_gpio', 'asbir_rc']
[2.531s] DEBUG:colcon:Parsed command line arguments: Namespace(allow_overriding=[], ament_cmake_args=None, base_paths=['.'], build_base='build', catkin_cmake_args=None, catkin_skip_building_tests=False, cmake_args=None, cmake_clean_cache=False, cmake_clean_first=False, cmake_force_configure=False, cmake_target=None, cmake_target_skip_unavailable=False, continue_on_error=False, event_handlers=None, executor='parallel', ignore_user_meta=False, install_base='install', log_base=None, log_level=None, main=<bound method BuildVerb.main of <colcon_core.verb.build.BuildVerb object at 0xffff7f854850>>, merge_install=False, metas=['./colcon.meta'], packages_above=None, packages_above_and_dependencies=None, packages_above_depth=None, packages_end=None, packages_ignore=None, packages_ignore_regex=None, packages_select=['asbir_xavier_gpio', 'asbir_rc'], packages_select_build_failed=False, packages_select_by_dep=None, packages_select_regex=None, packages_select_test_failures=False, packages_skip=None, packages_skip_build_finished=False, packages_skip_by_dep=None, packages_skip_regex=None, packages_skip_test_passed=False, packages_skip_up_to=None, packages_start=None, packages_up_to=None, packages_up_to_regex=None, parallel_workers=4, paths=None, symlink_install=False, test_result_base=None, verb_extension=<colcon_core.verb.build.BuildVerb object at 0xffff7f854850>, verb_name='build', verb_parser=<colcon_defaults.argument_parser.defaults.DefaultArgumentsDecorator object at 0xffff7f854dc0>)
[2.807s] Level 1:colcon.colcon_core.package_discovery:discover_packages(colcon_meta) check parameters
[2.809s] Level 1:colcon.colcon_core.package_discovery:discover_packages(recursive) check parameters
[2.809s] Level 1:colcon.colcon_core.package_discovery:discover_packages(ignore) check parameters
[2.809s] Level 1:colcon.colcon_core.package_discovery:discover_packages(path) check parameters
[2.810s] Level 1:colcon.colcon_core.package_discovery:discover_packages(colcon_meta) discover
[2.810s] Level 1:colcon.colcon_core.package_discovery:discover_packages(recursive) discover
[2.810s] INFO:colcon.colcon_core.package_discovery:Crawling recursively for packages in '/home/asbir/ASBIR-ROS2'
[2.811s] Level 1:colcon.colcon_core.package_identification:_identify(.) by extensions ['ignore', 'ignore_ament_install']
[2.812s] Level 1:colcon.colcon_core.package_identification:_identify(.) by extension 'ignore'
[2.812s] Level 1:colcon.colcon_core.package_identification:_identify(.) by extension 'ignore_ament_install'
[2.813s] Level 1:colcon.colcon_core.package_identification:_identify(.) by extensions ['colcon_pkg']
[2.813s] Level 1:colcon.colcon_core.package_identification:_identify(.) by extension 'colcon_pkg'
[2.813s] Level 1:colcon.colcon_core.package_identification:_identify(.) by extensions ['colcon_meta']
[2.813s] Level 1:colcon.colcon_core.package_identification:_identify(.) by extension 'colcon_meta'
[2.814s] Level 1:colcon.colcon_core.package_identification:_identify(.) by extensions ['ros']
[2.814s] Level 1:colcon.colcon_core.package_identification:_identify(.) by extension 'ros'
[2.892s] Level 1:colcon.colcon_core.package_identification:_identify(.) by extensions ['cmake', 'python']
[2.892s] Level 1:colcon.colcon_core.package_identification:_identify(.) by extension 'cmake'
[2.893s] Level 1:colcon.colcon_core.package_identification:_identify(.) by extension 'python'
[2.893s] Level 1:colcon.colcon_core.package_identification:_identify(.) by extensions ['python_setup_py']
[2.893s] Level 1:colcon.colcon_core.package_identification:_identify(.) by extension 'python_setup_py'
[2.894s] Level 1:colcon.colcon_core.package_identification:_identify(build) by extensions ['ignore', 'ignore_ament_install']
[2.894s] Level 1:colcon.colcon_core.package_identification:_identify(build) by extension 'ignore'
[2.895s] Level 1:colcon.colcon_core.package_identification:_identify(build) ignored
[2.895s] Level 1:colcon.colcon_core.package_identification:_identify(install) by extensions ['ignore', 'ignore_ament_install']
[2.896s] Level 1:colcon.colcon_core.package_identification:_identify(install) by extension 'ignore'
[2.896s] Level 1:colcon.colcon_core.package_identification:_identify(install) ignored
[2.900s] Level 1:colcon.colcon_core.package_identification:_identify(log) by extensions ['ignore', 'ignore_ament_install']
[2.901s] Level 1:colcon.colcon_core.package_identification:_identify(log) by extension 'ignore'
[2.901s] Level 1:colcon.colcon_core.package_identification:_identify(log) ignored
[2.902s] Level 1:colcon.colcon_core.package_identification:_identify(src) by extensions ['ignore', 'ignore_ament_install']
[2.902s] Level 1:colcon.colcon_core.package_identification:_identify(src) by extension 'ignore'
[2.902s] Level 1:colcon.colcon_core.package_identification:_identify(src) by extension 'ignore_ament_install'
[2.903s] Level 1:colcon.colcon_core.package_identification:_identify(src) by extensions ['colcon_pkg']
[2.903s] Level 1:colcon.colcon_core.package_identification:_identify(src) by extension 'colcon_pkg'
[2.903s] Level 1:colcon.colcon_core.package_identification:_identify(src) by extensions ['colcon_meta']
[2.903s] Level 1:colcon.colcon_core.package_identification:_identify(src) by extension 'colcon_meta'
[2.904s] Level 1:colcon.colcon_core.package_identification:_identify(src) by extensions ['ros']
[2.904s] Level 1:colcon.colcon_core.package_identification:_identify(src) by extension 'ros'
[2.904s] Level 1:colcon.colcon_core.package_identification:_identify(src) by extensions ['cmake', 'python']
[2.905s] Level 1:colcon.colcon_core.package_identification:_identify(src) by extension 'cmake'
[2.905s] Level 1:colcon.colcon_core.package_identification:_identify(src) by extension 'python'
[2.905s] Level 1:colcon.colcon_core.package_identification:_identify(src) by extensions ['python_setup_py']
[2.905s] Level 1:colcon.colcon_core.package_identification:_identify(src) by extension 'python_setup_py'
[2.906s] Level 1:colcon.colcon_core.package_identification:_identify(src/asbir_image_compression) by extensions ['ignore', 'ignore_ament_install']
[2.906s] Level 1:colcon.colcon_core.package_identification:_identify(src/asbir_image_compression) by extension 'ignore'
[2.906s] Level 1:colcon.colcon_core.package_identification:_identify(src/asbir_image_compression) by extension 'ignore_ament_install'
[2.907s] Level 1:colcon.colcon_core.package_identification:_identify(src/asbir_image_compression) by extensions ['colcon_pkg']
[2.907s] Level 1:colcon.colcon_core.package_identification:_identify(src/asbir_image_compression) by extension 'colcon_pkg'
[2.907s] Level 1:colcon.colcon_core.package_identification:_identify(src/asbir_image_compression) by extensions ['colcon_meta']
[2.907s] Level 1:colcon.colcon_core.package_identification:_identify(src/asbir_image_compression) by extension 'colcon_meta'
[2.908s] Level 1:colcon.colcon_core.package_identification:_identify(src/asbir_image_compression) by extensions ['ros']
[2.908s] Level 1:colcon.colcon_core.package_identification:_identify(src/asbir_image_compression) by extension 'ros'
[2.919s] DEBUG:colcon.colcon_core.package_identification:Package 'src/asbir_image_compression' with type 'ros.ament_python' and name 'asbir_image_compression'
[2.920s] Level 1:colcon.colcon_core.package_identification:_identify(src/asbir_navigation) by extensions ['ignore', 'ignore_ament_install']
[2.920s] Level 1:colcon.colcon_core.package_identification:_identify(src/asbir_navigation) by extension 'ignore'
[2.921s] Level 1:colcon.colcon_core.package_identification:_identify(src/asbir_navigation) by extension 'ignore_ament_install'
[2.921s] Level 1:colcon.colcon_core.package_identification:_identify(src/asbir_navigation) by extensions ['colcon_pkg']
[2.921s] Level 1:colcon.colcon_core.package_identification:_identify(src/asbir_navigation) by extension 'colcon_pkg'
[2.922s] Level 1:colcon.colcon_core.package_identification:_identify(src/asbir_navigation) by extensions ['colcon_meta']
[2.922s] Level 1:colcon.colcon_core.package_identification:_identify(src/asbir_navigation) by extension 'colcon_meta'
[2.922s] Level 1:colcon.colcon_core.package_identification:_identify(src/asbir_navigation) by extensions ['ros']
[2.923s] Level 1:colcon.colcon_core.package_identification:_identify(src/asbir_navigation) by extension 'ros'
[2.926s] DEBUG:colcon.colcon_core.package_identification:Package 'src/asbir_navigation' with type 'ros.ament_python' and name 'asbir_navigation'
[2.927s] Level 1:colcon.colcon_core.package_identification:_identify(src/asbir_rc) by extensions ['ignore', 'ignore_ament_install']
[2.927s] Level 1:colcon.colcon_core.package_identification:_identify(src/asbir_rc) by extension 'ignore'
[2.928s] Level 1:colcon.colcon_core.package_identification:_identify(src/asbir_rc) by extension 'ignore_ament_install'
[2.928s] Level 1:colcon.colcon_core.package_identification:_identify(src/asbir_rc) by extensions ['colcon_pkg']
[2.929s] Level 1:colcon.colcon_core.package_identification:_identify(src/asbir_rc) by extension 'colcon_pkg'
[2.929s] Level 1:colcon.colcon_core.package_identification:_identify(src/asbir_rc) by extensions ['colcon_meta']
[2.929s] Level 1:colcon.colcon_core.package_identification:_identify(src/asbir_rc) by extension 'colcon_meta'
[2.929s] Level 1:colcon.colcon_core.package_identification:_identify(src/asbir_rc) by extensions ['ros']
[2.929s] Level 1:colcon.colcon_core.package_identification:_identify(src/asbir_rc) by extension 'ros'
[2.932s] DEBUG:colcon.colcon_core.package_identification:Package 'src/asbir_rc' with type 'ros.ament_python' and name 'asbir_rc'
[2.933s] Level 1:colcon.colcon_core.package_identification:_identify(src/asbir_serial) by extensions ['ignore', 'ignore_ament_install']
[2.933s] Level 1:colcon.colcon_core.package_identification:_identify(src/asbir_serial) by extension 'ignore'
[2.934s] Level 1:colcon.colcon_core.package_identification:_identify(src/asbir_serial) by extension 'ignore_ament_install'
[2.934s] Level 1:colcon.colcon_core.package_identification:_identify(src/asbir_serial) by extensions ['colcon_pkg']
[2.934s] Level 1:colcon.colcon_core.package_identification:_identify(src/asbir_serial) by extension 'colcon_pkg'
[2.934s] Level 1:colcon.colcon_core.package_identification:_identify(src/asbir_serial) by extensions ['colcon_meta']
[2.935s] Level 1:colcon.colcon_core.package_identification:_identify(src/asbir_serial) by extension 'colcon_meta'
[2.935s] Level 1:colcon.colcon_core.package_identification:_identify(src/asbir_serial) by extensions ['ros']
[2.935s] Level 1:colcon.colcon_core.package_identification:_identify(src/asbir_serial) by extension 'ros'
[2.938s] DEBUG:colcon.colcon_core.package_identification:Package 'src/asbir_serial' with type 'ros.ament_python' and name 'asbir_serial'
[2.938s] Level 1:colcon.colcon_core.package_identification:_identify(src/asbir_xavier_gpio) by extensions ['ignore', 'ignore_ament_install']
[2.939s] Level 1:colcon.colcon_core.package_identification:_identify(src/asbir_xavier_gpio) by extension 'ignore'
[2.939s] Level 1:colcon.colcon_core.package_identification:_identify(src/asbir_xavier_gpio) by extension 'ignore_ament_install'
[2.939s] Level 1:colcon.colcon_core.package_identification:_identify(src/asbir_xavier_gpio) by extensions ['colcon_pkg']
[2.940s] Level 1:colcon.colcon_core.package_identification:_identify(src/asbir_xavier_gpio) by extension 'colcon_pkg'
[2.940s] Level 1:colcon.colcon_core.package_identification:_identify(src/asbir_xavier_gpio) by extensions ['colcon_meta']
[2.940s] Level 1:colcon.colcon_core.package_identification:_identify(src/asbir_xavier_gpio) by extension 'colcon_meta'
[2.940s] Level 1:colcon.colcon_core.package_identification:_identify(src/asbir_xavier_gpio) by extensions ['ros']
[2.941s] Level 1:colcon.colcon_core.package_identification:_identify(src/asbir_xavier_gpio) by extension 'ros'
[2.945s] DEBUG:colcon.colcon_core.package_identification:Package 'src/asbir_xavier_gpio' with type 'ros.ament_python' and name 'asbir_xavier_gpio'
[2.946s] Level 1:colcon.colcon_core.package_identification:_identify(src/objects) by extensions ['ignore', 'ignore_ament_install']
[2.947s] Level 1:colcon.colcon_core.package_identification:_identify(src/objects) by extension 'ignore'
[2.947s] Level 1:colcon.colcon_core.package_identification:_identify(src/objects) by extension 'ignore_ament_install'
[2.947s] Level 1:colcon.colcon_core.package_identification:_identify(src/objects) by extensions ['colcon_pkg']
[2.948s] Level 1:colcon.colcon_core.package_identification:_identify(src/objects) by extension 'colcon_pkg'
[2.948s] Level 1:colcon.colcon_core.package_identification:_identify(src/objects) by extensions ['colcon_meta']
[2.948s] Level 1:colcon.colcon_core.package_identification:_identify(src/objects) by extension 'colcon_meta'
[2.949s] Level 1:colcon.colcon_core.package_identification:_identify(src/objects) by extensions ['ros']
[2.949s] Level 1:colcon.colcon_core.package_identification:_identify(src/objects) by extension 'ros'
[2.949s] Level 1:colcon.colcon_core.package_identification:_identify(src/objects) by extensions ['cmake', 'python']
[2.949s] Level 1:colcon.colcon_core.package_identification:_identify(src/objects) by extension 'cmake'
[2.950s] Level 1:colcon.colcon_core.package_identification:_identify(src/objects) by extension 'python'
[2.950s] Level 1:colcon.colcon_core.package_identification:_identify(src/objects) by extensions ['python_setup_py']
[2.950s] Level 1:colcon.colcon_core.package_identification:_identify(src/objects) by extension 'python_setup_py'
[2.950s] Level 1:colcon.colcon_core.package_discovery:discover_packages(recursive) using defaults
[2.951s] Level 1:colcon.colcon_core.package_discovery:discover_packages(ignore) discover
[2.951s] Level 1:colcon.colcon_core.package_discovery:discover_packages(ignore) using defaults
[2.951s] Level 1:colcon.colcon_core.package_discovery:discover_packages(path) discover
[2.951s] Level 1:colcon.colcon_core.package_discovery:discover_packages(path) using defaults
[3.165s] INFO:colcon.colcon_core.package_selection:Skipping not selected package 'asbir_image_compression' in 'src/asbir_image_compression'
[3.166s] INFO:colcon.colcon_core.package_selection:Skipping not selected package 'asbir_navigation' in 'src/asbir_navigation'
[3.167s] INFO:colcon.colcon_core.package_selection:Skipping not selected package 'asbir_serial' in 'src/asbir_serial'
[3.170s] Level 1:colcon.colcon_core.package_discovery:discover_packages(prefix_path) check parameters
[3.171s] Level 1:colcon.colcon_core.package_discovery:discover_packages(prefix_path) discover
[3.291s] DEBUG:colcon.colcon_installed_package_information.package_discovery:Found 5 installed packages in /home/asbir/ASBIR-ROS2/install
[3.355s] DEBUG:colcon.colcon_installed_package_information.package_discovery:Found 311 installed packages in /home/asbir/ros2_foxy_core/install
[3.370s] Level 1:colcon.colcon_core.package_discovery:discover_packages(prefix_path) using defaults
[3.524s] Level 5:colcon.colcon_core.verb:set package 'asbir_rc' build argument 'cmake_args' from command line to 'None'
[3.525s] Level 5:colcon.colcon_core.verb:set package 'asbir_rc' build argument 'cmake_target' from command line to 'None'
[3.525s] Level 5:colcon.colcon_core.verb:set package 'asbir_rc' build argument 'cmake_target_skip_unavailable' from command line to 'False'
[3.525s] Level 5:colcon.colcon_core.verb:set package 'asbir_rc' build argument 'cmake_clean_cache' from command line to 'False'
[3.525s] Level 5:colcon.colcon_core.verb:set package 'asbir_rc' build argument 'cmake_clean_first' from command line to 'False'
[3.525s] Level 5:colcon.colcon_core.verb:set package 'asbir_rc' build argument 'cmake_force_configure' from command line to 'False'
[3.526s] Level 5:colcon.colcon_core.verb:set package 'asbir_rc' build argument 'ament_cmake_args' from command line to 'None'
[3.526s] Level 5:colcon.colcon_core.verb:set package 'asbir_rc' build argument 'catkin_cmake_args' from command line to 'None'
[3.526s] Level 5:colcon.colcon_core.verb:set package 'asbir_rc' build argument 'catkin_skip_building_tests' from command line to 'False'
[3.526s] DEBUG:colcon.colcon_core.verb:Building package 'asbir_rc' with the following arguments: {'ament_cmake_args': None, 'build_base': '/home/asbir/ASBIR-ROS2/build/asbir_rc', 'catkin_cmake_args': None, 'catkin_skip_building_tests': False, 'cmake_args': None, 'cmake_clean_cache': False, 'cmake_clean_first': False, 'cmake_force_configure': False, 'cmake_target': None, 'cmake_target_skip_unavailable': False, 'install_base': '/home/asbir/ASBIR-ROS2/install/asbir_rc', 'merge_install': False, 'path': '/home/asbir/ASBIR-ROS2/src/asbir_rc', 'symlink_install': False, 'test_result_base': None}
[3.537s] Level 5:colcon.colcon_core.verb:set package 'asbir_xavier_gpio' build argument 'cmake_args' from command line to 'None'
[3.538s] Level 5:colcon.colcon_core.verb:set package 'asbir_xavier_gpio' build argument 'cmake_target' from command line to 'None'
[3.539s] Level 5:colcon.colcon_core.verb:set package 'asbir_xavier_gpio' build argument 'cmake_target_skip_unavailable' from command line to 'False'
[3.539s] Level 5:colcon.colcon_core.verb:set package 'asbir_xavier_gpio' build argument 'cmake_clean_cache' from command line to 'False'
[3.539s] Level 5:colcon.colcon_core.verb:set package 'asbir_xavier_gpio' build argument 'cmake_clean_first' from command line to 'False'
[3.539s] Level 5:colcon.colcon_core.verb:set package 'asbir_xavier_gpio' build argument 'cmake_force_configure' from command line to 'False'
[3.539s] Level 5:colcon.colcon_core.verb:set package 'asbir_xavier_gpio' build argument 'ament_cmake_args' from command line to 'None'
[3.539s] Level 5:colcon.colcon_core.verb:set package 'asbir_xavier_gpio' build argument 'catkin_cmake_args' from command line to 'None'
[3.539s] Level 5:colcon.colcon_core.verb:set package 'asbir_xavier_gpio' build argument 'catkin_skip_building_tests' from command line to 'False'
[3.540s] DEBUG:colcon.colcon_core.verb:Building package 'asbir_xavier_gpio' with the following arguments: {'ament_cmake_args': None, 'build_base': '/home/asbir/ASBIR-ROS2/build/asbir_xavier_gpio', 'catkin_cmake_args': None, 'catkin_skip_building_tests': False, 'cmake_args': None, 'cmake_clean_cache': False, 'cmake_clean_first': False, 'cmake_force_configure': False, 'cmake_target': None, 'cmake_target_skip_unavailable': False, 'install_base': '/home/asbir/ASBIR-ROS2/install/asbir_xavier_gpio', 'merge_install': False, 'path': '/home/asbir/ASBIR-ROS2/src/asbir_xavier_gpio', 'symlink_install': False, 'test_result_base': None}
[3.548s] INFO:colcon.colcon_core.executor:Executing jobs using 'parallel' executor
[3.594s] DEBUG:colcon.colcon_parallel_executor.executor.parallel:run_until_complete
[3.595s] INFO:colcon.colcon_ros.task.ament_python.build:Building ROS package in '/home/asbir/ASBIR-ROS2/src/asbir_rc' with build type 'ament_python'
[3.596s] Level 1:colcon.colcon_core.shell:create_environment_hook('asbir_rc', 'ament_prefix_path')
[3.670s] INFO:colcon.colcon_core.plugin_system:Skipping extension 'colcon_core.shell.bat': Not used on non-Windows systems
[3.671s] INFO:colcon.colcon_core.shell:Creating environment hook '/home/asbir/ASBIR-ROS2/install/asbir_rc/share/asbir_rc/hook/ament_prefix_path.ps1'
[3.675s] INFO:colcon.colcon_core.shell:Creating environment descriptor '/home/asbir/ASBIR-ROS2/install/asbir_rc/share/asbir_rc/hook/ament_prefix_path.dsv'
[3.684s] INFO:colcon.colcon_core.shell:Creating environment hook '/home/asbir/ASBIR-ROS2/install/asbir_rc/share/asbir_rc/hook/ament_prefix_path.sh'
[3.710s] INFO:colcon.colcon_core.shell:Skip shell extension 'powershell' for command environment: Not usable outside of PowerShell
[3.711s] DEBUG:colcon.colcon_core.shell:Skip shell extension 'dsv' for command environment
[3.932s] INFO:colcon.colcon_ros.task.ament_python.build:Building ROS package in '/home/asbir/ASBIR-ROS2/src/asbir_xavier_gpio' with build type 'ament_python'
[3.938s] Level 1:colcon.colcon_core.shell:create_environment_hook('asbir_xavier_gpio', 'ament_prefix_path')
[3.965s] INFO:colcon.colcon_core.shell:Creating environment hook '/home/asbir/ASBIR-ROS2/install/asbir_xavier_gpio/share/asbir_xavier_gpio/hook/ament_prefix_path.ps1'
[3.970s] INFO:colcon.colcon_core.shell:Creating environment descriptor '/home/asbir/ASBIR-ROS2/install/asbir_xavier_gpio/share/asbir_xavier_gpio/hook/ament_prefix_path.dsv'
[3.972s] INFO:colcon.colcon_core.shell:Creating environment hook '/home/asbir/ASBIR-ROS2/install/asbir_xavier_gpio/share/asbir_xavier_gpio/hook/ament_prefix_path.sh'
[3.996s] INFO:colcon.colcon_core.shell:Skip shell extension 'powershell' for command environment: Not usable outside of PowerShell
[3.997s] DEBUG:colcon.colcon_core.shell:Skip shell extension 'dsv' for command environment
[6.466s] INFO:colcon.colcon_core.task.python.build:Building Python package in '/home/asbir/ASBIR-ROS2/src/asbir_rc'
[6.493s] INFO:colcon.colcon_core.shell:Skip shell extension 'powershell' for command environment: Not usable outside of PowerShell
[6.494s] DEBUG:colcon.colcon_core.shell:Skip shell extension 'dsv' for command environment
[8.905s] INFO:colcon.colcon_core.task.python.build:Building Python package in '/home/asbir/ASBIR-ROS2/src/asbir_xavier_gpio'
[8.932s] INFO:colcon.colcon_core.shell:Skip shell extension 'powershell' for command environment: Not usable outside of PowerShell
[8.933s] DEBUG:colcon.colcon_core.shell:Skip shell extension 'dsv' for command environment
[12.589s] DEBUG:colcon.colcon_core.event_handler.log_command:Invoking command in '/home/asbir/ASBIR-ROS2/src/asbir_xavier_gpio': PYTHONPATH=/home/asbir/ASBIR-ROS2/build/asbir_xavier_gpio/prefix_override:/home/asbir/ASBIR-ROS2/install/asbir_xavier_gpio/lib/python3.8/site-packages:${PYTHONPATH} /usr/bin/python3 setup.py egg_info --egg-base ../../build/asbir_xavier_gpio build --build-base /home/asbir/ASBIR-ROS2/build/asbir_xavier_gpio/build install --record /home/asbir/ASBIR-ROS2/build/asbir_xavier_gpio/install.log --install-scripts $base/lib/asbir_xavier_gpio --single-version-externally-managed
[12.690s] DEBUG:colcon.colcon_core.event_handler.log_command:Invoking command in '/home/asbir/ASBIR-ROS2/src/asbir_rc': PYTHONPATH=/home/asbir/ASBIR-ROS2/build/asbir_rc/prefix_override:/home/asbir/ASBIR-ROS2/install/asbir_rc/lib/python3.8/site-packages:${PYTHONPATH} /usr/bin/python3 setup.py egg_info --egg-base ../../build/asbir_rc build --build-base /home/asbir/ASBIR-ROS2/build/asbir_rc/build install --record /home/asbir/ASBIR-ROS2/build/asbir_rc/install.log --install-scripts $base/lib/asbir_rc --single-version-externally-managed
[15.535s] DEBUG:colcon.colcon_core.event_handler.log_command:Invoked command in '/home/asbir/ASBIR-ROS2/src/asbir_xavier_gpio' returned '0': PYTHONPATH=/home/asbir/ASBIR-ROS2/build/asbir_xavier_gpio/prefix_override:/home/asbir/ASBIR-ROS2/install/asbir_xavier_gpio/lib/python3.8/site-packages:${PYTHONPATH} /usr/bin/python3 setup.py egg_info --egg-base ../../build/asbir_xavier_gpio build --build-base /home/asbir/ASBIR-ROS2/build/asbir_xavier_gpio/build install --record /home/asbir/ASBIR-ROS2/build/asbir_xavier_gpio/install.log --install-scripts $base/lib/asbir_xavier_gpio --single-version-externally-managed
[15.619s] Level 1:colcon.colcon_core.environment:checking '/home/asbir/ASBIR-ROS2/install/asbir_xavier_gpio' for CMake module files
[15.622s] Level 1:colcon.colcon_core.environment:checking '/home/asbir/ASBIR-ROS2/install/asbir_xavier_gpio' for CMake config files
[15.629s] Level 1:colcon.colcon_core.environment:checking '/home/asbir/ASBIR-ROS2/install/asbir_xavier_gpio/lib'
[15.630s] Level 1:colcon.colcon_core.environment:checking '/home/asbir/ASBIR-ROS2/install/asbir_xavier_gpio/bin'
[15.631s] Level 1:colcon.colcon_core.environment:checking '/home/asbir/ASBIR-ROS2/install/asbir_xavier_gpio/lib/pkgconfig/asbir_xavier_gpio.pc'
[15.632s] Level 1:colcon.colcon_core.environment:checking '/home/asbir/ASBIR-ROS2/install/asbir_xavier_gpio/lib/python3.8/site-packages'
[15.633s] Level 1:colcon.colcon_core.shell:create_environment_hook('asbir_xavier_gpio', 'pythonpath')
[15.656s] INFO:colcon.colcon_core.shell:Creating environment hook '/home/asbir/ASBIR-ROS2/install/asbir_xavier_gpio/share/asbir_xavier_gpio/hook/pythonpath.ps1'
[15.660s] INFO:colcon.colcon_core.shell:Creating environment descriptor '/home/asbir/ASBIR-ROS2/install/asbir_xavier_gpio/share/asbir_xavier_gpio/hook/pythonpath.dsv'
[15.662s] INFO:colcon.colcon_core.shell:Creating environment hook '/home/asbir/ASBIR-ROS2/install/asbir_xavier_gpio/share/asbir_xavier_gpio/hook/pythonpath.sh'
[15.666s] Level 1:colcon.colcon_core.environment:checking '/home/asbir/ASBIR-ROS2/install/asbir_xavier_gpio/bin'
[15.666s] Level 1:colcon.colcon_core.environment:create_environment_scripts_only(asbir_xavier_gpio)
[15.690s] INFO:colcon.colcon_core.shell:Creating package script '/home/asbir/ASBIR-ROS2/install/asbir_xavier_gpio/share/asbir_xavier_gpio/package.ps1'
[15.695s] INFO:colcon.colcon_core.shell:Creating package descriptor '/home/asbir/ASBIR-ROS2/install/asbir_xavier_gpio/share/asbir_xavier_gpio/package.dsv'
[15.698s] INFO:colcon.colcon_core.shell:Creating package script '/home/asbir/ASBIR-ROS2/install/asbir_xavier_gpio/share/asbir_xavier_gpio/package.sh'
[15.702s] INFO:colcon.colcon_core.shell:Creating package script '/home/asbir/ASBIR-ROS2/install/asbir_xavier_gpio/share/asbir_xavier_gpio/package.bash'
[15.707s] INFO:colcon.colcon_core.shell:Creating package script '/home/asbir/ASBIR-ROS2/install/asbir_xavier_gpio/share/asbir_xavier_gpio/package.zsh'
[15.710s] Level 1:colcon.colcon_core.environment:create_file_with_runtime_dependencies(/home/asbir/ASBIR-ROS2/install/asbir_xavier_gpio/share/colcon-core/packages/asbir_xavier_gpio)
[15.745s] DEBUG:colcon.colcon_core.event_handler.log_command:Invoked command in '/home/asbir/ASBIR-ROS2/src/asbir_rc' returned '0': PYTHONPATH=/home/asbir/ASBIR-ROS2/build/asbir_rc/prefix_override:/home/asbir/ASBIR-ROS2/install/asbir_rc/lib/python3.8/site-packages:${PYTHONPATH} /usr/bin/python3 setup.py egg_info --egg-base ../../build/asbir_rc build --build-base /home/asbir/ASBIR-ROS2/build/asbir_rc/build install --record /home/asbir/ASBIR-ROS2/build/asbir_rc/install.log --install-scripts $base/lib/asbir_rc --single-version-externally-managed
[15.749s] Level 1:colcon.colcon_core.environment:checking '/home/asbir/ASBIR-ROS2/install/asbir_rc' for CMake module files
[15.753s] Level 1:colcon.colcon_core.environment:checking '/home/asbir/ASBIR-ROS2/install/asbir_rc' for CMake config files
[15.757s] Level 1:colcon.colcon_core.environment:checking '/home/asbir/ASBIR-ROS2/install/asbir_rc/lib'
[15.757s] Level 1:colcon.colcon_core.environment:checking '/home/asbir/ASBIR-ROS2/install/asbir_rc/bin'
[15.759s] Level 1:colcon.colcon_core.environment:checking '/home/asbir/ASBIR-ROS2/install/asbir_rc/lib/pkgconfig/asbir_rc.pc'
[15.760s] Level 1:colcon.colcon_core.environment:checking '/home/asbir/ASBIR-ROS2/install/asbir_rc/lib/python3.8/site-packages'
[15.760s] Level 1:colcon.colcon_core.shell:create_environment_hook('asbir_rc', 'pythonpath')
[15.780s] INFO:colcon.colcon_core.shell:Creating environment hook '/home/asbir/ASBIR-ROS2/install/asbir_rc/share/asbir_rc/hook/pythonpath.ps1'
[15.783s] INFO:colcon.colcon_core.shell:Creating environment descriptor '/home/asbir/ASBIR-ROS2/install/asbir_rc/share/asbir_rc/hook/pythonpath.dsv'
[15.786s] INFO:colcon.colcon_core.shell:Creating environment hook '/home/asbir/ASBIR-ROS2/install/asbir_rc/share/asbir_rc/hook/pythonpath.sh'
[15.791s] Level 1:colcon.colcon_core.environment:checking '/home/asbir/ASBIR-ROS2/install/asbir_rc/bin'
[15.791s] Level 1:colcon.colcon_core.environment:create_environment_scripts_only(asbir_rc)
[15.812s] INFO:colcon.colcon_core.shell:Creating package script '/home/asbir/ASBIR-ROS2/install/asbir_rc/share/asbir_rc/package.ps1'
[15.815s] INFO:colcon.colcon_core.shell:Creating package descriptor '/home/asbir/ASBIR-ROS2/install/asbir_rc/share/asbir_rc/package.dsv'
[15.817s] INFO:colcon.colcon_core.shell:Creating package script '/home/asbir/ASBIR-ROS2/install/asbir_rc/share/asbir_rc/package.sh'
[15.820s] INFO:colcon.colcon_core.shell:Creating package script '/home/asbir/ASBIR-ROS2/install/asbir_rc/share/asbir_rc/package.bash'
[15.821s] INFO:colcon.colcon_core.shell:Creating package script '/home/asbir/ASBIR-ROS2/install/asbir_rc/share/asbir_rc/package.zsh'
[15.824s] Level 1:colcon.colcon_core.environment:create_file_with_runtime_dependencies(/home/asbir/ASBIR-ROS2/install/asbir_rc/share/colcon-core/packages/asbir_rc)
[15.828s] DEBUG:colcon.colcon_parallel_executor.executor.parallel:closing loop
[15.829s] DEBUG:colcon.colcon_parallel_executor.executor.parallel:loop closed
[15.829s] DEBUG:colcon.colcon_parallel_executor.executor.parallel:run_until_complete finished with '0'
[15.830s] DEBUG:colcon.colcon_core.event_reactor:joining thread
[15.924s] INFO:colcon.colcon_core.plugin_system:Skipping extension 'colcon_notification.desktop_notification.terminal_notifier': Not used on non-Darwin systems
[15.924s] INFO:colcon.colcon_core.plugin_system:Skipping extension 'colcon_notification.desktop_notification.win32': Not used on non-Windows systems
[15.925s] INFO:colcon.colcon_notification.desktop_notification:Sending desktop notification using 'notify2'
[16.000s] DEBUG:colcon.colcon_core.event_reactor:joined thread
[16.022s] INFO:colcon.colcon_core.shell:Creating prefix script '/home/asbir/ASBIR-ROS2/install/local_setup.ps1'
[16.027s] INFO:colcon.colcon_core.shell:Creating prefix util module '/home/asbir/ASBIR-ROS2/install/_local_setup_util_ps1.py'
[16.040s] INFO:colcon.colcon_core.shell:Creating prefix chain script '/home/asbir/ASBIR-ROS2/install/setup.ps1'
[16.160s] INFO:colcon.colcon_core.shell:Creating prefix script '/home/asbir/ASBIR-ROS2/install/local_setup.sh'
[16.163s] INFO:colcon.colcon_core.shell:Creating prefix util module '/home/asbir/ASBIR-ROS2/install/_local_setup_util_sh.py'
[16.166s] INFO:colcon.colcon_core.shell:Creating prefix chain script '/home/asbir/ASBIR-ROS2/install/setup.sh'
[16.281s] INFO:colcon.colcon_core.shell:Creating prefix script '/home/asbir/ASBIR-ROS2/install/local_setup.bash'
[16.286s] INFO:colcon.colcon_core.shell:Creating prefix chain script '/home/asbir/ASBIR-ROS2/install/setup.bash'
[16.402s] INFO:colcon.colcon_core.shell:Creating prefix script '/home/asbir/ASBIR-ROS2/install/local_setup.zsh'
[16.404s] INFO:colcon.colcon_core.shell:Creating prefix chain script '/home/asbir/ASBIR-ROS2/install/setup.zsh'
