[0.042s] Invoking command in '/home/aralab/ASBIR-ROS2/build/asbir_navigation': CMAKE_PREFIX_PATH=${CMAKE_PREFIX_PATH}:/home/aralab/ASBIR-ROS2/install/rclpy_message_converter:/home/aralab/ros2_foxy/install/ros2bag:/home/aralab/ros2_foxy/install/tracetools_launch:/home/aralab/ros2_foxy/install/topic_monitor:/home/aralab/ros2_foxy/install/examples_tf2_py:/home/aralab/ros2_foxy/install/sros2:/home/aralab/ros2_foxy/install/rqt_topic:/home/aralab/ros2_foxy/install/rqt_top:/home/aralab/ros2_foxy/install/rqt_srv:/home/aralab/ros2_foxy/install/rqt_shell:/home/aralab/ros2_foxy/install/rqt_service_caller:/home/aralab/ros2_foxy/install/rqt_reconfigure:/home/aralab/ros2_foxy/install/rqt_py_console:/home/aralab/ros2_foxy/install/rqt_publisher:/home/aralab/ros2_foxy/install/rqt_plot:/home/aralab/ros2_foxy/install/rqt_action:/home/aralab/ros2_foxy/install/rqt_msg:/home/aralab/ros2_foxy/install/rqt_console:/home/aralab/ros2_foxy/install/rqt:/home/aralab/ros2_foxy/install/rqt_graph:/home/aralab/ros2_foxy/install/rqt_gui_py:/home/aralab/ros2_foxy/install/rqt_gui:/home/aralab/ros2_foxy/install/ros2trace:/home/aralab/ros2_foxy/install/ros2topic:/home/aralab/ros2_foxy/install/ros2test:/home/aralab/ros2_foxy/install/ros2component:/home/aralab/ros2_foxy/install/ros2param:/home/aralab/ros2_foxy/install/ros2lifecycle:/home/aralab/ros2_foxy/install/ros2service:/home/aralab/ros2_foxy/install/ros2run:/home/aralab/ros2_foxy/install/ros2launch:/home/aralab/ros2_foxy/install/ros2pkg:/home/aralab/ros2_foxy/install/ros2node:/home/aralab/ros2_foxy/install/ros2multicast:/home/aralab/ros2_foxy/install/ros2interface:/home/aralab/ros2_foxy/install/ros2doctor:/home/aralab/ros2_foxy/install/ros2action:/home/aralab/ros2_foxy/install/ros2cli:/home/aralab/ros2_foxy/install/quality_of_service_demo_py:/home/aralab/ros2_foxy/install/launch_testing_ros:/home/aralab/ros2_foxy/install/launch_ros:/home/aralab/ros2_foxy/install/examples_rclpy_minimal_subscriber:/home/aralab/ros2_foxy/install/examples_rclpy_minimal_service:/home/aralab/ros2_foxy/install/examples_rclpy_minimal_publisher:/home/aralab/ros2_foxy/install/examples_rclpy_minimal_client:/home/aralab/ros2_foxy/install/examples_rclpy_minimal_action_server:/home/aralab/ros2_foxy/install/examples_rclpy_minimal_action_client:/home/aralab/ros2_foxy/install/examples_rclpy_executors:/home/aralab/ros2_foxy/install/demo_nodes_py:/home/aralab/ros2_foxy/install/action_tutorials_py:/home/aralab/ros2_foxy/install/ament_uncrustify:/home/aralab/ros2_foxy/install/tracetools_trace:/home/aralab/ros2_foxy/install/tracetools_read:/home/aralab/ros2_foxy/install/test_launch_ros:/home/aralab/ros2_foxy/install/sensor_msgs_py:/home/aralab/ros2_foxy/install/rpyutils:/home/aralab/ros2_foxy/install/rosidl_runtime_py:/home/aralab/ros2_foxy/install/launch_yaml:/home/aralab/ros2_foxy/install/launch_xml:/home/aralab/ros2_foxy/install/launch_testing:/home/aralab/ros2_foxy/install/launch:/home/aralab/ros2_foxy/install/osrf_pycommon:/home/aralab/ros2_foxy/install/domain_coordinator:/home/aralab/ros2_foxy/install/ament_xmllint:/home/aralab/ros2_foxy/install/ament_pyflakes:/home/aralab/ros2_foxy/install/ament_pycodestyle:/home/aralab/ros2_foxy/install/ament_pep257:/home/aralab/ros2_foxy/install/ament_pclint:/home/aralab/ros2_foxy/install/ament_package:/home/aralab/ros2_foxy/install/ament_mypy:/home/aralab/ros2_foxy/install/ament_lint_cmake:/home/aralab/ros2_foxy/install/ament_flake8:/home/aralab/ros2_foxy/install/ament_copyright:/home/aralab/ros2_foxy/install/ament_lint:/home/aralab/ros2_foxy/install/ament_index_python:/home/aralab/ros2_foxy/install/ament_cpplint:/home/aralab/ros2_foxy/install/ament_cppcheck:/home/aralab/ros2_foxy/install/ament_clang_tidy:/home/aralab/ros2_foxy/install/ament_clang_format /usr/bin/cmake --build /home/aralab/ASBIR-ROS2/build/asbir_navigation -- -j12 -l12
[0.128s] [35m[1mScanning dependencies of target transform_point[0m
[0.160s] [ 50%] Built target listener
[0.184s] [ 75%] [32mBuilding CXX object CMakeFiles/transform_point.dir/src/transform_point.cpp.o[0m
[1.472s] In file included from [01m[K/home/aralab/ros2_foxy/install/rclcpp/include/rclcpp/context.hpp:19[m[K,
[1.472s]                  from [01m[K/home/aralab/ros2_foxy/install/rclcpp/include/rclcpp/contexts/default_context.hpp:18[m[K,
[1.472s]                  from [01m[K/home/aralab/ros2_foxy/install/rclcpp/include/rclcpp/executor.hpp:32[m[K,
[1.472s]                  from [01m[K/home/aralab/ros2_foxy/install/rclcpp/include/rclcpp/executors/multi_threaded_executor.hpp:26[m[K,
[1.472s]                  from [01m[K/home/aralab/ros2_foxy/install/rclcpp/include/rclcpp/executors.hpp:21[m[K,
[1.473s]                  from [01m[K/home/aralab/ros2_foxy/install/rclcpp/include/rclcpp/rclcpp.hpp:146[m[K,
[1.473s]                  from [01m[K/home/aralab/ASBIR-ROS2/src/asbir_navigation/src/transform_point.cpp:1[m[K:
[1.473s] /usr/include/c++/9/functional: In instantiation of ‘[01m[Kstruct std::_Bind_check_arity<void (TransformPoint::*)(std::shared_ptr<std_msgs::msg::String_<std::allocator<void> > >) const>[m[K’:
[1.473s] [01m[K/usr/include/c++/9/functional:787:12:[m[K   required from ‘[01m[Kstruct std::_Bind_helper<false, void (TransformPoint::*)(std::shared_ptr<std_msgs::msg::String_<std::allocator<void> > >) const>[m[K’
[1.473s] [01m[K/usr/include/c++/9/functional:808:5:[m[K   required by substitution of ‘[01m[Ktemplate<class _Func, class ... _BoundArgs> typename std::_Bind_helper<std::__is_socketlike<_Func>::value, _Func, _BoundArgs ...>::type std::bind(_Func&&, _BoundArgs&& ...) [with _Func = void (TransformPoint::*)(std::shared_ptr<std_msgs::msg::String_<std::allocator<void> > >) const; _BoundArgs = {}][m[K’
[1.473s] [01m[K/home/aralab/ASBIR-ROS2/src/asbir_navigation/src/transform_point.cpp:17:152:[m[K   required from here
[1.473s] [01m[K/usr/include/c++/9/functional:775:7:[m[K [01;31m[Kerror: [m[Kstatic assertion failed: Wrong number of arguments for pointer-to-member
[1.473s]   774 |       static_assert(_Varargs::[01;31m[Kvalue[m[K
[1.473s]       |                               [01;31m[K~~~~~[m[K
[1.473s]   775 | [01;31m[K      ? sizeof...(_BoundArgs) >= _Arity::value + 1[m[K
[1.473s]       |       [01;31m[K^~~~~~~~~~~~~~~~~~~~~~~~~~~~~~~~~~~~~~~~~~~~[m[K
[1.473s]   776 | [01;31m[K      : sizeof...(_BoundArgs) == _Arity::value + 1[m[K,
[1.473s]       |       [01;31m[K~~~~~~~~~~~~~~~~~~~~~~~~~~~~~~~~~~~~~~~~~~~~[m[K
[1.473s] /usr/include/c++/9/functional: In substitution of ‘[01m[Ktemplate<class _Functor, class ... _Bound_args> template<class _Fn, class _CallArgs, class ... _BArgs> using _Res_type_impl = typename std::result_of<_Fn&(std::_Bind<_Functor(_Bound_args ...)>::_Mu_type<_BArgs, _CallArgs>&& ...)>::type [with _Fn = void (TransformPoint::*)(std::shared_ptr<std_msgs::msg::String_<std::allocator<void> > >) const; _CallArgs = _CallArgs; _BArgs = {}; _Functor = void (TransformPoint::*)(std::shared_ptr<std_msgs::msg::String_<std::allocator<void> > >) const; _Bound_args = {}][m[K’:
[1.473s] [01m[K/usr/include/c++/9/functional:447:8:[m[K   required from ‘[01m[Kstruct std::_Bind<void (TransformPoint::*())(std::shared_ptr<std_msgs::msg::String_<std::allocator<void> > >) const>[m[K’
[1.473s] [01m[K/home/aralab/ASBIR-ROS2/src/asbir_navigation/src/transform_point.cpp:17:152:[m[K   required from here
[1.473s] [01m[K/usr/include/c++/9/functional:443:8:[m[K [01;31m[Kerror: [m[Kno type named ‘[01m[Ktype[m[K’ in ‘[01m[Kclass std::result_of<void (TransformPoint::*&())(std::shared_ptr<std_msgs::msg::String_<std::allocator<void> > >) const>[m[K’
[1.474s]   443 |  using [01;31m[K_Res_type_impl[m[K
[1.474s]       |        [01;31m[K^~~~~~~~~~~~~~[m[K
[1.474s] /usr/include/c++/9/functional: In substitution of ‘[01m[Ktemplate<class _Functor, class ... _Bound_args> template<class _Fn, class _CallArgs, class ... _BArgs> using _Res_type_impl = typename std::result_of<_Fn&(std::_Bind<_Functor(_Bound_args ...)>::_Mu_type<_BArgs, _CallArgs>&& ...)>::type [with _Fn = void (TransformPoint::*)(std::shared_ptr<std_msgs::msg::String_<std::allocator<void> > >) const; _CallArgs = std::tuple<_Tps ...>; _BArgs = {}; _Functor = void (TransformPoint::*)(std::shared_ptr<std_msgs::msg::String_<std::allocator<void> > >) const; _Bound_args = {}][m[K’:
[1.474s] [01m[K/usr/include/c++/9/functional:447:8:[m[K   required by substitution of ‘[01m[Ktemplate<class _Functor, class ... _Bound_args> template<class _CallArgs> using _Res_type = std::_Bind<_Functor(_Bound_args ...)>::_Res_type_impl<_Functor, _CallArgs, _Bound_args ...> [with _CallArgs = std::tuple<_Tps ...>; _Functor = void (TransformPoint::*)(std::shared_ptr<std_msgs::msg::String_<std::allocator<void> > >) const; _Bound_args = {}][m[K’
[1.474s] [01m[K/usr/include/c++/9/functional:480:2:[m[K   required from ‘[01m[Kstruct std::_Bind<void (TransformPoint::*())(std::shared_ptr<std_msgs::msg::String_<std::allocator<void> > >) const>[m[K’
[1.474s] [01m[K/home/aralab/ASBIR-ROS2/src/asbir_navigation/src/transform_point.cpp:17:152:[m[K   required from here
[1.474s] [01m[K/usr/include/c++/9/functional:443:8:[m[K [01;31m[Kerror: [m[Kno type named ‘[01m[Ktype[m[K’ in ‘[01m[Kclass std::result_of<void (TransformPoint::*&())(std::shared_ptr<std_msgs::msg::String_<std::allocator<void> > >) const>[m[K’
[1.480s] [01m[K/home/aralab/ASBIR-ROS2/src/asbir_navigation/src/transform_point.cpp:[m[K In constructor ‘[01m[KTransformPoint::TransformPoint()[m[K’:
[1.480s] [01m[K/home/aralab/ASBIR-ROS2/src/asbir_navigation/src/transform_point.cpp:18:105:[m[K [01;31m[Kerror: [m[Kno match for ‘[01m[Koperator=[m[K’ (operand types are ‘[01m[Krclcpp::Publisher<std_msgs::msg::String_<std::allocator<void> > >::SharedPtr[m[K’ {aka ‘[01m[Kstd::shared_ptr<rclcpp::Publisher<std_msgs::msg::String_<std::allocator<void> > > >[m[K’} and ‘[01m[Kstd::shared_ptr<rclcpp::Publisher<geometry_msgs::msg::PointStamped_<std::allocator<void> >, std::allocator<void> > >[m[K’)
[1.480s]    18 |             point_pub = this->create_publisher<geometry_msgs::msg::PointStamped>("transformed_point", 10[01;31m[K)[m[K;
[1.481s]       |                                                                                                         [01;31m[K^[m[K
[1.481s] In file included from [01m[K/usr/include/c++/9/memory:81[m[K,
[1.481s]                  from [01m[K/home/aralab/ros2_foxy/install/rclcpp/include/rclcpp/rclcpp.hpp:144[m[K,
[1.481s]                  from [01m[K/home/aralab/ASBIR-ROS2/src/asbir_navigation/src/transform_point.cpp:1[m[K:
[1.481s] [01m[K/usr/include/c++/9/bits/shared_ptr.h:309:19:[m[K [01;36m[Knote: [m[Kcandidate: ‘[01m[Kstd::shared_ptr<_Tp>& std::shared_ptr<_Tp>::operator=(const std::shared_ptr<_Tp>&) [with _Tp = rclcpp::Publisher<std_msgs::msg::String_<std::allocator<void> > >][m[K’
[1.481s]   309 |       shared_ptr& [01;36m[Koperator[m[K=(const shared_ptr&) noexcept = default;
[1.481s]       |                   [01;36m[K^~~~~~~~[m[K
[1.481s] [01m[K/usr/include/c++/9/bits/shared_ptr.h:309:29:[m[K [01;36m[Knote: [m[K  no known conversion for argument 1 from ‘[01m[Kstd::shared_ptr<rclcpp::Publisher<geometry_msgs::msg::PointStamped_<std::allocator<void> >, std::allocator<void> > >[m[K’ to ‘[01m[Kconst std::shared_ptr<rclcpp::Publisher<std_msgs::msg::String_<std::allocator<void> > > >&[m[K’
[1.482s]   309 |       shared_ptr& operator=([01;36m[Kconst shared_ptr&[m[K) noexcept = default;
[1.482s]       |                             [01;36m[K^~~~~~~~~~~~~~~~~[m[K
[1.482s] [01m[K/usr/include/c++/9/bits/shared_ptr.h:313:2:[m[K [01;36m[Knote: [m[Kcandidate: ‘[01m[Ktemplate<class _Yp> std::shared_ptr<_Tp>::_Assignable<const std::shared_ptr<_Yp>&> std::shared_ptr<_Tp>::operator=(const std::shared_ptr<_Yp>&) [with _Yp = _Yp; _Tp = rclcpp::Publisher<std_msgs::msg::String_<std::allocator<void> > >][m[K’
[1.482s]   313 |  [01;36m[Koperator[m[K=(const shared_ptr<_Yp>& __r) noexcept
[1.482s]       |  [01;36m[K^~~~~~~~[m[K
[1.482s] [01m[K/usr/include/c++/9/bits/shared_ptr.h:313:2:[m[K [01;36m[Knote: [m[K  template argument deduction/substitution failed:
[1.482s] /usr/include/c++/9/bits/shared_ptr.h: In substitution of ‘[01m[Ktemplate<class _Tp> template<class _Arg> using _Assignable = typename std::enable_if<std::is_assignable<std::__shared_ptr<_Tp>&, _Arg>::value, std::shared_ptr<_Tp>&>::type [with _Arg = const std::shared_ptr<rclcpp::Publisher<geometry_msgs::msg::PointStamped_<std::allocator<void> >, std::allocator<void> > >&; _Tp = rclcpp::Publisher<std_msgs::msg::String_<std::allocator<void> > >][m[K’:
[1.482s] [01m[K/usr/include/c++/9/bits/shared_ptr.h:313:2:[m[K   required by substitution of ‘[01m[Ktemplate<class _Yp> std::shared_ptr<rclcpp::Publisher<std_msgs::msg::String_<std::allocator<void> > > >::_Assignable<const std::shared_ptr<_Tp>&> std::shared_ptr<rclcpp::Publisher<std_msgs::msg::String_<std::allocator<void> > > >::operator=<_Yp>(const std::shared_ptr<_Tp>&) [with _Yp = rclcpp::Publisher<geometry_msgs::msg::PointStamped_<std::allocator<void> >, std::allocator<void> >][m[K’
[1.482s] [01m[K/home/aralab/ASBIR-ROS2/src/asbir_navigation/src/transform_point.cpp:18:105:[m[K   required from here
[1.483s] [01m[K/usr/include/c++/9/bits/shared_ptr.h:111:8:[m[K [01;31m[Kerror: [m[Kno type named ‘[01m[Ktype[m[K’ in ‘[01m[Kstruct std::enable_if<false, std::shared_ptr<rclcpp::Publisher<std_msgs::msg::String_<std::allocator<void> > > >&>[m[K’
[1.483s]   111 |  using [01;31m[K_Assignable[m[K = typename enable_if<
[1.483s]       |        [01;31m[K^~~~~~~~~~~[m[K
[1.483s] [01m[K/usr/include/c++/9/bits/shared_ptr.h:324:2:[m[K [01;36m[Knote: [m[Kcandidate: ‘[01m[Ktemplate<class _Yp> std::shared_ptr<_Tp>::_Assignable<std::auto_ptr<_Up> > std::shared_ptr<_Tp>::operator=(std::auto_ptr<_Up>&&) [with _Yp = _Yp; _Tp = rclcpp::Publisher<std_msgs::msg::String_<std::allocator<void> > >][m[K’
[1.483s]   324 |  [01;36m[Koperator[m[K=(auto_ptr<_Yp>&& __r)
[1.483s]       |  [01;36m[K^~~~~~~~[m[K
[1.483s] [01m[K/usr/include/c++/9/bits/shared_ptr.h:324:2:[m[K [01;36m[Knote: [m[K  template argument deduction/substitution failed:
[1.483s] [01m[K/home/aralab/ASBIR-ROS2/src/asbir_navigation/src/transform_point.cpp:18:105:[m[K [01;36m[Knote: [m[K  ‘[01m[Kstd::shared_ptr<rclcpp::Publisher<geometry_msgs::msg::PointStamped_<std::allocator<void> >, std::allocator<void> > >[m[K’ is not derived from ‘[01m[Kstd::auto_ptr<_Up>[m[K’
[1.483s]    18 |             point_pub = this->create_publisher<geometry_msgs::msg::PointStamped>("transformed_point", 10[01;36m[K)[m[K;
[1.484s]       |                                                                                                         [01;36m[K^[m[K
[1.484s] In file included from [01m[K/usr/include/c++/9/memory:81[m[K,
[1.484s]                  from [01m[K/home/aralab/ros2_foxy/install/rclcpp/include/rclcpp/rclcpp.hpp:144[m[K,
[1.484s]                  from [01m[K/home/aralab/ASBIR-ROS2/src/asbir_navigation/src/transform_point.cpp:1[m[K:
[1.484s] [01m[K/usr/include/c++/9/bits/shared_ptr.h:333:7:[m[K [01;36m[Knote: [m[Kcandidate: ‘[01m[Kstd::shared_ptr<_Tp>& std::shared_ptr<_Tp>::operator=(std::shared_ptr<_Tp>&&) [with _Tp = rclcpp::Publisher<std_msgs::msg::String_<std::allocator<void> > >][m[K’
[1.484s]   333 |       [01;36m[Koperator[m[K=(shared_ptr&& __r) noexcept
[1.484s]       |       [01;36m[K^~~~~~~~[m[K
[1.484s] [01m[K/usr/include/c++/9/bits/shared_ptr.h:333:30:[m[K [01;36m[Knote: [m[K  no known conversion for argument 1 from ‘[01m[Kstd::shared_ptr<rclcpp::Publisher<geometry_msgs::msg::PointStamped_<std::allocator<void> >, std::allocator<void> > >[m[K’ to ‘[01m[Kstd::shared_ptr<rclcpp::Publisher<std_msgs::msg::String_<std::allocator<void> > > >&&[m[K’
[1.484s]   333 |       operator=([01;36m[Kshared_ptr&& __r[m[K) noexcept
[1.485s]       |                 [01;36m[K~~~~~~~~~~~~~^~~[m[K
[1.485s] [01m[K/usr/include/c++/9/bits/shared_ptr.h:341:2:[m[K [01;36m[Knote: [m[Kcandidate: ‘[01m[Ktemplate<class _Yp> std::shared_ptr<_Tp>::_Assignable<std::shared_ptr<_Yp> > std::shared_ptr<_Tp>::operator=(std::shared_ptr<_Yp>&&) [with _Yp = _Yp; _Tp = rclcpp::Publisher<std_msgs::msg::String_<std::allocator<void> > >][m[K’
[1.485s]   341 |  [01;36m[Koperator[m[K=(shared_ptr<_Yp>&& __r) noexcept
[1.485s]       |  [01;36m[K^~~~~~~~[m[K
[1.485s] [01m[K/usr/include/c++/9/bits/shared_ptr.h:341:2:[m[K [01;36m[Knote: [m[K  template argument deduction/substitution failed:
[1.485s] /usr/include/c++/9/bits/shared_ptr.h: In substitution of ‘[01m[Ktemplate<class _Tp> template<class _Arg> using _Assignable = typename std::enable_if<std::is_assignable<std::__shared_ptr<_Tp>&, _Arg>::value, std::shared_ptr<_Tp>&>::type [with _Arg = std::shared_ptr<rclcpp::Publisher<geometry_msgs::msg::PointStamped_<std::allocator<void> >, std::allocator<void> > >; _Tp = rclcpp::Publisher<std_msgs::msg::String_<std::allocator<void> > >][m[K’:
[1.485s] [01m[K/usr/include/c++/9/bits/shared_ptr.h:341:2:[m[K   required by substitution of ‘[01m[Ktemplate<class _Yp> std::shared_ptr<rclcpp::Publisher<std_msgs::msg::String_<std::allocator<void> > > >::_Assignable<std::shared_ptr<_Tp> > std::shared_ptr<rclcpp::Publisher<std_msgs::msg::String_<std::allocator<void> > > >::operator=<_Yp>(std::shared_ptr<_Tp>&&) [with _Yp = rclcpp::Publisher<geometry_msgs::msg::PointStamped_<std::allocator<void> >, std::allocator<void> >][m[K’
[1.485s] [01m[K/home/aralab/ASBIR-ROS2/src/asbir_navigation/src/transform_point.cpp:18:105:[m[K   required from here
[1.486s] [01m[K/usr/include/c++/9/bits/shared_ptr.h:111:8:[m[K [01;31m[Kerror: [m[Kno type named ‘[01m[Ktype[m[K’ in ‘[01m[Kstruct std::enable_if<false, std::shared_ptr<rclcpp::Publisher<std_msgs::msg::String_<std::allocator<void> > > >&>[m[K’
[1.486s]   111 |  using [01;31m[K_Assignable[m[K = typename enable_if<
[1.486s]       |        [01;31m[K^~~~~~~~~~~[m[K
[1.486s] [01m[K/usr/include/c++/9/bits/shared_ptr.h:349:2:[m[K [01;36m[Knote: [m[Kcandidate: ‘[01m[Ktemplate<class _Yp, class _Del> std::shared_ptr<_Tp>::_Assignable<std::unique_ptr<_Up, _Ep> > std::shared_ptr<_Tp>::operator=(std::unique_ptr<_Up, _Ep>&&) [with _Yp = _Yp; _Del = _Del; _Tp = rclcpp::Publisher<std_msgs::msg::String_<std::allocator<void> > >][m[K’
[1.486s]   349 |  [01;36m[Koperator[m[K=(unique_ptr<_Yp, _Del>&& __r)
[1.486s]       |  [01;36m[K^~~~~~~~[m[K
[1.486s] [01m[K/usr/include/c++/9/bits/shared_ptr.h:349:2:[m[K [01;36m[Knote: [m[K  template argument deduction/substitution failed:
[1.486s] [01m[K/home/aralab/ASBIR-ROS2/src/asbir_navigation/src/transform_point.cpp:18:105:[m[K [01;36m[Knote: [m[K  ‘[01m[Kstd::shared_ptr<rclcpp::Publisher<geometry_msgs::msg::PointStamped_<std::allocator<void> >, std::allocator<void> > >[m[K’ is not derived from ‘[01m[Kstd::unique_ptr<_Tp, _Dp>[m[K’
[1.487s]    18 |             point_pub = this->create_publisher<geometry_msgs::msg::PointStamped>("transformed_point", 10[01;36m[K)[m[K;
[1.487s]       |                                                                                                         [01;36m[K^[m[K
[1.487s] [01m[K/home/aralab/ASBIR-ROS2/src/asbir_navigation/src/transform_point.cpp:19:13:[m[K [01;31m[Kerror: [m[K‘[01m[Ktf_buffer_[m[K’ was not declared in this scope
[1.487s]    19 |             [01;31m[Ktf_buffer_[m[K = std::make_unique<tf2_ros::Buffer>(this->get_clock());
[1.487s]       |             [01;31m[K^~~~~~~~~~[m[K
[1.492s] [01m[K/home/aralab/ASBIR-ROS2/src/asbir_navigation/src/transform_point.cpp:20:13:[m[K [01;31m[Kerror: [m[K‘[01m[Ktf_listener_[m[K’ was not declared in this scope
[1.492s]    20 |             [01;31m[Ktf_listener_[m[K = std::make_shared<tf2_ros::TransformListener>(*tf_buffer_);
[1.492s]       |             [01;31m[K^~~~~~~~~~~~[m[K
[1.495s] [01m[K/home/aralab/ASBIR-ROS2/src/asbir_navigation/src/transform_point.cpp:[m[K In member function ‘[01m[Kvoid TransformPoint::topic_callback(std_msgs::msg::String_<std::allocator<void> >::SharedPtr) const[m[K’:
[1.495s] [01m[K/home/aralab/ASBIR-ROS2/src/asbir_navigation/src/transform_point.cpp:27:75:[m[K [01;31m[Kerror: [m[K‘[01m[Ktransform[m[K’ is not a member of ‘[01m[Ktf2_ros[m[K’; did you mean ‘[01m[Kstd::transform[m[K’?
[1.496s]    27 |             geometry_msgs::msg::PointStamped transformed_point = tf2_ros::[01;31m[Ktransform[m[K(msg, base_frame);
[1.496s]       |                                                                           [01;31m[K^~~~~~~~~[m[K
[1.496s] In file included from [01m[K/usr/include/c++/9/algorithm:62[m[K,
[1.496s]                  from [01m[K/home/aralab/ros2_foxy/install/rclcpp/include/rclcpp/executor.hpp:18[m[K,
[1.496s]                  from [01m[K/home/aralab/ros2_foxy/install/rclcpp/include/rclcpp/executors/multi_threaded_executor.hpp:26[m[K,
[1.496s]                  from [01m[K/home/aralab/ros2_foxy/install/rclcpp/include/rclcpp/executors.hpp:21[m[K,
[1.496s]                  from [01m[K/home/aralab/ros2_foxy/install/rclcpp/include/rclcpp/rclcpp.hpp:146[m[K,
[1.497s]                  from [01m[K/home/aralab/ASBIR-ROS2/src/asbir_navigation/src/transform_point.cpp:1[m[K:
[1.497s] [01m[K/usr/include/c++/9/bits/stl_algo.h:4369:5:[m[K [01;36m[Knote: [m[K‘[01m[Kstd::transform[m[K’ declared here
[1.497s]  4369 |     [01;36m[Ktransform[m[K(_InputIterator1 __first1, _InputIterator1 __last1,
[1.497s]       |     [01;36m[K^~~~~~~~~[m[K
[1.498s] [01m[K/home/aralab/ASBIR-ROS2/src/asbir_navigation/src/transform_point.cpp:[m[K In function ‘[01m[Kint main(int, char**)[m[K’:
[1.498s] [01m[K/home/aralab/ASBIR-ROS2/src/asbir_navigation/src/transform_point.cpp:39:33:[m[K [01;31m[Kerror: [m[K‘[01m[KModelTest[m[K’ was not declared in this scope
[1.498s]    39 |   rclcpp::spin(std::make_shared<[01;31m[KModelTest[m[K>());
[1.498s]       |                                 [01;31m[K^~~~~~~~~[m[K
[1.498s] [01m[K/home/aralab/ASBIR-ROS2/src/asbir_navigation/src/transform_point.cpp:39:44:[m[K [01;31m[Kerror: [m[Kno matching function for call to ‘[01m[Kmake_shared<<expression error> >()[m[K’
[1.499s]    39 |   rclcpp::spin(std::make_shared<ModelTest>([01;31m[K)[m[K);
[1.499s]       |                                            [01;31m[K^[m[K
[1.499s] In file included from [01m[K/usr/include/c++/9/memory:81[m[K,
[1.499s]                  from [01m[K/home/aralab/ros2_foxy/install/rclcpp/include/rclcpp/rclcpp.hpp:144[m[K,
[1.499s]                  from [01m[K/home/aralab/ASBIR-ROS2/src/asbir_navigation/src/transform_point.cpp:1[m[K:
[1.499s] [01m[K/usr/include/c++/9/bits/shared_ptr.h:714:5:[m[K [01;36m[Knote: [m[Kcandidate: ‘[01m[Ktemplate<class _Tp, class ... _Args> std::shared_ptr<_Tp> std::make_shared(_Args&& ...)[m[K’
[1.499s]   714 |     [01;36m[Kmake_shared[m[K(_Args&&... __args)
[1.499s]       |     [01;36m[K^~~~~~~~~~~[m[K
[1.500s] [01m[K/usr/include/c++/9/bits/shared_ptr.h:714:5:[m[K [01;36m[Knote: [m[K  template argument deduction/substitution failed:
[1.500s] [01m[K/home/aralab/ASBIR-ROS2/src/asbir_navigation/src/transform_point.cpp:39:44:[m[K [01;31m[Kerror: [m[Ktemplate argument 1 is invalid
[1.500s]    39 |   rclcpp::spin(std::make_shared<ModelTest>([01;31m[K)[m[K);
[1.500s]       |                                            [01;31m[K^[m[K
[1.772s] In file included from [01m[K/home/aralab/ros2_foxy/install/rclcpp/include/rclcpp/subscription_base.hpp:29[m[K,
[1.772s]                  from [01m[K/home/aralab/ros2_foxy/install/rclcpp/include/rclcpp/callback_group.hpp:26[m[K,
[1.773s]                  from [01m[K/home/aralab/ros2_foxy/install/rclcpp/include/rclcpp/any_executable.hpp:20[m[K,
[1.773s]                  from [01m[K/home/aralab/ros2_foxy/install/rclcpp/include/rclcpp/memory_strategy.hpp:24[m[K,
[1.773s]                  from [01m[K/home/aralab/ros2_foxy/install/rclcpp/include/rclcpp/memory_strategies.hpp:18[m[K,
[1.773s]                  from [01m[K/home/aralab/ros2_foxy/install/rclcpp/include/rclcpp/executor_options.hpp:20[m[K,
[1.773s]                  from [01m[K/home/aralab/ros2_foxy/install/rclcpp/include/rclcpp/executor.hpp:33[m[K,
[1.773s]                  from [01m[K/home/aralab/ros2_foxy/install/rclcpp/include/rclcpp/executors/multi_threaded_executor.hpp:26[m[K,
[1.773s]                  from [01m[K/home/aralab/ros2_foxy/install/rclcpp/include/rclcpp/executors.hpp:21[m[K,
[1.773s]                  from [01m[K/home/aralab/ros2_foxy/install/rclcpp/include/rclcpp/rclcpp.hpp:146[m[K,
[1.773s]                  from [01m[K/home/aralab/ASBIR-ROS2/src/asbir_navigation/src/transform_point.cpp:1[m[K:
[1.774s] /home/aralab/ros2_foxy/install/rclcpp/include/rclcpp/any_subscription_callback.hpp: In instantiation of ‘[01m[Kvoid rclcpp::AnySubscriptionCallback<MessageT, Alloc>::set(CallbackT) [with CallbackT = std::_Bind<void (TransformPoint::*())(std::shared_ptr<std_msgs::msg::String_<std::allocator<void> > >) const>; typename std::enable_if<rclcpp::function_traits::same_arguments<CallbackT, std::function<void(std::shared_ptr<_Tp>)> >::value>::type* <anonymous> = 0; MessageT = std_msgs::msg::String_<std::allocator<void> >; Alloc = std::allocator<void>][m[K’:
[1.774s] [01m[K/home/aralab/ros2_foxy/install/rclcpp/include/rclcpp/subscription_factory.hpp:97:3:[m[K   required from ‘[01m[Krclcpp::SubscriptionFactory rclcpp::create_subscription_factory(CallbackT&&, const rclcpp::SubscriptionOptionsWithAllocator<AllocatorT>&, typename MessageMemoryStrategyT::SharedPtr, std::shared_ptr<rclcpp::topic_statistics::SubscriptionTopicStatistics<CallbackMessageT> >) [with MessageT = geometry_msgs::msg::PointStamped_<std::allocator<void> >; CallbackT = std::_Bind<void (TransformPoint::*())(std::shared_ptr<std_msgs::msg::String_<std::allocator<void> > >) const>; AllocatorT = std::allocator<void>; CallbackMessageT = std_msgs::msg::String_<std::allocator<void> >; SubscriptionT = rclcpp::Subscription<std_msgs::msg::String_<std::allocator<void> > >; MessageMemoryStrategyT = rclcpp::message_memory_strategy::MessageMemoryStrategy<std_msgs::msg::String_<std::allocator<void> >, std::allocator<void> >; typename MessageMemoryStrategyT::SharedPtr = std::shared_ptr<rclcpp::message_memory_strategy::MessageMemoryStrategy<std_msgs::msg::String_<std::allocator<void> >, std::allocator<void> > >][m[K’
[1.774s] [01m[K/home/aralab/ros2_foxy/install/rclcpp/include/rclcpp/create_subscription.hpp:144:63:[m[K   required from ‘[01m[Kstd::shared_ptr<SubscriptionT> rclcpp::create_subscription(NodeT&&, const string&, const rclcpp::QoS&, CallbackT&&, const rclcpp::SubscriptionOptionsWithAllocator<AllocatorT>&, typename MessageMemoryStrategyT::SharedPtr) [with MessageT = geometry_msgs::msg::PointStamped_<std::allocator<void> >; CallbackT = std::_Bind<void (TransformPoint::*())(std::shared_ptr<std_msgs::msg::String_<std::allocator<void> > >) const>; AllocatorT = std::allocator<void>; CallbackMessageT = std_msgs::msg::String_<std::allocator<void> >; SubscriptionT = rclcpp::Subscription<std_msgs::msg::String_<std::allocator<void> > >; MessageMemoryStrategyT = rclcpp::message_memory_strategy::MessageMemoryStrategy<std_msgs::msg::String_<std::allocator<void> >, std::allocator<void> >; NodeT = rclcpp::Node&; std::string = std::__cxx11::basic_string<char>; typename MessageMemoryStrategyT::SharedPtr = std::shared_ptr<rclcpp::message_memory_strategy::MessageMemoryStrategy<std_msgs::msg::String_<std::allocator<void> >, std::allocator<void> > >][m[K’
[1.774s] [01m[K/home/aralab/ros2_foxy/install/rclcpp/include/rclcpp/node_impl.hpp:98:47:[m[K   required from ‘[01m[Kstd::shared_ptr<SubscriptionT> rclcpp::Node::create_subscription(const string&, const rclcpp::QoS&, CallbackT&&, const rclcpp::SubscriptionOptionsWithAllocator<AllocatorT>&, typename MessageMemoryStrategyT::SharedPtr) [with MessageT = geometry_msgs::msg::PointStamped_<std::allocator<void> >; CallbackT = std::_Bind<void (TransformPoint::*())(std::shared_ptr<std_msgs::msg::String_<std::allocator<void> > >) const>; AllocatorT = std::allocator<void>; CallbackMessageT = std_msgs::msg::String_<std::allocator<void> >; SubscriptionT = rclcpp::Subscription<std_msgs::msg::String_<std::allocator<void> > >; MessageMemoryStrategyT = rclcpp::message_memory_strategy::MessageMemoryStrategy<std_msgs::msg::String_<std::allocator<void> >, std::allocator<void> >; std::string = std::__cxx11::basic_string<char>; typename MessageMemoryStrategyT::SharedPtr = std::shared_ptr<rclcpp::message_memory_strategy::MessageMemoryStrategy<std_msgs::msg::String_<std::allocator<void> >, std::allocator<void> > >][m[K’
[1.774s] [01m[K/home/aralab/ASBIR-ROS2/src/asbir_navigation/src/transform_point.cpp:17:153:[m[K   required from here
[1.774s] [01m[K/home/aralab/ros2_foxy/install/rclcpp/include/rclcpp/any_subscription_callback.hpp:85:26:[m[K [01;31m[Kerror: [m[Kno match for ‘[01m[Koperator=[m[K’ (operand types are ‘[01m[Krclcpp::AnySubscriptionCallback<std_msgs::msg::String_<std::allocator<void> >, std::allocator<void> >::SharedPtrCallback[m[K’ {aka ‘[01m[Kstd::function<void(std::shared_ptr<std_msgs::msg::String_<std::allocator<void> > >)>[m[K’} and ‘[01m[Kstd::_Bind<void (TransformPoint::*())(std::shared_ptr<std_msgs::msg::String_<std::allocator<void> > >) const>[m[K’)
[1.774s]    85 |     [01;31m[Kshared_ptr_callback_ = callback[m[K;
[1.774s]       |     [01;31m[K~~~~~~~~~~~~~~~~~~~~~^~~~~~~~~~[m[K
[1.774s] In file included from [01m[K/usr/include/c++/9/future:48[m[K,
[1.775s]                  from [01m[K/home/aralab/ros2_foxy/install/rclcpp/include/rclcpp/executors.hpp:18[m[K,
[1.775s]                  from [01m[K/home/aralab/ros2_foxy/install/rclcpp/include/rclcpp/rclcpp.hpp:146[m[K,
[1.775s]                  from [01m[K/home/aralab/ASBIR-ROS2/src/asbir_navigation/src/transform_point.cpp:1[m[K:
[1.775s] [01m[K/usr/include/c++/9/bits/std_function.h:462:7:[m[K [01;36m[Knote: [m[Kcandidate: ‘[01m[Kstd::function<_Res(_ArgTypes ...)>& std::function<_Res(_ArgTypes ...)>::operator=(const std::function<_Res(_ArgTypes ...)>&) [with _Res = void; _ArgTypes = {std::shared_ptr<std_msgs::msg::String_<std::allocator<void> > >}][m[K’
[1.775s]   462 |       [01;36m[Koperator[m[K=(const function& __x)
[1.775s]       |       [01;36m[K^~~~~~~~[m[K
[1.775s] [01m[K/usr/include/c++/9/bits/std_function.h:462:33:[m[K [01;36m[Knote: [m[K  no known conversion for argument 1 from ‘[01m[Kstd::_Bind<void (TransformPoint::*())(std::shared_ptr<std_msgs::msg::String_<std::allocator<void> > >) const>[m[K’ to ‘[01m[Kconst std::function<void(std::shared_ptr<std_msgs::msg::String_<std::allocator<void> > >)>&[m[K’
[1.775s]   462 |       operator=([01;36m[Kconst function& __x[m[K)
[1.776s]       |                 [01;36m[K~~~~~~~~~~~~~~~~^~~[m[K
[1.776s] [01m[K/usr/include/c++/9/bits/std_function.h:480:7:[m[K [01;36m[Knote: [m[Kcandidate: ‘[01m[Kstd::function<_Res(_ArgTypes ...)>& std::function<_Res(_ArgTypes ...)>::operator=(std::function<_Res(_ArgTypes ...)>&&) [with _Res = void; _ArgTypes = {std::shared_ptr<std_msgs::msg::String_<std::allocator<void> > >}][m[K’
[1.776s]   480 |       [01;36m[Koperator[m[K=(function&& __x) noexcept
[1.776s]       |       [01;36m[K^~~~~~~~[m[K
[1.776s] [01m[K/usr/include/c++/9/bits/std_function.h:480:28:[m[K [01;36m[Knote: [m[K  no known conversion for argument 1 from ‘[01m[Kstd::_Bind<void (TransformPoint::*())(std::shared_ptr<std_msgs::msg::String_<std::allocator<void> > >) const>[m[K’ to ‘[01m[Kstd::function<void(std::shared_ptr<std_msgs::msg::String_<std::allocator<void> > >)>&&[m[K’
[1.776s]   480 |       operator=([01;36m[Kfunction&& __x[m[K) noexcept
[1.776s]       |                 [01;36m[K~~~~~~~~~~~^~~[m[K
[1.776s] [01m[K/usr/include/c++/9/bits/std_function.h:494:7:[m[K [01;36m[Knote: [m[Kcandidate: ‘[01m[Kstd::function<_Res(_ArgTypes ...)>& std::function<_Res(_ArgTypes ...)>::operator=(std::nullptr_t) [with _Res = void; _ArgTypes = {std::shared_ptr<std_msgs::msg::String_<std::allocator<void> > >}; std::nullptr_t = std::nullptr_t][m[K’
[1.776s]   494 |       [01;36m[Koperator[m[K=(nullptr_t) noexcept
[1.777s]       |       [01;36m[K^~~~~~~~[m[K
[1.777s] [01m[K/usr/include/c++/9/bits/std_function.h:494:17:[m[K [01;36m[Knote: [m[K  no known conversion for argument 1 from ‘[01m[Kstd::_Bind<void (TransformPoint::*())(std::shared_ptr<std_msgs::msg::String_<std::allocator<void> > >) const>[m[K’ to ‘[01m[Kstd::nullptr_t[m[K’
[1.777s]   494 |       operator=([01;36m[Knullptr_t[m[K) noexcept
[1.777s]       |                 [01;36m[K^~~~~~~~~[m[K
[1.777s] [01m[K/usr/include/c++/9/bits/std_function.h:523:2:[m[K [01;36m[Knote: [m[Kcandidate: ‘[01m[Ktemplate<class _Functor> std::function<_Res(_ArgTypes ...)>::_Requires<std::function<_Res(_ArgTypes ...)>::_Callable<typename std::decay<_Functor>::type>, std::function<_Res(_ArgTypes ...)>&> std::function<_Res(_ArgTypes ...)>::operator=(_Functor&&) [with _Functor = _Functor; _Res = void; _ArgTypes = {std::shared_ptr<std_msgs::msg::String_<std::allocator<void> > >}][m[K’
[1.777s]   523 |  [01;36m[Koperator[m[K=(_Functor&& __f)
[1.777s]       |  [01;36m[K^~~~~~~~[m[K
[1.777s] [01m[K/usr/include/c++/9/bits/std_function.h:523:2:[m[K [01;36m[Knote: [m[K  template argument deduction/substitution failed:
[1.777s] /usr/include/c++/9/bits/std_function.h: In substitution of ‘[01m[Ktemplate<class _Res, class ... _ArgTypes> template<class _Cond, class _Tp> using _Requires = typename std::enable_if<_Cond::value, _Tp>::type [with _Cond = std::function<void(std::shared_ptr<std_msgs::msg::String_<std::allocator<void> > >)>::_Callable<std::_Bind<void (TransformPoint::*())(std::shared_ptr<std_msgs::msg::String_<std::allocator<void> > >) const>, std::__invoke_result<std::_Bind<void (TransformPoint::*())(std::shared_ptr<std_msgs::msg::String_<std::allocator<void> > >) const>&, std::shared_ptr<std_msgs::msg::String_<std::allocator<void> > > > >; _Tp = std::function<void(std::shared_ptr<std_msgs::msg::String_<std::allocator<void> > >)>&; _Res = void; _ArgTypes = {std::shared_ptr<std_msgs::msg::String_<std::allocator<void> > >}][m[K’:
[1.778s] [01m[K/usr/include/c++/9/bits/std_function.h:523:2:[m[K   required by substitution of ‘[01m[Ktemplate<class _Functor> std::function<void(std::shared_ptr<std_msgs::msg::String_<std::allocator<void> > >)>::_Requires<std::function<void(std::shared_ptr<std_msgs::msg::String_<std::allocator<void> > >)>::_Callable<typename std::decay<_Tp>::type, std::__invoke_result<typename std::decay<_Tp>::type&, std::shared_ptr<std_msgs::msg::String_<std::allocator<void> > > > >, std::function<void(std::shared_ptr<std_msgs::msg::String_<std::allocator<void> > >)>&> std::function<void(std::shared_ptr<std_msgs::msg::String_<std::allocator<void> > >)>::operator=<_Functor>(_Functor&&) [with _Functor = std::_Bind<void (TransformPoint::*())(std::shared_ptr<std_msgs::msg::String_<std::allocator<void> > >) const>&][m[K’
[1.778s] [01m[K/home/aralab/ros2_foxy/install/rclcpp/include/rclcpp/any_subscription_callback.hpp:85:26:[m[K   required from ‘[01m[Kvoid rclcpp::AnySubscriptionCallback<MessageT, Alloc>::set(CallbackT) [with CallbackT = std::_Bind<void (TransformPoint::*())(std::shared_ptr<std_msgs::msg::String_<std::allocator<void> > >) const>; typename std::enable_if<rclcpp::function_traits::same_arguments<CallbackT, std::function<void(std::shared_ptr<_Tp>)> >::value>::type* <anonymous> = 0; MessageT = std_msgs::msg::String_<std::allocator<void> >; Alloc = std::allocator<void>][m[K’
[1.778s] [01m[K/home/aralab/ros2_foxy/install/rclcpp/include/rclcpp/subscription_factory.hpp:97:3:[m[K   required from ‘[01m[Krclcpp::SubscriptionFactory rclcpp::create_subscription_factory(CallbackT&&, const rclcpp::SubscriptionOptionsWithAllocator<AllocatorT>&, typename MessageMemoryStrategyT::SharedPtr, std::shared_ptr<rclcpp::topic_statistics::SubscriptionTopicStatistics<CallbackMessageT> >) [with MessageT = geometry_msgs::msg::PointStamped_<std::allocator<void> >; CallbackT = std::_Bind<void (TransformPoint::*())(std::shared_ptr<std_msgs::msg::String_<std::allocator<void> > >) const>; AllocatorT = std::allocator<void>; CallbackMessageT = std_msgs::msg::String_<std::allocator<void> >; SubscriptionT = rclcpp::Subscription<std_msgs::msg::String_<std::allocator<void> > >; MessageMemoryStrategyT = rclcpp::message_memory_strategy::MessageMemoryStrategy<std_msgs::msg::String_<std::allocator<void> >, std::allocator<void> >; typename MessageMemoryStrategyT::SharedPtr = std::shared_ptr<rclcpp::message_memory_strategy::MessageMemoryStrategy<std_msgs::msg::String_<std::allocator<void> >, std::allocator<void> > >][m[K’
[1.778s] [01m[K/home/aralab/ros2_foxy/install/rclcpp/include/rclcpp/create_subscription.hpp:144:63:[m[K   required from ‘[01m[Kstd::shared_ptr<SubscriptionT> rclcpp::create_subscription(NodeT&&, const string&, const rclcpp::QoS&, CallbackT&&, const rclcpp::SubscriptionOptionsWithAllocator<AllocatorT>&, typename MessageMemoryStrategyT::SharedPtr) [with MessageT = geometry_msgs::msg::PointStamped_<std::allocator<void> >; CallbackT = std::_Bind<void (TransformPoint::*())(std::shared_ptr<std_msgs::msg::String_<std::allocator<void> > >) const>; AllocatorT = std::allocator<void>; CallbackMessageT = std_msgs::msg::String_<std::allocator<void> >; SubscriptionT = rclcpp::Subscription<std_msgs::msg::String_<std::allocator<void> > >; MessageMemoryStrategyT = rclcpp::message_memory_strategy::MessageMemoryStrategy<std_msgs::msg::String_<std::allocator<void> >, std::allocator<void> >; NodeT = rclcpp::Node&; std::string = std::__cxx11::basic_string<char>; typename MessageMemoryStrategyT::SharedPtr = std::shared_ptr<rclcpp::message_memory_strategy::MessageMemoryStrategy<std_msgs::msg::String_<std::allocator<void> >, std::allocator<void> > >][m[K’
[1.778s] [01m[K/home/aralab/ros2_foxy/install/rclcpp/include/rclcpp/node_impl.hpp:98:47:[m[K   required from ‘[01m[Kstd::shared_ptr<SubscriptionT> rclcpp::Node::create_subscription(const string&, const rclcpp::QoS&, CallbackT&&, const rclcpp::SubscriptionOptionsWithAllocator<AllocatorT>&, typename MessageMemoryStrategyT::SharedPtr) [with MessageT = geometry_msgs::msg::PointStamped_<std::allocator<void> >; CallbackT = std::_Bind<void (TransformPoint::*())(std::shared_ptr<std_msgs::msg::String_<std::allocator<void> > >) const>; AllocatorT = std::allocator<void>; CallbackMessageT = std_msgs::msg::String_<std::allocator<void> >; SubscriptionT = rclcpp::Subscription<std_msgs::msg::String_<std::allocator<void> > >; MessageMemoryStrategyT = rclcpp::message_memory_strategy::MessageMemoryStrategy<std_msgs::msg::String_<std::allocator<void> >, std::allocator<void> >; std::string = std::__cxx11::basic_string<char>; typename MessageMemoryStrategyT::SharedPtr = std::shared_ptr<rclcpp::message_memory_strategy::MessageMemoryStrategy<std_msgs::msg::String_<std::allocator<void> >, std::allocator<void> > >][m[K’
[1.778s] [01m[K/home/aralab/ASBIR-ROS2/src/asbir_navigation/src/transform_point.cpp:17:153:[m[K   required from here
[1.778s] [01m[K/usr/include/c++/9/bits/std_function.h:385:8:[m[K [01;31m[Kerror: [m[Kno type named ‘[01m[Ktype[m[K’ in ‘[01m[Kstruct std::enable_if<false, std::function<void(std::shared_ptr<std_msgs::msg::String_<std::allocator<void> > >)>&>[m[K’
[1.778s]   385 |  using [01;31m[K_Requires[m[K = typename enable_if<_Cond::value, _Tp>::type;
[1.778s]       |        [01;31m[K^~~~~~~~~[m[K
[1.779s] /home/aralab/ros2_foxy/install/rclcpp/include/rclcpp/any_subscription_callback.hpp: In instantiation of ‘[01m[Kvoid rclcpp::AnySubscriptionCallback<MessageT, Alloc>::set(CallbackT) [with CallbackT = std::_Bind<void (TransformPoint::*())(std::shared_ptr<std_msgs::msg::String_<std::allocator<void> > >) const>; typename std::enable_if<rclcpp::function_traits::same_arguments<CallbackT, std::function<void(std::shared_ptr<_Tp>)> >::value>::type* <anonymous> = 0; MessageT = std_msgs::msg::String_<std::allocator<void> >; Alloc = std::allocator<void>][m[K’:
[1.779s] [01m[K/home/aralab/ros2_foxy/install/rclcpp/include/rclcpp/subscription_factory.hpp:97:3:[m[K   required from ‘[01m[Krclcpp::SubscriptionFactory rclcpp::create_subscription_factory(CallbackT&&, const rclcpp::SubscriptionOptionsWithAllocator<AllocatorT>&, typename MessageMemoryStrategyT::SharedPtr, std::shared_ptr<rclcpp::topic_statistics::SubscriptionTopicStatistics<CallbackMessageT> >) [with MessageT = geometry_msgs::msg::PointStamped_<std::allocator<void> >; CallbackT = std::_Bind<void (TransformPoint::*())(std::shared_ptr<std_msgs::msg::String_<std::allocator<void> > >) const>; AllocatorT = std::allocator<void>; CallbackMessageT = std_msgs::msg::String_<std::allocator<void> >; SubscriptionT = rclcpp::Subscription<std_msgs::msg::String_<std::allocator<void> > >; MessageMemoryStrategyT = rclcpp::message_memory_strategy::MessageMemoryStrategy<std_msgs::msg::String_<std::allocator<void> >, std::allocator<void> >; typename MessageMemoryStrategyT::SharedPtr = std::shared_ptr<rclcpp::message_memory_strategy::MessageMemoryStrategy<std_msgs::msg::String_<std::allocator<void> >, std::allocator<void> > >][m[K’
[1.779s] [01m[K/home/aralab/ros2_foxy/install/rclcpp/include/rclcpp/create_subscription.hpp:144:63:[m[K   required from ‘[01m[Kstd::shared_ptr<SubscriptionT> rclcpp::create_subscription(NodeT&&, const string&, const rclcpp::QoS&, CallbackT&&, const rclcpp::SubscriptionOptionsWithAllocator<AllocatorT>&, typename MessageMemoryStrategyT::SharedPtr) [with MessageT = geometry_msgs::msg::PointStamped_<std::allocator<void> >; CallbackT = std::_Bind<void (TransformPoint::*())(std::shared_ptr<std_msgs::msg::String_<std::allocator<void> > >) const>; AllocatorT = std::allocator<void>; CallbackMessageT = std_msgs::msg::String_<std::allocator<void> >; SubscriptionT = rclcpp::Subscription<std_msgs::msg::String_<std::allocator<void> > >; MessageMemoryStrategyT = rclcpp::message_memory_strategy::MessageMemoryStrategy<std_msgs::msg::String_<std::allocator<void> >, std::allocator<void> >; NodeT = rclcpp::Node&; std::string = std::__cxx11::basic_string<char>; typename MessageMemoryStrategyT::SharedPtr = std::shared_ptr<rclcpp::message_memory_strategy::MessageMemoryStrategy<std_msgs::msg::String_<std::allocator<void> >, std::allocator<void> > >][m[K’
[1.779s] [01m[K/home/aralab/ros2_foxy/install/rclcpp/include/rclcpp/node_impl.hpp:98:47:[m[K   required from ‘[01m[Kstd::shared_ptr<SubscriptionT> rclcpp::Node::create_subscription(const string&, const rclcpp::QoS&, CallbackT&&, const rclcpp::SubscriptionOptionsWithAllocator<AllocatorT>&, typename MessageMemoryStrategyT::SharedPtr) [with MessageT = geometry_msgs::msg::PointStamped_<std::allocator<void> >; CallbackT = std::_Bind<void (TransformPoint::*())(std::shared_ptr<std_msgs::msg::String_<std::allocator<void> > >) const>; AllocatorT = std::allocator<void>; CallbackMessageT = std_msgs::msg::String_<std::allocator<void> >; SubscriptionT = rclcpp::Subscription<std_msgs::msg::String_<std::allocator<void> > >; MessageMemoryStrategyT = rclcpp::message_memory_strategy::MessageMemoryStrategy<std_msgs::msg::String_<std::allocator<void> >, std::allocator<void> >; std::string = std::__cxx11::basic_string<char>; typename MessageMemoryStrategyT::SharedPtr = std::shared_ptr<rclcpp::message_memory_strategy::MessageMemoryStrategy<std_msgs::msg::String_<std::allocator<void> >, std::allocator<void> > >][m[K’
[1.779s] [01m[K/home/aralab/ASBIR-ROS2/src/asbir_navigation/src/transform_point.cpp:17:153:[m[K   required from here
[1.779s] [01m[K/usr/include/c++/9/bits/std_function.h:532:2:[m[K [01;36m[Knote: [m[Kcandidate: ‘[01m[Ktemplate<class _Functor> std::function<_Res(_ArgTypes ...)>& std::function<_Res(_ArgTypes ...)>::operator=(std::reference_wrapper<_Functor>) [with _Functor = _Functor; _Res = void; _ArgTypes = {std::shared_ptr<std_msgs::msg::String_<std::allocator<void> > >}][m[K’
[1.779s]   532 |  [01;36m[Koperator[m[K=(reference_wrapper<_Functor> __f) noexcept
[1.779s]       |  [01;36m[K^~~~~~~~[m[K
[1.779s] [01m[K/usr/include/c++/9/bits/std_function.h:532:2:[m[K [01;36m[Knote: [m[K  template argument deduction/substitution failed:
[1.780s] In file included from [01m[K/home/aralab/ros2_foxy/install/rclcpp/include/rclcpp/subscription_base.hpp:29[m[K,
[1.780s]                  from [01m[K/home/aralab/ros2_foxy/install/rclcpp/include/rclcpp/callback_group.hpp:26[m[K,
[1.780s]                  from [01m[K/home/aralab/ros2_foxy/install/rclcpp/include/rclcpp/any_executable.hpp:20[m[K,
[1.780s]                  from [01m[K/home/aralab/ros2_foxy/install/rclcpp/include/rclcpp/memory_strategy.hpp:24[m[K,
[1.780s]                  from [01m[K/home/aralab/ros2_foxy/install/rclcpp/include/rclcpp/memory_strategies.hpp:18[m[K,
[1.780s]                  from [01m[K/home/aralab/ros2_foxy/install/rclcpp/include/rclcpp/executor_options.hpp:20[m[K,
[1.780s]                  from [01m[K/home/aralab/ros2_foxy/install/rclcpp/include/rclcpp/executor.hpp:33[m[K,
[1.780s]                  from [01m[K/home/aralab/ros2_foxy/install/rclcpp/include/rclcpp/executors/multi_threaded_executor.hpp:26[m[K,
[1.780s]                  from [01m[K/home/aralab/ros2_foxy/install/rclcpp/include/rclcpp/executors.hpp:21[m[K,
[1.781s]                  from [01m[K/home/aralab/ros2_foxy/install/rclcpp/include/rclcpp/rclcpp.hpp:146[m[K,
[1.781s]                  from [01m[K/home/aralab/ASBIR-ROS2/src/asbir_navigation/src/transform_point.cpp:1[m[K:
[1.781s] [01m[K/home/aralab/ros2_foxy/install/rclcpp/include/rclcpp/any_subscription_callback.hpp:85:26:[m[K [01;36m[Knote: [m[K  ‘[01m[Kstd::_Bind<void (TransformPoint::*())(std::shared_ptr<std_msgs::msg::String_<std::allocator<void> > >) const>[m[K’ is not derived from ‘[01m[Kstd::reference_wrapper<_Tp>[m[K’
[1.781s]    85 |     [01;36m[Kshared_ptr_callback_ = callback[m[K;
[1.781s]       |     [01;36m[K~~~~~~~~~~~~~~~~~~~~~^~~~~~~~~~[m[K
[2.634s] make[2]: *** [CMakeFiles/transform_point.dir/build.make:63: CMakeFiles/transform_point.dir/src/transform_point.cpp.o] Error 1
[2.634s] make[1]: *** [CMakeFiles/Makefile2:80: CMakeFiles/transform_point.dir/all] Error 2
[2.635s] make: *** [Makefile:141: all] Error 2
[2.637s] Invoked command in '/home/aralab/ASBIR-ROS2/build/asbir_navigation' returned '2': CMAKE_PREFIX_PATH=${CMAKE_PREFIX_PATH}:/home/aralab/ASBIR-ROS2/install/rclpy_message_converter:/home/aralab/ros2_foxy/install/ros2bag:/home/aralab/ros2_foxy/install/tracetools_launch:/home/aralab/ros2_foxy/install/topic_monitor:/home/aralab/ros2_foxy/install/examples_tf2_py:/home/aralab/ros2_foxy/install/sros2:/home/aralab/ros2_foxy/install/rqt_topic:/home/aralab/ros2_foxy/install/rqt_top:/home/aralab/ros2_foxy/install/rqt_srv:/home/aralab/ros2_foxy/install/rqt_shell:/home/aralab/ros2_foxy/install/rqt_service_caller:/home/aralab/ros2_foxy/install/rqt_reconfigure:/home/aralab/ros2_foxy/install/rqt_py_console:/home/aralab/ros2_foxy/install/rqt_publisher:/home/aralab/ros2_foxy/install/rqt_plot:/home/aralab/ros2_foxy/install/rqt_action:/home/aralab/ros2_foxy/install/rqt_msg:/home/aralab/ros2_foxy/install/rqt_console:/home/aralab/ros2_foxy/install/rqt:/home/aralab/ros2_foxy/install/rqt_graph:/home/aralab/ros2_foxy/install/rqt_gui_py:/home/aralab/ros2_foxy/install/rqt_gui:/home/aralab/ros2_foxy/install/ros2trace:/home/aralab/ros2_foxy/install/ros2topic:/home/aralab/ros2_foxy/install/ros2test:/home/aralab/ros2_foxy/install/ros2component:/home/aralab/ros2_foxy/install/ros2param:/home/aralab/ros2_foxy/install/ros2lifecycle:/home/aralab/ros2_foxy/install/ros2service:/home/aralab/ros2_foxy/install/ros2run:/home/aralab/ros2_foxy/install/ros2launch:/home/aralab/ros2_foxy/install/ros2pkg:/home/aralab/ros2_foxy/install/ros2node:/home/aralab/ros2_foxy/install/ros2multicast:/home/aralab/ros2_foxy/install/ros2interface:/home/aralab/ros2_foxy/install/ros2doctor:/home/aralab/ros2_foxy/install/ros2action:/home/aralab/ros2_foxy/install/ros2cli:/home/aralab/ros2_foxy/install/quality_of_service_demo_py:/home/aralab/ros2_foxy/install/launch_testing_ros:/home/aralab/ros2_foxy/install/launch_ros:/home/aralab/ros2_foxy/install/examples_rclpy_minimal_subscriber:/home/aralab/ros2_foxy/install/examples_rclpy_minimal_service:/home/aralab/ros2_foxy/install/examples_rclpy_minimal_publisher:/home/aralab/ros2_foxy/install/examples_rclpy_minimal_client:/home/aralab/ros2_foxy/install/examples_rclpy_minimal_action_server:/home/aralab/ros2_foxy/install/examples_rclpy_minimal_action_client:/home/aralab/ros2_foxy/install/examples_rclpy_executors:/home/aralab/ros2_foxy/install/demo_nodes_py:/home/aralab/ros2_foxy/install/action_tutorials_py:/home/aralab/ros2_foxy/install/ament_uncrustify:/home/aralab/ros2_foxy/install/tracetools_trace:/home/aralab/ros2_foxy/install/tracetools_read:/home/aralab/ros2_foxy/install/test_launch_ros:/home/aralab/ros2_foxy/install/sensor_msgs_py:/home/aralab/ros2_foxy/install/rpyutils:/home/aralab/ros2_foxy/install/rosidl_runtime_py:/home/aralab/ros2_foxy/install/launch_yaml:/home/aralab/ros2_foxy/install/launch_xml:/home/aralab/ros2_foxy/install/launch_testing:/home/aralab/ros2_foxy/install/launch:/home/aralab/ros2_foxy/install/osrf_pycommon:/home/aralab/ros2_foxy/install/domain_coordinator:/home/aralab/ros2_foxy/install/ament_xmllint:/home/aralab/ros2_foxy/install/ament_pyflakes:/home/aralab/ros2_foxy/install/ament_pycodestyle:/home/aralab/ros2_foxy/install/ament_pep257:/home/aralab/ros2_foxy/install/ament_pclint:/home/aralab/ros2_foxy/install/ament_package:/home/aralab/ros2_foxy/install/ament_mypy:/home/aralab/ros2_foxy/install/ament_lint_cmake:/home/aralab/ros2_foxy/install/ament_flake8:/home/aralab/ros2_foxy/install/ament_copyright:/home/aralab/ros2_foxy/install/ament_lint:/home/aralab/ros2_foxy/install/ament_index_python:/home/aralab/ros2_foxy/install/ament_cpplint:/home/aralab/ros2_foxy/install/ament_cppcheck:/home/aralab/ros2_foxy/install/ament_clang_tidy:/home/aralab/ros2_foxy/install/ament_clang_format /usr/bin/cmake --build /home/aralab/ASBIR-ROS2/build/asbir_navigation -- -j12 -l12
