[2.376s] Invoking command in '/home/aralab/ASBIR-ROS2/src/asbir_navigation': PYTHONPATH=/home/aralab/ASBIR-ROS2/build/asbir_navigation/prefix_override:/home/aralab/ASBIR-ROS2/install/asbir_navigation/lib/python3.8/site-packages:${PYTHONPATH} /usr/bin/python3 setup.py egg_info --egg-base ../../build/asbir_navigation build --build-base /home/aralab/ASBIR-ROS2/build/asbir_navigation/build install --record /home/aralab/ASBIR-ROS2/build/asbir_navigation/install.log --install-scripts $base/lib/asbir_navigation --single-version-externally-managed
[2.680s] running egg_info
[2.680s] writing ../../build/asbir_navigation/asbir_navigation.egg-info/PKG-INFO
[2.680s] writing dependency_links to ../../build/asbir_navigation/asbir_navigation.egg-info/dependency_links.txt
[2.680s] writing entry points to ../../build/asbir_navigation/asbir_navigation.egg-info/entry_points.txt
[2.681s] writing requirements to ../../build/asbir_navigation/asbir_navigation.egg-info/requires.txt
[2.681s] writing top-level names to ../../build/asbir_navigation/asbir_navigation.egg-info/top_level.txt
[2.724s] reading manifest file '../../build/asbir_navigation/asbir_navigation.egg-info/SOURCES.txt'
[2.724s] writing manifest file '../../build/asbir_navigation/asbir_navigation.egg-info/SOURCES.txt'
[2.724s] running build
[2.725s] running build_py
[2.725s] copying asbir_navigation/graphTest.py -> /home/aralab/ASBIR-ROS2/build/asbir_navigation/build/lib/asbir_navigation
[2.726s] running install
[2.726s] running install_lib
[2.726s] copying /home/aralab/ASBIR-ROS2/build/asbir_navigation/build/lib/asbir_navigation/graphTest.py -> /home/aralab/ASBIR-ROS2/install/asbir_navigation/lib/python3.8/site-packages/asbir_navigation
[2.726s] byte-compiling /home/aralab/ASBIR-ROS2/install/asbir_navigation/lib/python3.8/site-packages/asbir_navigation/graphTest.py to graphTest.cpython-38.pyc
[2.732s] running install_data
[2.735s] running install_egg_info
[2.738s] removing '/home/aralab/ASBIR-ROS2/install/asbir_navigation/lib/python3.8/site-packages/asbir_navigation-0.0.0-py3.8.egg-info' (and everything under it)
[2.738s] Copying ../../build/asbir_navigation/asbir_navigation.egg-info to /home/aralab/ASBIR-ROS2/install/asbir_navigation/lib/python3.8/site-packages/asbir_navigation-0.0.0-py3.8.egg-info
[2.739s] running install_scripts
[2.763s] Installing BuildBestPath script to /home/aralab/ASBIR-ROS2/install/asbir_navigation/lib/asbir_navigation
[2.763s] Installing FrameTest script to /home/aralab/ASBIR-ROS2/install/asbir_navigation/lib/asbir_navigation
[2.763s] Installing GraphTest script to /home/aralab/ASBIR-ROS2/install/asbir_navigation/lib/asbir_navigation
[2.763s] Installing ModelTest script to /home/aralab/ASBIR-ROS2/install/asbir_navigation/lib/asbir_navigation
[2.763s] Installing PathController script to /home/aralab/ASBIR-ROS2/install/asbir_navigation/lib/asbir_navigation
[2.764s] Installing PointPub script to /home/aralab/ASBIR-ROS2/install/asbir_navigation/lib/asbir_navigation
[2.764s] Installing PotentialField script to /home/aralab/ASBIR-ROS2/install/asbir_navigation/lib/asbir_navigation
[2.764s] Installing ProcessMesh script to /home/aralab/ASBIR-ROS2/install/asbir_navigation/lib/asbir_navigation
[2.764s] Installing SetZero script to /home/aralab/ASBIR-ROS2/install/asbir_navigation/lib/asbir_navigation
[2.764s] Installing test script to /home/aralab/ASBIR-ROS2/install/asbir_navigation/lib/asbir_navigation
[2.764s] writing list of installed files to '/home/aralab/ASBIR-ROS2/build/asbir_navigation/install.log'
[2.800s] Invoked command in '/home/aralab/ASBIR-ROS2/src/asbir_navigation' returned '0': PYTHONPATH=/home/aralab/ASBIR-ROS2/build/asbir_navigation/prefix_override:/home/aralab/ASBIR-ROS2/install/asbir_navigation/lib/python3.8/site-packages:${PYTHONPATH} /usr/bin/python3 setup.py egg_info --egg-base ../../build/asbir_navigation build --build-base /home/aralab/ASBIR-ROS2/build/asbir_navigation/build install --record /home/aralab/ASBIR-ROS2/build/asbir_navigation/install.log --install-scripts $base/lib/asbir_navigation --single-version-externally-managed
