[2.912s] Invoking command in '/home/aralab/ASBIR-ROS2/src/asbir_image': PYTHONPATH=/home/aralab/ASBIR-ROS2/build/asbir_image/prefix_override:/home/aralab/ASBIR-ROS2/install/asbir_image/lib/python3.8/site-packages:${PYTHONPATH} /usr/bin/python3 setup.py egg_info --egg-base ../../build/asbir_image build --build-base /home/aralab/ASBIR-ROS2/build/asbir_image/build install --record /home/aralab/ASBIR-ROS2/build/asbir_image/install.log --install-scripts $base/lib/asbir_image --single-version-externally-managed
[3.283s] running egg_info
[3.283s] writing ../../build/asbir_image/asbir_image.egg-info/PKG-INFO
[3.283s] writing dependency_links to ../../build/asbir_image/asbir_image.egg-info/dependency_links.txt
[3.283s] writing entry points to ../../build/asbir_image/asbir_image.egg-info/entry_points.txt
[3.284s] writing requirements to ../../build/asbir_image/asbir_image.egg-info/requires.txt
[3.284s] writing top-level names to ../../build/asbir_image/asbir_image.egg-info/top_level.txt
[3.314s] reading manifest file '../../build/asbir_image/asbir_image.egg-info/SOURCES.txt'
[3.315s] writing manifest file '../../build/asbir_image/asbir_image.egg-info/SOURCES.txt'
[3.315s] running build
[3.315s] running build_py
[3.315s] copying asbir_image/asbirCam_pub.py -> /home/aralab/ASBIR-ROS2/build/asbir_image/build/lib/asbir_image
[3.315s] running install
[3.316s] running install_lib
[3.317s] copying /home/aralab/ASBIR-ROS2/build/asbir_image/build/lib/asbir_image/asbirCam_pub.py -> /home/aralab/ASBIR-ROS2/install/asbir_image/lib/python3.8/site-packages/asbir_image
[3.318s] byte-compiling /home/aralab/ASBIR-ROS2/install/asbir_image/lib/python3.8/site-packages/asbir_image/asbirCam_pub.py to asbirCam_pub.cpython-38.pyc
[3.319s] running install_data
[3.319s] running install_egg_info
[3.321s] removing '/home/aralab/ASBIR-ROS2/install/asbir_image/lib/python3.8/site-packages/asbir_image-0.0.0-py3.8.egg-info' (and everything under it)
[3.322s] Copying ../../build/asbir_image/asbir_image.egg-info to /home/aralab/ASBIR-ROS2/install/asbir_image/lib/python3.8/site-packages/asbir_image-0.0.0-py3.8.egg-info
[3.322s] running install_scripts
[3.339s] Installing CamPub script to /home/aralab/ASBIR-ROS2/install/asbir_image/lib/asbir_image
[3.339s] writing list of installed files to '/home/aralab/ASBIR-ROS2/build/asbir_image/install.log'
[3.365s] Invoked command in '/home/aralab/ASBIR-ROS2/src/asbir_image' returned '0': PYTHONPATH=/home/aralab/ASBIR-ROS2/build/asbir_image/prefix_override:/home/aralab/ASBIR-ROS2/install/asbir_image/lib/python3.8/site-packages:${PYTHONPATH} /usr/bin/python3 setup.py egg_info --egg-base ../../build/asbir_image build --build-base /home/aralab/ASBIR-ROS2/build/asbir_image/build install --record /home/aralab/ASBIR-ROS2/build/asbir_image/install.log --install-scripts $base/lib/asbir_image --single-version-externally-managed
