[3.598s] Invoking command in '/home/aralab/ASBIR-ROS2/src/asbir_rc': PYTHONPATH=/home/aralab/ASBIR-ROS2/build/asbir_rc/prefix_override:/home/aralab/ASBIR-ROS2/install/asbir_rc/lib/python3.8/site-packages:${PYTHONPATH} /usr/bin/python3 setup.py egg_info --egg-base ../../build/asbir_rc build --build-base /home/aralab/ASBIR-ROS2/build/asbir_rc/build install --record /home/aralab/ASBIR-ROS2/build/asbir_rc/install.log --install-scripts $base/lib/asbir_rc --single-version-externally-managed
[4.232s] running egg_info
[4.233s] writing ../../build/asbir_rc/asbir_rc.egg-info/PKG-INFO
[4.233s] writing dependency_links to ../../build/asbir_rc/asbir_rc.egg-info/dependency_links.txt
[4.233s] writing entry points to ../../build/asbir_rc/asbir_rc.egg-info/entry_points.txt
[4.233s] writing requirements to ../../build/asbir_rc/asbir_rc.egg-info/requires.txt
[4.233s] writing top-level names to ../../build/asbir_rc/asbir_rc.egg-info/top_level.txt
[4.268s] reading manifest file '../../build/asbir_rc/asbir_rc.egg-info/SOURCES.txt'
[4.269s] writing manifest file '../../build/asbir_rc/asbir_rc.egg-info/SOURCES.txt'
[4.270s] running build
[4.270s] running build_py
[4.270s] copying asbir_rc/bluetoothDataRouter.py -> /home/aralab/ASBIR-ROS2/build/asbir_rc/build/lib/asbir_rc
[4.270s] running install
[4.272s] running install_lib
[4.273s] copying /home/aralab/ASBIR-ROS2/build/asbir_rc/build/lib/asbir_rc/bluetoothDataRouter.py -> /home/aralab/ASBIR-ROS2/install/asbir_rc/lib/python3.8/site-packages/asbir_rc
[4.275s] byte-compiling /home/aralab/ASBIR-ROS2/install/asbir_rc/lib/python3.8/site-packages/asbir_rc/bluetoothDataRouter.py to bluetoothDataRouter.cpython-38.pyc
[4.277s] running install_data
[4.277s] running install_egg_info
[4.280s] removing '/home/aralab/ASBIR-ROS2/install/asbir_rc/lib/python3.8/site-packages/asbir_rc-0.0.0-py3.8.egg-info' (and everything under it)
[4.280s] Copying ../../build/asbir_rc/asbir_rc.egg-info to /home/aralab/ASBIR-ROS2/install/asbir_rc/lib/python3.8/site-packages/asbir_rc-0.0.0-py3.8.egg-info
[4.281s] running install_scripts
[4.316s] Installing teleop-keyboard = asbir_rc.teleop:mainteleop-gamepad script to /home/aralab/ASBIR-ROS2/install/asbir_rc/lib/asbir_rc
[4.316s] writing list of installed files to '/home/aralab/ASBIR-ROS2/build/asbir_rc/install.log'
[4.350s] Invoked command in '/home/aralab/ASBIR-ROS2/src/asbir_rc' returned '0': PYTHONPATH=/home/aralab/ASBIR-ROS2/build/asbir_rc/prefix_override:/home/aralab/ASBIR-ROS2/install/asbir_rc/lib/python3.8/site-packages:${PYTHONPATH} /usr/bin/python3 setup.py egg_info --egg-base ../../build/asbir_rc build --build-base /home/aralab/ASBIR-ROS2/build/asbir_rc/build install --record /home/aralab/ASBIR-ROS2/build/asbir_rc/install.log --install-scripts $base/lib/asbir_rc --single-version-externally-managed
