[2.250s] Invoking command in '/home/aralab/ASBIR-ROS2/src/asbir_serial': PYTHONPATH=/home/aralab/ASBIR-ROS2/build/asbir_serial/prefix_override:/home/aralab/ASBIR-ROS2/install/asbir_serial/lib/python3.8/site-packages:${PYTHONPATH} /usr/bin/python3 setup.py egg_info --egg-base ../../build/asbir_serial build --build-base /home/aralab/ASBIR-ROS2/build/asbir_serial/build install --record /home/aralab/ASBIR-ROS2/build/asbir_serial/install.log --install-scripts $base/lib/asbir_serial --single-version-externally-managed
[2.522s] running egg_info
[2.523s] writing ../../build/asbir_serial/asbir_serial.egg-info/PKG-INFO
[2.523s] writing dependency_links to ../../build/asbir_serial/asbir_serial.egg-info/dependency_links.txt
[2.523s] writing entry points to ../../build/asbir_serial/asbir_serial.egg-info/entry_points.txt
[2.523s] writing requirements to ../../build/asbir_serial/asbir_serial.egg-info/requires.txt
[2.524s] writing top-level names to ../../build/asbir_serial/asbir_serial.egg-info/top_level.txt
[2.566s] reading manifest file '../../build/asbir_serial/asbir_serial.egg-info/SOURCES.txt'
[2.567s] writing manifest file '../../build/asbir_serial/asbir_serial.egg-info/SOURCES.txt'
[2.567s] running build
[2.567s] running build_py
[2.568s] running install
[2.569s] running install_lib
[2.572s] running install_data
[2.573s] running install_egg_info
[2.578s] removing '/home/aralab/ASBIR-ROS2/install/asbir_serial/lib/python3.8/site-packages/asbir_serial-0.0.0-py3.8.egg-info' (and everything under it)
[2.578s] Copying ../../build/asbir_serial/asbir_serial.egg-info to /home/aralab/ASBIR-ROS2/install/asbir_serial/lib/python3.8/site-packages/asbir_serial-0.0.0-py3.8.egg-info
[2.578s] running install_scripts
[2.599s] Installing serialComm script to /home/aralab/ASBIR-ROS2/install/asbir_serial/lib/asbir_serial
[2.599s] writing list of installed files to '/home/aralab/ASBIR-ROS2/build/asbir_serial/install.log'
[2.679s] Invoked command in '/home/aralab/ASBIR-ROS2/src/asbir_serial' returned '0': PYTHONPATH=/home/aralab/ASBIR-ROS2/build/asbir_serial/prefix_override:/home/aralab/ASBIR-ROS2/install/asbir_serial/lib/python3.8/site-packages:${PYTHONPATH} /usr/bin/python3 setup.py egg_info --egg-base ../../build/asbir_serial build --build-base /home/aralab/ASBIR-ROS2/build/asbir_serial/build install --record /home/aralab/ASBIR-ROS2/build/asbir_serial/install.log --install-scripts $base/lib/asbir_serial --single-version-externally-managed
