[2.306s] Invoking command in '/home/aralab/ASBIR-ROS2/src/asbir_status': PYTHONPATH=/home/aralab/ASBIR-ROS2/build/asbir_status/prefix_override:/home/aralab/ASBIR-ROS2/install/asbir_status/lib/python3.8/site-packages:${PYTHONPATH} /usr/bin/python3 setup.py egg_info --egg-base ../../build/asbir_status build --build-base /home/aralab/ASBIR-ROS2/build/asbir_status/build install --record /home/aralab/ASBIR-ROS2/build/asbir_status/install.log --install-scripts $base/lib/asbir_status --single-version-externally-managed
[2.597s] running egg_info
[2.598s] writing ../../build/asbir_status/asbir_status.egg-info/PKG-INFO
[2.598s] writing dependency_links to ../../build/asbir_status/asbir_status.egg-info/dependency_links.txt
[2.598s] writing entry points to ../../build/asbir_status/asbir_status.egg-info/entry_points.txt
[2.599s] writing requirements to ../../build/asbir_status/asbir_status.egg-info/requires.txt
[2.599s] writing top-level names to ../../build/asbir_status/asbir_status.egg-info/top_level.txt
[2.634s] reading manifest file '../../build/asbir_status/asbir_status.egg-info/SOURCES.txt'
[2.635s] writing manifest file '../../build/asbir_status/asbir_status.egg-info/SOURCES.txt'
[2.635s] running build
[2.635s] running build_py
[2.635s] running install
[2.638s] running install_lib
[2.640s] running install_data
[2.641s] running install_egg_info
[2.643s] removing '/home/aralab/ASBIR-ROS2/install/asbir_status/lib/python3.8/site-packages/asbir_status-0.0.0-py3.8.egg-info' (and everything under it)
[2.643s] Copying ../../build/asbir_status/asbir_status.egg-info to /home/aralab/ASBIR-ROS2/install/asbir_status/lib/python3.8/site-packages/asbir_status-0.0.0-py3.8.egg-info
[2.644s] running install_scripts
[2.668s] Installing nodeController script to /home/aralab/ASBIR-ROS2/install/asbir_status/lib/asbir_status
[2.668s] Installing statusListener script to /home/aralab/ASBIR-ROS2/install/asbir_status/lib/asbir_status
[2.668s] writing list of installed files to '/home/aralab/ASBIR-ROS2/build/asbir_status/install.log'
[2.713s] Invoked command in '/home/aralab/ASBIR-ROS2/src/asbir_status' returned '0': PYTHONPATH=/home/aralab/ASBIR-ROS2/build/asbir_status/prefix_override:/home/aralab/ASBIR-ROS2/install/asbir_status/lib/python3.8/site-packages:${PYTHONPATH} /usr/bin/python3 setup.py egg_info --egg-base ../../build/asbir_status build --build-base /home/aralab/ASBIR-ROS2/build/asbir_status/build install --record /home/aralab/ASBIR-ROS2/build/asbir_status/install.log --install-scripts $base/lib/asbir_status --single-version-externally-managed
