[2.821s] Invoking command in '/home/aralab/ASBIR-ROS2/src/asbir_navigation': PYTHONPATH=/home/aralab/ASBIR-ROS2/build/asbir_navigation/prefix_override:/home/aralab/ASBIR-ROS2/install/asbir_navigation/lib/python3.8/site-packages:${PYTHONPATH} /usr/bin/python3 setup.py egg_info --egg-base ../../build/asbir_navigation build --build-base /home/aralab/ASBIR-ROS2/build/asbir_navigation/build install --record /home/aralab/ASBIR-ROS2/build/asbir_navigation/install.log --install-scripts $base/lib/asbir_navigation --single-version-externally-managed
[3.240s] running egg_info
[3.241s] writing ../../build/asbir_navigation/asbir_navigation.egg-info/PKG-INFO
[3.241s] writing dependency_links to ../../build/asbir_navigation/asbir_navigation.egg-info/dependency_links.txt
[3.241s] writing entry points to ../../build/asbir_navigation/asbir_navigation.egg-info/entry_points.txt
[3.242s] writing requirements to ../../build/asbir_navigation/asbir_navigation.egg-info/requires.txt
[3.242s] writing top-level names to ../../build/asbir_navigation/asbir_navigation.egg-info/top_level.txt
[3.301s] reading manifest file '../../build/asbir_navigation/asbir_navigation.egg-info/SOURCES.txt'
[3.302s] writing manifest file '../../build/asbir_navigation/asbir_navigation.egg-info/SOURCES.txt'
[3.302s] running build
[3.302s] running build_py
[3.303s] copying asbir_navigation/modelTest.py -> /home/aralab/ASBIR-ROS2/build/asbir_navigation/build/lib/asbir_navigation
[3.304s] running install
[3.306s] running install_lib
[3.307s] copying /home/aralab/ASBIR-ROS2/build/asbir_navigation/build/lib/asbir_navigation/modelTest.py -> /home/aralab/ASBIR-ROS2/install/asbir_navigation/lib/python3.8/site-packages/asbir_navigation
[3.309s] byte-compiling /home/aralab/ASBIR-ROS2/install/asbir_navigation/lib/python3.8/site-packages/asbir_navigation/modelTest.py to modelTest.cpython-38.pyc
[3.312s] running install_data
[3.313s] running install_egg_info
[3.316s] removing '/home/aralab/ASBIR-ROS2/install/asbir_navigation/lib/python3.8/site-packages/asbir_navigation-0.0.0-py3.8.egg-info' (and everything under it)
[3.317s] Copying ../../build/asbir_navigation/asbir_navigation.egg-info to /home/aralab/ASBIR-ROS2/install/asbir_navigation/lib/python3.8/site-packages/asbir_navigation-0.0.0-py3.8.egg-info
[3.318s] running install_scripts
[3.339s] Installing BuildBestPath script to /home/aralab/ASBIR-ROS2/install/asbir_navigation/lib/asbir_navigation
[3.339s] Installing FrameTest script to /home/aralab/ASBIR-ROS2/install/asbir_navigation/lib/asbir_navigation
[3.339s] Installing GraphTest script to /home/aralab/ASBIR-ROS2/install/asbir_navigation/lib/asbir_navigation
[3.339s] Installing ModelTest script to /home/aralab/ASBIR-ROS2/install/asbir_navigation/lib/asbir_navigation
[3.339s] Installing PathController script to /home/aralab/ASBIR-ROS2/install/asbir_navigation/lib/asbir_navigation
[3.340s] Installing PointPub script to /home/aralab/ASBIR-ROS2/install/asbir_navigation/lib/asbir_navigation
[3.340s] Installing PotentialField script to /home/aralab/ASBIR-ROS2/install/asbir_navigation/lib/asbir_navigation
[3.340s] Installing ProcessMesh script to /home/aralab/ASBIR-ROS2/install/asbir_navigation/lib/asbir_navigation
[3.340s] Installing SetZero script to /home/aralab/ASBIR-ROS2/install/asbir_navigation/lib/asbir_navigation
[3.340s] writing list of installed files to '/home/aralab/ASBIR-ROS2/build/asbir_navigation/install.log'
[3.393s] Invoked command in '/home/aralab/ASBIR-ROS2/src/asbir_navigation' returned '0': PYTHONPATH=/home/aralab/ASBIR-ROS2/build/asbir_navigation/prefix_override:/home/aralab/ASBIR-ROS2/install/asbir_navigation/lib/python3.8/site-packages:${PYTHONPATH} /usr/bin/python3 setup.py egg_info --egg-base ../../build/asbir_navigation build --build-base /home/aralab/ASBIR-ROS2/build/asbir_navigation/build install --record /home/aralab/ASBIR-ROS2/build/asbir_navigation/install.log --install-scripts $base/lib/asbir_navigation --single-version-externally-managed
