-- Found ament_cmake_ros: 0.9.2 (/home/aralab/ros2_foxy/install/ament_cmake_ros/share/ament_cmake_ros/cmake)
-- Found PythonInterp: /usr/bin/python3 (found suitable version "3.8.10", minimum required is "3") 
-- Using PYTHON_EXECUTABLE: /usr/bin/python3
-- Found rclcpp: 2.4.2 (/home/aralab/ros2_foxy/install/rclcpp/share/rclcpp/cmake)
-- Using all available rosidl_typesupport_c: rosidl_typesupport_introspection_c;rosidl_typesupport_fastrtps_c
-- Found rosidl_adapter: 1.3.0 (/home/aralab/ros2_foxy/install/rosidl_adapter/share/rosidl_adapter/cmake)
-- Found OpenSSL: /usr/lib/x86_64-linux-gnu/libcrypto.so (found version "1.1.1f")  
-- Found FastRTPS: /home/aralab/ros2_foxy/install/fastrtps/include  
-- Using all available rosidl_typesupport_cpp: rosidl_typesupport_introspection_cpp;rosidl_typesupport_fastrtps_cpp
-- Found rmw_implementation_cmake: 1.0.3 (/home/aralab/ros2_foxy/install/rmw_implementation_cmake/share/rmw_implementation_cmake/cmake)
-- Using RMW implementation 'rmw_fastrtps_cpp' as default
-- Looking for pthread.h
-- Looking for pthread.h - found
-- Performing Test CMAKE_HAVE_LIBC_PTHREAD
-- Performing Test CMAKE_HAVE_LIBC_PTHREAD - Failed
-- Looking for pthread_create in pthreads
-- Looking for pthread_create in pthreads - not found
-- Looking for pthread_create in pthread
-- Looking for pthread_create in pthread - found
-- Found Threads: TRUE  
-- Found sensor_msgs: 2.0.5 (/home/aralab/ros2_foxy/install/sensor_msgs/share/sensor_msgs/cmake)
-- Found yaml_cpp_vendor: 7.0.3 (/home/aralab/ros2_foxy/install/yaml_cpp_vendor/share/yaml_cpp_vendor/cmake)
-- Setting yaml-cpp_DIR to: '/home/aralab/ros2_foxy/install/yaml_cpp_vendor/share/yaml_cpp_vendor/cmake/../../../opt/yaml_cpp_vendor/lib/cmake/yaml-cpp'
-- Found ament_cmake_cppcheck: 0.9.7 (/home/aralab/ros2_foxy/install/ament_cmake_cppcheck/share/ament_cmake_cppcheck/cmake)
-- Found ament_cmake_cpplint: 0.9.7 (/home/aralab/ros2_foxy/install/ament_cmake_cpplint/share/ament_cmake_cpplint/cmake)
-- Found ament_cmake_lint_cmake: 0.9.7 (/home/aralab/ros2_foxy/install/ament_cmake_lint_cmake/share/ament_cmake_lint_cmake/cmake)
-- Found ament_cmake_uncrustify: 0.9.7 (/home/aralab/ros2_foxy/install/ament_cmake_uncrustify/share/ament_cmake_uncrustify/cmake)
-- Found gtest sources under '/home/aralab/ros2_foxy/install/gtest_vendor/src/gtest_vendor': C++ tests using 'Google Test' will be built
-- Check if compiler accepts -pthread
-- Check if compiler accepts -pthread - yes
-- Configuring done
-- Generating done
-- Build files have been written to: /home/aralab/ASBIR-ROS2/build/camera_calibration_parsers
[35m[1mScanning dependencies of target camera_calibration_parsers[0m
[35m[1mScanning dependencies of target gtest_main[0m
[35m[1mScanning dependencies of target gtest[0m
[  7%] [32mBuilding CXX object gtest/CMakeFiles/gtest_main.dir/src/gtest_main.cc.o[0m
[ 14%] [32mBuilding CXX object gtest/CMakeFiles/gtest.dir/src/gtest-all.cc.o[0m
[ 21%] [32mBuilding CXX object CMakeFiles/camera_calibration_parsers.dir/src/parse.cpp.o[0m
[ 28%] [32mBuilding CXX object CMakeFiles/camera_calibration_parsers.dir/src/parse_yml.cpp.o[0m
[ 35%] [32mBuilding CXX object CMakeFiles/camera_calibration_parsers.dir/src/parse_ini.cpp.o[0m
[ 42%] [32m[1mLinking CXX static library libgtest_main.a[0m
[ 42%] Built target gtest_main
[ 50%] [32m[1mLinking CXX shared library libcamera_calibration_parsers.so[0m
[ 50%] Built target camera_calibration_parsers
[35m[1mScanning dependencies of target convert[0m
[ 57%] [32mBuilding CXX object CMakeFiles/convert.dir/src/convert.cpp.o[0m
[ 64%] [32m[1mLinking CXX static library libgtest.a[0m
[ 71%] [32m[1mLinking CXX executable convert[0m
[ 71%] Built target gtest
[35m[1mScanning dependencies of target camera_calibration_parsers-parse_ini[0m
[35m[1mScanning dependencies of target camera_calibration_parsers-parse_yml[0m
[ 78%] [32mBuilding CXX object CMakeFiles/camera_calibration_parsers-parse_ini.dir/test/test_parse_ini.cpp.o[0m
[ 85%] [32mBuilding CXX object CMakeFiles/camera_calibration_parsers-parse_yml.dir/test/test_parse_yml.cpp.o[0m
[ 85%] Built target convert
[ 92%] [32m[1mLinking CXX executable camera_calibration_parsers-parse_yml[0m
[100%] [32m[1mLinking CXX executable camera_calibration_parsers-parse_ini[0m
[100%] Built target camera_calibration_parsers-parse_yml
[100%] Built target camera_calibration_parsers-parse_ini
-- Install configuration: ""
-- Installing: /home/aralab/ASBIR-ROS2/install/camera_calibration_parsers/lib/libcamera_calibration_parsers.so
-- Set runtime path of "/home/aralab/ASBIR-ROS2/install/camera_calibration_parsers/lib/libcamera_calibration_parsers.so" to ""
-- Installing: /home/aralab/ASBIR-ROS2/install/camera_calibration_parsers/lib/camera_calibration_parsers/convert
-- Set runtime path of "/home/aralab/ASBIR-ROS2/install/camera_calibration_parsers/lib/camera_calibration_parsers/convert" to ""
-- Installing: /home/aralab/ASBIR-ROS2/install/camera_calibration_parsers/include
-- Installing: /home/aralab/ASBIR-ROS2/install/camera_calibration_parsers/include/camera_calibration_parsers
-- Installing: /home/aralab/ASBIR-ROS2/install/camera_calibration_parsers/include/camera_calibration_parsers/parse.h
-- Installing: /home/aralab/ASBIR-ROS2/install/camera_calibration_parsers/include/camera_calibration_parsers/parse.hpp
-- Installing: /home/aralab/ASBIR-ROS2/install/camera_calibration_parsers/include/camera_calibration_parsers/visibility_control.hpp
-- Installing: /home/aralab/ASBIR-ROS2/install/camera_calibration_parsers/include/camera_calibration_parsers/parse_yml.h
-- Installing: /home/aralab/ASBIR-ROS2/install/camera_calibration_parsers/include/camera_calibration_parsers/parse_ini.h
-- Installing: /home/aralab/ASBIR-ROS2/install/camera_calibration_parsers/include/camera_calibration_parsers/parse_yml.hpp
-- Installing: /home/aralab/ASBIR-ROS2/install/camera_calibration_parsers/include/camera_calibration_parsers/parse_ini.hpp
-- Installing: /home/aralab/ASBIR-ROS2/install/camera_calibration_parsers/share/camera_calibration_parsers/environment/library_path.sh
-- Installing: /home/aralab/ASBIR-ROS2/install/camera_calibration_parsers/share/camera_calibration_parsers/environment/library_path.dsv
-- Installing: /home/aralab/ASBIR-ROS2/install/camera_calibration_parsers/share/ament_index/resource_index/package_run_dependencies/camera_calibration_parsers
-- Installing: /home/aralab/ASBIR-ROS2/install/camera_calibration_parsers/share/ament_index/resource_index/parent_prefix_path/camera_calibration_parsers
-- Installing: /home/aralab/ASBIR-ROS2/install/camera_calibration_parsers/share/camera_calibration_parsers/environment/ament_prefix_path.sh
-- Installing: /home/aralab/ASBIR-ROS2/install/camera_calibration_parsers/share/camera_calibration_parsers/environment/ament_prefix_path.dsv
-- Installing: /home/aralab/ASBIR-ROS2/install/camera_calibration_parsers/share/camera_calibration_parsers/environment/path.sh
-- Installing: /home/aralab/ASBIR-ROS2/install/camera_calibration_parsers/share/camera_calibration_parsers/environment/path.dsv
-- Installing: /home/aralab/ASBIR-ROS2/install/camera_calibration_parsers/share/camera_calibration_parsers/local_setup.bash
-- Installing: /home/aralab/ASBIR-ROS2/install/camera_calibration_parsers/share/camera_calibration_parsers/local_setup.sh
-- Installing: /home/aralab/ASBIR-ROS2/install/camera_calibration_parsers/share/camera_calibration_parsers/local_setup.zsh
-- Installing: /home/aralab/ASBIR-ROS2/install/camera_calibration_parsers/share/camera_calibration_parsers/local_setup.dsv
-- Installing: /home/aralab/ASBIR-ROS2/install/camera_calibration_parsers/share/camera_calibration_parsers/package.dsv
-- Installing: /home/aralab/ASBIR-ROS2/install/camera_calibration_parsers/share/ament_index/resource_index/packages/camera_calibration_parsers
-- Installing: /home/aralab/ASBIR-ROS2/install/camera_calibration_parsers/share/camera_calibration_parsers/cmake/ament_cmake_export_include_directories-extras.cmake
-- Installing: /home/aralab/ASBIR-ROS2/install/camera_calibration_parsers/share/camera_calibration_parsers/cmake/ament_cmake_export_libraries-extras.cmake
-- Installing: /home/aralab/ASBIR-ROS2/install/camera_calibration_parsers/share/camera_calibration_parsers/cmake/ament_cmake_export_dependencies-extras.cmake
-- Installing: /home/aralab/ASBIR-ROS2/install/camera_calibration_parsers/share/camera_calibration_parsers/cmake/camera_calibration_parsersConfig.cmake
-- Installing: /home/aralab/ASBIR-ROS2/install/camera_calibration_parsers/share/camera_calibration_parsers/cmake/camera_calibration_parsersConfig-version.cmake
-- Installing: /home/aralab/ASBIR-ROS2/install/camera_calibration_parsers/share/camera_calibration_parsers/package.xml
