[9.012s] Invoking command in '/home/asbir/ASBIR-ROS2/src/asbir_rc': PYTHONPATH=/home/asbir/ASBIR-ROS2/build/asbir_rc/prefix_override:/home/asbir/ASBIR-ROS2/install/asbir_rc/lib/python3.8/site-packages:${PYTHONPATH} /usr/bin/python3 setup.py egg_info --egg-base ../../build/asbir_rc build --build-base /home/asbir/ASBIR-ROS2/build/asbir_rc/build install --record /home/asbir/ASBIR-ROS2/build/asbir_rc/install.log --install-scripts $base/lib/asbir_rc --single-version-externally-managed
[11.444s] running egg_info
[11.450s] writing ../../build/asbir_rc/asbir_rc.egg-info/PKG-INFO
[11.452s] writing dependency_links to ../../build/asbir_rc/asbir_rc.egg-info/dependency_links.txt
[11.463s] writing entry points to ../../build/asbir_rc/asbir_rc.egg-info/entry_points.txt
[11.464s] writing requirements to ../../build/asbir_rc/asbir_rc.egg-info/requires.txt
[11.464s] writing top-level names to ../../build/asbir_rc/asbir_rc.egg-info/top_level.txt
[11.713s] reading manifest file '../../build/asbir_rc/asbir_rc.egg-info/SOURCES.txt'
[11.724s] writing manifest file '../../build/asbir_rc/asbir_rc.egg-info/SOURCES.txt'
[11.726s] running build
[11.726s] running build_py
[11.728s] copying asbir_rc/teleopKeyboardXavier.py -> /home/asbir/ASBIR-ROS2/build/asbir_rc/build/lib/asbir_rc
[11.732s] running install
[11.750s] running install_lib
[11.757s] copying /home/asbir/ASBIR-ROS2/build/asbir_rc/build/lib/asbir_rc/teleopKeyboardXavier.py -> /home/asbir/ASBIR-ROS2/install/asbir_rc/lib/python3.8/site-packages/asbir_rc
[11.777s] byte-compiling /home/asbir/ASBIR-ROS2/install/asbir_rc/lib/python3.8/site-packages/asbir_rc/teleopKeyboardXavier.py to teleopKeyboardXavier.cpython-38.pyc
[11.799s] running install_data
[11.806s] running install_egg_info
[11.828s] removing '/home/asbir/ASBIR-ROS2/install/asbir_rc/lib/python3.8/site-packages/asbir_rc-0.0.0-py3.8.egg-info' (and everything under it)
[11.841s] Copying ../../build/asbir_rc/asbir_rc.egg-info to /home/asbir/ASBIR-ROS2/install/asbir_rc/lib/python3.8/site-packages/asbir_rc-0.0.0-py3.8.egg-info
[11.857s] running install_scripts
[12.011s] Installing teleopGamepad script to /home/asbir/ASBIR-ROS2/install/asbir_rc/lib/asbir_rc
[12.012s] Installing teleopKeyboard script to /home/asbir/ASBIR-ROS2/install/asbir_rc/lib/asbir_rc
[12.022s] writing list of installed files to '/home/asbir/ASBIR-ROS2/build/asbir_rc/install.log'
[12.148s] Invoked command in '/home/asbir/ASBIR-ROS2/src/asbir_rc' returned '0': PYTHONPATH=/home/asbir/ASBIR-ROS2/build/asbir_rc/prefix_override:/home/asbir/ASBIR-ROS2/install/asbir_rc/lib/python3.8/site-packages:${PYTHONPATH} /usr/bin/python3 setup.py egg_info --egg-base ../../build/asbir_rc build --build-base /home/asbir/ASBIR-ROS2/build/asbir_rc/build install --record /home/asbir/ASBIR-ROS2/build/asbir_rc/install.log --install-scripts $base/lib/asbir_rc --single-version-externally-managed
