[2.578s] Invoking command in '/home/aralab/ASBIR-ROS2/src/asbir_status': PYTHONPATH=/home/aralab/ASBIR-ROS2/build/asbir_status/prefix_override:/home/aralab/ASBIR-ROS2/install/asbir_status/lib/python3.8/site-packages:${PYTHONPATH} /usr/bin/python3 setup.py egg_info --egg-base ../../build/asbir_status build --build-base /home/aralab/ASBIR-ROS2/build/asbir_status/build install --record /home/aralab/ASBIR-ROS2/build/asbir_status/install.log --install-scripts $base/lib/asbir_status --single-version-externally-managed
[2.929s] running egg_info
[2.930s] writing ../../build/asbir_status/asbir_status.egg-info/PKG-INFO
[2.930s] writing dependency_links to ../../build/asbir_status/asbir_status.egg-info/dependency_links.txt
[2.930s] writing entry points to ../../build/asbir_status/asbir_status.egg-info/entry_points.txt
[2.930s] writing requirements to ../../build/asbir_status/asbir_status.egg-info/requires.txt
[2.930s] writing top-level names to ../../build/asbir_status/asbir_status.egg-info/top_level.txt
[2.978s] reading manifest file '../../build/asbir_status/asbir_status.egg-info/SOURCES.txt'
[2.979s] writing manifest file '../../build/asbir_status/asbir_status.egg-info/SOURCES.txt'
[2.979s] running build
[2.979s] running build_py
[2.979s] running install
[2.981s] running install_lib
[2.983s] running install_data
[2.983s] running install_egg_info
[2.986s] removing '/home/aralab/ASBIR-ROS2/install/asbir_status/lib/python3.8/site-packages/asbir_status-0.0.0-py3.8.egg-info' (and everything under it)
[2.987s] Copying ../../build/asbir_status/asbir_status.egg-info to /home/aralab/ASBIR-ROS2/install/asbir_status/lib/python3.8/site-packages/asbir_status-0.0.0-py3.8.egg-info
[2.988s] running install_scripts
[3.013s] Installing nodeController script to /home/aralab/ASBIR-ROS2/install/asbir_status/lib/asbir_status
[3.014s] Installing statusListener script to /home/aralab/ASBIR-ROS2/install/asbir_status/lib/asbir_status
[3.014s] writing list of installed files to '/home/aralab/ASBIR-ROS2/build/asbir_status/install.log'
[3.091s] Invoked command in '/home/aralab/ASBIR-ROS2/src/asbir_status' returned '0': PYTHONPATH=/home/aralab/ASBIR-ROS2/build/asbir_status/prefix_override:/home/aralab/ASBIR-ROS2/install/asbir_status/lib/python3.8/site-packages:${PYTHONPATH} /usr/bin/python3 setup.py egg_info --egg-base ../../build/asbir_status build --build-base /home/aralab/ASBIR-ROS2/build/asbir_status/build install --record /home/aralab/ASBIR-ROS2/build/asbir_status/install.log --install-scripts $base/lib/asbir_status --single-version-externally-managed
