[1.087s] Invoking command in '/home/aralab/ASBIR-ROS2/src/rospy_message_converter/rclpy_message_converter': PYTHONPATH=/home/aralab/ASBIR-ROS2/build/rclpy_message_converter/prefix_override:/home/aralab/ASBIR-ROS2/install/rclpy_message_converter/lib/python3.8/site-packages:${PYTHONPATH} /usr/bin/python3 setup.py egg_info --egg-base ../../../build/rclpy_message_converter build --build-base /home/aralab/ASBIR-ROS2/build/rclpy_message_converter/build install --record /home/aralab/ASBIR-ROS2/build/rclpy_message_converter/install.log --single-version-externally-managed
[1.479s] running egg_info
[1.479s] writing ../../../build/rclpy_message_converter/rclpy_message_converter.egg-info/PKG-INFO
[1.479s] writing dependency_links to ../../../build/rclpy_message_converter/rclpy_message_converter.egg-info/dependency_links.txt
[1.479s] writing entry points to ../../../build/rclpy_message_converter/rclpy_message_converter.egg-info/entry_points.txt
[1.480s] writing requirements to ../../../build/rclpy_message_converter/rclpy_message_converter.egg-info/requires.txt
[1.480s] writing top-level names to ../../../build/rclpy_message_converter/rclpy_message_converter.egg-info/top_level.txt
[1.515s] reading manifest file '../../../build/rclpy_message_converter/rclpy_message_converter.egg-info/SOURCES.txt'
[1.516s] writing manifest file '../../../build/rclpy_message_converter/rclpy_message_converter.egg-info/SOURCES.txt'
[1.516s] running build
[1.516s] running build_py
[1.517s] running install
[1.519s] running install_lib
[1.521s] running install_data
[1.522s] running install_egg_info
[1.524s] removing '/home/aralab/ASBIR-ROS2/install/rclpy_message_converter/lib/python3.8/site-packages/rclpy_message_converter-2.0.1-py3.8.egg-info' (and everything under it)
[1.524s] Copying ../../../build/rclpy_message_converter/rclpy_message_converter.egg-info to /home/aralab/ASBIR-ROS2/install/rclpy_message_converter/lib/python3.8/site-packages/rclpy_message_converter-2.0.1-py3.8.egg-info
[1.525s] running install_scripts
[1.547s] writing list of installed files to '/home/aralab/ASBIR-ROS2/build/rclpy_message_converter/install.log'
[1.566s] Invoked command in '/home/aralab/ASBIR-ROS2/src/rospy_message_converter/rclpy_message_converter' returned '0': PYTHONPATH=/home/aralab/ASBIR-ROS2/build/rclpy_message_converter/prefix_override:/home/aralab/ASBIR-ROS2/install/rclpy_message_converter/lib/python3.8/site-packages:${PYTHONPATH} /usr/bin/python3 setup.py egg_info --egg-base ../../../build/rclpy_message_converter build --build-base /home/aralab/ASBIR-ROS2/build/rclpy_message_converter/build install --record /home/aralab/ASBIR-ROS2/build/rclpy_message_converter/install.log --single-version-externally-managed
