[3.700s] Invoking command in '/home/aralab/ASBIR-ROS2/src/asbir_serial': PYTHONPATH=/home/aralab/ASBIR-ROS2/build/asbir_serial/prefix_override:/home/aralab/ASBIR-ROS2/install/asbir_serial/lib/python3.8/site-packages:${PYTHONPATH} /usr/bin/python3 setup.py egg_info --egg-base ../../build/asbir_serial build --build-base /home/aralab/ASBIR-ROS2/build/asbir_serial/build install --record /home/aralab/ASBIR-ROS2/build/asbir_serial/install.log --install-scripts $base/lib/asbir_serial --single-version-externally-managed
[4.460s] running egg_info
[4.461s] writing ../../build/asbir_serial/asbir_serial.egg-info/PKG-INFO
[4.461s] writing dependency_links to ../../build/asbir_serial/asbir_serial.egg-info/dependency_links.txt
[4.461s] writing entry points to ../../build/asbir_serial/asbir_serial.egg-info/entry_points.txt
[4.461s] writing requirements to ../../build/asbir_serial/asbir_serial.egg-info/requires.txt
[4.462s] writing top-level names to ../../build/asbir_serial/asbir_serial.egg-info/top_level.txt
[4.499s] reading manifest file '../../build/asbir_serial/asbir_serial.egg-info/SOURCES.txt'
[4.500s] writing manifest file '../../build/asbir_serial/asbir_serial.egg-info/SOURCES.txt'
[4.504s] running build
[4.504s] running build_py
[4.505s] running install
[4.505s] running install_lib
[4.505s] running install_data
[4.506s] running install_egg_info
[4.509s] removing '/home/aralab/ASBIR-ROS2/install/asbir_serial/lib/python3.8/site-packages/asbir_serial-0.0.0-py3.8.egg-info' (and everything under it)
[4.509s] Copying ../../build/asbir_serial/asbir_serial.egg-info to /home/aralab/ASBIR-ROS2/install/asbir_serial/lib/python3.8/site-packages/asbir_serial-0.0.0-py3.8.egg-info
[4.510s] running install_scripts
[4.534s] Installing serialComm script to /home/aralab/ASBIR-ROS2/install/asbir_serial/lib/asbir_serial
[4.534s] writing list of installed files to '/home/aralab/ASBIR-ROS2/build/asbir_serial/install.log'
[4.568s] Invoked command in '/home/aralab/ASBIR-ROS2/src/asbir_serial' returned '0': PYTHONPATH=/home/aralab/ASBIR-ROS2/build/asbir_serial/prefix_override:/home/aralab/ASBIR-ROS2/install/asbir_serial/lib/python3.8/site-packages:${PYTHONPATH} /usr/bin/python3 setup.py egg_info --egg-base ../../build/asbir_serial build --build-base /home/aralab/ASBIR-ROS2/build/asbir_serial/build install --record /home/aralab/ASBIR-ROS2/build/asbir_serial/install.log --install-scripts $base/lib/asbir_serial --single-version-externally-managed
