[2.515s] DEBUG:colcon:Command line arguments: ['/usr/bin/colcon', 'build', '--packages-select', 'asbir_xavier_gpio']
[2.516s] DEBUG:colcon:Parsed command line arguments: Namespace(allow_overriding=[], ament_cmake_args=None, base_paths=['.'], build_base='build', catkin_cmake_args=None, catkin_skip_building_tests=False, cmake_args=None, cmake_clean_cache=False, cmake_clean_first=False, cmake_force_configure=False, cmake_target=None, cmake_target_skip_unavailable=False, continue_on_error=False, event_handlers=None, executor='parallel', ignore_user_meta=False, install_base='install', log_base=None, log_level=None, main=<bound method BuildVerb.main of <colcon_core.verb.build.BuildVerb object at 0xffffbac82d60>>, merge_install=False, metas=['./colcon.meta'], packages_above=None, packages_above_and_dependencies=None, packages_above_depth=None, packages_end=None, packages_ignore=None, packages_ignore_regex=None, packages_select=['asbir_xavier_gpio'], packages_select_build_failed=False, packages_select_by_dep=None, packages_select_regex=None, packages_select_test_failures=False, packages_skip=None, packages_skip_build_finished=False, packages_skip_by_dep=None, packages_skip_regex=None, packages_skip_test_passed=False, packages_skip_up_to=None, packages_start=None, packages_up_to=None, packages_up_to_regex=None, parallel_workers=4, paths=None, symlink_install=False, test_result_base=None, verb_extension=<colcon_core.verb.build.BuildVerb object at 0xffffbac82d60>, verb_name='build', verb_parser=<colcon_defaults.argument_parser.defaults.DefaultArgumentsDecorator object at 0xffffbac8e310>)
[2.777s] Level 1:colcon.colcon_core.package_discovery:discover_packages(colcon_meta) check parameters
[2.778s] Level 1:colcon.colcon_core.package_discovery:discover_packages(recursive) check parameters
[2.778s] Level 1:colcon.colcon_core.package_discovery:discover_packages(ignore) check parameters
[2.778s] Level 1:colcon.colcon_core.package_discovery:discover_packages(path) check parameters
[2.778s] Level 1:colcon.colcon_core.package_discovery:discover_packages(colcon_meta) discover
[2.779s] Level 1:colcon.colcon_core.package_discovery:discover_packages(recursive) discover
[2.779s] INFO:colcon.colcon_core.package_discovery:Crawling recursively for packages in '/home/asbir/ASBIR-ROS2'
[2.780s] Level 1:colcon.colcon_core.package_identification:_identify(.) by extensions ['ignore', 'ignore_ament_install']
[2.780s] Level 1:colcon.colcon_core.package_identification:_identify(.) by extension 'ignore'
[2.781s] Level 1:colcon.colcon_core.package_identification:_identify(.) by extension 'ignore_ament_install'
[2.781s] Level 1:colcon.colcon_core.package_identification:_identify(.) by extensions ['colcon_pkg']
[2.781s] Level 1:colcon.colcon_core.package_identification:_identify(.) by extension 'colcon_pkg'
[2.781s] Level 1:colcon.colcon_core.package_identification:_identify(.) by extensions ['colcon_meta']
[2.781s] Level 1:colcon.colcon_core.package_identification:_identify(.) by extension 'colcon_meta'
[2.782s] Level 1:colcon.colcon_core.package_identification:_identify(.) by extensions ['ros']
[2.782s] Level 1:colcon.colcon_core.package_identification:_identify(.) by extension 'ros'
[2.846s] Level 1:colcon.colcon_core.package_identification:_identify(.) by extensions ['cmake', 'python']
[2.847s] Level 1:colcon.colcon_core.package_identification:_identify(.) by extension 'cmake'
[2.847s] Level 1:colcon.colcon_core.package_identification:_identify(.) by extension 'python'
[2.847s] Level 1:colcon.colcon_core.package_identification:_identify(.) by extensions ['python_setup_py']
[2.848s] Level 1:colcon.colcon_core.package_identification:_identify(.) by extension 'python_setup_py'
[2.848s] Level 1:colcon.colcon_core.package_identification:_identify(build) by extensions ['ignore', 'ignore_ament_install']
[2.849s] Level 1:colcon.colcon_core.package_identification:_identify(build) by extension 'ignore'
[2.849s] Level 1:colcon.colcon_core.package_identification:_identify(build) ignored
[2.850s] Level 1:colcon.colcon_core.package_identification:_identify(install) by extensions ['ignore', 'ignore_ament_install']
[2.850s] Level 1:colcon.colcon_core.package_identification:_identify(install) by extension 'ignore'
[2.851s] Level 1:colcon.colcon_core.package_identification:_identify(install) ignored
[2.851s] Level 1:colcon.colcon_core.package_identification:_identify(log) by extensions ['ignore', 'ignore_ament_install']
[2.852s] Level 1:colcon.colcon_core.package_identification:_identify(log) by extension 'ignore'
[2.852s] Level 1:colcon.colcon_core.package_identification:_identify(log) ignored
[2.853s] Level 1:colcon.colcon_core.package_identification:_identify(src) by extensions ['ignore', 'ignore_ament_install']
[2.853s] Level 1:colcon.colcon_core.package_identification:_identify(src) by extension 'ignore'
[2.853s] Level 1:colcon.colcon_core.package_identification:_identify(src) by extension 'ignore_ament_install'
[2.854s] Level 1:colcon.colcon_core.package_identification:_identify(src) by extensions ['colcon_pkg']
[2.854s] Level 1:colcon.colcon_core.package_identification:_identify(src) by extension 'colcon_pkg'
[2.854s] Level 1:colcon.colcon_core.package_identification:_identify(src) by extensions ['colcon_meta']
[2.854s] Level 1:colcon.colcon_core.package_identification:_identify(src) by extension 'colcon_meta'
[2.854s] Level 1:colcon.colcon_core.package_identification:_identify(src) by extensions ['ros']
[2.855s] Level 1:colcon.colcon_core.package_identification:_identify(src) by extension 'ros'
[2.855s] Level 1:colcon.colcon_core.package_identification:_identify(src) by extensions ['cmake', 'python']
[2.855s] Level 1:colcon.colcon_core.package_identification:_identify(src) by extension 'cmake'
[2.856s] Level 1:colcon.colcon_core.package_identification:_identify(src) by extension 'python'
[2.856s] Level 1:colcon.colcon_core.package_identification:_identify(src) by extensions ['python_setup_py']
[2.856s] Level 1:colcon.colcon_core.package_identification:_identify(src) by extension 'python_setup_py'
[2.857s] Level 1:colcon.colcon_core.package_identification:_identify(src/asbir_image_compression) by extensions ['ignore', 'ignore_ament_install']
[2.857s] Level 1:colcon.colcon_core.package_identification:_identify(src/asbir_image_compression) by extension 'ignore'
[2.857s] Level 1:colcon.colcon_core.package_identification:_identify(src/asbir_image_compression) by extension 'ignore_ament_install'
[2.858s] Level 1:colcon.colcon_core.package_identification:_identify(src/asbir_image_compression) by extensions ['colcon_pkg']
[2.858s] Level 1:colcon.colcon_core.package_identification:_identify(src/asbir_image_compression) by extension 'colcon_pkg'
[2.858s] Level 1:colcon.colcon_core.package_identification:_identify(src/asbir_image_compression) by extensions ['colcon_meta']
[2.858s] Level 1:colcon.colcon_core.package_identification:_identify(src/asbir_image_compression) by extension 'colcon_meta'
[2.858s] Level 1:colcon.colcon_core.package_identification:_identify(src/asbir_image_compression) by extensions ['ros']
[2.859s] Level 1:colcon.colcon_core.package_identification:_identify(src/asbir_image_compression) by extension 'ros'
[2.870s] DEBUG:colcon.colcon_core.package_identification:Package 'src/asbir_image_compression' with type 'ros.ament_python' and name 'asbir_image_compression'
[2.871s] Level 1:colcon.colcon_core.package_identification:_identify(src/asbir_navigation) by extensions ['ignore', 'ignore_ament_install']
[2.871s] Level 1:colcon.colcon_core.package_identification:_identify(src/asbir_navigation) by extension 'ignore'
[2.871s] Level 1:colcon.colcon_core.package_identification:_identify(src/asbir_navigation) by extension 'ignore_ament_install'
[2.872s] Level 1:colcon.colcon_core.package_identification:_identify(src/asbir_navigation) by extensions ['colcon_pkg']
[2.872s] Level 1:colcon.colcon_core.package_identification:_identify(src/asbir_navigation) by extension 'colcon_pkg'
[2.872s] Level 1:colcon.colcon_core.package_identification:_identify(src/asbir_navigation) by extensions ['colcon_meta']
[2.873s] Level 1:colcon.colcon_core.package_identification:_identify(src/asbir_navigation) by extension 'colcon_meta'
[2.873s] Level 1:colcon.colcon_core.package_identification:_identify(src/asbir_navigation) by extensions ['ros']
[2.873s] Level 1:colcon.colcon_core.package_identification:_identify(src/asbir_navigation) by extension 'ros'
[2.876s] DEBUG:colcon.colcon_core.package_identification:Package 'src/asbir_navigation' with type 'ros.ament_python' and name 'asbir_navigation'
[2.876s] Level 1:colcon.colcon_core.package_identification:_identify(src/asbir_rc) by extensions ['ignore', 'ignore_ament_install']
[2.877s] Level 1:colcon.colcon_core.package_identification:_identify(src/asbir_rc) by extension 'ignore'
[2.877s] Level 1:colcon.colcon_core.package_identification:_identify(src/asbir_rc) by extension 'ignore_ament_install'
[2.877s] Level 1:colcon.colcon_core.package_identification:_identify(src/asbir_rc) by extensions ['colcon_pkg']
[2.878s] Level 1:colcon.colcon_core.package_identification:_identify(src/asbir_rc) by extension 'colcon_pkg'
[2.878s] Level 1:colcon.colcon_core.package_identification:_identify(src/asbir_rc) by extensions ['colcon_meta']
[2.878s] Level 1:colcon.colcon_core.package_identification:_identify(src/asbir_rc) by extension 'colcon_meta'
[2.878s] Level 1:colcon.colcon_core.package_identification:_identify(src/asbir_rc) by extensions ['ros']
[2.878s] Level 1:colcon.colcon_core.package_identification:_identify(src/asbir_rc) by extension 'ros'
[2.881s] DEBUG:colcon.colcon_core.package_identification:Package 'src/asbir_rc' with type 'ros.ament_python' and name 'asbir_rc'
[2.881s] Level 1:colcon.colcon_core.package_identification:_identify(src/asbir_serial) by extensions ['ignore', 'ignore_ament_install']
[2.882s] Level 1:colcon.colcon_core.package_identification:_identify(src/asbir_serial) by extension 'ignore'
[2.882s] Level 1:colcon.colcon_core.package_identification:_identify(src/asbir_serial) by extension 'ignore_ament_install'
[2.882s] Level 1:colcon.colcon_core.package_identification:_identify(src/asbir_serial) by extensions ['colcon_pkg']
[2.882s] Level 1:colcon.colcon_core.package_identification:_identify(src/asbir_serial) by extension 'colcon_pkg'
[2.883s] Level 1:colcon.colcon_core.package_identification:_identify(src/asbir_serial) by extensions ['colcon_meta']
[2.883s] Level 1:colcon.colcon_core.package_identification:_identify(src/asbir_serial) by extension 'colcon_meta'
[2.883s] Level 1:colcon.colcon_core.package_identification:_identify(src/asbir_serial) by extensions ['ros']
[2.883s] Level 1:colcon.colcon_core.package_identification:_identify(src/asbir_serial) by extension 'ros'
[2.886s] DEBUG:colcon.colcon_core.package_identification:Package 'src/asbir_serial' with type 'ros.ament_python' and name 'asbir_serial'
[2.886s] Level 1:colcon.colcon_core.package_identification:_identify(src/asbir_xavier_gpio) by extensions ['ignore', 'ignore_ament_install']
[2.887s] Level 1:colcon.colcon_core.package_identification:_identify(src/asbir_xavier_gpio) by extension 'ignore'
[2.887s] Level 1:colcon.colcon_core.package_identification:_identify(src/asbir_xavier_gpio) by extension 'ignore_ament_install'
[2.887s] Level 1:colcon.colcon_core.package_identification:_identify(src/asbir_xavier_gpio) by extensions ['colcon_pkg']
[2.887s] Level 1:colcon.colcon_core.package_identification:_identify(src/asbir_xavier_gpio) by extension 'colcon_pkg'
[2.888s] Level 1:colcon.colcon_core.package_identification:_identify(src/asbir_xavier_gpio) by extensions ['colcon_meta']
[2.888s] Level 1:colcon.colcon_core.package_identification:_identify(src/asbir_xavier_gpio) by extension 'colcon_meta'
[2.888s] Level 1:colcon.colcon_core.package_identification:_identify(src/asbir_xavier_gpio) by extensions ['ros']
[2.888s] Level 1:colcon.colcon_core.package_identification:_identify(src/asbir_xavier_gpio) by extension 'ros'
[2.890s] DEBUG:colcon.colcon_core.package_identification:Package 'src/asbir_xavier_gpio' with type 'ros.ament_python' and name 'asbir_xavier_gpio'
[2.891s] Level 1:colcon.colcon_core.package_identification:_identify(src/objects) by extensions ['ignore', 'ignore_ament_install']
[2.891s] Level 1:colcon.colcon_core.package_identification:_identify(src/objects) by extension 'ignore'
[2.892s] Level 1:colcon.colcon_core.package_identification:_identify(src/objects) by extension 'ignore_ament_install'
[2.892s] Level 1:colcon.colcon_core.package_identification:_identify(src/objects) by extensions ['colcon_pkg']
[2.892s] Level 1:colcon.colcon_core.package_identification:_identify(src/objects) by extension 'colcon_pkg'
[2.892s] Level 1:colcon.colcon_core.package_identification:_identify(src/objects) by extensions ['colcon_meta']
[2.893s] Level 1:colcon.colcon_core.package_identification:_identify(src/objects) by extension 'colcon_meta'
[2.893s] Level 1:colcon.colcon_core.package_identification:_identify(src/objects) by extensions ['ros']
[2.893s] Level 1:colcon.colcon_core.package_identification:_identify(src/objects) by extension 'ros'
[2.893s] Level 1:colcon.colcon_core.package_identification:_identify(src/objects) by extensions ['cmake', 'python']
[2.894s] Level 1:colcon.colcon_core.package_identification:_identify(src/objects) by extension 'cmake'
[2.894s] Level 1:colcon.colcon_core.package_identification:_identify(src/objects) by extension 'python'
[2.894s] Level 1:colcon.colcon_core.package_identification:_identify(src/objects) by extensions ['python_setup_py']
[2.894s] Level 1:colcon.colcon_core.package_identification:_identify(src/objects) by extension 'python_setup_py'
[2.895s] Level 1:colcon.colcon_core.package_discovery:discover_packages(recursive) using defaults
[2.895s] Level 1:colcon.colcon_core.package_discovery:discover_packages(ignore) discover
[2.895s] Level 1:colcon.colcon_core.package_discovery:discover_packages(ignore) using defaults
[2.895s] Level 1:colcon.colcon_core.package_discovery:discover_packages(path) discover
[2.895s] Level 1:colcon.colcon_core.package_discovery:discover_packages(path) using defaults
[3.094s] INFO:colcon.colcon_core.package_selection:Skipping not selected package 'asbir_image_compression' in 'src/asbir_image_compression'
[3.095s] INFO:colcon.colcon_core.package_selection:Skipping not selected package 'asbir_navigation' in 'src/asbir_navigation'
[3.095s] INFO:colcon.colcon_core.package_selection:Skipping not selected package 'asbir_rc' in 'src/asbir_rc'
[3.095s] INFO:colcon.colcon_core.package_selection:Skipping not selected package 'asbir_serial' in 'src/asbir_serial'
[3.099s] Level 1:colcon.colcon_core.package_discovery:discover_packages(prefix_path) check parameters
[3.099s] Level 1:colcon.colcon_core.package_discovery:discover_packages(prefix_path) discover
[3.227s] DEBUG:colcon.colcon_installed_package_information.package_discovery:Found 5 installed packages in /home/asbir/ASBIR-ROS2/install
[3.292s] DEBUG:colcon.colcon_installed_package_information.package_discovery:Found 311 installed packages in /home/asbir/ros2_foxy_core/install
[3.307s] Level 1:colcon.colcon_core.package_discovery:discover_packages(prefix_path) using defaults
[3.455s] Level 5:colcon.colcon_core.verb:set package 'asbir_xavier_gpio' build argument 'cmake_args' from command line to 'None'
[3.456s] Level 5:colcon.colcon_core.verb:set package 'asbir_xavier_gpio' build argument 'cmake_target' from command line to 'None'
[3.456s] Level 5:colcon.colcon_core.verb:set package 'asbir_xavier_gpio' build argument 'cmake_target_skip_unavailable' from command line to 'False'
[3.456s] Level 5:colcon.colcon_core.verb:set package 'asbir_xavier_gpio' build argument 'cmake_clean_cache' from command line to 'False'
[3.456s] Level 5:colcon.colcon_core.verb:set package 'asbir_xavier_gpio' build argument 'cmake_clean_first' from command line to 'False'
[3.456s] Level 5:colcon.colcon_core.verb:set package 'asbir_xavier_gpio' build argument 'cmake_force_configure' from command line to 'False'
[3.457s] Level 5:colcon.colcon_core.verb:set package 'asbir_xavier_gpio' build argument 'ament_cmake_args' from command line to 'None'
[3.457s] Level 5:colcon.colcon_core.verb:set package 'asbir_xavier_gpio' build argument 'catkin_cmake_args' from command line to 'None'
[3.457s] Level 5:colcon.colcon_core.verb:set package 'asbir_xavier_gpio' build argument 'catkin_skip_building_tests' from command line to 'False'
[3.457s] DEBUG:colcon.colcon_core.verb:Building package 'asbir_xavier_gpio' with the following arguments: {'ament_cmake_args': None, 'build_base': '/home/asbir/ASBIR-ROS2/build/asbir_xavier_gpio', 'catkin_cmake_args': None, 'catkin_skip_building_tests': False, 'cmake_args': None, 'cmake_clean_cache': False, 'cmake_clean_first': False, 'cmake_force_configure': False, 'cmake_target': None, 'cmake_target_skip_unavailable': False, 'install_base': '/home/asbir/ASBIR-ROS2/install/asbir_xavier_gpio', 'merge_install': False, 'path': '/home/asbir/ASBIR-ROS2/src/asbir_xavier_gpio', 'symlink_install': False, 'test_result_base': None}
[3.466s] INFO:colcon.colcon_core.executor:Executing jobs using 'parallel' executor
[3.509s] DEBUG:colcon.colcon_parallel_executor.executor.parallel:run_until_complete
[3.511s] INFO:colcon.colcon_ros.task.ament_python.build:Building ROS package in '/home/asbir/ASBIR-ROS2/src/asbir_xavier_gpio' with build type 'ament_python'
[3.511s] Level 1:colcon.colcon_core.shell:create_environment_hook('asbir_xavier_gpio', 'ament_prefix_path')
[3.567s] INFO:colcon.colcon_core.plugin_system:Skipping extension 'colcon_core.shell.bat': Not used on non-Windows systems
[3.568s] INFO:colcon.colcon_core.shell:Creating environment hook '/home/asbir/ASBIR-ROS2/install/asbir_xavier_gpio/share/asbir_xavier_gpio/hook/ament_prefix_path.ps1'
[3.571s] INFO:colcon.colcon_core.shell:Creating environment descriptor '/home/asbir/ASBIR-ROS2/install/asbir_xavier_gpio/share/asbir_xavier_gpio/hook/ament_prefix_path.dsv'
[3.576s] INFO:colcon.colcon_core.shell:Creating environment hook '/home/asbir/ASBIR-ROS2/install/asbir_xavier_gpio/share/asbir_xavier_gpio/hook/ament_prefix_path.sh'
[3.599s] INFO:colcon.colcon_core.shell:Skip shell extension 'powershell' for command environment: Not usable outside of PowerShell
[3.599s] DEBUG:colcon.colcon_core.shell:Skip shell extension 'dsv' for command environment
[5.937s] INFO:colcon.colcon_core.task.python.build:Building Python package in '/home/asbir/ASBIR-ROS2/src/asbir_xavier_gpio'
[5.968s] INFO:colcon.colcon_core.shell:Skip shell extension 'powershell' for command environment: Not usable outside of PowerShell
[5.968s] DEBUG:colcon.colcon_core.shell:Skip shell extension 'dsv' for command environment
[9.336s] DEBUG:colcon.colcon_core.event_handler.log_command:Invoking command in '/home/asbir/ASBIR-ROS2/src/asbir_xavier_gpio': PYTHONPATH=/home/asbir/ASBIR-ROS2/build/asbir_xavier_gpio/prefix_override:/home/asbir/ASBIR-ROS2/install/asbir_xavier_gpio/lib/python3.8/site-packages:${PYTHONPATH} /usr/bin/python3 setup.py egg_info --egg-base ../../build/asbir_xavier_gpio build --build-base /home/asbir/ASBIR-ROS2/build/asbir_xavier_gpio/build install --record /home/asbir/ASBIR-ROS2/build/asbir_xavier_gpio/install.log --install-scripts $base/lib/asbir_xavier_gpio --single-version-externally-managed
[11.979s] DEBUG:colcon.colcon_core.event_handler.log_command:Invoked command in '/home/asbir/ASBIR-ROS2/src/asbir_xavier_gpio' returned '0': PYTHONPATH=/home/asbir/ASBIR-ROS2/build/asbir_xavier_gpio/prefix_override:/home/asbir/ASBIR-ROS2/install/asbir_xavier_gpio/lib/python3.8/site-packages:${PYTHONPATH} /usr/bin/python3 setup.py egg_info --egg-base ../../build/asbir_xavier_gpio build --build-base /home/asbir/ASBIR-ROS2/build/asbir_xavier_gpio/build install --record /home/asbir/ASBIR-ROS2/build/asbir_xavier_gpio/install.log --install-scripts $base/lib/asbir_xavier_gpio --single-version-externally-managed
[12.047s] Level 1:colcon.colcon_core.environment:checking '/home/asbir/ASBIR-ROS2/install/asbir_xavier_gpio' for CMake module files
[12.050s] Level 1:colcon.colcon_core.environment:checking '/home/asbir/ASBIR-ROS2/install/asbir_xavier_gpio' for CMake config files
[12.054s] Level 1:colcon.colcon_core.environment:checking '/home/asbir/ASBIR-ROS2/install/asbir_xavier_gpio/lib'
[12.055s] Level 1:colcon.colcon_core.environment:checking '/home/asbir/ASBIR-ROS2/install/asbir_xavier_gpio/bin'
[12.056s] Level 1:colcon.colcon_core.environment:checking '/home/asbir/ASBIR-ROS2/install/asbir_xavier_gpio/lib/pkgconfig/asbir_xavier_gpio.pc'
[12.062s] Level 1:colcon.colcon_core.environment:checking '/home/asbir/ASBIR-ROS2/install/asbir_xavier_gpio/lib/python3.8/site-packages'
[12.062s] Level 1:colcon.colcon_core.shell:create_environment_hook('asbir_xavier_gpio', 'pythonpath')
[12.081s] INFO:colcon.colcon_core.shell:Creating environment hook '/home/asbir/ASBIR-ROS2/install/asbir_xavier_gpio/share/asbir_xavier_gpio/hook/pythonpath.ps1'
[12.086s] INFO:colcon.colcon_core.shell:Creating environment descriptor '/home/asbir/ASBIR-ROS2/install/asbir_xavier_gpio/share/asbir_xavier_gpio/hook/pythonpath.dsv'
[12.096s] INFO:colcon.colcon_core.shell:Creating environment hook '/home/asbir/ASBIR-ROS2/install/asbir_xavier_gpio/share/asbir_xavier_gpio/hook/pythonpath.sh'
[12.099s] Level 1:colcon.colcon_core.environment:checking '/home/asbir/ASBIR-ROS2/install/asbir_xavier_gpio/bin'
[12.100s] Level 1:colcon.colcon_core.environment:create_environment_scripts_only(asbir_xavier_gpio)
[12.128s] INFO:colcon.colcon_core.shell:Creating package script '/home/asbir/ASBIR-ROS2/install/asbir_xavier_gpio/share/asbir_xavier_gpio/package.ps1'
[12.133s] INFO:colcon.colcon_core.shell:Creating package descriptor '/home/asbir/ASBIR-ROS2/install/asbir_xavier_gpio/share/asbir_xavier_gpio/package.dsv'
[12.136s] INFO:colcon.colcon_core.shell:Creating package script '/home/asbir/ASBIR-ROS2/install/asbir_xavier_gpio/share/asbir_xavier_gpio/package.sh'
[12.139s] INFO:colcon.colcon_core.shell:Creating package script '/home/asbir/ASBIR-ROS2/install/asbir_xavier_gpio/share/asbir_xavier_gpio/package.bash'
[12.143s] INFO:colcon.colcon_core.shell:Creating package script '/home/asbir/ASBIR-ROS2/install/asbir_xavier_gpio/share/asbir_xavier_gpio/package.zsh'
[12.145s] Level 1:colcon.colcon_core.environment:create_file_with_runtime_dependencies(/home/asbir/ASBIR-ROS2/install/asbir_xavier_gpio/share/colcon-core/packages/asbir_xavier_gpio)
[12.148s] DEBUG:colcon.colcon_parallel_executor.executor.parallel:closing loop
[12.150s] DEBUG:colcon.colcon_parallel_executor.executor.parallel:loop closed
[12.150s] DEBUG:colcon.colcon_parallel_executor.executor.parallel:run_until_complete finished with '0'
[12.151s] DEBUG:colcon.colcon_core.event_reactor:joining thread
[12.213s] INFO:colcon.colcon_core.plugin_system:Skipping extension 'colcon_notification.desktop_notification.terminal_notifier': Not used on non-Darwin systems
[12.214s] INFO:colcon.colcon_core.plugin_system:Skipping extension 'colcon_notification.desktop_notification.win32': Not used on non-Windows systems
[12.215s] INFO:colcon.colcon_notification.desktop_notification:Sending desktop notification using 'notify2'
[12.277s] DEBUG:colcon.colcon_core.event_reactor:joined thread
[12.298s] INFO:colcon.colcon_core.shell:Creating prefix script '/home/asbir/ASBIR-ROS2/install/local_setup.ps1'
[12.303s] INFO:colcon.colcon_core.shell:Creating prefix util module '/home/asbir/ASBIR-ROS2/install/_local_setup_util_ps1.py'
[12.321s] INFO:colcon.colcon_core.shell:Creating prefix chain script '/home/asbir/ASBIR-ROS2/install/setup.ps1'
[12.429s] INFO:colcon.colcon_core.shell:Creating prefix script '/home/asbir/ASBIR-ROS2/install/local_setup.sh'
[12.432s] INFO:colcon.colcon_core.shell:Creating prefix util module '/home/asbir/ASBIR-ROS2/install/_local_setup_util_sh.py'
[12.434s] INFO:colcon.colcon_core.shell:Creating prefix chain script '/home/asbir/ASBIR-ROS2/install/setup.sh'
[12.542s] INFO:colcon.colcon_core.shell:Creating prefix script '/home/asbir/ASBIR-ROS2/install/local_setup.bash'
[12.548s] INFO:colcon.colcon_core.shell:Creating prefix chain script '/home/asbir/ASBIR-ROS2/install/setup.bash'
[12.659s] INFO:colcon.colcon_core.shell:Creating prefix script '/home/asbir/ASBIR-ROS2/install/local_setup.zsh'
[12.662s] INFO:colcon.colcon_core.shell:Creating prefix chain script '/home/asbir/ASBIR-ROS2/install/setup.zsh'
